Downloading data from https://www.cs.toronto.edu/~kriz/cifar-10-python.tar.gz
170500096/170498071 [==============================] - 2s 0us/step
170508288/170498071 [==============================] - 2s 0us/step

Path (/content/gdrive/MyDrive/PhD/HiveNAS/res_cutout_2/) already exists!


Would you like to overwrite files in this path? (y/n): y

Configuration file saved successfully to (/content/gdrive/MyDrive/PhD/HiveNAS/res_cutout_2/res_cutout_2.yaml)!


------------------------
-- OPTIMIZATION START --
------------------------

EVALUATION LOG: EmployeeBee ID (0) -- Candidate (input|batch_norm|max_pool3x3|sep1x1_16|output)

Epoch 1/5
625/625 [==============================] - 116s 162ms/step - loss: 1.8738 - sparse_categorical_accuracy: 0.3240 - val_loss: 1.7503 - val_sparse_categorical_accuracy: 0.3746
Epoch 2/5
625/625 [==============================] - 99s 159ms/step - loss: 1.6762 - sparse_categorical_accuracy: 0.3997 - val_loss: 1.5595 - val_sparse_categorical_accuracy: 0.4330
Epoch 3/5
625/625 [==============================] - 101s 162ms/step - loss: 1.5756 - sparse_categorical_accuracy: 0.4354 - val_loss: 1.5423 - val_sparse_categorical_accuracy: 0.4484
Epoch 4/5
625/625 [==============================] - 99s 159ms/step - loss: 1.5131 - sparse_categorical_accuracy: 0.4582 - val_loss: 1.4319 - val_sparse_categorical_accuracy: 0.4849
Epoch 5/5
625/625 [==============================] - 99s 159ms/step - loss: 1.4691 - sparse_categorical_accuracy: 0.4749 - val_loss: 1.4778 - val_sparse_categorical_accuracy: 0.4743
157/157 [==============================] - 1s 5ms/step - loss: 1.3261 - sparse_categorical_accuracy: 0.5279

EVALUATION LOG: EmployeeBee ID (1) -- Candidate (input|max_pool3x3|sc_1|batch_norm|dropout|output)

Epoch 1/5
625/625 [==============================] - 104s 166ms/step - loss: 2.3124 - sparse_categorical_accuracy: 0.2342 - val_loss: 1.9282 - val_sparse_categorical_accuracy: 0.3032
Epoch 2/5
625/625 [==============================] - 102s 163ms/step - loss: 1.8788 - sparse_categorical_accuracy: 0.3158 - val_loss: 1.8161 - val_sparse_categorical_accuracy: 0.3416
Epoch 3/5
625/625 [==============================] - 102s 164ms/step - loss: 1.8086 - sparse_categorical_accuracy: 0.3486 - val_loss: 1.7288 - val_sparse_categorical_accuracy: 0.3719
Epoch 4/5
625/625 [==============================] - 103s 165ms/step - loss: 1.7666 - sparse_categorical_accuracy: 0.3618 - val_loss: 1.7088 - val_sparse_categorical_accuracy: 0.3772
Epoch 5/5
625/625 [==============================] - 102s 163ms/step - loss: 1.7397 - sparse_categorical_accuracy: 0.3747 - val_loss: 1.6815 - val_sparse_categorical_accuracy: 0.3863
157/157 [==============================] - 1s 5ms/step - loss: 1.4860 - sparse_categorical_accuracy: 0.4594

EVALUATION LOG: OnlookerBee ID (0) -- Candidate (input|batch_norm|max_pool3x3|avg_pool3x3|output)

Epoch 1/5
625/625 [==============================] - 103s 164ms/step - loss: 2.6978 - sparse_categorical_accuracy: 0.1924 - val_loss: 2.0372 - val_sparse_categorical_accuracy: 0.2388
Epoch 2/5
625/625 [==============================] - 100s 160ms/step - loss: 2.0108 - sparse_categorical_accuracy: 0.2553 - val_loss: 2.0122 - val_sparse_categorical_accuracy: 0.2506
Epoch 3/5
625/625 [==============================] - 101s 161ms/step - loss: 1.9492 - sparse_categorical_accuracy: 0.2808 - val_loss: 1.9102 - val_sparse_categorical_accuracy: 0.2967
Epoch 4/5
625/625 [==============================] - 102s 163ms/step - loss: 1.8785 - sparse_categorical_accuracy: 0.3138 - val_loss: 1.8129 - val_sparse_categorical_accuracy: 0.3382
Epoch 5/5
625/625 [==============================] - 101s 162ms/step - loss: 1.8232 - sparse_categorical_accuracy: 0.3379 - val_loss: 1.7774 - val_sparse_categorical_accuracy: 0.3632
157/157 [==============================] - 1s 5ms/step - loss: 1.6135 - sparse_categorical_accuracy: 0.4214

EVALUATION LOG: OnlookerBee ID (1) -- Candidate (input|batch_norm|avg_pool3x3|sep1x1_16|output)

Epoch 1/5
625/625 [==============================] - 99s 157ms/step - loss: 1.8428 - sparse_categorical_accuracy: 0.3368 - val_loss: 1.6963 - val_sparse_categorical_accuracy: 0.3937
Epoch 2/5
625/625 [==============================] - 100s 160ms/step - loss: 1.6510 - sparse_categorical_accuracy: 0.4072 - val_loss: 1.5593 - val_sparse_categorical_accuracy: 0.4351
Epoch 3/5
625/625 [==============================] - 98s 157ms/step - loss: 1.5838 - sparse_categorical_accuracy: 0.4331 - val_loss: 1.5254 - val_sparse_categorical_accuracy: 0.4516
Epoch 4/5
625/625 [==============================] - 99s 158ms/step - loss: 1.5387 - sparse_categorical_accuracy: 0.4488 - val_loss: 1.4942 - val_sparse_categorical_accuracy: 0.4574
Epoch 5/5
625/625 [==============================] - 98s 158ms/step - loss: 1.5046 - sparse_categorical_accuracy: 0.4622 - val_loss: 1.4474 - val_sparse_categorical_accuracy: 0.4837
157/157 [==============================] - 1s 5ms/step - loss: 1.2509 - sparse_categorical_accuracy: 0.5530

EVALUATION LOG: OnlookerBee ID (2) -- Candidate (input|max_pool3x3|sc_1|sep1x1_64|dropout|output)

Epoch 1/5
625/625 [==============================] - 111s 176ms/step - loss: 2.4124 - sparse_categorical_accuracy: 0.1808 - val_loss: 2.0106 - val_sparse_categorical_accuracy: 0.2664
Epoch 2/5
625/625 [==============================] - 109s 174ms/step - loss: 1.9436 - sparse_categorical_accuracy: 0.2912 - val_loss: 1.8338 - val_sparse_categorical_accuracy: 0.3373
Epoch 3/5
625/625 [==============================] - 110s 177ms/step - loss: 1.8294 - sparse_categorical_accuracy: 0.3381 - val_loss: 1.7402 - val_sparse_categorical_accuracy: 0.3680
Epoch 4/5
625/625 [==============================] - 110s 177ms/step - loss: 1.7717 - sparse_categorical_accuracy: 0.3618 - val_loss: 1.7071 - val_sparse_categorical_accuracy: 0.3875
Epoch 5/5
625/625 [==============================] - 109s 175ms/step - loss: 1.7411 - sparse_categorical_accuracy: 0.3729 - val_loss: 1.6611 - val_sparse_categorical_accuracy: 0.4012
157/157 [==============================] - 1s 7ms/step - loss: 1.4826 - sparse_categorical_accuracy: 0.4694
STATUS: itr: 0 -- Best fitness: 0.5529999732971191, Total time (s): 2717.4861776828766

EVALUATION LOG: EmployeeBee ID (0) -- Candidate (input|sep1x1_16|avg_pool3x3|sep1x1_16|output)

Epoch 1/5
625/625 [==============================] - 99s 158ms/step - loss: 1.9538 - sparse_categorical_accuracy: 0.2865 - val_loss: 1.8056 - val_sparse_categorical_accuracy: 0.3494
Epoch 2/5
625/625 [==============================] - 98s 157ms/step - loss: 1.7866 - sparse_categorical_accuracy: 0.3573 - val_loss: 1.7145 - val_sparse_categorical_accuracy: 0.3746
Epoch 3/5
625/625 [==============================] - 97s 156ms/step - loss: 1.7114 - sparse_categorical_accuracy: 0.3839 - val_loss: 1.6491 - val_sparse_categorical_accuracy: 0.4086
Epoch 4/5
625/625 [==============================] - 100s 159ms/step - loss: 1.6613 - sparse_categorical_accuracy: 0.4021 - val_loss: 1.5887 - val_sparse_categorical_accuracy: 0.4292
Epoch 5/5
625/625 [==============================] - 98s 157ms/step - loss: 1.6198 - sparse_categorical_accuracy: 0.4222 - val_loss: 1.5756 - val_sparse_categorical_accuracy: 0.4369
157/157 [==============================] - 1s 5ms/step - loss: 1.3673 - sparse_categorical_accuracy: 0.5050

EVALUATION LOG: EmployeeBee ID (1) -- Candidate (input|sep1x1_16|sc_1|sep1x1_64|dropout|output)

Epoch 1/5
625/625 [==============================] - 110s 175ms/step - loss: 1.9440 - sparse_categorical_accuracy: 0.2950 - val_loss: 1.7875 - val_sparse_categorical_accuracy: 0.3699
Epoch 2/5
625/625 [==============================] - 109s 174ms/step - loss: 1.7774 - sparse_categorical_accuracy: 0.3615 - val_loss: 1.7131 - val_sparse_categorical_accuracy: 0.3832
Epoch 3/5
625/625 [==============================] - 109s 174ms/step - loss: 1.7113 - sparse_categorical_accuracy: 0.3882 - val_loss: 1.6371 - val_sparse_categorical_accuracy: 0.4075
Epoch 4/5
625/625 [==============================] - 110s 175ms/step - loss: 1.6617 - sparse_categorical_accuracy: 0.4040 - val_loss: 1.5868 - val_sparse_categorical_accuracy: 0.4235
Epoch 5/5
625/625 [==============================] - 109s 174ms/step - loss: 1.6339 - sparse_categorical_accuracy: 0.4155 - val_loss: 1.5914 - val_sparse_categorical_accuracy: 0.4338
157/157 [==============================] - 1s 6ms/step - loss: 1.4064 - sparse_categorical_accuracy: 0.4949

EVALUATION LOG: OnlookerBee ID (0) -- Candidate (input|sep3x3_64|sc_1|sep1x1_64|dropout|output)

Epoch 1/5
625/625 [==============================] - 111s 177ms/step - loss: 1.9435 - sparse_categorical_accuracy: 0.2918 - val_loss: 1.7629 - val_sparse_categorical_accuracy: 0.3642
Epoch 2/5
625/625 [==============================] - 112s 179ms/step - loss: 1.7444 - sparse_categorical_accuracy: 0.3739 - val_loss: 1.6985 - val_sparse_categorical_accuracy: 0.3886
Epoch 3/5
625/625 [==============================] - 111s 177ms/step - loss: 1.6614 - sparse_categorical_accuracy: 0.4027 - val_loss: 1.5771 - val_sparse_categorical_accuracy: 0.4332
Epoch 4/5
625/625 [==============================] - 111s 178ms/step - loss: 1.6160 - sparse_categorical_accuracy: 0.4200 - val_loss: 1.5686 - val_sparse_categorical_accuracy: 0.4260
Epoch 5/5
625/625 [==============================] - 111s 178ms/step - loss: 1.5697 - sparse_categorical_accuracy: 0.4400 - val_loss: 1.5333 - val_sparse_categorical_accuracy: 0.4535
157/157 [==============================] - 1s 8ms/step - loss: 1.3350 - sparse_categorical_accuracy: 0.5228

EVALUATION LOG: OnlookerBee ID (1) -- Candidate (input|batch_norm|sep3x3_32|sep1x1_16|output)

Epoch 1/5
625/625 [==============================] - 99s 157ms/step - loss: 1.8199 - sparse_categorical_accuracy: 0.3428 - val_loss: 1.7198 - val_sparse_categorical_accuracy: 0.3750
Epoch 2/5
625/625 [==============================] - 100s 160ms/step - loss: 1.6100 - sparse_categorical_accuracy: 0.4192 - val_loss: 1.5060 - val_sparse_categorical_accuracy: 0.4583
Epoch 3/5
625/625 [==============================] - 98s 157ms/step - loss: 1.5333 - sparse_categorical_accuracy: 0.4509 - val_loss: 1.4623 - val_sparse_categorical_accuracy: 0.4778
Epoch 4/5
625/625 [==============================] - 99s 159ms/step - loss: 1.4723 - sparse_categorical_accuracy: 0.4728 - val_loss: 1.4179 - val_sparse_categorical_accuracy: 0.4911
Epoch 5/5
625/625 [==============================] - 99s 158ms/step - loss: 1.4348 - sparse_categorical_accuracy: 0.4880 - val_loss: 1.3790 - val_sparse_categorical_accuracy: 0.5049
157/157 [==============================] - 1s 5ms/step - loss: 1.1757 - sparse_categorical_accuracy: 0.5855

EVALUATION LOG: OnlookerBee ID (2) -- Candidate (input|sep3x3_64|sep1x1_64|dropout|output)

Epoch 1/5
625/625 [==============================] - 110s 176ms/step - loss: 1.9587 - sparse_categorical_accuracy: 0.2871 - val_loss: 1.8018 - val_sparse_categorical_accuracy: 0.3510
Epoch 2/5
625/625 [==============================] - 110s 176ms/step - loss: 1.7530 - sparse_categorical_accuracy: 0.3673 - val_loss: 1.6471 - val_sparse_categorical_accuracy: 0.4045
Epoch 3/5
625/625 [==============================] - 109s 175ms/step - loss: 1.6770 - sparse_categorical_accuracy: 0.3995 - val_loss: 1.6130 - val_sparse_categorical_accuracy: 0.4192
Epoch 4/5
625/625 [==============================] - 110s 175ms/step - loss: 1.6255 - sparse_categorical_accuracy: 0.4186 - val_loss: 1.5581 - val_sparse_categorical_accuracy: 0.4384
Epoch 5/5
625/625 [==============================] - 110s 175ms/step - loss: 1.5758 - sparse_categorical_accuracy: 0.4329 - val_loss: 1.5174 - val_sparse_categorical_accuracy: 0.4622
157/157 [==============================] - 1s 6ms/step - loss: 1.3349 - sparse_categorical_accuracy: 0.5197
STATUS: itr: 1 -- Best fitness: 0.5855000019073486, Total time (s): 5398.275083065033

EVALUATION LOG: EmployeeBee ID (0) -- Candidate (input|max_pool3x3|max_pool3x3|avg_pool3x3|output)

Epoch 1/5
625/625 [==============================] - 100s 159ms/step - loss: 2.8121 - sparse_categorical_accuracy: 0.1253 - val_loss: 2.1922 - val_sparse_categorical_accuracy: 0.1664
Epoch 2/5
625/625 [==============================] - 101s 162ms/step - loss: 2.1661 - sparse_categorical_accuracy: 0.1740 - val_loss: 2.1138 - val_sparse_categorical_accuracy: 0.1917
Epoch 3/5
625/625 [==============================] - 100s 160ms/step - loss: 2.1131 - sparse_categorical_accuracy: 0.1975 - val_loss: 2.0690 - val_sparse_categorical_accuracy: 0.2206
Epoch 4/5
625/625 [==============================] - 100s 160ms/step - loss: 2.0858 - sparse_categorical_accuracy: 0.2130 - val_loss: 2.0463 - val_sparse_categorical_accuracy: 0.2235
Epoch 5/5
625/625 [==============================] - 100s 161ms/step - loss: 2.0619 - sparse_categorical_accuracy: 0.2234 - val_loss: 2.0158 - val_sparse_categorical_accuracy: 0.2371
157/157 [==============================] - 1s 5ms/step - loss: 1.9425 - sparse_categorical_accuracy: 0.2598

EVALUATION LOG: EmployeeBee ID (1) -- Candidate (input|sc_1|sep3x3_32|sep1x1_64|sep3x3_32|output)

Epoch 1/5
625/625 [==============================] - 105s 167ms/step - loss: 2.0461 - sparse_categorical_accuracy: 0.2456 - val_loss: 1.8614 - val_sparse_categorical_accuracy: 0.3297
Epoch 2/5
625/625 [==============================] - 105s 168ms/step - loss: 1.8408 - sparse_categorical_accuracy: 0.3383 - val_loss: 1.7617 - val_sparse_categorical_accuracy: 0.3661
Epoch 3/5
625/625 [==============================] - 105s 168ms/step - loss: 1.7694 - sparse_categorical_accuracy: 0.3631 - val_loss: 1.6876 - val_sparse_categorical_accuracy: 0.3918
Epoch 4/5
625/625 [==============================] - 104s 166ms/step - loss: 1.7228 - sparse_categorical_accuracy: 0.3779 - val_loss: 1.6417 - val_sparse_categorical_accuracy: 0.4016
Epoch 5/5
625/625 [==============================] - 105s 168ms/step - loss: 1.6859 - sparse_categorical_accuracy: 0.3909 - val_loss: 1.6124 - val_sparse_categorical_accuracy: 0.4243
157/157 [==============================] - 1s 6ms/step - loss: 1.4841 - sparse_categorical_accuracy: 0.4642

EVALUATION LOG: OnlookerBee ID (0) -- Candidate (input|max_pool3x3|sep1x1_16|avg_pool3x3|output)

Epoch 1/5
625/625 [==============================] - 99s 157ms/step - loss: 1.9816 - sparse_categorical_accuracy: 0.2745 - val_loss: 1.7771 - val_sparse_categorical_accuracy: 0.3563
Epoch 2/5
625/625 [==============================] - 97s 155ms/step - loss: 1.7498 - sparse_categorical_accuracy: 0.3675 - val_loss: 1.6284 - val_sparse_categorical_accuracy: 0.4157
Epoch 3/5
625/625 [==============================] - 99s 158ms/step - loss: 1.6551 - sparse_categorical_accuracy: 0.4032 - val_loss: 1.5847 - val_sparse_categorical_accuracy: 0.4412
Epoch 4/5
625/625 [==============================] - 98s 157ms/step - loss: 1.5831 - sparse_categorical_accuracy: 0.4326 - val_loss: 1.4802 - val_sparse_categorical_accuracy: 0.4716
Epoch 5/5
625/625 [==============================] - 97s 155ms/step - loss: 1.5275 - sparse_categorical_accuracy: 0.4529 - val_loss: 1.4545 - val_sparse_categorical_accuracy: 0.4725
157/157 [==============================] - 1s 5ms/step - loss: 1.2357 - sparse_categorical_accuracy: 0.5653

EVALUATION LOG: OnlookerBee ID (1) -- Candidate (input|max_pool3x3|avg_pool3x3|avg_pool3x3|output)

Epoch 1/5
625/625 [==============================] - 101s 162ms/step - loss: 2.4746 - sparse_categorical_accuracy: 0.1580 - val_loss: 2.0975 - val_sparse_categorical_accuracy: 0.2170
Epoch 2/5
625/625 [==============================] - 100s 160ms/step - loss: 2.0930 - sparse_categorical_accuracy: 0.2138 - val_loss: 2.0192 - val_sparse_categorical_accuracy: 0.2541
Epoch 3/5
625/625 [==============================] - 100s 160ms/step - loss: 2.0389 - sparse_categorical_accuracy: 0.2376 - val_loss: 1.9779 - val_sparse_categorical_accuracy: 0.2740
Epoch 4/5
625/625 [==============================] - 100s 161ms/step - loss: 1.9972 - sparse_categorical_accuracy: 0.2587 - val_loss: 1.9420 - val_sparse_categorical_accuracy: 0.2975
Epoch 5/5
625/625 [==============================] - 101s 162ms/step - loss: 1.9516 - sparse_categorical_accuracy: 0.2825 - val_loss: 1.8927 - val_sparse_categorical_accuracy: 0.3173
157/157 [==============================] - 1s 5ms/step - loss: 1.7683 - sparse_categorical_accuracy: 0.3729

EVALUATION LOG: OnlookerBee ID (2) -- Candidate (input|sep3x3_32|sep1x1_64|sep3x3_32|output)

Epoch 1/5
625/625 [==============================] - 105s 167ms/step - loss: 2.3029 - sparse_categorical_accuracy: 0.0995 - val_loss: 2.3028 - val_sparse_categorical_accuracy: 0.0999
Epoch 2/5
625/625 [==============================] - 105s 168ms/step - loss: 2.3027 - sparse_categorical_accuracy: 0.0996 - val_loss: 2.3028 - val_sparse_categorical_accuracy: 0.0937
Epoch 3/5
625/625 [==============================] - 104s 167ms/step - loss: 2.3027 - sparse_categorical_accuracy: 0.1010 - val_loss: 2.3028 - val_sparse_categorical_accuracy: 0.0974
Epoch 4/5
625/625 [==============================] - 104s 167ms/step - loss: 2.3027 - sparse_categorical_accuracy: 0.0993 - val_loss: 2.3028 - val_sparse_categorical_accuracy: 0.0937
Epoch 5/5
625/625 [==============================] - 105s 168ms/step - loss: 2.3027 - sparse_categorical_accuracy: 0.0992 - val_loss: 2.3028 - val_sparse_categorical_accuracy: 0.0937
157/157 [==============================] - 1s 6ms/step - loss: 2.3026 - sparse_categorical_accuracy: 0.1000
STATUS: itr: 2 -- Best fitness: 0.5855000019073486, Total time (s): 8117.922129154205

EVALUATION LOG: EmployeeBee ID (0) -- Candidate (input|max_pool3x3|sep1x1_16|sep3x3_64|output)

Epoch 1/5
625/625 [==============================] - 108s 173ms/step - loss: 2.0608 - sparse_categorical_accuracy: 0.2327 - val_loss: 1.8630 - val_sparse_categorical_accuracy: 0.3193
Epoch 2/5
625/625 [==============================] - 109s 175ms/step - loss: 1.8418 - sparse_categorical_accuracy: 0.3337 - val_loss: 1.7552 - val_sparse_categorical_accuracy: 0.3677
Epoch 3/5
625/625 [==============================] - 108s 173ms/step - loss: 1.7645 - sparse_categorical_accuracy: 0.3653 - val_loss: 1.6978 - val_sparse_categorical_accuracy: 0.3843
Epoch 4/5
625/625 [==============================] - 108s 172ms/step - loss: 1.6952 - sparse_categorical_accuracy: 0.3909 - val_loss: 1.5837 - val_sparse_categorical_accuracy: 0.4354
Epoch 5/5
625/625 [==============================] - 109s 174ms/step - loss: 1.6313 - sparse_categorical_accuracy: 0.4149 - val_loss: 1.5456 - val_sparse_categorical_accuracy: 0.4416
157/157 [==============================] - 1s 7ms/step - loss: 1.3526 - sparse_categorical_accuracy: 0.5076

EVALUATION LOG: EmployeeBee ID (1) -- Candidate (input|sc_1|sep3x3_32|sep1x1_64|sep3x3_16|output)

Epoch 1/5
625/625 [==============================] - 102s 162ms/step - loss: 1.9892 - sparse_categorical_accuracy: 0.2679 - val_loss: 1.8193 - val_sparse_categorical_accuracy: 0.3351
Epoch 2/5
625/625 [==============================] - 103s 166ms/step - loss: 1.8048 - sparse_categorical_accuracy: 0.3485 - val_loss: 1.7340 - val_sparse_categorical_accuracy: 0.3764
Epoch 3/5
625/625 [==============================] - 101s 162ms/step - loss: 1.7325 - sparse_categorical_accuracy: 0.3768 - val_loss: 1.6487 - val_sparse_categorical_accuracy: 0.4021
Epoch 4/5
625/625 [==============================] - 103s 165ms/step - loss: 1.6752 - sparse_categorical_accuracy: 0.3985 - val_loss: 1.6271 - val_sparse_categorical_accuracy: 0.4174
Epoch 5/5
625/625 [==============================] - 102s 163ms/step - loss: 1.6436 - sparse_categorical_accuracy: 0.4084 - val_loss: 1.5596 - val_sparse_categorical_accuracy: 0.4395
157/157 [==============================] - 1s 6ms/step - loss: 1.3926 - sparse_categorical_accuracy: 0.5011

EVALUATION LOG: OnlookerBee ID (0) -- Candidate (input|sc_1|sep3x3_32|avg_pool3x3|sep3x3_16|output)

Epoch 1/5
625/625 [==============================] - 102s 162ms/step - loss: 1.9800 - sparse_categorical_accuracy: 0.2773 - val_loss: 1.8418 - val_sparse_categorical_accuracy: 0.3310
Epoch 2/5
625/625 [==============================] - 99s 159ms/step - loss: 1.7751 - sparse_categorical_accuracy: 0.3606 - val_loss: 1.6707 - val_sparse_categorical_accuracy: 0.3878
Epoch 3/5
625/625 [==============================] - 100s 161ms/step - loss: 1.6826 - sparse_categorical_accuracy: 0.3950 - val_loss: 1.6354 - val_sparse_categorical_accuracy: 0.4145
Epoch 4/5
625/625 [==============================] - 101s 162ms/step - loss: 1.6301 - sparse_categorical_accuracy: 0.4117 - val_loss: 1.5788 - val_sparse_categorical_accuracy: 0.4238
Epoch 5/5
625/625 [==============================] - 100s 160ms/step - loss: 1.5815 - sparse_categorical_accuracy: 0.4330 - val_loss: 1.5080 - val_sparse_categorical_accuracy: 0.4585
157/157 [==============================] - 1s 5ms/step - loss: 1.2906 - sparse_categorical_accuracy: 0.5404

EVALUATION LOG: OnlookerBee ID (1) -- Candidate (input|max_pool3x3|dropout|avg_pool3x3|output)

Epoch 1/5
625/625 [==============================] - 102s 162ms/step - loss: 2.4878 - sparse_categorical_accuracy: 0.1496 - val_loss: 2.1336 - val_sparse_categorical_accuracy: 0.1872
Epoch 2/5
625/625 [==============================] - 101s 162ms/step - loss: 2.1064 - sparse_categorical_accuracy: 0.2113 - val_loss: 2.0321 - val_sparse_categorical_accuracy: 0.2524
Epoch 3/5
625/625 [==============================] - 101s 162ms/step - loss: 2.0325 - sparse_categorical_accuracy: 0.2498 - val_loss: 1.9528 - val_sparse_categorical_accuracy: 0.2749
Epoch 4/5
625/625 [==============================] - 101s 161ms/step - loss: 1.9814 - sparse_categorical_accuracy: 0.2753 - val_loss: 1.9259 - val_sparse_categorical_accuracy: 0.3069
Epoch 5/5
625/625 [==============================] - 101s 161ms/step - loss: 1.9337 - sparse_categorical_accuracy: 0.2944 - val_loss: 1.8676 - val_sparse_categorical_accuracy: 0.3275
157/157 [==============================] - 1s 5ms/step - loss: 1.7579 - sparse_categorical_accuracy: 0.3711

EVALUATION LOG: OnlookerBee ID (2) -- Candidate (input|sc_1|sep3x3_32|avg_pool3x3|batch_norm|output)

Epoch 1/5
625/625 [==============================] - 104s 165ms/step - loss: 2.3524 - sparse_categorical_accuracy: 0.1971 - val_loss: 2.0414 - val_sparse_categorical_accuracy: 0.2435
Epoch 2/5
625/625 [==============================] - 103s 164ms/step - loss: 1.9503 - sparse_categorical_accuracy: 0.2823 - val_loss: 1.8807 - val_sparse_categorical_accuracy: 0.3048
Epoch 3/5
625/625 [==============================] - 102s 163ms/step - loss: 1.8721 - sparse_categorical_accuracy: 0.3207 - val_loss: 1.8145 - val_sparse_categorical_accuracy: 0.3316
Epoch 4/5
625/625 [==============================] - 104s 166ms/step - loss: 1.8214 - sparse_categorical_accuracy: 0.3429 - val_loss: 1.8146 - val_sparse_categorical_accuracy: 0.3420
Epoch 5/5
625/625 [==============================] - 102s 164ms/step - loss: 1.7651 - sparse_categorical_accuracy: 0.3622 - val_loss: 1.7350 - val_sparse_categorical_accuracy: 0.3639
157/157 [==============================] - 1s 6ms/step - loss: 1.5530 - sparse_categorical_accuracy: 0.4304
STATUS: itr: 3 -- Best fitness: 0.5855000019073486, Total time (s): 10980.248801469803

EVALUATION LOG: EmployeeBee ID (0) -- Candidate (input|sep3x3_16|batch_norm|sep3x3_32|output)

Epoch 1/5
625/625 [==============================] - 102s 162ms/step - loss: 1.8945 - sparse_categorical_accuracy: 0.3145 - val_loss: 1.8023 - val_sparse_categorical_accuracy: 0.3506
Epoch 2/5
625/625 [==============================] - 103s 166ms/step - loss: 1.6356 - sparse_categorical_accuracy: 0.4126 - val_loss: 1.5747 - val_sparse_categorical_accuracy: 0.4286
Epoch 3/5
625/625 [==============================] - 102s 164ms/step - loss: 1.5261 - sparse_categorical_accuracy: 0.4551 - val_loss: 1.4664 - val_sparse_categorical_accuracy: 0.4721
Epoch 4/5
625/625 [==============================] - 102s 163ms/step - loss: 1.4549 - sparse_categorical_accuracy: 0.4812 - val_loss: 1.3871 - val_sparse_categorical_accuracy: 0.5037
Epoch 5/5
625/625 [==============================] - 102s 164ms/step - loss: 1.4045 - sparse_categorical_accuracy: 0.5015 - val_loss: 1.3266 - val_sparse_categorical_accuracy: 0.5221
157/157 [==============================] - 1s 6ms/step - loss: 1.1722 - sparse_categorical_accuracy: 0.5815

EVALUATION LOG: EmployeeBee ID (1) -- Candidate (input|sep3x3_64|dropout|sep1x1_32|output)

Epoch 1/5
625/625 [==============================] - 104s 165ms/step - loss: 2.3033 - sparse_categorical_accuracy: 0.0981 - val_loss: 2.3027 - val_sparse_categorical_accuracy: 0.0937
Epoch 2/5
625/625 [==============================] - 105s 168ms/step - loss: 2.3028 - sparse_categorical_accuracy: 0.0997 - val_loss: 2.3034 - val_sparse_categorical_accuracy: 0.0938
Epoch 3/5
625/625 [==============================] - 104s 166ms/step - loss: 2.2070 - sparse_categorical_accuracy: 0.1539 - val_loss: 2.0043 - val_sparse_categorical_accuracy: 0.2523
Epoch 4/5
625/625 [==============================] - 103s 166ms/step - loss: 1.9568 - sparse_categorical_accuracy: 0.2812 - val_loss: 1.8900 - val_sparse_categorical_accuracy: 0.2987
Epoch 5/5
625/625 [==============================] - 104s 166ms/step - loss: 1.9162 - sparse_categorical_accuracy: 0.2968 - val_loss: 1.8776 - val_sparse_categorical_accuracy: 0.3156
157/157 [==============================] - 1s 6ms/step - loss: 1.7876 - sparse_categorical_accuracy: 0.3546

EVALUATION LOG: OnlookerBee ID (0) -- Candidate (input|sep3x3_16|sep1x1_64|sep3x3_32|output)

Epoch 1/5
625/625 [==============================] - 104s 166ms/step - loss: 2.3029 - sparse_categorical_accuracy: 0.0991 - val_loss: 2.3027 - val_sparse_categorical_accuracy: 0.0937
Epoch 2/5
625/625 [==============================] - 105s 167ms/step - loss: 2.3027 - sparse_categorical_accuracy: 0.1010 - val_loss: 2.3027 - val_sparse_categorical_accuracy: 0.0937
Epoch 3/5
625/625 [==============================] - 104s 166ms/step - loss: 2.3027 - sparse_categorical_accuracy: 0.0988 - val_loss: 2.3028 - val_sparse_categorical_accuracy: 0.0937
Epoch 4/5
625/625 [==============================] - 105s 167ms/step - loss: 2.3027 - sparse_categorical_accuracy: 0.0994 - val_loss: 2.3028 - val_sparse_categorical_accuracy: 0.0937
Epoch 5/5
625/625 [==============================] - 104s 166ms/step - loss: 2.3027 - sparse_categorical_accuracy: 0.0995 - val_loss: 2.3029 - val_sparse_categorical_accuracy: 0.0937
157/157 [==============================] - 1s 6ms/step - loss: 2.3026 - sparse_categorical_accuracy: 0.1000

EVALUATION LOG: OnlookerBee ID (1) -- Candidate (input|sep3x3_64|avg_pool3x3|sep1x1_32|output)

Epoch 1/5
625/625 [==============================] - 105s 167ms/step - loss: 1.9651 - sparse_categorical_accuracy: 0.2840 - val_loss: 1.8069 - val_sparse_categorical_accuracy: 0.3444
Epoch 2/5
625/625 [==============================] - 104s 167ms/step - loss: 1.7819 - sparse_categorical_accuracy: 0.3586 - val_loss: 1.7106 - val_sparse_categorical_accuracy: 0.3794
Epoch 3/5
625/625 [==============================] - 104s 166ms/step - loss: 1.7130 - sparse_categorical_accuracy: 0.3826 - val_loss: 1.6490 - val_sparse_categorical_accuracy: 0.4048
Epoch 4/5
625/625 [==============================] - 103s 165ms/step - loss: 1.6689 - sparse_categorical_accuracy: 0.4028 - val_loss: 1.6013 - val_sparse_categorical_accuracy: 0.4221
Epoch 5/5
625/625 [==============================] - 104s 167ms/step - loss: 1.6307 - sparse_categorical_accuracy: 0.4172 - val_loss: 1.5846 - val_sparse_categorical_accuracy: 0.4342
157/157 [==============================] - 1s 6ms/step - loss: 1.4208 - sparse_categorical_accuracy: 0.4919

EVALUATION LOG: OnlookerBee ID (2) -- Candidate (input|sep3x3_16|batch_norm|avg_pool3x3|output)

Epoch 1/5
625/625 [==============================] - 98s 156ms/step - loss: 1.9471 - sparse_categorical_accuracy: 0.3046 - val_loss: 1.8134 - val_sparse_categorical_accuracy: 0.3581
Epoch 2/5
625/625 [==============================] - 98s 157ms/step - loss: 1.6640 - sparse_categorical_accuracy: 0.3988 - val_loss: 1.6360 - val_sparse_categorical_accuracy: 0.4296
Epoch 3/5
625/625 [==============================] - 98s 156ms/step - loss: 1.5403 - sparse_categorical_accuracy: 0.4483 - val_loss: 1.5297 - val_sparse_categorical_accuracy: 0.4456
Epoch 4/5
625/625 [==============================] - 98s 157ms/step - loss: 1.4765 - sparse_categorical_accuracy: 0.4762 - val_loss: 1.5110 - val_sparse_categorical_accuracy: 0.4633
Epoch 5/5
625/625 [==============================] - 99s 158ms/step - loss: 1.4134 - sparse_categorical_accuracy: 0.5011 - val_loss: 1.3724 - val_sparse_categorical_accuracy: 0.5047
157/157 [==============================] - 1s 5ms/step - loss: 1.1277 - sparse_categorical_accuracy: 0.5954
STATUS: itr: 4 -- Best fitness: 0.5953999757766724, Total time (s): 13668.892428398132

EVALUATION LOG: EmployeeBee ID (0) -- Candidate (input|sep3x3_16|batch_norm|sep1x1_64|output)

Epoch 1/5
625/625 [==============================] - 109s 173ms/step - loss: 1.9543 - sparse_categorical_accuracy: 0.2926 - val_loss: 1.7907 - val_sparse_categorical_accuracy: 0.3720
Epoch 2/5
625/625 [==============================] - 109s 174ms/step - loss: 1.6828 - sparse_categorical_accuracy: 0.3924 - val_loss: 1.6472 - val_sparse_categorical_accuracy: 0.4077
Epoch 3/5
625/625 [==============================] - 109s 174ms/step - loss: 1.5909 - sparse_categorical_accuracy: 0.4280 - val_loss: 1.5014 - val_sparse_categorical_accuracy: 0.4605
Epoch 4/5
625/625 [==============================] - 107s 171ms/step - loss: 1.5271 - sparse_categorical_accuracy: 0.4533 - val_loss: 1.4524 - val_sparse_categorical_accuracy: 0.4760
Epoch 5/5
625/625 [==============================] - 109s 174ms/step - loss: 1.4871 - sparse_categorical_accuracy: 0.4682 - val_loss: 1.4400 - val_sparse_categorical_accuracy: 0.4809
157/157 [==============================] - 1s 6ms/step - loss: 1.2022 - sparse_categorical_accuracy: 0.5714

EVALUATION LOG: EmployeeBee ID (1) -- Candidate (input|sep3x3_64|max_pool3x3|sep1x1_32|output)

Epoch 1/5
625/625 [==============================] - 104s 165ms/step - loss: 1.9648 - sparse_categorical_accuracy: 0.2803 - val_loss: 1.8071 - val_sparse_categorical_accuracy: 0.3457
Epoch 2/5
625/625 [==============================] - 104s 167ms/step - loss: 1.7628 - sparse_categorical_accuracy: 0.3625 - val_loss: 1.7277 - val_sparse_categorical_accuracy: 0.3834
Epoch 3/5
625/625 [==============================] - 105s 168ms/step - loss: 1.6974 - sparse_categorical_accuracy: 0.3855 - val_loss: 1.6161 - val_sparse_categorical_accuracy: 0.4181
Epoch 4/5
625/625 [==============================] - 104s 166ms/step - loss: 1.6369 - sparse_categorical_accuracy: 0.4105 - val_loss: 1.5755 - val_sparse_categorical_accuracy: 0.4238
Epoch 5/5
625/625 [==============================] - 104s 166ms/step - loss: 1.5927 - sparse_categorical_accuracy: 0.4311 - val_loss: 1.5500 - val_sparse_categorical_accuracy: 0.4405
157/157 [==============================] - 1s 6ms/step - loss: 1.3517 - sparse_categorical_accuracy: 0.5134

EVALUATION LOG: OnlookerBee ID (0) -- Candidate (input|sep3x3_64|max_pool3x3|dropout|output)

Epoch 1/5
625/625 [==============================] - 109s 174ms/step - loss: 2.0531 - sparse_categorical_accuracy: 0.2517 - val_loss: 1.8055 - val_sparse_categorical_accuracy: 0.3493
Epoch 2/5
625/625 [==============================] - 109s 174ms/step - loss: 1.6954 - sparse_categorical_accuracy: 0.3853 - val_loss: 1.5513 - val_sparse_categorical_accuracy: 0.4416
Epoch 3/5
625/625 [==============================] - 110s 175ms/step - loss: 1.5548 - sparse_categorical_accuracy: 0.4398 - val_loss: 1.4473 - val_sparse_categorical_accuracy: 0.4836
Epoch 4/5
625/625 [==============================] - 108s 173ms/step - loss: 1.4818 - sparse_categorical_accuracy: 0.4702 - val_loss: 1.3988 - val_sparse_categorical_accuracy: 0.4973
Epoch 5/5
625/625 [==============================] - 109s 175ms/step - loss: 1.4311 - sparse_categorical_accuracy: 0.4913 - val_loss: 1.3670 - val_sparse_categorical_accuracy: 0.5103
157/157 [==============================] - 1s 6ms/step - loss: 1.1679 - sparse_categorical_accuracy: 0.5809

EVALUATION LOG: OnlookerBee ID (1) -- Candidate (input|sep3x3_16|batch_norm|sep1x1_16|output)

Epoch 1/5
625/625 [==============================] - 100s 159ms/step - loss: 1.9062 - sparse_categorical_accuracy: 0.3090 - val_loss: 1.8880 - val_sparse_categorical_accuracy: 0.3336
Epoch 2/5
625/625 [==============================] - 98s 157ms/step - loss: 1.7002 - sparse_categorical_accuracy: 0.3859 - val_loss: 1.5903 - val_sparse_categorical_accuracy: 0.4220
Epoch 3/5
625/625 [==============================] - 100s 159ms/step - loss: 1.6014 - sparse_categorical_accuracy: 0.4244 - val_loss: 1.5703 - val_sparse_categorical_accuracy: 0.4385
Epoch 4/5
625/625 [==============================] - 99s 159ms/step - loss: 1.5444 - sparse_categorical_accuracy: 0.4470 - val_loss: 1.4822 - val_sparse_categorical_accuracy: 0.4686
Epoch 5/5
625/625 [==============================] - 98s 157ms/step - loss: 1.5105 - sparse_categorical_accuracy: 0.4618 - val_loss: 1.5014 - val_sparse_categorical_accuracy: 0.4566
157/157 [==============================] - 1s 5ms/step - loss: 1.2951 - sparse_categorical_accuracy: 0.5356

EVALUATION LOG: OnlookerBee ID (2) -- Candidate (input|sep3x3_16|sep3x3_64|avg_pool3x3|output)

Epoch 1/5
625/625 [==============================] - 111s 177ms/step - loss: 1.9785 - sparse_categorical_accuracy: 0.2743 - val_loss: 1.8103 - val_sparse_categorical_accuracy: 0.3432
Epoch 2/5
625/625 [==============================] - 110s 176ms/step - loss: 1.7997 - sparse_categorical_accuracy: 0.3497 - val_loss: 1.7055 - val_sparse_categorical_accuracy: 0.3813
Epoch 3/5
625/625 [==============================] - 110s 175ms/step - loss: 1.7257 - sparse_categorical_accuracy: 0.3799 - val_loss: 1.6675 - val_sparse_categorical_accuracy: 0.3948
Epoch 4/5
625/625 [==============================] - 110s 175ms/step - loss: 1.6851 - sparse_categorical_accuracy: 0.3933 - val_loss: 1.6165 - val_sparse_categorical_accuracy: 0.4152
Epoch 5/5
625/625 [==============================] - 110s 176ms/step - loss: 1.6417 - sparse_categorical_accuracy: 0.4100 - val_loss: 1.5951 - val_sparse_categorical_accuracy: 0.4252
157/157 [==============================] - 1s 6ms/step - loss: 1.3884 - sparse_categorical_accuracy: 0.5024
STATUS: itr: 5 -- Best fitness: 0.5953999757766724, Total time (s): 16504.779638290405

EVALUATION LOG: EmployeeBee ID (0) -- Candidate (input|sc_2|sep1x1_64|sep3x3_16|sep1x1_64|output)

Epoch 1/5
625/625 [==============================] - 111s 177ms/step - loss: 1.9618 - sparse_categorical_accuracy: 0.2901 - val_loss: 1.7491 - val_sparse_categorical_accuracy: 0.3640
Epoch 2/5
625/625 [==============================] - 112s 179ms/step - loss: 1.7225 - sparse_categorical_accuracy: 0.3796 - val_loss: 1.6084 - val_sparse_categorical_accuracy: 0.4164
Epoch 3/5
625/625 [==============================] - 112s 180ms/step - loss: 1.6275 - sparse_categorical_accuracy: 0.4137 - val_loss: 1.5527 - val_sparse_categorical_accuracy: 0.4452
Epoch 4/5
625/625 [==============================] - 112s 179ms/step - loss: 1.5625 - sparse_categorical_accuracy: 0.4418 - val_loss: 1.4791 - val_sparse_categorical_accuracy: 0.4668
Epoch 5/5
625/625 [==============================] - 111s 178ms/step - loss: 1.5093 - sparse_categorical_accuracy: 0.4620 - val_loss: 1.4379 - val_sparse_categorical_accuracy: 0.4891
157/157 [==============================] - 1s 7ms/step - loss: 1.2689 - sparse_categorical_accuracy: 0.5518

EVALUATION LOG: EmployeeBee ID (1) -- Candidate (input|sep3x3_64|max_pool3x3|avg_pool3x3|output)

Epoch 1/5
625/625 [==============================] - 110s 176ms/step - loss: 2.0860 - sparse_categorical_accuracy: 0.2431 - val_loss: 1.7928 - val_sparse_categorical_accuracy: 0.3580
Epoch 2/5
625/625 [==============================] - 109s 175ms/step - loss: 1.7396 - sparse_categorical_accuracy: 0.3692 - val_loss: 1.6217 - val_sparse_categorical_accuracy: 0.4056
Epoch 3/5
625/625 [==============================] - 110s 176ms/step - loss: 1.6146 - sparse_categorical_accuracy: 0.4168 - val_loss: 1.5047 - val_sparse_categorical_accuracy: 0.4539
Epoch 4/5
625/625 [==============================] - 109s 174ms/step - loss: 1.5318 - sparse_categorical_accuracy: 0.4450 - val_loss: 1.4598 - val_sparse_categorical_accuracy: 0.4846
Epoch 5/5
625/625 [==============================] - 110s 177ms/step - loss: 1.4839 - sparse_categorical_accuracy: 0.4688 - val_loss: 1.3771 - val_sparse_categorical_accuracy: 0.5112
157/157 [==============================] - 1s 6ms/step - loss: 1.1920 - sparse_categorical_accuracy: 0.5710

EVALUATION LOG: OnlookerBee ID (0) -- Candidate (input|sep1x1_32|max_pool3x3|dropout|output)

Epoch 1/5
625/625 [==============================] - 102s 162ms/step - loss: 1.9710 - sparse_categorical_accuracy: 0.2833 - val_loss: 1.7352 - val_sparse_categorical_accuracy: 0.3825
Epoch 2/5
625/625 [==============================] - 102s 164ms/step - loss: 1.6563 - sparse_categorical_accuracy: 0.4022 - val_loss: 1.5013 - val_sparse_categorical_accuracy: 0.4593
Epoch 3/5
625/625 [==============================] - 103s 165ms/step - loss: 1.5582 - sparse_categorical_accuracy: 0.4438 - val_loss: 1.4284 - val_sparse_categorical_accuracy: 0.4864
Epoch 4/5
625/625 [==============================] - 103s 165ms/step - loss: 1.4878 - sparse_categorical_accuracy: 0.4683 - val_loss: 1.3876 - val_sparse_categorical_accuracy: 0.4991
Epoch 5/5
625/625 [==============================] - 103s 165ms/step - loss: 1.4415 - sparse_categorical_accuracy: 0.4886 - val_loss: 1.3597 - val_sparse_categorical_accuracy: 0.5156
157/157 [==============================] - 1s 6ms/step - loss: 1.1641 - sparse_categorical_accuracy: 0.5899

EVALUATION LOG: OnlookerBee ID (1) -- Candidate (input|sc_2|sep1x1_64|sep3x3_16|sep1x1_16|output)

Epoch 1/5
625/625 [==============================] - 103s 163ms/step - loss: 1.9281 - sparse_categorical_accuracy: 0.2951 - val_loss: 1.7347 - val_sparse_categorical_accuracy: 0.3737
Epoch 2/5
625/625 [==============================] - 102s 164ms/step - loss: 1.7108 - sparse_categorical_accuracy: 0.3850 - val_loss: 1.6077 - val_sparse_categorical_accuracy: 0.4224
Epoch 3/5
625/625 [==============================] - 103s 164ms/step - loss: 1.6368 - sparse_categorical_accuracy: 0.4118 - val_loss: 1.5398 - val_sparse_categorical_accuracy: 0.4492
Epoch 4/5
625/625 [==============================] - 103s 164ms/step - loss: 1.5894 - sparse_categorical_accuracy: 0.4321 - val_loss: 1.5213 - val_sparse_categorical_accuracy: 0.4494
Epoch 5/5
625/625 [==============================] - 103s 165ms/step - loss: 1.5495 - sparse_categorical_accuracy: 0.4468 - val_loss: 1.5101 - val_sparse_categorical_accuracy: 0.4547
157/157 [==============================] - 1s 6ms/step - loss: 1.3371 - sparse_categorical_accuracy: 0.5148

EVALUATION LOG: OnlookerBee ID (2) -- Candidate (input|sep1x1_64|sep3x3_16|sep1x1_64|output)

Epoch 1/5
625/625 [==============================] - 113s 181ms/step - loss: 2.3029 - sparse_categorical_accuracy: 0.0991 - val_loss: 2.3027 - val_sparse_categorical_accuracy: 0.0974
Epoch 2/5
625/625 [==============================] - 111s 177ms/step - loss: 2.3027 - sparse_categorical_accuracy: 0.1003 - val_loss: 2.3028 - val_sparse_categorical_accuracy: 0.0937
Epoch 3/5
625/625 [==============================] - 112s 179ms/step - loss: 2.3027 - sparse_categorical_accuracy: 0.0985 - val_loss: 2.3028 - val_sparse_categorical_accuracy: 0.0981
Epoch 4/5
625/625 [==============================] - 112s 179ms/step - loss: 2.3027 - sparse_categorical_accuracy: 0.1002 - val_loss: 2.3028 - val_sparse_categorical_accuracy: 0.0937
Epoch 5/5
625/625 [==============================] - 111s 177ms/step - loss: 2.3027 - sparse_categorical_accuracy: 0.1004 - val_loss: 2.3028 - val_sparse_categorical_accuracy: 0.0937
157/157 [==============================] - 1s 7ms/step - loss: 2.3026 - sparse_categorical_accuracy: 0.1000
STATUS: itr: 6 -- Best fitness: 0.5953999757766724, Total time (s): 19372.10585784912

EVALUATION LOG: EmployeeBee ID (0) -- Candidate (input|sc_2|sep1x1_64|max_pool3x3|sep1x1_64|output)

Epoch 1/5
625/625 [==============================] - 114s 181ms/step - loss: 1.9132 - sparse_categorical_accuracy: 0.3096 - val_loss: 1.7232 - val_sparse_categorical_accuracy: 0.3785
Epoch 2/5
625/625 [==============================] - 113s 180ms/step - loss: 1.6922 - sparse_categorical_accuracy: 0.3933 - val_loss: 1.6214 - val_sparse_categorical_accuracy: 0.4121
Epoch 3/5
625/625 [==============================] - 113s 181ms/step - loss: 1.6133 - sparse_categorical_accuracy: 0.4180 - val_loss: 1.5654 - val_sparse_categorical_accuracy: 0.4375
Epoch 4/5
625/625 [==============================] - 112s 180ms/step - loss: 1.5680 - sparse_categorical_accuracy: 0.4367 - val_loss: 1.4993 - val_sparse_categorical_accuracy: 0.4565
Epoch 5/5
625/625 [==============================] - 112s 179ms/step - loss: 1.5326 - sparse_categorical_accuracy: 0.4483 - val_loss: 1.4796 - val_sparse_categorical_accuracy: 0.4714
157/157 [==============================] - 1s 8ms/step - loss: 1.3110 - sparse_categorical_accuracy: 0.5265

EVALUATION LOG: EmployeeBee ID (1) -- Candidate (input|batch_norm|sc_2|avg_pool3x3|batch_norm|output)

Epoch 1/5
625/625 [==============================] - 104s 165ms/step - loss: 2.2921 - sparse_categorical_accuracy: 0.2694 - val_loss: 1.8740 - val_sparse_categorical_accuracy: 0.3229
Epoch 2/5
625/625 [==============================] - 102s 164ms/step - loss: 1.8108 - sparse_categorical_accuracy: 0.3500 - val_loss: 1.7515 - val_sparse_categorical_accuracy: 0.3728
Epoch 3/5
625/625 [==============================] - 103s 165ms/step - loss: 1.7569 - sparse_categorical_accuracy: 0.3738 - val_loss: 1.7168 - val_sparse_categorical_accuracy: 0.3791
Epoch 4/5
625/625 [==============================] - 102s 163ms/step - loss: 1.7158 - sparse_categorical_accuracy: 0.3855 - val_loss: 1.6672 - val_sparse_categorical_accuracy: 0.3978
Epoch 5/5
625/625 [==============================] - 103s 164ms/step - loss: 1.6940 - sparse_categorical_accuracy: 0.3938 - val_loss: 1.6801 - val_sparse_categorical_accuracy: 0.3951
157/157 [==============================] - 1s 6ms/step - loss: 1.4723 - sparse_categorical_accuracy: 0.4746

EVALUATION LOG: OnlookerBee ID (0) -- Candidate (input|sc_2|sep1x1_64|batch_norm|sep1x1_64|output)

Epoch 1/5
625/625 [==============================] - 113s 180ms/step - loss: 1.8678 - sparse_categorical_accuracy: 0.3253 - val_loss: 1.6836 - val_sparse_categorical_accuracy: 0.4085
Epoch 2/5
625/625 [==============================] - 113s 181ms/step - loss: 1.5813 - sparse_categorical_accuracy: 0.4323 - val_loss: 1.5461 - val_sparse_categorical_accuracy: 0.4469
Epoch 3/5
625/625 [==============================] - 113s 181ms/step - loss: 1.4940 - sparse_categorical_accuracy: 0.4654 - val_loss: 1.4012 - val_sparse_categorical_accuracy: 0.5021
Epoch 4/5
625/625 [==============================] - 112s 178ms/step - loss: 1.4318 - sparse_categorical_accuracy: 0.4877 - val_loss: 1.3940 - val_sparse_categorical_accuracy: 0.5026
Epoch 5/5
625/625 [==============================] - 112s 180ms/step - loss: 1.3959 - sparse_categorical_accuracy: 0.5017 - val_loss: 1.4088 - val_sparse_categorical_accuracy: 0.4967
157/157 [==============================] - 1s 7ms/step - loss: 1.1633 - sparse_categorical_accuracy: 0.5831

EVALUATION LOG: OnlookerBee ID (1) -- Candidate (input|dropout|sc_2|avg_pool3x3|batch_norm|output)

Epoch 1/5
625/625 [==============================] - 102s 163ms/step - loss: 2.1689 - sparse_categorical_accuracy: 0.2637 - val_loss: 1.8608 - val_sparse_categorical_accuracy: 0.3250
Epoch 2/5
625/625 [==============================] - 103s 165ms/step - loss: 1.8525 - sparse_categorical_accuracy: 0.3322 - val_loss: 1.7793 - val_sparse_categorical_accuracy: 0.3570
Epoch 3/5
625/625 [==============================] - 104s 166ms/step - loss: 1.8002 - sparse_categorical_accuracy: 0.3538 - val_loss: 1.7409 - val_sparse_categorical_accuracy: 0.3708
Epoch 4/5
625/625 [==============================] - 102s 163ms/step - loss: 1.7618 - sparse_categorical_accuracy: 0.3685 - val_loss: 1.7091 - val_sparse_categorical_accuracy: 0.3831
Epoch 5/5
625/625 [==============================] - 103s 165ms/step - loss: 1.7360 - sparse_categorical_accuracy: 0.3754 - val_loss: 1.6765 - val_sparse_categorical_accuracy: 0.3911
157/157 [==============================] - 1s 6ms/step - loss: 1.4677 - sparse_categorical_accuracy: 0.4634

EVALUATION LOG: OnlookerBee ID (2) -- Candidate (input|batch_norm|sc_2|sep1x1_64|batch_norm|output)

Epoch 1/5
625/625 [==============================] - 111s 176ms/step - loss: 2.2799 - sparse_categorical_accuracy: 0.2734 - val_loss: 1.8610 - val_sparse_categorical_accuracy: 0.3319
Epoch 2/5
625/625 [==============================] - 110s 176ms/step - loss: 1.7917 - sparse_categorical_accuracy: 0.3570 - val_loss: 1.7344 - val_sparse_categorical_accuracy: 0.3757
Epoch 3/5
625/625 [==============================] - 112s 178ms/step - loss: 1.7101 - sparse_categorical_accuracy: 0.3888 - val_loss: 1.7145 - val_sparse_categorical_accuracy: 0.3840
Epoch 4/5
625/625 [==============================] - 110s 175ms/step - loss: 1.6319 - sparse_categorical_accuracy: 0.4158 - val_loss: 1.6240 - val_sparse_categorical_accuracy: 0.4116
Epoch 5/5
625/625 [==============================] - 110s 176ms/step - loss: 1.5776 - sparse_categorical_accuracy: 0.4390 - val_loss: 1.5737 - val_sparse_categorical_accuracy: 0.4366
157/157 [==============================] - 1s 7ms/step - loss: 1.4001 - sparse_categorical_accuracy: 0.5007
STATUS: itr: 7 -- Best fitness: 0.5953999757766724, Total time (s): 22269.918905735016

EVALUATION LOG: EmployeeBee ID (0) -- Candidate (input|sep1x1_32|sep1x1_64|sep1x1_16|output)

Epoch 1/5
625/625 [==============================] - 102s 162ms/step - loss: 2.0352 - sparse_categorical_accuracy: 0.2454 - val_loss: 1.9315 - val_sparse_categorical_accuracy: 0.2910
Epoch 2/5
625/625 [==============================] - 102s 163ms/step - loss: 1.9347 - sparse_categorical_accuracy: 0.2892 - val_loss: 1.9115 - val_sparse_categorical_accuracy: 0.3008
Epoch 3/5
625/625 [==============================] - 102s 163ms/step - loss: 1.9146 - sparse_categorical_accuracy: 0.2985 - val_loss: 1.8706 - val_sparse_categorical_accuracy: 0.3194
Epoch 4/5
625/625 [==============================] - 102s 163ms/step - loss: 1.8916 - sparse_categorical_accuracy: 0.3072 - val_loss: 1.8475 - val_sparse_categorical_accuracy: 0.3271
Epoch 5/5
625/625 [==============================] - 102s 163ms/step - loss: 1.8795 - sparse_categorical_accuracy: 0.3121 - val_loss: 1.8292 - val_sparse_categorical_accuracy: 0.3248
157/157 [==============================] - 1s 6ms/step - loss: 1.7535 - sparse_categorical_accuracy: 0.3529

EVALUATION LOG: EmployeeBee ID (1) -- Candidate (input|dropout|sc_2|sep1x1_64|batch_norm|output)

Epoch 1/5
625/625 [==============================] - 112s 178ms/step - loss: 2.2337 - sparse_categorical_accuracy: 0.2379 - val_loss: 1.8974 - val_sparse_categorical_accuracy: 0.3066
Epoch 2/5
625/625 [==============================] - 110s 177ms/step - loss: 1.8495 - sparse_categorical_accuracy: 0.3289 - val_loss: 1.7785 - val_sparse_categorical_accuracy: 0.3550
Epoch 3/5
625/625 [==============================] - 111s 178ms/step - loss: 1.7629 - sparse_categorical_accuracy: 0.3663 - val_loss: 1.7380 - val_sparse_categorical_accuracy: 0.3780
Epoch 4/5
625/625 [==============================] - 110s 177ms/step - loss: 1.7072 - sparse_categorical_accuracy: 0.3896 - val_loss: 1.7282 - val_sparse_categorical_accuracy: 0.3711
Epoch 5/5
625/625 [==============================] - 110s 177ms/step - loss: 1.6664 - sparse_categorical_accuracy: 0.4052 - val_loss: 1.6102 - val_sparse_categorical_accuracy: 0.4154
157/157 [==============================] - 1s 7ms/step - loss: 1.4349 - sparse_categorical_accuracy: 0.4872

EVALUATION LOG: OnlookerBee ID (0) -- Candidate (input|sep1x1_32|max_pool3x3|sep1x1_16|output)

Epoch 1/5
625/625 [==============================] - 102s 162ms/step - loss: 1.9741 - sparse_categorical_accuracy: 0.2733 - val_loss: 1.7862 - val_sparse_categorical_accuracy: 0.3509
Epoch 2/5
625/625 [==============================] - 100s 160ms/step - loss: 1.7833 - sparse_categorical_accuracy: 0.3564 - val_loss: 1.7128 - val_sparse_categorical_accuracy: 0.3831
Epoch 3/5
625/625 [==============================] - 100s 161ms/step - loss: 1.7189 - sparse_categorical_accuracy: 0.3815 - val_loss: 1.6772 - val_sparse_categorical_accuracy: 0.3877
Epoch 4/5
625/625 [==============================] - 100s 161ms/step - loss: 1.6815 - sparse_categorical_accuracy: 0.3949 - val_loss: 1.6169 - val_sparse_categorical_accuracy: 0.4170
Epoch 5/5
625/625 [==============================] - 101s 162ms/step - loss: 1.6418 - sparse_categorical_accuracy: 0.4076 - val_loss: 1.5840 - val_sparse_categorical_accuracy: 0.4235
157/157 [==============================] - 1s 5ms/step - loss: 1.3922 - sparse_categorical_accuracy: 0.4957

EVALUATION LOG: OnlookerBee ID (1) -- Candidate (input|max_pool3x3|max_pool3x3|sep1x1_16|output)

Epoch 1/5
625/625 [==============================] - 100s 159ms/step - loss: 1.9877 - sparse_categorical_accuracy: 0.2745 - val_loss: 1.7675 - val_sparse_categorical_accuracy: 0.3610
Epoch 2/5
625/625 [==============================] - 101s 161ms/step - loss: 1.7093 - sparse_categorical_accuracy: 0.3873 - val_loss: 1.5944 - val_sparse_categorical_accuracy: 0.4304
Epoch 3/5
625/625 [==============================] - 100s 160ms/step - loss: 1.6159 - sparse_categorical_accuracy: 0.4198 - val_loss: 1.5335 - val_sparse_categorical_accuracy: 0.4468
Epoch 4/5
625/625 [==============================] - 100s 160ms/step - loss: 1.5572 - sparse_categorical_accuracy: 0.4441 - val_loss: 1.4400 - val_sparse_categorical_accuracy: 0.4840
Epoch 5/5
625/625 [==============================] - 100s 160ms/step - loss: 1.5154 - sparse_categorical_accuracy: 0.4639 - val_loss: 1.4214 - val_sparse_categorical_accuracy: 0.4930
157/157 [==============================] - 1s 6ms/step - loss: 1.2506 - sparse_categorical_accuracy: 0.5582

EVALUATION LOG: OnlookerBee ID (2) -- Candidate (input|batch_norm|sc_2|avg_pool3x3|batch_norm|output)

Epoch 1/5
625/625 [==============================] - 104s 166ms/step - loss: 2.3383 - sparse_categorical_accuracy: 0.2624 - val_loss: 1.9066 - val_sparse_categorical_accuracy: 0.3058
Epoch 2/5
625/625 [==============================] - 103s 166ms/step - loss: 1.8362 - sparse_categorical_accuracy: 0.3402 - val_loss: 1.8007 - val_sparse_categorical_accuracy: 0.3477
Epoch 3/5
625/625 [==============================] - 103s 165ms/step - loss: 1.7700 - sparse_categorical_accuracy: 0.3676 - val_loss: 1.7651 - val_sparse_categorical_accuracy: 0.3543
Epoch 4/5
625/625 [==============================] - 103s 164ms/step - loss: 1.7349 - sparse_categorical_accuracy: 0.3779 - val_loss: 1.7133 - val_sparse_categorical_accuracy: 0.3897
Epoch 5/5
625/625 [==============================] - 104s 166ms/step - loss: 1.7041 - sparse_categorical_accuracy: 0.3911 - val_loss: 1.7442 - val_sparse_categorical_accuracy: 0.3763
157/157 [==============================] - 1s 6ms/step - loss: 1.5278 - sparse_categorical_accuracy: 0.4580
STATUS: itr: 8 -- Best fitness: 0.5953999757766724, Total time (s): 24906.3320813179

EVALUATION LOG: EmployeeBee ID (0) -- Candidate (input|max_pool3x3|sep1x1_64|sep1x1_16|output)

Epoch 1/5
625/625 [==============================] - 102s 163ms/step - loss: 1.9767 - sparse_categorical_accuracy: 0.2774 - val_loss: 1.7789 - val_sparse_categorical_accuracy: 0.3604
Epoch 2/5
625/625 [==============================] - 101s 162ms/step - loss: 1.7704 - sparse_categorical_accuracy: 0.3594 - val_loss: 1.6961 - val_sparse_categorical_accuracy: 0.3856
Epoch 3/5
625/625 [==============================] - 102s 163ms/step - loss: 1.7115 - sparse_categorical_accuracy: 0.3794 - val_loss: 1.6354 - val_sparse_categorical_accuracy: 0.4103
Epoch 4/5
625/625 [==============================] - 102s 163ms/step - loss: 1.6597 - sparse_categorical_accuracy: 0.4007 - val_loss: 1.5837 - val_sparse_categorical_accuracy: 0.4245
Epoch 5/5
625/625 [==============================] - 102s 163ms/step - loss: 1.6252 - sparse_categorical_accuracy: 0.4110 - val_loss: 1.5777 - val_sparse_categorical_accuracy: 0.4292
157/157 [==============================] - 1s 6ms/step - loss: 1.4271 - sparse_categorical_accuracy: 0.4801

EVALUATION LOG: EmployeeBee ID (1) -- Candidate (input|sep3x3_32|max_pool3x3|sep1x1_16|output)

Epoch 1/5
625/625 [==============================] - 102s 163ms/step - loss: 1.9518 - sparse_categorical_accuracy: 0.2868 - val_loss: 1.7895 - val_sparse_categorical_accuracy: 0.3486
Epoch 2/5
625/625 [==============================] - 101s 161ms/step - loss: 1.7694 - sparse_categorical_accuracy: 0.3574 - val_loss: 1.6788 - val_sparse_categorical_accuracy: 0.3889
Epoch 3/5
625/625 [==============================] - 102s 163ms/step - loss: 1.6843 - sparse_categorical_accuracy: 0.3905 - val_loss: 1.5848 - val_sparse_categorical_accuracy: 0.4220
Epoch 4/5
625/625 [==============================] - 101s 161ms/step - loss: 1.6001 - sparse_categorical_accuracy: 0.4266 - val_loss: 1.5123 - val_sparse_categorical_accuracy: 0.4592
Epoch 5/5
625/625 [==============================] - 102s 163ms/step - loss: 1.5330 - sparse_categorical_accuracy: 0.4534 - val_loss: 1.4479 - val_sparse_categorical_accuracy: 0.4884
157/157 [==============================] - 1s 6ms/step - loss: 1.2740 - sparse_categorical_accuracy: 0.5414

EVALUATION LOG: OnlookerBee ID (0) -- Candidate (input|max_pool3x3|sep3x3_64|sep1x1_16|output)

Epoch 1/5
625/625 [==============================] - 104s 165ms/step - loss: 2.0006 - sparse_categorical_accuracy: 0.2648 - val_loss: 1.8176 - val_sparse_categorical_accuracy: 0.3412
Epoch 2/5
625/625 [==============================] - 102s 163ms/step - loss: 1.8019 - sparse_categorical_accuracy: 0.3439 - val_loss: 1.6928 - val_sparse_categorical_accuracy: 0.3787
Epoch 3/5
625/625 [==============================] - 102s 164ms/step - loss: 1.6988 - sparse_categorical_accuracy: 0.3861 - val_loss: 1.6293 - val_sparse_categorical_accuracy: 0.4041
Epoch 4/5
625/625 [==============================] - 102s 163ms/step - loss: 1.6354 - sparse_categorical_accuracy: 0.4081 - val_loss: 1.5536 - val_sparse_categorical_accuracy: 0.4413
Epoch 5/5
625/625 [==============================] - 102s 162ms/step - loss: 1.5857 - sparse_categorical_accuracy: 0.4272 - val_loss: 1.5063 - val_sparse_categorical_accuracy: 0.4568
157/157 [==============================] - 1s 6ms/step - loss: 1.2823 - sparse_categorical_accuracy: 0.5358

EVALUATION LOG: OnlookerBee ID (1) -- Candidate (input|batch_norm|max_pool3x3|sep1x1_16|output)

Epoch 1/5
625/625 [==============================] - 100s 160ms/step - loss: 1.9110 - sparse_categorical_accuracy: 0.3122 - val_loss: 1.7739 - val_sparse_categorical_accuracy: 0.3607
Epoch 2/5
625/625 [==============================] - 100s 160ms/step - loss: 1.7326 - sparse_categorical_accuracy: 0.3744 - val_loss: 1.6482 - val_sparse_categorical_accuracy: 0.4124
Epoch 3/5
625/625 [==============================] - 99s 158ms/step - loss: 1.6573 - sparse_categorical_accuracy: 0.4032 - val_loss: 1.5711 - val_sparse_categorical_accuracy: 0.4371
Epoch 4/5
625/625 [==============================] - 101s 161ms/step - loss: 1.5822 - sparse_categorical_accuracy: 0.4322 - val_loss: 1.5014 - val_sparse_categorical_accuracy: 0.4598
Epoch 5/5
625/625 [==============================] - 99s 159ms/step - loss: 1.5111 - sparse_categorical_accuracy: 0.4551 - val_loss: 1.5804 - val_sparse_categorical_accuracy: 0.4375
157/157 [==============================] - 1s 6ms/step - loss: 1.3209 - sparse_categorical_accuracy: 0.5337

EVALUATION LOG: OnlookerBee ID (2) -- Candidate (input|sep3x3_32|avg_pool3x3|sep1x1_16|output)

Epoch 1/5
625/625 [==============================] - 102s 163ms/step - loss: 1.9828 - sparse_categorical_accuracy: 0.2757 - val_loss: 1.8057 - val_sparse_categorical_accuracy: 0.3468
Epoch 2/5
625/625 [==============================] - 101s 161ms/step - loss: 1.7958 - sparse_categorical_accuracy: 0.3525 - val_loss: 1.7320 - val_sparse_categorical_accuracy: 0.3705
Epoch 3/5
625/625 [==============================] - 101s 161ms/step - loss: 1.7375 - sparse_categorical_accuracy: 0.3762 - val_loss: 1.6973 - val_sparse_categorical_accuracy: 0.3865
Epoch 4/5
625/625 [==============================] - 102s 163ms/step - loss: 1.6947 - sparse_categorical_accuracy: 0.3898 - val_loss: 1.6285 - val_sparse_categorical_accuracy: 0.4088
Epoch 5/5
625/625 [==============================] - 101s 161ms/step - loss: 1.6526 - sparse_categorical_accuracy: 0.4085 - val_loss: 1.5926 - val_sparse_categorical_accuracy: 0.4282
157/157 [==============================] - 1s 6ms/step - loss: 1.4426 - sparse_categorical_accuracy: 0.4808
STATUS: itr: 9 -- Best fitness: 0.5953999757766724, Total time (s): 27653.99324464798

EVALUATION LOG: EmployeeBee ID (0) -- Candidate (input|batch_norm|sc_2|sep1x1_16|sep1x1_64|output)

Epoch 1/5
625/625 [==============================] - 113s 179ms/step - loss: 2.1400 - sparse_categorical_accuracy: 0.2740 - val_loss: 1.8376 - val_sparse_categorical_accuracy: 0.3406
Epoch 2/5
625/625 [==============================] - 111s 178ms/step - loss: 1.8054 - sparse_categorical_accuracy: 0.3520 - val_loss: 1.7409 - val_sparse_categorical_accuracy: 0.3732
Epoch 3/5
625/625 [==============================] - 111s 177ms/step - loss: 1.7411 - sparse_categorical_accuracy: 0.3721 - val_loss: 1.7066 - val_sparse_categorical_accuracy: 0.3878
Epoch 4/5
625/625 [==============================] - 111s 177ms/step - loss: 1.7050 - sparse_categorical_accuracy: 0.3898 - val_loss: 1.6652 - val_sparse_categorical_accuracy: 0.4078
Epoch 5/5
625/625 [==============================] - 111s 178ms/step - loss: 1.6730 - sparse_categorical_accuracy: 0.4035 - val_loss: 1.6549 - val_sparse_categorical_accuracy: 0.4066
157/157 [==============================] - 1s 7ms/step - loss: 1.4687 - sparse_categorical_accuracy: 0.4761

EVALUATION LOG: EmployeeBee ID (1) -- Candidate (input|sep3x3_32|sep1x1_16|sep1x1_16|output)

Epoch 1/5
625/625 [==============================] - 104s 165ms/step - loss: 2.0505 - sparse_categorical_accuracy: 0.2354 - val_loss: 1.9518 - val_sparse_categorical_accuracy: 0.2753
Epoch 2/5
625/625 [==============================] - 101s 161ms/step - loss: 1.9370 - sparse_categorical_accuracy: 0.2837 - val_loss: 1.8836 - val_sparse_categorical_accuracy: 0.3089
Epoch 3/5
625/625 [==============================] - 101s 162ms/step - loss: 1.8909 - sparse_categorical_accuracy: 0.3013 - val_loss: 1.8347 - val_sparse_categorical_accuracy: 0.3227
Epoch 4/5
349/625 [===============>..............] - ETA: 37s - loss: 1.8604 - sparse_categorical_accuracy: 0.3223
---------------------------------------------------------------------------
KeyboardInterrupt                         Traceback (most recent call last)
<ipython-input-20-eb40da3c12ab> in <module>
     14 abc = ArtificialBeeColony(objective_interface)
     15 
---> 16 abc.optimize()

13 frames
/usr/local/lib/python3.7/dist-packages/tensorflow/python/eager/execute.py in quick_execute(op_name, num_outputs, inputs, attrs, ctx, name)
     53     ctx.ensure_initialized()
     54     tensors = pywrap_tfe.TFE_Py_Execute(ctx._handle, device_name, op_name,
---> 55                                         inputs, attrs, num_outputs)
     56   except core._NotOkStatusException as e:
     57     if name is not None:

KeyboardInterrupt: 