Downloading data from https://www.cs.toronto.edu/~kriz/cifar-10-python.tar.gz
170500096/170498071 [==============================] - 4s 0us/step
170508288/170498071 [==============================] - 4s 0us/step

EVALUATION LOG: EmployeeBee ID (0) -- Candidate (input|sep3x3_256|sep5x5_256|dropout|dropout|output)

Epoch 1/5
625/625 [==============================] - 162s 241ms/step - loss: 1.7149 - sparse_categorical_accuracy: 0.3737 - val_loss: 1.4713 - val_sparse_categorical_accuracy: 0.4709
Epoch 2/5
625/625 [==============================] - 149s 238ms/step - loss: 1.4122 - sparse_categorical_accuracy: 0.4945 - val_loss: 1.2947 - val_sparse_categorical_accuracy: 0.5400
Epoch 3/5
625/625 [==============================] - 149s 238ms/step - loss: 1.2675 - sparse_categorical_accuracy: 0.5520 - val_loss: 1.1417 - val_sparse_categorical_accuracy: 0.5954
Epoch 4/5
625/625 [==============================] - 149s 238ms/step - loss: 1.1844 - sparse_categorical_accuracy: 0.5842 - val_loss: 1.0697 - val_sparse_categorical_accuracy: 0.6308
Epoch 5/5
625/625 [==============================] - 149s 238ms/step - loss: 1.1274 - sparse_categorical_accuracy: 0.6054 - val_loss: 1.1060 - val_sparse_categorical_accuracy: 0.6161
157/157 [==============================] - 4s 24ms/step - loss: 0.9096 - sparse_categorical_accuracy: 0.6862

FILE-SAVE SUCCESSFUL: Candidate (input|sep3x3_256|sep5x5_256|dropout|dropout|output) was saved to 8add8db6bd97c22f9b573adcb381f0eafd024be5.h5


EVALUATION LOG: EmployeeBee ID (1) -- Candidate (input|max_pool3x3|batch_norm|batch_norm|sep3x3_256|output)

Epoch 1/5
625/625 [==============================] - 136s 217ms/step - loss: 1.8746 - sparse_categorical_accuracy: 0.3956 - val_loss: 1.4228 - val_sparse_categorical_accuracy: 0.4931
Epoch 2/5
625/625 [==============================] - 127s 203ms/step - loss: 1.3892 - sparse_categorical_accuracy: 0.5081 - val_loss: 1.2762 - val_sparse_categorical_accuracy: 0.5453
Epoch 3/5
625/625 [==============================] - 127s 202ms/step - loss: 1.2709 - sparse_categorical_accuracy: 0.5537 - val_loss: 1.1846 - val_sparse_categorical_accuracy: 0.5805
Epoch 4/5
625/625 [==============================] - 126s 202ms/step - loss: 1.2005 - sparse_categorical_accuracy: 0.5802 - val_loss: 1.1667 - val_sparse_categorical_accuracy: 0.5957
Epoch 5/5
625/625 [==============================] - 126s 201ms/step - loss: 1.1430 - sparse_categorical_accuracy: 0.6001 - val_loss: 1.0524 - val_sparse_categorical_accuracy: 0.6325
157/157 [==============================] - 3s 15ms/step - loss: 0.9775 - sparse_categorical_accuracy: 0.6668

FILE-SAVE SUCCESSFUL: Candidate (input|max_pool3x3|batch_norm|batch_norm|sep3x3_256|output) was saved to 12be5a30e1eb79762a681b7feb9161f47658c189.h5


EVALUATION LOG: EmployeeBee ID (2) -- Candidate (input|sep3x3_64|sep3x3_256|batch_norm|avg_pool3x3|output)

Epoch 1/5
625/625 [==============================] - 139s 221ms/step - loss: 1.7013 - sparse_categorical_accuracy: 0.4071 - val_loss: 1.6913 - val_sparse_categorical_accuracy: 0.3984
Epoch 2/5
625/625 [==============================] - 127s 204ms/step - loss: 1.3243 - sparse_categorical_accuracy: 0.5299 - val_loss: 1.3716 - val_sparse_categorical_accuracy: 0.5220
Epoch 3/5
625/625 [==============================] - 128s 205ms/step - loss: 1.2164 - sparse_categorical_accuracy: 0.5716 - val_loss: 1.3399 - val_sparse_categorical_accuracy: 0.5186
Epoch 4/5
625/625 [==============================] - 129s 207ms/step - loss: 1.1337 - sparse_categorical_accuracy: 0.6011 - val_loss: 1.2992 - val_sparse_categorical_accuracy: 0.5492
Epoch 5/5
625/625 [==============================] - 129s 207ms/step - loss: 1.0898 - sparse_categorical_accuracy: 0.6173 - val_loss: 1.1489 - val_sparse_categorical_accuracy: 0.5922
157/157 [==============================] - 3s 16ms/step - loss: 0.8798 - sparse_categorical_accuracy: 0.7021

FILE-SAVE SUCCESSFUL: Candidate (input|sep3x3_64|sep3x3_256|batch_norm|avg_pool3x3|output) was saved to 60a892b16498c8040db230850757f0bb30269ad6.h5


EVALUATION LOG: OnlookerBee ID (0) -- Candidate (input|sep3x3_64|sep3x3_256|dropout|avg_pool3x3|output)

Epoch 1/5
625/625 [==============================] - 138s 220ms/step - loss: 1.6669 - sparse_categorical_accuracy: 0.3989 - val_loss: 1.3873 - val_sparse_categorical_accuracy: 0.4990
Epoch 2/5
625/625 [==============================] - 130s 209ms/step - loss: 1.3361 - sparse_categorical_accuracy: 0.5246 - val_loss: 1.2226 - val_sparse_categorical_accuracy: 0.5697
Epoch 3/5
625/625 [==============================] - 129s 207ms/step - loss: 1.1937 - sparse_categorical_accuracy: 0.5792 - val_loss: 1.1468 - val_sparse_categorical_accuracy: 0.5968
Epoch 4/5
625/625 [==============================] - 129s 206ms/step - loss: 1.1113 - sparse_categorical_accuracy: 0.6102 - val_loss: 1.0189 - val_sparse_categorical_accuracy: 0.6372
Epoch 5/5
625/625 [==============================] - 129s 206ms/step - loss: 1.0491 - sparse_categorical_accuracy: 0.6321 - val_loss: 1.0194 - val_sparse_categorical_accuracy: 0.6489
157/157 [==============================] - 3s 16ms/step - loss: 0.8708 - sparse_categorical_accuracy: 0.6985

FILE-SAVE SUCCESSFUL: Candidate (input|sep3x3_64|sep3x3_256|dropout|avg_pool3x3|output) was saved to 2ed04b336512d3c9fc2448de6bf61fc983c2c6e2.h5


EVALUATION LOG: OnlookerBee ID (1) -- Candidate (input|max_pool3x3|batch_norm|batch_norm|sep5x5_64|output)

Epoch 1/5
625/625 [==============================] - 114s 182ms/step - loss: 1.7235 - sparse_categorical_accuracy: 0.3896 - val_loss: 1.4528 - val_sparse_categorical_accuracy: 0.4778
Epoch 2/5
625/625 [==============================] - 101s 161ms/step - loss: 1.4073 - sparse_categorical_accuracy: 0.5005 - val_loss: 1.3172 - val_sparse_categorical_accuracy: 0.5221
Epoch 3/5
625/625 [==============================] - 101s 161ms/step - loss: 1.3007 - sparse_categorical_accuracy: 0.5384 - val_loss: 1.2065 - val_sparse_categorical_accuracy: 0.5768
Epoch 4/5
625/625 [==============================] - 101s 162ms/step - loss: 1.2243 - sparse_categorical_accuracy: 0.5673 - val_loss: 1.1373 - val_sparse_categorical_accuracy: 0.5997
Epoch 5/5
625/625 [==============================] - 101s 162ms/step - loss: 1.1655 - sparse_categorical_accuracy: 0.5926 - val_loss: 1.0927 - val_sparse_categorical_accuracy: 0.6090
157/157 [==============================] - 1s 7ms/step - loss: 0.9414 - sparse_categorical_accuracy: 0.6740

FILE-SAVE SUCCESSFUL: Candidate (input|max_pool3x3|batch_norm|batch_norm|sep5x5_64|output) was saved to deb6bffd657ba84322ac57824131bb49c9f52af0.h5


EVALUATION LOG: OnlookerBee ID (2) -- Candidate (input|sep3x3_64|sep3x3_256|avg_pool3x3|avg_pool3x3|output)

Epoch 1/5
625/625 [==============================] - 135s 216ms/step - loss: 1.6833 - sparse_categorical_accuracy: 0.3917 - val_loss: 1.4341 - val_sparse_categorical_accuracy: 0.5047
Epoch 2/5
625/625 [==============================] - 134s 215ms/step - loss: 1.3462 - sparse_categorical_accuracy: 0.5224 - val_loss: 1.2126 - val_sparse_categorical_accuracy: 0.5746
Epoch 3/5
625/625 [==============================] - 133s 213ms/step - loss: 1.1928 - sparse_categorical_accuracy: 0.5792 - val_loss: 1.1720 - val_sparse_categorical_accuracy: 0.5906
Epoch 4/5
625/625 [==============================] - 134s 214ms/step - loss: 1.0972 - sparse_categorical_accuracy: 0.6155 - val_loss: 1.0526 - val_sparse_categorical_accuracy: 0.6344
Epoch 5/5
625/625 [==============================] - 132s 212ms/step - loss: 1.0190 - sparse_categorical_accuracy: 0.6432 - val_loss: 0.9781 - val_sparse_categorical_accuracy: 0.6551
157/157 [==============================] - 3s 17ms/step - loss: 0.8131 - sparse_categorical_accuracy: 0.7215

FILE-SAVE SUCCESSFUL: Candidate (input|sep3x3_64|sep3x3_256|avg_pool3x3|avg_pool3x3|output) was saved to b17b80e180d16883fe64b064b382881ad0601445.h5


EVALUATION LOG: OnlookerBee ID (3) -- Candidate (input|max_pool3x3|avg_pool3x3|batch_norm|sep5x5_64|output)

Epoch 1/5
625/625 [==============================] - 115s 184ms/step - loss: 1.6938 - sparse_categorical_accuracy: 0.4053 - val_loss: 1.4186 - val_sparse_categorical_accuracy: 0.4893
Epoch 2/5
625/625 [==============================] - 102s 163ms/step - loss: 1.3876 - sparse_categorical_accuracy: 0.5058 - val_loss: 1.3051 - val_sparse_categorical_accuracy: 0.5393
Epoch 3/5
625/625 [==============================] - 102s 163ms/step - loss: 1.2802 - sparse_categorical_accuracy: 0.5463 - val_loss: 1.1936 - val_sparse_categorical_accuracy: 0.5797
Epoch 4/5
625/625 [==============================] - 101s 162ms/step - loss: 1.2127 - sparse_categorical_accuracy: 0.5755 - val_loss: 1.1352 - val_sparse_categorical_accuracy: 0.6049
Epoch 5/5
625/625 [==============================] - 101s 162ms/step - loss: 1.1686 - sparse_categorical_accuracy: 0.5878 - val_loss: 1.0840 - val_sparse_categorical_accuracy: 0.6200
157/157 [==============================] - 1s 7ms/step - loss: 0.9916 - sparse_categorical_accuracy: 0.6570

FILE-SAVE SUCCESSFUL: Candidate (input|max_pool3x3|avg_pool3x3|batch_norm|sep5x5_64|output) was saved to 02470c6b4e85e4dd672ec51ba2737f21b1f38f12.h5


EVALUATION LOG: OnlookerBee ID (4) -- Candidate (input|sep3x3_64|sep3x3_256|avg_pool3x3|sep3x3_128|output)

Epoch 1/5
625/625 [==============================] - 134s 213ms/step - loss: 1.8135 - sparse_categorical_accuracy: 0.3350 - val_loss: 1.5719 - val_sparse_categorical_accuracy: 0.4299
Epoch 2/5
625/625 [==============================] - 132s 211ms/step - loss: 1.5104 - sparse_categorical_accuracy: 0.4570 - val_loss: 1.3853 - val_sparse_categorical_accuracy: 0.4963
Epoch 3/5
625/625 [==============================] - 131s 210ms/step - loss: 1.3472 - sparse_categorical_accuracy: 0.5232 - val_loss: 1.2620 - val_sparse_categorical_accuracy: 0.5495
Epoch 4/5
625/625 [==============================] - 133s 212ms/step - loss: 1.2436 - sparse_categorical_accuracy: 0.5578 - val_loss: 1.2392 - val_sparse_categorical_accuracy: 0.5718
Epoch 5/5
625/625 [==============================] - 133s 213ms/step - loss: 1.1656 - sparse_categorical_accuracy: 0.5903 - val_loss: 1.1435 - val_sparse_categorical_accuracy: 0.6013
157/157 [==============================] - 3s 18ms/step - loss: 1.0838 - sparse_categorical_accuracy: 0.6283

FILE-SAVE SUCCESSFUL: Candidate (input|sep3x3_64|sep3x3_256|avg_pool3x3|sep3x3_128|output) was saved to 4a0205d7e1872f46662543fcbae0582a074a84ea.h5


EVALUATION LOG: OnlookerBee ID (5) -- Candidate (input|sep3x3_256|sep3x3_128|dropout|dropout|output)

Epoch 1/5
625/625 [==============================] - 134s 213ms/step - loss: 1.7151 - sparse_categorical_accuracy: 0.3778 - val_loss: 1.4926 - val_sparse_categorical_accuracy: 0.4585
Epoch 2/5
625/625 [==============================] - 131s 210ms/step - loss: 1.4530 - sparse_categorical_accuracy: 0.4775 - val_loss: 1.3183 - val_sparse_categorical_accuracy: 0.5292
Epoch 3/5
625/625 [==============================] - 131s 209ms/step - loss: 1.3230 - sparse_categorical_accuracy: 0.5303 - val_loss: 1.1818 - val_sparse_categorical_accuracy: 0.5837
Epoch 4/5
625/625 [==============================] - 130s 209ms/step - loss: 1.2450 - sparse_categorical_accuracy: 0.5586 - val_loss: 1.1520 - val_sparse_categorical_accuracy: 0.5964
Epoch 5/5
625/625 [==============================] - 130s 208ms/step - loss: 1.1812 - sparse_categorical_accuracy: 0.5832 - val_loss: 1.0857 - val_sparse_categorical_accuracy: 0.6195
157/157 [==============================] - 3s 16ms/step - loss: 0.9378 - sparse_categorical_accuracy: 0.6722

FILE-SAVE SUCCESSFUL: Candidate (input|sep3x3_256|sep3x3_128|dropout|dropout|output) was saved to d11122f4888f21c3da6ce3b0392be8091f64eac2.h5


EVALUATION LOG: OnlookerBee ID (6) -- Candidate (input|sep3x3_64|sep5x5_128|avg_pool3x3|avg_pool3x3|output)

Epoch 1/5
625/625 [==============================] - 125s 199ms/step - loss: 1.6846 - sparse_categorical_accuracy: 0.3854 - val_loss: 1.4086 - val_sparse_categorical_accuracy: 0.5039
Epoch 2/5
625/625 [==============================] - 120s 191ms/step - loss: 1.3472 - sparse_categorical_accuracy: 0.5226 - val_loss: 1.2318 - val_sparse_categorical_accuracy: 0.5660
Epoch 3/5
625/625 [==============================] - 119s 190ms/step - loss: 1.1845 - sparse_categorical_accuracy: 0.5850 - val_loss: 1.1246 - val_sparse_categorical_accuracy: 0.5980
Epoch 4/5
625/625 [==============================] - 119s 191ms/step - loss: 1.0912 - sparse_categorical_accuracy: 0.6159 - val_loss: 1.0314 - val_sparse_categorical_accuracy: 0.6395
Epoch 5/5
625/625 [==============================] - 119s 190ms/step - loss: 1.0219 - sparse_categorical_accuracy: 0.6429 - val_loss: 1.0132 - val_sparse_categorical_accuracy: 0.6488
157/157 [==============================] - 2s 12ms/step - loss: 0.8920 - sparse_categorical_accuracy: 0.6933

FILE-SAVE SUCCESSFUL: Candidate (input|sep3x3_64|sep5x5_128|avg_pool3x3|avg_pool3x3|output) was saved to 8af43bb2a28cb3a396eb968cdae4bff240cc52ec.h5

STATUS: itr: 0 -- Best fitness: 0.7214999794960022, Total time (s): 6562.4629056453705

EVALUATION LOG: EmployeeBee ID (0) -- Candidate (input|sep3x3_256|dropout|dropout|dropout|output)

Epoch 1/5
625/625 [==============================] - 134s 214ms/step - loss: 1.8178 - sparse_categorical_accuracy: 0.3575 - val_loss: 1.5505 - val_sparse_categorical_accuracy: 0.4448
Epoch 2/5
625/625 [==============================] - 130s 208ms/step - loss: 1.5818 - sparse_categorical_accuracy: 0.4318 - val_loss: 1.4682 - val_sparse_categorical_accuracy: 0.4778
Epoch 3/5
625/625 [==============================] - 131s 209ms/step - loss: 1.4974 - sparse_categorical_accuracy: 0.4678 - val_loss: 1.3598 - val_sparse_categorical_accuracy: 0.5199
Epoch 4/5
625/625 [==============================] - 129s 207ms/step - loss: 1.4393 - sparse_categorical_accuracy: 0.4893 - val_loss: 1.3540 - val_sparse_categorical_accuracy: 0.5095
Epoch 5/5
625/625 [==============================] - 131s 209ms/step - loss: 1.3910 - sparse_categorical_accuracy: 0.5078 - val_loss: 1.2484 - val_sparse_categorical_accuracy: 0.5567
157/157 [==============================] - 2s 15ms/step - loss: 1.1029 - sparse_categorical_accuracy: 0.6109

FILE-SAVE SUCCESSFUL: Candidate (input|sep3x3_256|dropout|dropout|dropout|output) was saved to 270cb5776a52350ef1bccb8e4bb5efc40823b4af.h5


EVALUATION LOG: EmployeeBee ID (1) -- Candidate (input|max_pool3x3|dropout|batch_norm|sep5x5_64|output)

Epoch 1/5
625/625 [==============================] - 114s 182ms/step - loss: 1.8085 - sparse_categorical_accuracy: 0.3698 - val_loss: 1.5139 - val_sparse_categorical_accuracy: 0.4445
Epoch 2/5
625/625 [==============================] - 102s 163ms/step - loss: 1.4556 - sparse_categorical_accuracy: 0.4830 - val_loss: 1.3241 - val_sparse_categorical_accuracy: 0.5293
Epoch 3/5
625/625 [==============================] - 103s 165ms/step - loss: 1.3478 - sparse_categorical_accuracy: 0.5226 - val_loss: 1.2488 - val_sparse_categorical_accuracy: 0.5585
Epoch 4/5
625/625 [==============================] - 101s 162ms/step - loss: 1.2773 - sparse_categorical_accuracy: 0.5509 - val_loss: 1.1704 - val_sparse_categorical_accuracy: 0.5909
Epoch 5/5
625/625 [==============================] - 101s 162ms/step - loss: 1.2276 - sparse_categorical_accuracy: 0.5686 - val_loss: 1.1385 - val_sparse_categorical_accuracy: 0.5976
157/157 [==============================] - 1s 6ms/step - loss: 1.0106 - sparse_categorical_accuracy: 0.6482

FILE-SAVE SUCCESSFUL: Candidate (input|max_pool3x3|dropout|batch_norm|sep5x5_64|output) was saved to 2bede117c6b64e1147e778c6eb62e166fc7fd870.h5


EVALUATION LOG: EmployeeBee ID (2) -- Candidate (input|batch_norm|dropout|sc_1|avg_pool3x3|dropout|output)

Epoch 1/5
625/625 [==============================] - 104s 166ms/step - loss: 2.2105 - sparse_categorical_accuracy: 0.3259 - val_loss: 1.6241 - val_sparse_categorical_accuracy: 0.4121
Epoch 2/5
625/625 [==============================] - 103s 164ms/step - loss: 1.6765 - sparse_categorical_accuracy: 0.4035 - val_loss: 1.5637 - val_sparse_categorical_accuracy: 0.4403
Epoch 3/5
625/625 [==============================] - 103s 166ms/step - loss: 1.5989 - sparse_categorical_accuracy: 0.4305 - val_loss: 1.4763 - val_sparse_categorical_accuracy: 0.4730
Epoch 4/5
625/625 [==============================] - 104s 166ms/step - loss: 1.5550 - sparse_categorical_accuracy: 0.4525 - val_loss: 1.4485 - val_sparse_categorical_accuracy: 0.4849
Epoch 5/5
625/625 [==============================] - 103s 165ms/step - loss: 1.5066 - sparse_categorical_accuracy: 0.4678 - val_loss: 1.4251 - val_sparse_categorical_accuracy: 0.4996
157/157 [==============================] - 1s 7ms/step - loss: 1.1966 - sparse_categorical_accuracy: 0.5798

FILE-SAVE SUCCESSFUL: Candidate (input|batch_norm|dropout|sc_1|avg_pool3x3|dropout|output) was saved to 406c6bf47ce9efd18bdff509a488adec5fadbe01.h5


EVALUATION LOG: OnlookerBee ID (0) -- Candidate (input|sep3x3_256|max_pool3x3|dropout|dropout|output)

Epoch 1/5
625/625 [==============================] - 136s 217ms/step - loss: 1.9197 - sparse_categorical_accuracy: 0.3681 - val_loss: 1.4660 - val_sparse_categorical_accuracy: 0.4790
Epoch 2/5
625/625 [==============================] - 133s 212ms/step - loss: 1.4597 - sparse_categorical_accuracy: 0.4825 - val_loss: 1.3229 - val_sparse_categorical_accuracy: 0.5276
Epoch 3/5
625/625 [==============================] - 133s 213ms/step - loss: 1.3520 - sparse_categorical_accuracy: 0.5230 - val_loss: 1.2592 - val_sparse_categorical_accuracy: 0.5487
Epoch 4/5
625/625 [==============================] - 133s 213ms/step - loss: 1.2836 - sparse_categorical_accuracy: 0.5441 - val_loss: 1.2234 - val_sparse_categorical_accuracy: 0.5809
Epoch 5/5
625/625 [==============================] - 133s 212ms/step - loss: 1.2440 - sparse_categorical_accuracy: 0.5634 - val_loss: 1.1220 - val_sparse_categorical_accuracy: 0.6067
157/157 [==============================] - 3s 16ms/step - loss: 1.0096 - sparse_categorical_accuracy: 0.6472

FILE-SAVE SUCCESSFUL: Candidate (input|sep3x3_256|max_pool3x3|dropout|dropout|output) was saved to e021ebee3498fe3c511d4ecf0a1a87c5f4a589b1.h5


EVALUATION LOG: OnlookerBee ID (1) -- Candidate (input|dropout|batch_norm|batch_norm|sep5x5_64|output)

Epoch 1/5
625/625 [==============================] - 117s 186ms/step - loss: 1.8658 - sparse_categorical_accuracy: 0.3396 - val_loss: 1.5751 - val_sparse_categorical_accuracy: 0.4241
Epoch 2/5
625/625 [==============================] - 103s 165ms/step - loss: 1.5698 - sparse_categorical_accuracy: 0.4385 - val_loss: 1.4582 - val_sparse_categorical_accuracy: 0.4728
Epoch 3/5
625/625 [==============================] - 103s 165ms/step - loss: 1.4642 - sparse_categorical_accuracy: 0.4781 - val_loss: 1.3858 - val_sparse_categorical_accuracy: 0.5045
Epoch 4/5
625/625 [==============================] - 118s 188ms/step - loss: 1.3942 - sparse_categorical_accuracy: 0.5038 - val_loss: 1.3026 - val_sparse_categorical_accuracy: 0.5336
Epoch 5/5
625/625 [==============================] - 102s 163ms/step - loss: 1.3297 - sparse_categorical_accuracy: 0.5289 - val_loss: 1.2462 - val_sparse_categorical_accuracy: 0.5580
157/157 [==============================] - 1s 7ms/step - loss: 1.0787 - sparse_categorical_accuracy: 0.6223

FILE-SAVE SUCCESSFUL: Candidate (input|dropout|batch_norm|batch_norm|sep5x5_64|output) was saved to 8b41b4134dad348f09f3c57bded9396dde9d9ad8.h5


EVALUATION LOG: OnlookerBee ID (2) -- Candidate (input|batch_norm|dropout|sc_1|avg_pool3x3|sep5x5_64|output)

Epoch 1/5
625/625 [==============================] - 109s 174ms/step - loss: 1.9997 - sparse_categorical_accuracy: 0.3166 - val_loss: 1.5891 - val_sparse_categorical_accuracy: 0.4315
Epoch 2/5
625/625 [==============================] - 105s 169ms/step - loss: 1.5952 - sparse_categorical_accuracy: 0.4286 - val_loss: 1.4564 - val_sparse_categorical_accuracy: 0.4757
Epoch 3/5
625/625 [==============================] - 105s 168ms/step - loss: 1.4825 - sparse_categorical_accuracy: 0.4685 - val_loss: 1.3657 - val_sparse_categorical_accuracy: 0.5156
Epoch 4/5
625/625 [==============================] - 118s 188ms/step - loss: 1.4144 - sparse_categorical_accuracy: 0.5016 - val_loss: 1.3277 - val_sparse_categorical_accuracy: 0.5336
Epoch 5/5
625/625 [==============================] - 114s 183ms/step - loss: 1.3500 - sparse_categorical_accuracy: 0.5235 - val_loss: 1.2565 - val_sparse_categorical_accuracy: 0.5533
157/157 [==============================] - 1s 7ms/step - loss: 1.1057 - sparse_categorical_accuracy: 0.6041

FILE-SAVE SUCCESSFUL: Candidate (input|batch_norm|dropout|sc_1|avg_pool3x3|sep5x5_64|output) was saved to 6119a60e5c15c3184d10df621456b64ff4d3d1d0.h5


EVALUATION LOG: OnlookerBee ID (3) -- Candidate (input|sep3x3_256|sep5x5_256|dropout|sep5x5_128|output)

Epoch 1/5
625/625 [==============================] - 172s 273ms/step - loss: 1.8063 - sparse_categorical_accuracy: 0.3308 - val_loss: 1.5675 - val_sparse_categorical_accuracy: 0.4145
Epoch 2/5
625/625 [==============================] - 163s 261ms/step - loss: 1.4562 - sparse_categorical_accuracy: 0.4784 - val_loss: 1.3071 - val_sparse_categorical_accuracy: 0.5256
Epoch 3/5
625/625 [==============================] - 164s 262ms/step - loss: 1.2924 - sparse_categorical_accuracy: 0.5390 - val_loss: 1.2486 - val_sparse_categorical_accuracy: 0.5541
Epoch 4/5
625/625 [==============================] - 163s 262ms/step - loss: 1.1879 - sparse_categorical_accuracy: 0.5828 - val_loss: 1.1241 - val_sparse_categorical_accuracy: 0.5988
Epoch 5/5
625/625 [==============================] - 164s 262ms/step - loss: 1.1003 - sparse_categorical_accuracy: 0.6129 - val_loss: 1.0408 - val_sparse_categorical_accuracy: 0.6281
157/157 [==============================] - 5s 29ms/step - loss: 0.9625 - sparse_categorical_accuracy: 0.6649

FILE-SAVE SUCCESSFUL: Candidate (input|sep3x3_256|sep5x5_256|dropout|sep5x5_128|output) was saved to 61fd956586c5c46f19068966d14d75e8ac3df30f.h5


EVALUATION LOG: OnlookerBee ID (4) -- Candidate (input|batch_norm|dropout|sc_1|avg_pool3x3|avg_pool3x3|output)

Epoch 1/5
625/625 [==============================] - 109s 174ms/step - loss: 2.3815 - sparse_categorical_accuracy: 0.3421 - val_loss: 1.6078 - val_sparse_categorical_accuracy: 0.4166
Epoch 2/5
625/625 [==============================] - 103s 166ms/step - loss: 1.6097 - sparse_categorical_accuracy: 0.4257 - val_loss: 1.5129 - val_sparse_categorical_accuracy: 0.4663
Epoch 3/5
625/625 [==============================] - 103s 165ms/step - loss: 1.5134 - sparse_categorical_accuracy: 0.4641 - val_loss: 1.4248 - val_sparse_categorical_accuracy: 0.4900
Epoch 4/5
625/625 [==============================] - 102s 163ms/step - loss: 1.4411 - sparse_categorical_accuracy: 0.4927 - val_loss: 1.3922 - val_sparse_categorical_accuracy: 0.5088
Epoch 5/5
625/625 [==============================] - 103s 165ms/step - loss: 1.3936 - sparse_categorical_accuracy: 0.5121 - val_loss: 1.2965 - val_sparse_categorical_accuracy: 0.5506
157/157 [==============================] - 1s 7ms/step - loss: 1.1487 - sparse_categorical_accuracy: 0.5979

FILE-SAVE SUCCESSFUL: Candidate (input|batch_norm|dropout|sc_1|avg_pool3x3|avg_pool3x3|output) was saved to 496db52b930465b5774e61c48ab06ed92daef8ef.h5


EVALUATION LOG: OnlookerBee ID (6) -- Candidate (input|batch_norm|dropout|avg_pool3x3|sep5x5_64|output)

Epoch 1/5
625/625 [==============================] - 107s 171ms/step - loss: 1.8003 - sparse_categorical_accuracy: 0.3572 - val_loss: 1.5153 - val_sparse_categorical_accuracy: 0.4534
Epoch 2/5
625/625 [==============================] - 104s 166ms/step - loss: 1.5246 - sparse_categorical_accuracy: 0.4564 - val_loss: 1.4080 - val_sparse_categorical_accuracy: 0.5035
Epoch 3/5
625/625 [==============================] - 104s 167ms/step - loss: 1.4154 - sparse_categorical_accuracy: 0.4983 - val_loss: 1.3012 - val_sparse_categorical_accuracy: 0.5368
Epoch 4/5
625/625 [==============================] - 104s 166ms/step - loss: 1.3477 - sparse_categorical_accuracy: 0.5241 - val_loss: 1.2231 - val_sparse_categorical_accuracy: 0.5690
Epoch 5/5
625/625 [==============================] - 104s 166ms/step - loss: 1.2975 - sparse_categorical_accuracy: 0.5400 - val_loss: 1.2020 - val_sparse_categorical_accuracy: 0.5728
157/157 [==============================] - 1s 7ms/step - loss: 1.0873 - sparse_categorical_accuracy: 0.6099

FILE-SAVE SUCCESSFUL: Candidate (input|batch_norm|dropout|avg_pool3x3|sep5x5_64|output) was saved to ca0a77ecafcde8c7c27c1e6ab966cc61eea2b6b1.h5

STATUS: itr: 1 -- Best fitness: 0.7214999794960022, Total time (s): 12090.076093196869

EVALUATION LOG: EmployeeBee ID (0) -- Candidate (input|sc_3|avg_pool3x3|dropout|sep3x3_256|dropout|output)

Epoch 1/5
625/625 [==============================] - 135s 215ms/step - loss: 2.5489 - sparse_categorical_accuracy: 0.3049 - val_loss: 1.7588 - val_sparse_categorical_accuracy: 0.3681
Epoch 2/5
625/625 [==============================] - 133s 212ms/step - loss: 1.7002 - sparse_categorical_accuracy: 0.3928 - val_loss: 1.5830 - val_sparse_categorical_accuracy: 0.4335
Epoch 3/5
625/625 [==============================] - 133s 213ms/step - loss: 1.6007 - sparse_categorical_accuracy: 0.4316 - val_loss: 1.5216 - val_sparse_categorical_accuracy: 0.4539
Epoch 4/5
625/625 [==============================] - 131s 210ms/step - loss: 1.5448 - sparse_categorical_accuracy: 0.4557 - val_loss: 1.4545 - val_sparse_categorical_accuracy: 0.4933
Epoch 5/5
625/625 [==============================] - 135s 216ms/step - loss: 1.4723 - sparse_categorical_accuracy: 0.4764 - val_loss: 1.3343 - val_sparse_categorical_accuracy: 0.5235
157/157 [==============================] - 3s 17ms/step - loss: 1.1728 - sparse_categorical_accuracy: 0.5801

FILE-SAVE SUCCESSFUL: Candidate (input|sc_3|avg_pool3x3|dropout|sep3x3_256|dropout|output) was saved to dd4a41105a34b710414d8c7a53c4ab5ee5c79b2a.h5


EVALUATION LOG: EmployeeBee ID (1) -- Candidate (input|sc_1|batch_norm|sc_3|sep3x3_128|sc_2|sep5x5_128|sc_1|max_pool3x3|output)

Epoch 1/5
625/625 [==============================] - 144s 229ms/step - loss: 2.5371 - sparse_categorical_accuracy: 0.3254 - val_loss: 1.6700 - val_sparse_categorical_accuracy: 0.3993
Epoch 2/5
625/625 [==============================] - 131s 210ms/step - loss: 1.6339 - sparse_categorical_accuracy: 0.4132 - val_loss: 1.5289 - val_sparse_categorical_accuracy: 0.4461
Epoch 3/5
625/625 [==============================] - 132s 212ms/step - loss: 1.5361 - sparse_categorical_accuracy: 0.4509 - val_loss: 1.4296 - val_sparse_categorical_accuracy: 0.4880
Epoch 4/5
625/625 [==============================] - 133s 212ms/step - loss: 1.4346 - sparse_categorical_accuracy: 0.4925 - val_loss: 1.3222 - val_sparse_categorical_accuracy: 0.5292
Epoch 5/5
 55/625 [=>............................] - ETA: 1:44 - loss: 1.3687 - sparse_categorical_accuracy: 0.5136
---------------------------------------------------------------------------
KeyboardInterrupt                         Traceback (most recent call last)
<ipython-input-18-440d74f2f3e2> in <module>()
      7 abc = ArtificialBeeColony(objective_interface)
      8 
----> 9 abc.optimize()

13 frames
/usr/local/lib/python3.7/dist-packages/tensorflow/python/eager/execute.py in quick_execute(op_name, num_outputs, inputs, attrs, ctx, name)
     53     ctx.ensure_initialized()
     54     tensors = pywrap_tfe.TFE_Py_Execute(ctx._handle, device_name, op_name,
---> 55                                         inputs, attrs, num_outputs)
     56   except core._NotOkStatusException as e:
     57     if name is not None:

KeyboardInterrupt: 