
Configuration file saved successfully to (/content/gdrive/MyDrive/PhD/HiveNAS/act_res_aug_cutout_1/act_res_aug_cutout_1.yaml)!


------------------------
-- OPTIMIZATION START --
------------------------

EVALUATION LOG: EmployeeBee ID (0) -- Candidate (input|sep5x5_128|sep5x5_32|sep5x5_128|sep3x3_128|sep5x5_32|output)

Epoch 1/5
313/313 [==============================] - ETA: 0s - loss: 2.3029 - sparse_categorical_accuracy: 0.1000
Epoch 1: Accuracy (0.09740000218153) has not reached the baseline threshold 0.325, terminating training... 

313/313 [==============================] - 98s 272ms/step - loss: 2.3029 - sparse_categorical_accuracy: 0.1000 - val_loss: 2.3028 - val_sparse_categorical_accuracy: 0.0974
79/79 [==============================] - 1s 12ms/step - loss: 2.3026 - sparse_categorical_accuracy: 0.1000

EVALUATION LOG: EmployeeBee ID (1) -- Candidate (input|sep5x5_128|sep5x5_32|sc_3|sep5x5_128|avg_pool3x3|avg_pool3x3|output)

Epoch 1/5
313/313 [==============================] - 87s 274ms/step - loss: 1.9248 - sparse_categorical_accuracy: 0.2971 - val_loss: 1.7557 - val_sparse_categorical_accuracy: 0.3716
Epoch 2/5
313/313 [==============================] - ETA: 0s - loss: 1.7083 - sparse_categorical_accuracy: 0.3841
Epoch 2: Accuracy (0.4041999876499176) has not reached the baseline threshold 0.4224598930481284, terminating training... 

313/313 [==============================] - 86s 274ms/step - loss: 1.7083 - sparse_categorical_accuracy: 0.3841 - val_loss: 1.6327 - val_sparse_categorical_accuracy: 0.4042
79/79 [==============================] - 1s 16ms/step - loss: 1.4253 - sparse_categorical_accuracy: 0.4764

EVALUATION LOG: EmployeeBee ID (2) -- Candidate (input|avg_pool3x3|sep3x3_128|sep5x5_32|sep5x5_32|sep5x5_32|output)

Epoch 1/5
313/313 [==============================] - ETA: 0s - loss: 2.3028 - sparse_categorical_accuracy: 0.0972
Epoch 1: Accuracy (0.09369999915361404) has not reached the baseline threshold 0.325, terminating training... 

313/313 [==============================] - 78s 246ms/step - loss: 2.3028 - sparse_categorical_accuracy: 0.0972 - val_loss: 2.3027 - val_sparse_categorical_accuracy: 0.0937
79/79 [==============================] - 1s 9ms/step - loss: 2.3026 - sparse_categorical_accuracy: 0.1000

EVALUATION LOG: OnlookerBee ID (0) -- Candidate (input|sep5x5_128|sep5x5_32|sep5x5_128|avg_pool3x3|avg_pool3x3|output)

Epoch 1/5
313/313 [==============================] - ETA: 0s - loss: 2.3029 - sparse_categorical_accuracy: 0.0987
Epoch 1: Accuracy (0.09369999915361404) has not reached the baseline threshold 0.325, terminating training... 

313/313 [==============================] - 86s 273ms/step - loss: 2.3029 - sparse_categorical_accuracy: 0.0987 - val_loss: 2.3027 - val_sparse_categorical_accuracy: 0.0937
79/79 [==============================] - 1s 15ms/step - loss: 2.3026 - sparse_categorical_accuracy: 0.1000

EVALUATION LOG: OnlookerBee ID (1) -- Candidate (input|batch_norm|sep5x5_32|sc_3|sep5x5_128|avg_pool3x3|avg_pool3x3|output)

Epoch 1/5
313/313 [==============================] - ETA: 0s - loss: 1.8580 - sparse_categorical_accuracy: 0.3406
Epoch 1: Accuracy (0.32260000705718994) has not reached the baseline threshold 0.325, terminating training... 

313/313 [==============================] - 84s 266ms/step - loss: 1.8580 - sparse_categorical_accuracy: 0.3406 - val_loss: 1.9005 - val_sparse_categorical_accuracy: 0.3226
79/79 [==============================] - 1s 14ms/step - loss: 1.6517 - sparse_categorical_accuracy: 0.3994

EVALUATION LOG: OnlookerBee ID (2) -- Candidate (input|avg_pool3x3|sep3x3_128|sep5x5_32|sep5x5_32|batch_norm|output)

Epoch 1/5
313/313 [==============================] - ETA: 0s - loss: 1.8384 - sparse_categorical_accuracy: 0.3331
Epoch 1: Accuracy (0.25440001487731934) has not reached the baseline threshold 0.325, terminating training... 

313/313 [==============================] - 77s 243ms/step - loss: 1.8384 - sparse_categorical_accuracy: 0.3331 - val_loss: 2.1329 - val_sparse_categorical_accuracy: 0.2544
79/79 [==============================] - 1s 8ms/step - loss: 2.0831 - sparse_categorical_accuracy: 0.2900

EVALUATION LOG: OnlookerBee ID (3) -- Candidate (input|avg_pool3x3|sep3x3_128|sep5x5_32|sep3x3_128|batch_norm|output)

Epoch 1/5
313/313 [==============================] - ETA: 0s - loss: 1.9000 - sparse_categorical_accuracy: 0.3043
Epoch 1: Accuracy (0.21819999814033508) has not reached the baseline threshold 0.325, terminating training... 

313/313 [==============================] - 83s 265ms/step - loss: 1.9000 - sparse_categorical_accuracy: 0.3043 - val_loss: 2.1440 - val_sparse_categorical_accuracy: 0.2182
79/79 [==============================] - 1s 13ms/step - loss: 2.1049 - sparse_categorical_accuracy: 0.2491
STATUS: itr: 0 -- Best fitness: 0.4763999879360199, Total time (s): 749.5519993305206

EVALUATION LOG: EmployeeBee ID (0) -- Candidate (input|max_pool3x3|sep5x5_32|sep5x5_128|sep3x3_128|sep5x5_32|output)

Epoch 1/5
313/313 [==============================] - ETA: 0s - loss: 2.3029 - sparse_categorical_accuracy: 0.0986
Epoch 1: Accuracy (0.09369999915361404) has not reached the baseline threshold 0.325, terminating training... 

313/313 [==============================] - 80s 253ms/step - loss: 2.3029 - sparse_categorical_accuracy: 0.0986 - val_loss: 2.3028 - val_sparse_categorical_accuracy: 0.0937
79/79 [==============================] - 1s 10ms/step - loss: 2.3026 - sparse_categorical_accuracy: 0.1000

EVALUATION LOG: EmployeeBee ID (1) -- Candidate (input|sep5x5_128|sep5x5_32|sc_3|sep5x5_128|avg_pool3x3|sep5x5_128|output)

Epoch 1/5
313/313 [==============================] - 87s 276ms/step - loss: 1.9205 - sparse_categorical_accuracy: 0.2955 - val_loss: 1.7433 - val_sparse_categorical_accuracy: 0.3675
Epoch 2/5
313/313 [==============================] - ETA: 0s - loss: 1.7110 - sparse_categorical_accuracy: 0.3822
Epoch 2: Accuracy (0.3698999881744385) has not reached the baseline threshold 0.4224598930481284, terminating training... 

313/313 [==============================] - 88s 281ms/step - loss: 1.7110 - sparse_categorical_accuracy: 0.3822 - val_loss: 1.7185 - val_sparse_categorical_accuracy: 0.3699
79/79 [==============================] - 1s 16ms/step - loss: 1.5145 - sparse_categorical_accuracy: 0.4536

EVALUATION LOG: EmployeeBee ID (2) -- Candidate (input|avg_pool3x3|sep3x3_128|max_pool3x3|sep5x5_32|batch_norm|output)

Epoch 1/5
313/313 [==============================] - 77s 243ms/step - loss: 1.7782 - sparse_categorical_accuracy: 0.3545 - val_loss: 2.0468 - val_sparse_categorical_accuracy: 0.3918
Epoch 2/5
313/313 [==============================] - 76s 244ms/step - loss: 1.5486 - sparse_categorical_accuracy: 0.4412 - val_loss: 1.5324 - val_sparse_categorical_accuracy: 0.4645
Epoch 3/5
313/313 [==============================] - ETA: 0s - loss: 1.4512 - sparse_categorical_accuracy: 0.4814
Epoch 3: Accuracy (0.4659000039100647) has not reached the baseline threshold 0.4953271028037383, terminating training... 

313/313 [==============================] - 76s 242ms/step - loss: 1.4512 - sparse_categorical_accuracy: 0.4814 - val_loss: 1.4722 - val_sparse_categorical_accuracy: 0.4659
79/79 [==============================] - 1s 9ms/step - loss: 1.2606 - sparse_categorical_accuracy: 0.5413

EVALUATION LOG: OnlookerBee ID (0) -- Candidate (input|avg_pool3x3|sep3x3_32|max_pool3x3|sep5x5_32|batch_norm|output)

Epoch 1/5
313/313 [==============================] - ETA: 0s - loss: 1.8810 - sparse_categorical_accuracy: 0.3365
Epoch 1: Accuracy (0.31349998712539673) has not reached the baseline threshold 0.325, terminating training... 

313/313 [==============================] - 73s 233ms/step - loss: 1.8810 - sparse_categorical_accuracy: 0.3365 - val_loss: 2.0968 - val_sparse_categorical_accuracy: 0.3135
79/79 [==============================] - 1s 7ms/step - loss: 2.0404 - sparse_categorical_accuracy: 0.3674

EVALUATION LOG: OnlookerBee ID (1) -- Candidate (input|sep5x5_128|sep3x3_128|sep5x5_128|sep3x3_128|sep5x5_32|output)

Epoch 1/5
313/313 [==============================] - ETA: 0s - loss: 2.3029 - sparse_categorical_accuracy: 0.0994
Epoch 1: Accuracy (0.09740000218153) has not reached the baseline threshold 0.325, terminating training... 

313/313 [==============================] - 84s 267ms/step - loss: 2.3029 - sparse_categorical_accuracy: 0.0994 - val_loss: 2.3028 - val_sparse_categorical_accuracy: 0.0974
79/79 [==============================] - 1s 12ms/step - loss: 2.3026 - sparse_categorical_accuracy: 0.1000

EVALUATION LOG: OnlookerBee ID (2) -- Candidate (input|sep3x3_32|sep3x3_128|max_pool3x3|sep5x5_32|batch_norm|output)

Epoch 1/5
313/313 [==============================] - ETA: 0s - loss: 1.8186 - sparse_categorical_accuracy: 0.3401
Epoch 1: Accuracy (0.24199999868869781) has not reached the baseline threshold 0.325, terminating training... 

313/313 [==============================] - 78s 246ms/step - loss: 1.8186 - sparse_categorical_accuracy: 0.3401 - val_loss: 2.1356 - val_sparse_categorical_accuracy: 0.2420
79/79 [==============================] - 1s 9ms/step - loss: 2.0885 - sparse_categorical_accuracy: 0.2640

EVALUATION LOG: OnlookerBee ID (3) -- Candidate (input|sep3x3_128|sep5x5_32|sc_3|sep5x5_128|avg_pool3x3|avg_pool3x3|output)

Epoch 1/5
313/313 [==============================] - 86s 273ms/step - loss: 1.9244 - sparse_categorical_accuracy: 0.2966 - val_loss: 1.7225 - val_sparse_categorical_accuracy: 0.3777
Epoch 2/5
313/313 [==============================] - ETA: 0s - loss: 1.7065 - sparse_categorical_accuracy: 0.3847
Epoch 2: Accuracy (0.4081999957561493) has not reached the baseline threshold 0.4224598930481284, terminating training... 

313/313 [==============================] - 85s 272ms/step - loss: 1.7065 - sparse_categorical_accuracy: 0.3847 - val_loss: 1.6311 - val_sparse_categorical_accuracy: 0.4082
79/79 [==============================] - 1s 16ms/step - loss: 1.4193 - sparse_categorical_accuracy: 0.4818
STATUS: itr: 1 -- Best fitness: 0.5412999987602234, Total time (s): 1654.8462309837341

EVALUATION LOG: EmployeeBee ID (0) -- Candidate (input|sep5x5_128|sep5x5_32|sep5x5_128|sep3x3_128|sep3x3_64|output)

Epoch 1/5
313/313 [==============================] - ETA: 0s - loss: 2.3029 - sparse_categorical_accuracy: 0.1010
Epoch 1: Accuracy (0.09809999912977219) has not reached the baseline threshold 0.325, terminating training... 

313/313 [==============================] - 83s 263ms/step - loss: 2.3029 - sparse_categorical_accuracy: 0.1010 - val_loss: 2.3027 - val_sparse_categorical_accuracy: 0.0981
79/79 [==============================] - 1s 12ms/step - loss: 2.3026 - sparse_categorical_accuracy: 0.1000

EVALUATION LOG: EmployeeBee ID (1) -- Candidate (input|sep3x3_128|dropout|sep5x5_128|sep5x5_128|dropout|output)

Epoch 1/5
313/313 [==============================] - 87s 276ms/step - loss: 2.0593 - sparse_categorical_accuracy: 0.2281 - val_loss: 1.8475 - val_sparse_categorical_accuracy: 0.3385
Epoch 2/5
313/313 [==============================] - ETA: 0s - loss: 1.7640 - sparse_categorical_accuracy: 0.3668
Epoch 2: Accuracy (0.3937000036239624) has not reached the baseline threshold 0.4224598930481284, terminating training... 

313/313 [==============================] - 86s 274ms/step - loss: 1.7640 - sparse_categorical_accuracy: 0.3668 - val_loss: 1.6692 - val_sparse_categorical_accuracy: 0.3937
79/79 [==============================] - 1s 14ms/step - loss: 1.5231 - sparse_categorical_accuracy: 0.4517

EVALUATION LOG: EmployeeBee ID (2) -- Candidate (input|sc_2|avg_pool3x3|sep3x3_128|batch_norm|sc_1|sep3x3_64|sep5x5_32|output)

Epoch 1/5
313/313 [==============================] - 79s 250ms/step - loss: 1.8476 - sparse_categorical_accuracy: 0.3314 - val_loss: 1.6823 - val_sparse_categorical_accuracy: 0.4035
Epoch 2/5
313/313 [==============================] - 79s 252ms/step - loss: 1.5875 - sparse_categorical_accuracy: 0.4288 - val_loss: 1.5010 - val_sparse_categorical_accuracy: 0.4617
Epoch 3/5
313/313 [==============================] - ETA: 0s - loss: 1.4920 - sparse_categorical_accuracy: 0.4668
Epoch 3: Accuracy (0.4805000126361847) has not reached the baseline threshold 0.4953271028037383, terminating training... 

313/313 [==============================] - 78s 248ms/step - loss: 1.4920 - sparse_categorical_accuracy: 0.4668 - val_loss: 1.4442 - val_sparse_categorical_accuracy: 0.4805
79/79 [==============================] - 1s 10ms/step - loss: 1.2576 - sparse_categorical_accuracy: 0.5410

EVALUATION LOG: OnlookerBee ID (0) -- Candidate (input|sep3x3_128|dropout|dropout|sep5x5_128|dropout|output)

Epoch 1/5
313/313 [==============================] - 84s 266ms/step - loss: 1.9071 - sparse_categorical_accuracy: 0.3066 - val_loss: 1.7340 - val_sparse_categorical_accuracy: 0.3680
Epoch 2/5
313/313 [==============================] - 83s 266ms/step - loss: 1.6595 - sparse_categorical_accuracy: 0.4001 - val_loss: 1.5600 - val_sparse_categorical_accuracy: 0.4389
Epoch 3/5
313/313 [==============================] - ETA: 0s - loss: 1.5249 - sparse_categorical_accuracy: 0.4519
Epoch 3: Accuracy (0.4672999978065491) has not reached the baseline threshold 0.4953271028037383, terminating training... 

313/313 [==============================] - 83s 267ms/step - loss: 1.5249 - sparse_categorical_accuracy: 0.4519 - val_loss: 1.4936 - val_sparse_categorical_accuracy: 0.4673
79/79 [==============================] - 1s 13ms/step - loss: 1.3419 - sparse_categorical_accuracy: 0.5202

EVALUATION LOG: OnlookerBee ID (1) -- Candidate (input|sc_2|avg_pool3x3|max_pool3x3|batch_norm|sc_1|sep3x3_64|sep5x5_32|output)

Epoch 1/5
313/313 [==============================] - 75s 238ms/step - loss: 1.8526 - sparse_categorical_accuracy: 0.3240 - val_loss: 1.6850 - val_sparse_categorical_accuracy: 0.3900
Epoch 2/5
313/313 [==============================] - 75s 238ms/step - loss: 1.6037 - sparse_categorical_accuracy: 0.4203 - val_loss: 1.5077 - val_sparse_categorical_accuracy: 0.4513
Epoch 3/5
313/313 [==============================] - ETA: 0s - loss: 1.5035 - sparse_categorical_accuracy: 0.4611
Epoch 3: Accuracy (0.47029998898506165) has not reached the baseline threshold 0.4953271028037383, terminating training... 

313/313 [==============================] - 75s 239ms/step - loss: 1.5035 - sparse_categorical_accuracy: 0.4611 - val_loss: 1.4662 - val_sparse_categorical_accuracy: 0.4703
79/79 [==============================] - 1s 8ms/step - loss: 1.2340 - sparse_categorical_accuracy: 0.5596

EVALUATION LOG: OnlookerBee ID (2) -- Candidate (input|sc_2|avg_pool3x3|sep3x3_128|batch_norm|sc_1|sep3x3_64|sep5x5_32|output)

Epoch 1/5
313/313 [==============================] - 79s 249ms/step - loss: 1.8244 - sparse_categorical_accuracy: 0.3401 - val_loss: 1.6605 - val_sparse_categorical_accuracy: 0.4042
Epoch 2/5
313/313 [==============================] - 77s 246ms/step - loss: 1.5832 - sparse_categorical_accuracy: 0.4289 - val_loss: 1.4867 - val_sparse_categorical_accuracy: 0.4595
Epoch 3/5
313/313 [==============================] - 77s 247ms/step - loss: 1.4652 - sparse_categorical_accuracy: 0.4760 - val_loss: 1.4093 - val_sparse_categorical_accuracy: 0.4978
Epoch 4/5
313/313 [==============================] - ETA: 0s - loss: 1.3713 - sparse_categorical_accuracy: 0.5090
Epoch 4: Accuracy (0.5333999991416931) has not reached the baseline threshold 0.5518672199170125, terminating training... 

313/313 [==============================] - 78s 248ms/step - loss: 1.3713 - sparse_categorical_accuracy: 0.5090 - val_loss: 1.3087 - val_sparse_categorical_accuracy: 0.5334
79/79 [==============================] - 1s 10ms/step - loss: 1.1078 - sparse_categorical_accuracy: 0.6128

EVALUATION LOG: OnlookerBee ID (3) -- Candidate (input|sep5x5_128|sep5x5_32|sep5x5_128|sep3x3_128|sep3x3_32|output)

Epoch 1/5
313/313 [==============================] - ETA: 0s - loss: 2.3029 - sparse_categorical_accuracy: 0.1009
Epoch 1: Accuracy (0.09369999915361404) has not reached the baseline threshold 0.325, terminating training... 

313/313 [==============================] - 81s 257ms/step - loss: 2.3029 - sparse_categorical_accuracy: 0.1009 - val_loss: 2.3028 - val_sparse_categorical_accuracy: 0.0937
79/79 [==============================] - 1s 10ms/step - loss: 2.3026 - sparse_categorical_accuracy: 0.1000
STATUS: itr: 2 -- Best fitness: 0.6128000020980835, Total time (s): 3027.3796837329865

EVALUATION LOG: EmployeeBee ID (0) -- Candidate (input|sep3x3_128|sc_2|sep3x3_32|avg_pool3x3|avg_pool3x3|sc_1|avg_pool3x3|output)

Epoch 1/5
313/313 [==============================] - 76s 240ms/step - loss: 1.9042 - sparse_categorical_accuracy: 0.3124 - val_loss: 1.7229 - val_sparse_categorical_accuracy: 0.3738
Epoch 2/5
313/313 [==============================] - 75s 241ms/step - loss: 1.6848 - sparse_categorical_accuracy: 0.3959 - val_loss: 1.5717 - val_sparse_categorical_accuracy: 0.4333
Epoch 3/5
313/313 [==============================] - ETA: 0s - loss: 1.5772 - sparse_categorical_accuracy: 0.4328
Epoch 3: Accuracy (0.45899999141693115) has not reached the baseline threshold 0.4953271028037383, terminating training... 

313/313 [==============================] - 75s 239ms/step - loss: 1.5772 - sparse_categorical_accuracy: 0.4328 - val_loss: 1.4918 - val_sparse_categorical_accuracy: 0.4590
79/79 [==============================] - 1s 8ms/step - loss: 1.3013 - sparse_categorical_accuracy: 0.5331

EVALUATION LOG: EmployeeBee ID (1) -- Candidate (input|max_pool3x3|dropout|dropout|sep5x5_128|dropout|output)

Epoch 1/5
313/313 [==============================] - 80s 255ms/step - loss: 2.1094 - sparse_categorical_accuracy: 0.2434 - val_loss: 1.8316 - val_sparse_categorical_accuracy: 0.3415
Epoch 2/5
313/313 [==============================] - ETA: 0s - loss: 1.7528 - sparse_categorical_accuracy: 0.3647
Epoch 2: Accuracy (0.41100001335144043) has not reached the baseline threshold 0.4224598930481284, terminating training... 

313/313 [==============================] - 80s 255ms/step - loss: 1.7528 - sparse_categorical_accuracy: 0.3647 - val_loss: 1.6126 - val_sparse_categorical_accuracy: 0.4110
79/79 [==============================] - 1s 11ms/step - loss: 1.4314 - sparse_categorical_accuracy: 0.4753

EVALUATION LOG: EmployeeBee ID (2) -- Candidate (input|sc_5|avg_pool3x3|sep3x3_128|batch_norm|sc_1|sep3x3_64|sep5x5_32|output)

Epoch 1/5
313/313 [==============================] - ETA: 0s - loss: 2.0235 - sparse_categorical_accuracy: 0.2858
Epoch 1: Accuracy (0.2700999975204468) has not reached the baseline threshold 0.325, terminating training... 

313/313 [==============================] - 78s 248ms/step - loss: 2.0235 - sparse_categorical_accuracy: 0.2858 - val_loss: 1.9916 - val_sparse_categorical_accuracy: 0.2701
79/79 [==============================] - 1s 9ms/step - loss: 1.8718 - sparse_categorical_accuracy: 0.3307

EVALUATION LOG: OnlookerBee ID (0) -- Candidate (input|avg_pool3x3|sc_2|sep3x3_32|avg_pool3x3|avg_pool3x3|sc_1|avg_pool3x3|output)

Epoch 1/5
313/313 [==============================] - 74s 235ms/step - loss: 2.1282 - sparse_categorical_accuracy: 0.2607 - val_loss: 1.8365 - val_sparse_categorical_accuracy: 0.3415
Epoch 2/5
313/313 [==============================] - ETA: 0s - loss: 1.8025 - sparse_categorical_accuracy: 0.3507
Epoch 2: Accuracy (0.3765999972820282) has not reached the baseline threshold 0.4224598930481284, terminating training... 

313/313 [==============================] - 74s 237ms/step - loss: 1.8025 - sparse_categorical_accuracy: 0.3507 - val_loss: 1.7512 - val_sparse_categorical_accuracy: 0.3766
79/79 [==============================] - 1s 7ms/step - loss: 1.6003 - sparse_categorical_accuracy: 0.4352

EVALUATION LOG: OnlookerBee ID (1) -- Candidate (input|sc_2|sep3x3_64|sep3x3_128|batch_norm|sc_1|sep3x3_64|sep5x5_32|output)

Epoch 1/5
313/313 [==============================] - 80s 253ms/step - loss: 1.8671 - sparse_categorical_accuracy: 0.3224 - val_loss: 1.7132 - val_sparse_categorical_accuracy: 0.3918
Epoch 2/5
313/313 [==============================] - 79s 253ms/step - loss: 1.5979 - sparse_categorical_accuracy: 0.4241 - val_loss: 1.4860 - val_sparse_categorical_accuracy: 0.4706
Epoch 3/5
313/313 [==============================] - ETA: 0s - loss: 1.4820 - sparse_categorical_accuracy: 0.4687
Epoch 3: Accuracy (0.49140000343322754) has not reached the baseline threshold 0.4953271028037383, terminating training... 

313/313 [==============================] - 79s 252ms/step - loss: 1.4820 - sparse_categorical_accuracy: 0.4687 - val_loss: 1.4115 - val_sparse_categorical_accuracy: 0.4914
79/79 [==============================] - 1s 10ms/step - loss: 1.2299 - sparse_categorical_accuracy: 0.5543

EVALUATION LOG: OnlookerBee ID (2) -- Candidate (input|sep3x3_128|dropout|sep5x5_32|sep5x5_128|dropout|output)

Epoch 1/5
313/313 [==============================] - ETA: 0s - loss: 2.3029 - sparse_categorical_accuracy: 0.1000
Epoch 1: Accuracy (0.10010000318288803) has not reached the baseline threshold 0.325, terminating training... 

313/313 [==============================] - 85s 269ms/step - loss: 2.3029 - sparse_categorical_accuracy: 0.1000 - val_loss: 2.3028 - val_sparse_categorical_accuracy: 0.1001
79/79 [==============================] - 1s 12ms/step - loss: 2.3026 - sparse_categorical_accuracy: 0.1000

EVALUATION LOG: OnlookerBee ID (3) -- Candidate (input|sep3x3_128|sep3x3_32|avg_pool3x3|avg_pool3x3|sc_1|avg_pool3x3|output)

Epoch 1/5
313/313 [==============================] - 75s 238ms/step - loss: 1.9478 - sparse_categorical_accuracy: 0.2830 - val_loss: 1.7328 - val_sparse_categorical_accuracy: 0.3694
Epoch 2/5
313/313 [==============================] - ETA: 0s - loss: 1.7129 - sparse_categorical_accuracy: 0.3817
Epoch 2: Accuracy (0.38749998807907104) has not reached the baseline threshold 0.4224598930481284, terminating training... 

313/313 [==============================] - 75s 240ms/step - loss: 1.7129 - sparse_categorical_accuracy: 0.3817 - val_loss: 1.6983 - val_sparse_categorical_accuracy: 0.3875
79/79 [==============================] - 1s 8ms/step - loss: 1.4876 - sparse_categorical_accuracy: 0.4682
STATUS: itr: 3 -- Best fitness: 0.6128000020980835, Total time (s): 4127.124342441559

EVALUATION LOG: EmployeeBee ID (0) -- Candidate (input|sep3x3_128|sc_1|sep3x3_32|avg_pool3x3|avg_pool3x3|sc_1|avg_pool3x3|output)

Epoch 1/5
313/313 [==============================] - 76s 241ms/step - loss: 1.9145 - sparse_categorical_accuracy: 0.3080 - val_loss: 1.7047 - val_sparse_categorical_accuracy: 0.3842
Epoch 2/5
313/313 [==============================] - ETA: 0s - loss: 1.6908 - sparse_categorical_accuracy: 0.3938
Epoch 2: Accuracy (0.4196000099182129) has not reached the baseline threshold 0.4224598930481284, terminating training... 

313/313 [==============================] - 75s 241ms/step - loss: 1.6908 - sparse_categorical_accuracy: 0.3938 - val_loss: 1.6014 - val_sparse_categorical_accuracy: 0.4196
79/79 [==============================] - 1s 8ms/step - loss: 1.4158 - sparse_categorical_accuracy: 0.4862

EVALUATION LOG: EmployeeBee ID (1) -- Candidate (input|sep3x3_128|dropout|dropout|sep5x5_32|dropout|output)

Epoch 1/5
313/313 [==============================] - 77s 244ms/step - loss: 1.9867 - sparse_categorical_accuracy: 0.2679 - val_loss: 1.7774 - val_sparse_categorical_accuracy: 0.3512
Epoch 2/5
313/313 [==============================] - ETA: 0s - loss: 1.7424 - sparse_categorical_accuracy: 0.3713
Epoch 2: Accuracy (0.3788999915122986) has not reached the baseline threshold 0.4224598930481284, terminating training... 

313/313 [==============================] - 76s 244ms/step - loss: 1.7424 - sparse_categorical_accuracy: 0.3713 - val_loss: 1.6881 - val_sparse_categorical_accuracy: 0.3789
79/79 [==============================] - 1s 7ms/step - loss: 1.5208 - sparse_categorical_accuracy: 0.4451

EVALUATION LOG: EmployeeBee ID (2) -- Candidate (input|batch_norm|sep5x5_128|sep3x3_128|sep5x5_64|sep5x5_128|output)

Epoch 1/5
313/313 [==============================] - ETA: 0s - loss: 2.3029 - sparse_categorical_accuracy: 0.0985
Epoch 1: Accuracy (0.10300000011920929) has not reached the baseline threshold 0.325, terminating training... 

313/313 [==============================] - 87s 277ms/step - loss: 2.3029 - sparse_categorical_accuracy: 0.0985 - val_loss: 2.3026 - val_sparse_categorical_accuracy: 0.1030
79/79 [==============================] - 1s 15ms/step - loss: 2.3026 - sparse_categorical_accuracy: 0.1000

EVALUATION LOG: OnlookerBee ID (0) -- Candidate (input|sep5x5_128|sc_2|sep3x3_32|avg_pool3x3|avg_pool3x3|sc_1|avg_pool3x3|output)

Epoch 1/5
313/313 [==============================] - 76s 241ms/step - loss: 1.8979 - sparse_categorical_accuracy: 0.3126 - val_loss: 1.7574 - val_sparse_categorical_accuracy: 0.3669
Epoch 2/5
313/313 [==============================] - 76s 243ms/step - loss: 1.6763 - sparse_categorical_accuracy: 0.3957 - val_loss: 1.5985 - val_sparse_categorical_accuracy: 0.4225
Epoch 3/5
313/313 [==============================] - ETA: 0s - loss: 1.5852 - sparse_categorical_accuracy: 0.4292
Epoch 3: Accuracy (0.45080000162124634) has not reached the baseline threshold 0.4953271028037383, terminating training... 

313/313 [==============================] - 76s 243ms/step - loss: 1.5852 - sparse_categorical_accuracy: 0.4292 - val_loss: 1.5120 - val_sparse_categorical_accuracy: 0.4508
79/79 [==============================] - 1s 9ms/step - loss: 1.3283 - sparse_categorical_accuracy: 0.5133

EVALUATION LOG: OnlookerBee ID (1) -- Candidate (input|sep3x3_128|sc_4|sep3x3_32|avg_pool3x3|avg_pool3x3|sc_1|avg_pool3x3|output)

Epoch 1/5
313/313 [==============================] - 76s 242ms/step - loss: 1.9045 - sparse_categorical_accuracy: 0.3090 - val_loss: 1.7230 - val_sparse_categorical_accuracy: 0.3797
Epoch 2/5
313/313 [==============================] - 75s 240ms/step - loss: 1.6718 - sparse_categorical_accuracy: 0.4000 - val_loss: 1.5987 - val_sparse_categorical_accuracy: 0.4235
Epoch 3/5
313/313 [==============================] - ETA: 0s - loss: 1.5759 - sparse_categorical_accuracy: 0.4332
Epoch 3: Accuracy (0.4447999894618988) has not reached the baseline threshold 0.4953271028037383, terminating training... 

313/313 [==============================] - 75s 240ms/step - loss: 1.5759 - sparse_categorical_accuracy: 0.4332 - val_loss: 1.5393 - val_sparse_categorical_accuracy: 0.4448
79/79 [==============================] - 1s 8ms/step - loss: 1.3585 - sparse_categorical_accuracy: 0.5062

EVALUATION LOG: OnlookerBee ID (2) -- Candidate (input|sep5x5_32|dropout|dropout|sep5x5_128|dropout|output)

Epoch 1/5
313/313 [==============================] - 81s 258ms/step - loss: 2.0215 - sparse_categorical_accuracy: 0.2482 - val_loss: 1.8148 - val_sparse_categorical_accuracy: 0.3367
Epoch 2/5
313/313 [==============================] - ETA: 0s - loss: 1.7735 - sparse_categorical_accuracy: 0.3605
Epoch 2: Accuracy (0.3610999882221222) has not reached the baseline threshold 0.4224598930481284, terminating training... 

313/313 [==============================] - 81s 259ms/step - loss: 1.7735 - sparse_categorical_accuracy: 0.3605 - val_loss: 1.7294 - val_sparse_categorical_accuracy: 0.3611
79/79 [==============================] - 1s 11ms/step - loss: 1.5463 - sparse_categorical_accuracy: 0.4363

EVALUATION LOG: OnlookerBee ID (3) -- Candidate (input|sep3x3_128|dropout|dropout|batch_norm|dropout|output)

Epoch 1/5
313/313 [==============================] - ETA: 0s - loss: 2.4272 - sparse_categorical_accuracy: 0.2866
Epoch 1: Accuracy (0.26989999413490295) has not reached the baseline threshold 0.325, terminating training... 

313/313 [==============================] - 81s 257ms/step - loss: 2.4272 - sparse_categorical_accuracy: 0.2866 - val_loss: 2.0981 - val_sparse_categorical_accuracy: 0.2699
79/79 [==============================] - 1s 11ms/step - loss: 2.0353 - sparse_categorical_accuracy: 0.3383
STATUS: itr: 4 -- Best fitness: 0.6128000020980835, Total time (s): 5284.611665010452

EVALUATION LOG: EmployeeBee ID (0) -- Candidate (input|sep5x5_32|sep3x3_64|sep5x5_32|batch_norm|sc_1|avg_pool3x3|output)

Epoch 1/5
313/313 [==============================] - ETA: 0s - loss: 1.8687 - sparse_categorical_accuracy: 0.3237
Epoch 1: Accuracy (0.23569999635219574) has not reached the baseline threshold 0.325, terminating training... 

313/313 [==============================] - 76s 240ms/step - loss: 1.8687 - sparse_categorical_accuracy: 0.3237 - val_loss: 2.1435 - val_sparse_categorical_accuracy: 0.2357
79/79 [==============================] - 1s 8ms/step - loss: 2.0993 - sparse_categorical_accuracy: 0.2576

EVALUATION LOG: EmployeeBee ID (1) -- Candidate (input|dropout|sep3x3_64|max_pool3x3|avg_pool3x3|sep3x3_64|output)

Epoch 1/5
313/313 [==============================] - 77s 244ms/step - loss: 1.9653 - sparse_categorical_accuracy: 0.2804 - val_loss: 1.7559 - val_sparse_categorical_accuracy: 0.3586
Epoch 2/5
313/313 [==============================] - ETA: 0s - loss: 1.7179 - sparse_categorical_accuracy: 0.3754
Epoch 2: Accuracy (0.3797000050544739) has not reached the baseline threshold 0.4224598930481284, terminating training... 

313/313 [==============================] - 77s 245ms/step - loss: 1.7179 - sparse_categorical_accuracy: 0.3754 - val_loss: 1.7160 - val_sparse_categorical_accuracy: 0.3797
79/79 [==============================] - 1s 9ms/step - loss: 1.4687 - sparse_categorical_accuracy: 0.4614

EVALUATION LOG: EmployeeBee ID (2) -- Candidate (input|batch_norm|sep5x5_128|avg_pool3x3|sep5x5_64|sep5x5_128|output)

Epoch 1/5
313/313 [==============================] - 86s 272ms/step - loss: 1.8574 - sparse_categorical_accuracy: 0.3251 - val_loss: 1.8288 - val_sparse_categorical_accuracy: 0.3441
Epoch 2/5
313/313 [==============================] - 85s 272ms/step - loss: 1.5934 - sparse_categorical_accuracy: 0.4236 - val_loss: 1.5208 - val_sparse_categorical_accuracy: 0.4429
Epoch 3/5
313/313 [==============================] - 85s 272ms/step - loss: 1.4767 - sparse_categorical_accuracy: 0.4701 - val_loss: 1.3880 - val_sparse_categorical_accuracy: 0.5049
Epoch 4/5
313/313 [==============================] - ETA: 0s - loss: 1.3772 - sparse_categorical_accuracy: 0.5085
Epoch 4: Accuracy (0.5396000146865845) has not reached the baseline threshold 0.5518672199170125, terminating training... 

313/313 [==============================] - 86s 274ms/step - loss: 1.3772 - sparse_categorical_accuracy: 0.5085 - val_loss: 1.3014 - val_sparse_categorical_accuracy: 0.5396
79/79 [==============================] - 1s 15ms/step - loss: 1.0952 - sparse_categorical_accuracy: 0.6112

EVALUATION LOG: OnlookerBee ID (0) -- Candidate (input|batch_norm|sep5x5_128|sep5x5_64|sep5x5_64|sep5x5_128|output)

Epoch 1/5
313/313 [==============================] - 87s 275ms/step - loss: 1.9463 - sparse_categorical_accuracy: 0.2833 - val_loss: 1.8822 - val_sparse_categorical_accuracy: 0.3258
Epoch 2/5
313/313 [==============================] - ETA: 0s - loss: 1.7139 - sparse_categorical_accuracy: 0.3790
Epoch 2: Accuracy (0.38449999690055847) has not reached the baseline threshold 0.4224598930481284, terminating training... 

313/313 [==============================] - 86s 275ms/step - loss: 1.7139 - sparse_categorical_accuracy: 0.3790 - val_loss: 1.6917 - val_sparse_categorical_accuracy: 0.3845
79/79 [==============================] - 1s 14ms/step - loss: 1.5370 - sparse_categorical_accuracy: 0.4357

EVALUATION LOG: OnlookerBee ID (1) -- Candidate (input|dropout|sep3x3_64|sep5x5_64|avg_pool3x3|sep3x3_64|output)

Epoch 1/5
313/313 [==============================] - ETA: 0s - loss: 2.0566 - sparse_categorical_accuracy: 0.2263
Epoch 1: Accuracy (0.28619998693466187) has not reached the baseline threshold 0.325, terminating training... 

313/313 [==============================] - 79s 250ms/step - loss: 2.0566 - sparse_categorical_accuracy: 0.2263 - val_loss: 1.9402 - val_sparse_categorical_accuracy: 0.2862
79/79 [==============================] - 1s 9ms/step - loss: 1.8325 - sparse_categorical_accuracy: 0.3395

EVALUATION LOG: OnlookerBee ID (2) -- Candidate (input|dropout|sep3x3_64|max_pool3x3|batch_norm|sep3x3_64|output)

Epoch 1/5
313/313 [==============================] - ETA: 0s - loss: 1.9212 - sparse_categorical_accuracy: 0.3023
Epoch 1: Accuracy (0.295199990272522) has not reached the baseline threshold 0.325, terminating training... 

313/313 [==============================] - 77s 243ms/step - loss: 1.9212 - sparse_categorical_accuracy: 0.3023 - val_loss: 2.1372 - val_sparse_categorical_accuracy: 0.2952
79/79 [==============================] - 1s 9ms/step - loss: 2.0994 - sparse_categorical_accuracy: 0.3455

EVALUATION LOG: OnlookerBee ID (3) -- Candidate (input|sep5x5_32|sep3x3_64|sep3x3_32|batch_norm|sc_1|avg_pool3x3|output)

Epoch 1/5
313/313 [==============================] - ETA: 0s - loss: 1.8878 - sparse_categorical_accuracy: 0.3128
Epoch 1: Accuracy (0.24490000307559967) has not reached the baseline threshold 0.325, terminating training... 

313/313 [==============================] - 76s 240ms/step - loss: 1.8878 - sparse_categorical_accuracy: 0.3128 - val_loss: 2.1569 - val_sparse_categorical_accuracy: 0.2449
79/79 [==============================] - 1s 7ms/step - loss: 2.1112 - sparse_categorical_accuracy: 0.2722
STATUS: itr: 5 -- Best fitness: 0.6128000020980835, Total time (s): 6273.937719583511

EVALUATION LOG: EmployeeBee ID (0) -- Candidate (input|sep5x5_32|sep3x3_32|sep3x3_32|batch_norm|sc_1|avg_pool3x3|output)

Epoch 1/5
313/313 [==============================] - ETA: 0s - loss: 1.9035 - sparse_categorical_accuracy: 0.3092
Epoch 1: Accuracy (0.1842000037431717) has not reached the baseline threshold 0.325, terminating training... 

313/313 [==============================] - 75s 238ms/step - loss: 1.9035 - sparse_categorical_accuracy: 0.3092 - val_loss: 2.1796 - val_sparse_categorical_accuracy: 0.1842
79/79 [==============================] - 1s 7ms/step - loss: 2.1374 - sparse_categorical_accuracy: 0.2022

EVALUATION LOG: EmployeeBee ID (1) -- Candidate (input|dropout|sep3x3_64|sep5x5_64|avg_pool3x3|sep3x3_64|output)

Epoch 1/5
313/313 [==============================] - ETA: 0s - loss: 2.3029 - sparse_categorical_accuracy: 0.0975
Epoch 1: Accuracy (0.09740000218153) has not reached the baseline threshold 0.325, terminating training... 

313/313 [==============================] - 79s 251ms/step - loss: 2.3029 - sparse_categorical_accuracy: 0.0975 - val_loss: 2.3027 - val_sparse_categorical_accuracy: 0.0974
79/79 [==============================] - 1s 9ms/step - loss: 2.3026 - sparse_categorical_accuracy: 0.1000

EVALUATION LOG: EmployeeBee ID (2) -- Candidate (input|batch_norm|sep5x5_128|sep5x5_64|sep5x5_64|sep5x5_128|output)

Epoch 1/5
313/313 [==============================] - ETA: 0s - loss: 1.9566 - sparse_categorical_accuracy: 0.2789
Epoch 1: Accuracy (0.25839999318122864) has not reached the baseline threshold 0.325, terminating training... 

313/313 [==============================] - 87s 275ms/step - loss: 1.9566 - sparse_categorical_accuracy: 0.2789 - val_loss: 2.0889 - val_sparse_categorical_accuracy: 0.2584
79/79 [==============================] - 1s 14ms/step - loss: 1.9396 - sparse_categorical_accuracy: 0.3153

EVALUATION LOG: OnlookerBee ID (0) -- Candidate (input|sep5x5_32|avg_pool3x3|sep3x3_32|batch_norm|sc_1|avg_pool3x3|output)

Epoch 1/5
313/313 [==============================] - ETA: 0s - loss: 1.9122 - sparse_categorical_accuracy: 0.3235
Epoch 1: Accuracy (0.2827000021934509) has not reached the baseline threshold 0.325, terminating training... 

313/313 [==============================] - 74s 235ms/step - loss: 1.9122 - sparse_categorical_accuracy: 0.3235 - val_loss: 2.1482 - val_sparse_categorical_accuracy: 0.2827
79/79 [==============================] - 1s 7ms/step - loss: 2.1042 - sparse_categorical_accuracy: 0.3299

EVALUATION LOG: OnlookerBee ID (1) -- Candidate (input|sep5x5_32|avg_pool3x3|dropout|batch_norm|sc_1|avg_pool3x3|output)

Epoch 1/5
313/313 [==============================] - 73s 233ms/step - loss: 2.2421 - sparse_categorical_accuracy: 0.2849 - val_loss: 2.0140 - val_sparse_categorical_accuracy: 0.3254
Epoch 2/5
313/313 [==============================] - ETA: 0s - loss: 1.7300 - sparse_categorical_accuracy: 0.3753
Epoch 2: Accuracy (0.4007999897003174) has not reached the baseline threshold 0.4224598930481284, terminating training... 

313/313 [==============================] - 73s 234ms/step - loss: 1.7300 - sparse_categorical_accuracy: 0.3753 - val_loss: 1.6756 - val_sparse_categorical_accuracy: 0.4008
79/79 [==============================] - 1s 7ms/step - loss: 1.4956 - sparse_categorical_accuracy: 0.4766

EVALUATION LOG: OnlookerBee ID (2) -- Candidate (input|batch_norm|sep3x3_64|max_pool3x3|avg_pool3x3|sep3x3_64|output)

Epoch 1/5
313/313 [==============================] - ETA: 0s - loss: 1.7691 - sparse_categorical_accuracy: 0.3615
Epoch 1: Accuracy (0.28279998898506165) has not reached the baseline threshold 0.325, terminating training... 

313/313 [==============================] - 77s 244ms/step - loss: 1.7691 - sparse_categorical_accuracy: 0.3615 - val_loss: 2.0024 - val_sparse_categorical_accuracy: 0.2828
79/79 [==============================] - 1s 9ms/step - loss: 1.7024 - sparse_categorical_accuracy: 0.3700

EVALUATION LOG: OnlookerBee ID (3) -- Candidate (input|sep5x5_32|dropout|dropout|batch_norm|sc_1|avg_pool3x3|output)

Epoch 1/5
313/313 [==============================] - ETA: 0s - loss: 2.0989 - sparse_categorical_accuracy: 0.2948
Epoch 1: Accuracy (0.301800012588501) has not reached the baseline threshold 0.325, terminating training... 

313/313 [==============================] - 74s 233ms/step - loss: 2.0989 - sparse_categorical_accuracy: 0.2948 - val_loss: 2.0462 - val_sparse_categorical_accuracy: 0.3018
79/79 [==============================] - 1s 7ms/step - loss: 1.9459 - sparse_categorical_accuracy: 0.3818
STATUS: itr: 6 -- Best fitness: 0.6128000020980835, Total time (s): 6898.531665802002

EVALUATION LOG: EmployeeBee ID (0) -- Candidate (input|sc_5|sep5x5_32|dropout|sc_1|sep3x3_128|sep5x5_32|sep3x3_64|output)

Epoch 1/5
313/313 [==============================] - 82s 260ms/step - loss: 2.0577 - sparse_categorical_accuracy: 0.2750 - val_loss: 1.8198 - val_sparse_categorical_accuracy: 0.3531
Epoch 2/5
313/313 [==============================] - ETA: 0s - loss: 1.7436 - sparse_categorical_accuracy: 0.3721
Epoch 2: Accuracy (0.40709999203681946) has not reached the baseline threshold 0.4224598930481284, terminating training... 

313/313 [==============================] - 81s 260ms/step - loss: 1.7436 - sparse_categorical_accuracy: 0.3721 - val_loss: 1.6432 - val_sparse_categorical_accuracy: 0.4071
79/79 [==============================] - 1s 11ms/step - loss: 1.4761 - sparse_categorical_accuracy: 0.4632

EVALUATION LOG: EmployeeBee ID (1) -- Candidate (input|sep3x3_64|dropout|dropout|sep5x5_64|sep3x3_32|output)

Epoch 1/5
313/313 [==============================] - ETA: 0s - loss: 2.3029 - sparse_categorical_accuracy: 0.1006
Epoch 1: Accuracy (0.10320000350475311) has not reached the baseline threshold 0.325, terminating training... 

313/313 [==============================] - 76s 241ms/step - loss: 2.3029 - sparse_categorical_accuracy: 0.1006 - val_loss: 2.3025 - val_sparse_categorical_accuracy: 0.1032
79/79 [==============================] - 1s 7ms/step - loss: 2.3026 - sparse_categorical_accuracy: 0.1000

EVALUATION LOG: EmployeeBee ID (2) -- Candidate (input|batch_norm|sep5x5_128|avg_pool3x3|sep5x5_64|dropout|output)

Epoch 1/5
313/313 [==============================] - 80s 254ms/step - loss: 1.8140 - sparse_categorical_accuracy: 0.3419 - val_loss: 1.7514 - val_sparse_categorical_accuracy: 0.3676
Epoch 2/5
313/313 [==============================] - 79s 252ms/step - loss: 1.5576 - sparse_categorical_accuracy: 0.4397 - val_loss: 1.5085 - val_sparse_categorical_accuracy: 0.4565
Epoch 3/5
313/313 [==============================] - 79s 254ms/step - loss: 1.4497 - sparse_categorical_accuracy: 0.4789 - val_loss: 1.3864 - val_sparse_categorical_accuracy: 0.5026
Epoch 4/5
313/313 [==============================] - ETA: 0s - loss: 1.3575 - sparse_categorical_accuracy: 0.5150
Epoch 4: Accuracy (0.5289000272750854) has not reached the baseline threshold 0.5518672199170125, terminating training... 

313/313 [==============================] - 79s 253ms/step - loss: 1.3575 - sparse_categorical_accuracy: 0.5150 - val_loss: 1.3125 - val_sparse_categorical_accuracy: 0.5289
79/79 [==============================] - 1s 11ms/step - loss: 1.1037 - sparse_categorical_accuracy: 0.6062

EVALUATION LOG: OnlookerBee ID (0) -- Candidate (input|batch_norm|sep5x5_128|batch_norm|sep5x5_64|sep5x5_128|output)

Epoch 1/5
313/313 [==============================] - ETA: 0s - loss: 1.7579 - sparse_categorical_accuracy: 0.3620
Epoch 1: Accuracy (0.24529999494552612) has not reached the baseline threshold 0.325, terminating training... 

313/313 [==============================] - 85s 269ms/step - loss: 1.7579 - sparse_categorical_accuracy: 0.3620 - val_loss: 2.0708 - val_sparse_categorical_accuracy: 0.2453
79/79 [==============================] - 1s 14ms/step - loss: 1.9538 - sparse_categorical_accuracy: 0.3034

EVALUATION LOG: OnlookerBee ID (1) -- Candidate (input|sep3x3_64|dropout|dropout|dropout|sep3x3_32|output)

Epoch 1/5
313/313 [==============================] - 75s 238ms/step - loss: 1.9560 - sparse_categorical_accuracy: 0.2782 - val_loss: 1.8037 - val_sparse_categorical_accuracy: 0.3486
Epoch 2/5
313/313 [==============================] - ETA: 0s - loss: 1.7340 - sparse_categorical_accuracy: 0.3792
Epoch 2: Accuracy (0.4041999876499176) has not reached the baseline threshold 0.4224598930481284, terminating training... 

313/313 [==============================] - 75s 240ms/step - loss: 1.7340 - sparse_categorical_accuracy: 0.3792 - val_loss: 1.6520 - val_sparse_categorical_accuracy: 0.4042
79/79 [==============================] - 1s 7ms/step - loss: 1.4741 - sparse_categorical_accuracy: 0.4743

EVALUATION LOG: OnlookerBee ID (2) -- Candidate (input|batch_norm|sep3x3_128|avg_pool3x3|sep5x5_64|sep5x5_128|output)

Epoch 1/5
313/313 [==============================] - ETA: 0s - loss: 1.8853 - sparse_categorical_accuracy: 0.3116
Epoch 1: Accuracy (0.3116999864578247) has not reached the baseline threshold 0.325, terminating training... 

313/313 [==============================] - 86s 271ms/step - loss: 1.8853 - sparse_categorical_accuracy: 0.3116 - val_loss: 1.9562 - val_sparse_categorical_accuracy: 0.3117
79/79 [==============================] - 1s 15ms/step - loss: 1.7433 - sparse_categorical_accuracy: 0.3839

EVALUATION LOG: OnlookerBee ID (3) -- Candidate (input|sc_5|sep5x5_32|dropout|sc_1|sep3x3_128|sep3x3_128|sep3x3_64|output)

Epoch 1/5
313/313 [==============================] - 82s 260ms/step - loss: 2.2007 - sparse_categorical_accuracy: 0.2413 - val_loss: 1.8458 - val_sparse_categorical_accuracy: 0.3388
Epoch 2/5
313/313 [==============================] - ETA: 0s - loss: 1.7927 - sparse_categorical_accuracy: 0.3595
Epoch 2: Accuracy (0.3919000029563904) has not reached the baseline threshold 0.4224598930481284, terminating training... 

313/313 [==============================] - 81s 260ms/step - loss: 1.7927 - sparse_categorical_accuracy: 0.3595 - val_loss: 1.6975 - val_sparse_categorical_accuracy: 0.3919
79/79 [==============================] - 1s 12ms/step - loss: 1.5457 - sparse_categorical_accuracy: 0.4464
STATUS: itr: 7 -- Best fitness: 0.6128000020980835, Total time (s): 7953.294548511505

EVALUATION LOG: EmployeeBee ID (0) -- Candidate (input|sc_2|sep5x5_32|dropout|sc_1|sep3x3_128|sep5x5_32|sep3x3_64|output)

Epoch 1/5
313/313 [==============================] - 82s 259ms/step - loss: 1.9198 - sparse_categorical_accuracy: 0.3013 - val_loss: 1.8006 - val_sparse_categorical_accuracy: 0.3593
Epoch 2/5
313/313 [==============================] - ETA: 0s - loss: 1.6795 - sparse_categorical_accuracy: 0.3923
Epoch 2: Accuracy (0.4075999855995178) has not reached the baseline threshold 0.4224598930481284, terminating training... 

313/313 [==============================] - 81s 258ms/step - loss: 1.6795 - sparse_categorical_accuracy: 0.3923 - val_loss: 1.6243 - val_sparse_categorical_accuracy: 0.4076
79/79 [==============================] - 1s 11ms/step - loss: 1.4241 - sparse_categorical_accuracy: 0.4810

EVALUATION LOG: EmployeeBee ID (1) -- Candidate (input|sep3x3_64|dropout|sep3x3_32|dropout|sep3x3_32|output)

Epoch 1/5
313/313 [==============================] - ETA: 0s - loss: 2.3030 - sparse_categorical_accuracy: 0.1003
Epoch 1: Accuracy (0.10010000318288803) has not reached the baseline threshold 0.325, terminating training... 

313/313 [==============================] - 75s 238ms/step - loss: 2.3030 - sparse_categorical_accuracy: 0.1003 - val_loss: 2.3027 - val_sparse_categorical_accuracy: 0.1001
79/79 [==============================] - 1s 7ms/step - loss: 2.3026 - sparse_categorical_accuracy: 0.1000

EVALUATION LOG: EmployeeBee ID (2) -- Candidate (input|sep3x3_128|max_pool3x3|sep3x3_32|avg_pool3x3|dropout|output)

Epoch 1/5
313/313 [==============================] - 77s 244ms/step - loss: 1.9347 - sparse_categorical_accuracy: 0.2889 - val_loss: 1.7090 - val_sparse_categorical_accuracy: 0.3761
Epoch 2/5
313/313 [==============================] - 76s 242ms/step - loss: 1.6478 - sparse_categorical_accuracy: 0.4031 - val_loss: 1.5799 - val_sparse_categorical_accuracy: 0.4335
Epoch 3/5
313/313 [==============================] - ETA: 0s - loss: 1.5313 - sparse_categorical_accuracy: 0.4474
Epoch 3: Accuracy (0.4690000116825104) has not reached the baseline threshold 0.4953271028037383, terminating training... 

313/313 [==============================] - 75s 241ms/step - loss: 1.5313 - sparse_categorical_accuracy: 0.4474 - val_loss: 1.4721 - val_sparse_categorical_accuracy: 0.4690
79/79 [==============================] - 1s 9ms/step - loss: 1.2677 - sparse_categorical_accuracy: 0.5349

EVALUATION LOG: OnlookerBee ID (0) -- Candidate (input|sep3x3_128|max_pool3x3|sep3x3_32|max_pool3x3|dropout|output)

Epoch 1/5
313/313 [==============================] - 76s 242ms/step - loss: 1.9401 - sparse_categorical_accuracy: 0.2849 - val_loss: 1.7231 - val_sparse_categorical_accuracy: 0.3676
Epoch 2/5
313/313 [==============================] - 76s 241ms/step - loss: 1.6901 - sparse_categorical_accuracy: 0.3882 - val_loss: 1.5921 - val_sparse_categorical_accuracy: 0.4257
Epoch 3/5
313/313 [==============================] - ETA: 0s - loss: 1.5801 - sparse_categorical_accuracy: 0.4276
Epoch 3: Accuracy (0.4408999979496002) has not reached the baseline threshold 0.4953271028037383, terminating training... 

313/313 [==============================] - 75s 241ms/step - loss: 1.5801 - sparse_categorical_accuracy: 0.4276 - val_loss: 1.5529 - val_sparse_categorical_accuracy: 0.4409
79/79 [==============================] - 1s 8ms/step - loss: 1.3623 - sparse_categorical_accuracy: 0.5078

EVALUATION LOG: OnlookerBee ID (1) -- Candidate (input|sep3x3_64|max_pool3x3|sep3x3_32|avg_pool3x3|dropout|output)

Epoch 1/5
313/313 [==============================] - ETA: 0s - loss: 2.3042 - sparse_categorical_accuracy: 0.0996
Epoch 1: Accuracy (0.09780000150203705) has not reached the baseline threshold 0.325, terminating training... 

313/313 [==============================] - 75s 238ms/step - loss: 2.3042 - sparse_categorical_accuracy: 0.0996 - val_loss: 2.3029 - val_sparse_categorical_accuracy: 0.0978
79/79 [==============================] - 1s 8ms/step - loss: 2.3026 - sparse_categorical_accuracy: 0.1000

EVALUATION LOG: OnlookerBee ID (2) -- Candidate (input|sc_2|sep5x5_32|dropout|sep3x3_128|sep5x5_32|sep3x3_64|output)

Epoch 1/5
313/313 [==============================] - 81s 256ms/step - loss: 2.0216 - sparse_categorical_accuracy: 0.2467 - val_loss: 1.8352 - val_sparse_categorical_accuracy: 0.3301
Epoch 2/5
313/313 [==============================] - ETA: 0s - loss: 1.7514 - sparse_categorical_accuracy: 0.3673
Epoch 2: Accuracy (0.3950999975204468) has not reached the baseline threshold 0.4224598930481284, terminating training... 

313/313 [==============================] - 80s 256ms/step - loss: 1.7514 - sparse_categorical_accuracy: 0.3673 - val_loss: 1.6653 - val_sparse_categorical_accuracy: 0.3951
79/79 [==============================] - 1s 10ms/step - loss: 1.4987 - sparse_categorical_accuracy: 0.4620

EVALUATION LOG: OnlookerBee ID (3) -- Candidate (input|sep3x3_64|dropout|dropout|dropout|sep5x5_64|output)

Epoch 1/5
313/313 [==============================] - 78s 247ms/step - loss: 1.9649 - sparse_categorical_accuracy: 0.2761 - val_loss: 1.7812 - val_sparse_categorical_accuracy: 0.3599
Epoch 2/5
313/313 [==============================] - ETA: 0s - loss: 1.7109 - sparse_categorical_accuracy: 0.3835
Epoch 2: Accuracy (0.4146000146865845) has not reached the baseline threshold 0.4224598930481284, terminating training... 

313/313 [==============================] - 77s 246ms/step - loss: 1.7109 - sparse_categorical_accuracy: 0.3835 - val_loss: 1.6283 - val_sparse_categorical_accuracy: 0.4146
79/79 [==============================] - 1s 9ms/step - loss: 1.4542 - sparse_categorical_accuracy: 0.4718
STATUS: itr: 8 -- Best fitness: 0.6128000020980835, Total time (s): 9057.955221891403

EVALUATION LOG: EmployeeBee ID (0) -- Candidate (input|sc_2|sep5x5_32|dropout|sc_2|sep3x3_128|sep5x5_32|sep3x3_64|output)

Epoch 1/5
313/313 [==============================] - 81s 257ms/step - loss: 1.9591 - sparse_categorical_accuracy: 0.2881 - val_loss: 1.7619 - val_sparse_categorical_accuracy: 0.3650
Epoch 2/5
313/313 [==============================] - 80s 257ms/step - loss: 1.6784 - sparse_categorical_accuracy: 0.3925 - val_loss: 1.5720 - val_sparse_categorical_accuracy: 0.4364
Epoch 3/5
313/313 [==============================] - ETA: 0s - loss: 1.5400 - sparse_categorical_accuracy: 0.4430
Epoch 3: Accuracy (0.47620001435279846) has not reached the baseline threshold 0.4953271028037383, terminating training... 

313/313 [==============================] - 80s 255ms/step - loss: 1.5400 - sparse_categorical_accuracy: 0.4430 - val_loss: 1.4441 - val_sparse_categorical_accuracy: 0.4762
79/79 [==============================] - 1s 11ms/step - loss: 1.2753 - sparse_categorical_accuracy: 0.5326

EVALUATION LOG: EmployeeBee ID (1) -- Candidate (input|max_pool3x3|dropout|dropout|dropout|sep3x3_32|output)

Epoch 1/5
313/313 [==============================] - ETA: 0s - loss: 2.1547 - sparse_categorical_accuracy: 0.2101
Epoch 1: Accuracy (0.3068999946117401) has not reached the baseline threshold 0.325, terminating training... 

313/313 [==============================] - 74s 233ms/step - loss: 2.1547 - sparse_categorical_accuracy: 0.2101 - val_loss: 1.9075 - val_sparse_categorical_accuracy: 0.3069
79/79 [==============================] - 1s 7ms/step - loss: 1.7977 - sparse_categorical_accuracy: 0.3601

EVALUATION LOG: EmployeeBee ID (2) -- Candidate (input|sep3x3_128|max_pool3x3|avg_pool3x3|avg_pool3x3|dropout|output)

Epoch 1/5
313/313 [==============================] - 83s 264ms/step - loss: 2.1100 - sparse_categorical_accuracy: 0.2433 - val_loss: 1.8038 - val_sparse_categorical_accuracy: 0.3476
Epoch 2/5
313/313 [==============================] - 83s 264ms/step - loss: 1.7119 - sparse_categorical_accuracy: 0.3777 - val_loss: 1.5887 - val_sparse_categorical_accuracy: 0.4266
Epoch 3/5
313/313 [==============================] - ETA: 0s - loss: 1.5681 - sparse_categorical_accuracy: 0.4343
Epoch 3: Accuracy (0.4578999876976013) has not reached the baseline threshold 0.4953271028037383, terminating training... 

313/313 [==============================] - 83s 265ms/step - loss: 1.5681 - sparse_categorical_accuracy: 0.4343 - val_loss: 1.4724 - val_sparse_categorical_accuracy: 0.4579
79/79 [==============================] - 1s 15ms/step - loss: 1.2758 - sparse_categorical_accuracy: 0.5343

EVALUATION LOG: OnlookerBee ID (0) -- Candidate (input|sep3x3_64|dropout|dropout|dropout|batch_norm|output)

Epoch 1/5
313/313 [==============================] - ETA: 0s - loss: 2.1388 - sparse_categorical_accuracy: 0.2968
Epoch 1: Accuracy (0.31279999017715454) has not reached the baseline threshold 0.325, terminating training... 

313/313 [==============================] - 76s 242ms/step - loss: 2.1388 - sparse_categorical_accuracy: 0.2968 - val_loss: 2.0850 - val_sparse_categorical_accuracy: 0.3128
79/79 [==============================] - 1s 9ms/step - loss: 2.0203 - sparse_categorical_accuracy: 0.3814

EVALUATION LOG: OnlookerBee ID (1) -- Candidate (input|sep3x3_64|dropout|max_pool3x3|dropout|sep3x3_32|output)

Epoch 1/5
313/313 [==============================] - 75s 239ms/step - loss: 1.9373 - sparse_categorical_accuracy: 0.2894 - val_loss: 1.7445 - val_sparse_categorical_accuracy: 0.3559
Epoch 2/5
313/313 [==============================] - 75s 240ms/step - loss: 1.6462 - sparse_categorical_accuracy: 0.4024 - val_loss: 1.5856 - val_sparse_categorical_accuracy: 0.4294
Epoch 3/5
313/313 [==============================] - ETA: 0s - loss: 1.4987 - sparse_categorical_accuracy: 0.4613
Epoch 3: Accuracy (0.4724999964237213) has not reached the baseline threshold 0.4953271028037383, terminating training... 

313/313 [==============================] - 75s 238ms/step - loss: 1.4987 - sparse_categorical_accuracy: 0.4613 - val_loss: 1.4699 - val_sparse_categorical_accuracy: 0.4725
79/79 [==============================] - 1s 8ms/step - loss: 1.2363 - sparse_categorical_accuracy: 0.5521

EVALUATION LOG: OnlookerBee ID (2) -- Candidate (input|sep5x5_32|dropout|max_pool3x3|dropout|sep3x3_32|output)

Epoch 1/5
313/313 [==============================] - 75s 237ms/step - loss: 1.9698 - sparse_categorical_accuracy: 0.2785 - val_loss: 1.7854 - val_sparse_categorical_accuracy: 0.3470
Epoch 2/5
313/313 [==============================] - ETA: 0s - loss: 1.7120 - sparse_categorical_accuracy: 0.3765
Epoch 2: Accuracy (0.40209999680519104) has not reached the baseline threshold 0.4224598930481284, terminating training... 

313/313 [==============================] - 74s 237ms/step - loss: 1.7120 - sparse_categorical_accuracy: 0.3765 - val_loss: 1.6435 - val_sparse_categorical_accuracy: 0.4021
79/79 [==============================] - 1s 8ms/step - loss: 1.4596 - sparse_categorical_accuracy: 0.4649

EVALUATION LOG: OnlookerBee ID (3) -- Candidate (input|sep3x3_128|sep5x5_128|sep3x3_32|avg_pool3x3|dropout|output)

Epoch 1/5
313/313 [==============================] - ETA: 0s - loss: 2.3030 - sparse_categorical_accuracy: 0.0985
Epoch 1: Accuracy (0.09740000218153) has not reached the baseline threshold 0.325, terminating training... 

313/313 [==============================] - 79s 252ms/step - loss: 2.3030 - sparse_categorical_accuracy: 0.0985 - val_loss: 2.3027 - val_sparse_categorical_accuracy: 0.0974
79/79 [==============================] - 1s 10ms/step - loss: 2.3026 - sparse_categorical_accuracy: 0.1000
STATUS: itr: 9 -- Best fitness: 0.6128000020980835, Total time (s): 10163.84190607071

EVALUATION LOG: EmployeeBee ID (0) -- Candidate (input|avg_pool3x3|dropout|batch_norm|dropout|sep3x3_64|output)

Epoch 1/5
313/313 [==============================] - 76s 240ms/step - loss: 2.0567 - sparse_categorical_accuracy: 0.2741 - val_loss: 1.9096 - val_sparse_categorical_accuracy: 0.3414
Epoch 2/5
313/313 [==============================] - ETA: 0s - loss: 1.7560 - sparse_categorical_accuracy: 0.3668
Epoch 2: Accuracy (0.39329999685287476) has not reached the baseline threshold 0.4224598930481284, terminating training... 

313/313 [==============================] - 75s 239ms/step - loss: 1.7560 - sparse_categorical_accuracy: 0.3668 - val_loss: 1.6832 - val_sparse_categorical_accuracy: 0.3933
79/79 [==============================] - 1s 9ms/step - loss: 1.5319 - sparse_categorical_accuracy: 0.4494

EVALUATION LOG: EmployeeBee ID (1) -- Candidate (input|sep5x5_32|dropout|batch_norm|sep3x3_64|sep3x3_64|output)

Epoch 1/5
313/313 [==============================] - ETA: 0s - loss: 1.8653 - sparse_categorical_accuracy: 0.3137
Epoch 1: Accuracy (0.28439998626708984) has not reached the baseline threshold 0.325, terminating training... 

313/313 [==============================] - 78s 248ms/step - loss: 1.8653 - sparse_categorical_accuracy: 0.3137 - val_loss: 1.9278 - val_sparse_categorical_accuracy: 0.2844
79/79 [==============================] - 1s 10ms/step - loss: 1.7770 - sparse_categorical_accuracy: 0.3532

EVALUATION LOG: EmployeeBee ID (2) -- Candidate (input|sep3x3_128|batch_norm|sep3x3_128|sep3x3_128|sc_1|sep5x5_64|output)

Epoch 1/5
313/313 [==============================] - ETA: 0s - loss: 1.7981 - sparse_categorical_accuracy: 0.3464
Epoch 1: Accuracy (0.2134000062942505) has not reached the baseline threshold 0.325, terminating training... 

313/313 [==============================] - 85s 269ms/step - loss: 1.7981 - sparse_categorical_accuracy: 0.3464 - val_loss: 2.2725 - val_sparse_categorical_accuracy: 0.2134
79/79 [==============================] - 1s 14ms/step - loss: 2.1289 - sparse_categorical_accuracy: 0.2588

EVALUATION LOG: OnlookerBee ID (0) -- Candidate (input|avg_pool3x3|sep3x3_128|batch_norm|dropout|sep3x3_64|output)

Epoch 1/5
313/313 [==============================] - ETA: 0s - loss: 1.8284 - sparse_categorical_accuracy: 0.3384
Epoch 1: Accuracy (0.1800999939441681) has not reached the baseline threshold 0.325, terminating training... 

313/313 [==============================] - 79s 250ms/step - loss: 1.8284 - sparse_categorical_accuracy: 0.3384 - val_loss: 2.2796 - val_sparse_categorical_accuracy: 0.1801
79/79 [==============================] - 1s 10ms/step - loss: 2.2697 - sparse_categorical_accuracy: 0.2137

EVALUATION LOG: OnlookerBee ID (1) -- Candidate (input|sep5x5_32|dropout|batch_norm|sep3x3_64|sep3x3_128|output)

Epoch 1/5
313/313 [==============================] - ETA: 0s - loss: 1.8856 - sparse_categorical_accuracy: 0.3095
Epoch 1: Accuracy (0.2599000036716461) has not reached the baseline threshold 0.325, terminating training... 

313/313 [==============================] - 82s 261ms/step - loss: 1.8856 - sparse_categorical_accuracy: 0.3095 - val_loss: 1.9782 - val_sparse_categorical_accuracy: 0.2599
79/79 [==============================] - 1s 13ms/step - loss: 1.8637 - sparse_categorical_accuracy: 0.3213

EVALUATION LOG: OnlookerBee ID (2) -- Candidate (input|sep3x3_128|batch_norm|sep3x3_128|sep3x3_128|sep5x5_64|output)

Epoch 1/5
313/313 [==============================] - ETA: 0s - loss: 2.3029 - sparse_categorical_accuracy: 0.0997
Epoch 1: Accuracy (0.09740000218153) has not reached the baseline threshold 0.325, terminating training... 

313/313 [==============================] - 84s 265ms/step - loss: 2.3029 - sparse_categorical_accuracy: 0.0997 - val_loss: 2.3028 - val_sparse_categorical_accuracy: 0.0974
79/79 [==============================] - 1s 14ms/step - loss: 2.3026 - sparse_categorical_accuracy: 0.1000

EVALUATION LOG: OnlookerBee ID (3) -- Candidate (input|avg_pool3x3|sep5x5_32|batch_norm|dropout|sep3x3_64|output)

Epoch 1/5
313/313 [==============================] - ETA: 0s - loss: 1.9042 - sparse_categorical_accuracy: 0.3086
Epoch 1: Accuracy (0.323199987411499) has not reached the baseline threshold 0.325, terminating training... 

313/313 [==============================] - 78s 246ms/step - loss: 1.9042 - sparse_categorical_accuracy: 0.3086 - val_loss: 2.2339 - val_sparse_categorical_accuracy: 0.3232
79/79 [==============================] - 1s 9ms/step - loss: 2.2170 - sparse_categorical_accuracy: 0.3916
STATUS: itr: 10 -- Best fitness: 0.6128000020980835, Total time (s): 10814.452490568161

EVALUATION LOG: EmployeeBee ID (0) -- Candidate (input|avg_pool3x3|dropout|batch_norm|max_pool3x3|sep3x3_64|output)

Epoch 1/5
313/313 [==============================] - ETA: 0s - loss: 1.9219 - sparse_categorical_accuracy: 0.3156
Epoch 1: Accuracy (0.3246000111103058) has not reached the baseline threshold 0.325, terminating training... 

313/313 [==============================] - 76s 242ms/step - loss: 1.9219 - sparse_categorical_accuracy: 0.3156 - val_loss: 1.8782 - val_sparse_categorical_accuracy: 0.3246
79/79 [==============================] - 1s 9ms/step - loss: 1.7771 - sparse_categorical_accuracy: 0.3650

EVALUATION LOG: EmployeeBee ID (1) -- Candidate (input|sep5x5_32|dropout|sep3x3_64|sep3x3_64|sep3x3_64|output)

Epoch 1/5
313/313 [==============================] - ETA: 0s - loss: 2.3029 - sparse_categorical_accuracy: 0.0982
Epoch 1: Accuracy (0.09369999915361404) has not reached the baseline threshold 0.325, terminating training... 

313/313 [==============================] - 79s 250ms/step - loss: 2.3029 - sparse_categorical_accuracy: 0.0982 - val_loss: 2.3027 - val_sparse_categorical_accuracy: 0.0937
79/79 [==============================] - 1s 10ms/step - loss: 2.3026 - sparse_categorical_accuracy: 0.1000

EVALUATION LOG: EmployeeBee ID (2) -- Candidate (input|sep3x3_128|batch_norm|sep3x3_128|sep3x3_128|sc_1|sep3x3_64|output)

Epoch 1/5
313/313 [==============================] - ETA: 0s - loss: 1.7921 - sparse_categorical_accuracy: 0.3492
Epoch 1: Accuracy (0.11640000343322754) has not reached the baseline threshold 0.325, terminating training... 

313/313 [==============================] - 84s 265ms/step - loss: 1.7921 - sparse_categorical_accuracy: 0.3492 - val_loss: 2.6155 - val_sparse_categorical_accuracy: 0.1164
79/79 [==============================] - 1s 14ms/step - loss: 2.5080 - sparse_categorical_accuracy: 0.1213

EVALUATION LOG: OnlookerBee ID (0) -- Candidate (input|avg_pool3x3|dropout|batch_norm|avg_pool3x3|sep3x3_64|output)

Epoch 1/5
313/313 [==============================] - 77s 244ms/step - loss: 1.8838 - sparse_categorical_accuracy: 0.3234 - val_loss: 1.8992 - val_sparse_categorical_accuracy: 0.3307
Epoch 2/5
313/313 [==============================] - 76s 242ms/step - loss: 1.6682 - sparse_categorical_accuracy: 0.3968 - val_loss: 1.6033 - val_sparse_categorical_accuracy: 0.4258
Epoch 3/5
313/313 [==============================] - ETA: 0s - loss: 1.5843 - sparse_categorical_accuracy: 0.4281
Epoch 3: Accuracy (0.4426000118255615) has not reached the baseline threshold 0.4953271028037383, terminating training... 

313/313 [==============================] - 76s 243ms/step - loss: 1.5843 - sparse_categorical_accuracy: 0.4281 - val_loss: 1.5226 - val_sparse_categorical_accuracy: 0.4426
79/79 [==============================] - 1s 9ms/step - loss: 1.3469 - sparse_categorical_accuracy: 0.5052

EVALUATION LOG: OnlookerBee ID (1) -- Candidate (input|avg_pool3x3|dropout|sep3x3_64|avg_pool3x3|sep3x3_64|output)

Epoch 1/5
313/313 [==============================] - 78s 247ms/step - loss: 1.9156 - sparse_categorical_accuracy: 0.2990 - val_loss: 1.7327 - val_sparse_categorical_accuracy: 0.3734
Epoch 2/5
313/313 [==============================] - ETA: 0s - loss: 1.6856 - sparse_categorical_accuracy: 0.3930
Epoch 2: Accuracy (0.420199990272522) has not reached the baseline threshold 0.4224598930481284, terminating training... 

313/313 [==============================] - 77s 247ms/step - loss: 1.6856 - sparse_categorical_accuracy: 0.3930 - val_loss: 1.6015 - val_sparse_categorical_accuracy: 0.4202
79/79 [==============================] - 1s 9ms/step - loss: 1.4334 - sparse_categorical_accuracy: 0.4822

EVALUATION LOG: OnlookerBee ID (2) -- Candidate (input|sep3x3_128|batch_norm|dropout|sep3x3_128|sc_1|sep5x5_64|output)

Epoch 1/5
313/313 [==============================] - ETA: 0s - loss: 1.8243 - sparse_categorical_accuracy: 0.3407
Epoch 1: Accuracy (0.14959999918937683) has not reached the baseline threshold 0.325, terminating training... 

313/313 [==============================] - 83s 263ms/step - loss: 1.8243 - sparse_categorical_accuracy: 0.3407 - val_loss: 2.4551 - val_sparse_categorical_accuracy: 0.1496
79/79 [==============================] - 1s 13ms/step - loss: 2.3818 - sparse_categorical_accuracy: 0.1610

EVALUATION LOG: OnlookerBee ID (3) -- Candidate (input|sep5x5_128|dropout|batch_norm|avg_pool3x3|sep3x3_64|output)

Epoch 1/5
313/313 [==============================] - ETA: 0s - loss: 1.8064 - sparse_categorical_accuracy: 0.3448
Epoch 1: Accuracy (0.19740000367164612) has not reached the baseline threshold 0.325, terminating training... 

313/313 [==============================] - 80s 254ms/step - loss: 1.8064 - sparse_categorical_accuracy: 0.3448 - val_loss: 2.2694 - val_sparse_categorical_accuracy: 0.1974
79/79 [==============================] - 1s 10ms/step - loss: 2.2588 - sparse_categorical_accuracy: 0.2495
STATUS: itr: 11 -- Best fitness: 0.6128000020980835, Total time (s): 11614.532689332962
---------------------
-- OPTIMIZATION END --
 === TOTAL TIME TAKEN: 11614.536564826965 ==== 
---------------------