------------------------
-- OPTIMIZATION START --
------------------------
Downloading data from https://www.cs.toronto.edu/~kriz/cifar-10-python.tar.gz
170500096/170498071 [==============================] - 44s 0us/step
170508288/170498071 [==============================] - 44s 0us/step

Path (/content/gdrive/MyDrive/PhD/HiveNAS/hivenas_a/) already exists!


Would you like to overwrite files in this path? (y/n): y

Found best-performing model {input|sep3x3_128|sep3x3_128|max_pool3x3|sep5x5_64|output} with a fitness score of 0.7357000112533569

Epoch 1/50
313/313 [==============================] - 30s 62ms/step - loss: 1.4595 - sparse_categorical_accuracy: 0.4624 - val_loss: 1.3435 - val_sparse_categorical_accuracy: 0.5184
Epoch 2/50
313/313 [==============================] - 19s 62ms/step - loss: 0.9899 - sparse_categorical_accuracy: 0.6472 - val_loss: 0.9121 - val_sparse_categorical_accuracy: 0.6815
Epoch 3/50
313/313 [==============================] - 20s 63ms/step - loss: 0.7633 - sparse_categorical_accuracy: 0.7292 - val_loss: 0.7763 - val_sparse_categorical_accuracy: 0.7256
Epoch 4/50
313/313 [==============================] - 20s 65ms/step - loss: 0.5957 - sparse_categorical_accuracy: 0.7894 - val_loss: 0.7736 - val_sparse_categorical_accuracy: 0.7341
Epoch 5/50
313/313 [==============================] - 20s 65ms/step - loss: 0.4432 - sparse_categorical_accuracy: 0.8445 - val_loss: 0.7861 - val_sparse_categorical_accuracy: 0.7442
Epoch 6/50
313/313 [==============================] - 20s 65ms/step - loss: 0.2929 - sparse_categorical_accuracy: 0.8977 - val_loss: 0.8687 - val_sparse_categorical_accuracy: 0.7465
Epoch 7/50
313/313 [==============================] - 20s 64ms/step - loss: 0.1958 - sparse_categorical_accuracy: 0.9322 - val_loss: 1.0664 - val_sparse_categorical_accuracy: 0.7213
Epoch 8/50
313/313 [==============================] - 20s 64ms/step - loss: 0.1415 - sparse_categorical_accuracy: 0.9519 - val_loss: 1.1498 - val_sparse_categorical_accuracy: 0.7368
Epoch 9/50
313/313 [==============================] - 20s 64ms/step - loss: 0.1071 - sparse_categorical_accuracy: 0.9647 - val_loss: 1.2081 - val_sparse_categorical_accuracy: 0.7415
Epoch 10/50
313/313 [==============================] - 20s 64ms/step - loss: 0.0905 - sparse_categorical_accuracy: 0.9687 - val_loss: 1.2684 - val_sparse_categorical_accuracy: 0.7380
Epoch 11/50
313/313 [==============================] - 20s 64ms/step - loss: 0.0744 - sparse_categorical_accuracy: 0.9748 - val_loss: 1.3030 - val_sparse_categorical_accuracy: 0.7433
Epoch 12/50
313/313 [==============================] - 20s 64ms/step - loss: 0.0752 - sparse_categorical_accuracy: 0.9755 - val_loss: 1.3223 - val_sparse_categorical_accuracy: 0.7382
Epoch 13/50
313/313 [==============================] - 20s 64ms/step - loss: 0.0680 - sparse_categorical_accuracy: 0.9774 - val_loss: 1.3476 - val_sparse_categorical_accuracy: 0.7429
Epoch 14/50
313/313 [==============================] - 20s 64ms/step - loss: 0.0578 - sparse_categorical_accuracy: 0.9812 - val_loss: 1.5251 - val_sparse_categorical_accuracy: 0.7293
Epoch 15/50
313/313 [==============================] - 21s 68ms/step - loss: 0.0515 - sparse_categorical_accuracy: 0.9837 - val_loss: 1.5411 - val_sparse_categorical_accuracy: 0.7288
Epoch 16/50
313/313 [==============================] - 20s 64ms/step - loss: 0.0541 - sparse_categorical_accuracy: 0.9825 - val_loss: 1.5857 - val_sparse_categorical_accuracy: 0.7356
Epoch 17/50
313/313 [==============================] - 20s 65ms/step - loss: 0.0523 - sparse_categorical_accuracy: 0.9829 - val_loss: 1.4494 - val_sparse_categorical_accuracy: 0.7271
Epoch 18/50
313/313 [==============================] - 20s 65ms/step - loss: 0.0513 - sparse_categorical_accuracy: 0.9832 - val_loss: 1.5477 - val_sparse_categorical_accuracy: 0.7351
Epoch 19/50
313/313 [==============================] - 20s 65ms/step - loss: 0.0543 - sparse_categorical_accuracy: 0.9826 - val_loss: 1.5795 - val_sparse_categorical_accuracy: 0.7276
Epoch 20/50
313/313 [==============================] - 20s 64ms/step - loss: 0.0458 - sparse_categorical_accuracy: 0.9857 - val_loss: 1.6505 - val_sparse_categorical_accuracy: 0.7311
Epoch 21/50
313/313 [==============================] - 20s 65ms/step - loss: 0.0430 - sparse_categorical_accuracy: 0.9862 - val_loss: 1.4656 - val_sparse_categorical_accuracy: 0.7362
Epoch 22/50
313/313 [==============================] - 20s 64ms/step - loss: 0.0372 - sparse_categorical_accuracy: 0.9883 - val_loss: 1.5081 - val_sparse_categorical_accuracy: 0.7351
Epoch 23/50
313/313 [==============================] - 20s 64ms/step - loss: 0.0383 - sparse_categorical_accuracy: 0.9877 - val_loss: 1.6046 - val_sparse_categorical_accuracy: 0.7329
Epoch 24/50
313/313 [==============================] - 20s 64ms/step - loss: 0.0409 - sparse_categorical_accuracy: 0.9868 - val_loss: 1.6110 - val_sparse_categorical_accuracy: 0.7333
Epoch 25/50
313/313 [==============================] - 20s 64ms/step - loss: 0.0425 - sparse_categorical_accuracy: 0.9864 - val_loss: 1.5541 - val_sparse_categorical_accuracy: 0.7185
Epoch 26/50
313/313 [==============================] - 20s 64ms/step - loss: 0.0313 - sparse_categorical_accuracy: 0.9898 - val_loss: 1.6937 - val_sparse_categorical_accuracy: 0.7385
Epoch 27/50
313/313 [==============================] - 20s 64ms/step - loss: 0.0306 - sparse_categorical_accuracy: 0.9904 - val_loss: 1.6586 - val_sparse_categorical_accuracy: 0.7397
Epoch 28/50
313/313 [==============================] - 20s 64ms/step - loss: 0.0418 - sparse_categorical_accuracy: 0.9866 - val_loss: 1.6650 - val_sparse_categorical_accuracy: 0.7216
Epoch 29/50
313/313 [==============================] - 20s 64ms/step - loss: 0.0355 - sparse_categorical_accuracy: 0.9885 - val_loss: 1.5222 - val_sparse_categorical_accuracy: 0.7426
Epoch 30/50
313/313 [==============================] - 20s 64ms/step - loss: 0.0280 - sparse_categorical_accuracy: 0.9914 - val_loss: 1.8120 - val_sparse_categorical_accuracy: 0.7254
Epoch 31/50
313/313 [==============================] - 20s 64ms/step - loss: 0.0327 - sparse_categorical_accuracy: 0.9898 - val_loss: 1.6619 - val_sparse_categorical_accuracy: 0.7305
Epoch 32/50
313/313 [==============================] - 20s 64ms/step - loss: 0.0276 - sparse_categorical_accuracy: 0.9913 - val_loss: 1.9006 - val_sparse_categorical_accuracy: 0.7241
Epoch 33/50
 61/313 [====>.........................] - ETA: 15s - loss: 0.0365 - sparse_categorical_accuracy: 0.9880
