Downloading data from https://www.cs.toronto.edu/~kriz/cifar-10-python.tar.gz
170500096/170498071 [==============================] - 4s 0us/step
170508288/170498071 [==============================] - 4s 0us/step

Configuration file saved successfully to (/content/gdrive/MyDrive/PhD/HiveNAS/hivenas_a/hivenas_a.yaml)!


------------------------
-- OPTIMIZATION START --
------------------------

EVALUATION LOG: EmployeeBee ID (0) -- Candidate (input|sep5x5_128|sep3x3_32|avg_pool3x3|sep5x5_128|output)

Epoch 1/5
313/313 [==============================] - 27s 48ms/step - loss: 1.5248 - sparse_categorical_accuracy: 0.4450 - val_loss: 1.2490 - val_sparse_categorical_accuracy: 0.5441
Epoch 2/5
313/313 [==============================] - 15s 48ms/step - loss: 1.0965 - sparse_categorical_accuracy: 0.6092 - val_loss: 0.9835 - val_sparse_categorical_accuracy: 0.6463
Epoch 3/5
313/313 [==============================] - 15s 48ms/step - loss: 0.8636 - sparse_categorical_accuracy: 0.6961 - val_loss: 0.9322 - val_sparse_categorical_accuracy: 0.6679
Epoch 4/5
313/313 [==============================] - 15s 49ms/step - loss: 0.6436 - sparse_categorical_accuracy: 0.7742 - val_loss: 0.8695 - val_sparse_categorical_accuracy: 0.7018
Epoch 5/5
313/313 [==============================] - 15s 48ms/step - loss: 0.4259 - sparse_categorical_accuracy: 0.8500 - val_loss: 0.9606 - val_sparse_categorical_accuracy: 0.7029
79/79 [==============================] - 1s 13ms/step - loss: 0.9868 - sparse_categorical_accuracy: 0.7100

EVALUATION LOG: EmployeeBee ID (1) -- Candidate (input|dropout|sep5x5_128|sep5x5_128|sep3x3_128|output)

Epoch 1/5
313/313 [==============================] - 18s 57ms/step - loss: 1.5441 - sparse_categorical_accuracy: 0.4388 - val_loss: 1.3083 - val_sparse_categorical_accuracy: 0.5337
Epoch 2/5
313/313 [==============================] - 18s 57ms/step - loss: 1.1283 - sparse_categorical_accuracy: 0.5996 - val_loss: 0.9913 - val_sparse_categorical_accuracy: 0.6452
Epoch 3/5
313/313 [==============================] - 18s 56ms/step - loss: 0.9089 - sparse_categorical_accuracy: 0.6814 - val_loss: 0.9104 - val_sparse_categorical_accuracy: 0.6725
Epoch 4/5
313/313 [==============================] - 18s 56ms/step - loss: 0.7071 - sparse_categorical_accuracy: 0.7501 - val_loss: 0.8683 - val_sparse_categorical_accuracy: 0.6962
Epoch 5/5
313/313 [==============================] - 18s 56ms/step - loss: 0.4930 - sparse_categorical_accuracy: 0.8270 - val_loss: 0.9523 - val_sparse_categorical_accuracy: 0.7029
79/79 [==============================] - 1s 14ms/step - loss: 0.9858 - sparse_categorical_accuracy: 0.6957

EVALUATION LOG: EmployeeBee ID (2) -- Candidate (input|sep5x5_32|sep3x3_32|sep5x5_128|sep5x5_128|output)

Epoch 1/5
313/313 [==============================] - 17s 53ms/step - loss: 1.6550 - sparse_categorical_accuracy: 0.3823 - val_loss: 1.5010 - val_sparse_categorical_accuracy: 0.4609
Epoch 2/5
313/313 [==============================] - 16s 52ms/step - loss: 1.2386 - sparse_categorical_accuracy: 0.5500 - val_loss: 1.1696 - val_sparse_categorical_accuracy: 0.5780
Epoch 3/5
313/313 [==============================] - 16s 53ms/step - loss: 1.0426 - sparse_categorical_accuracy: 0.6288 - val_loss: 1.1049 - val_sparse_categorical_accuracy: 0.6128
Epoch 4/5
313/313 [==============================] - 16s 53ms/step - loss: 0.8564 - sparse_categorical_accuracy: 0.6957 - val_loss: 0.9353 - val_sparse_categorical_accuracy: 0.6680
Epoch 5/5
313/313 [==============================] - 16s 52ms/step - loss: 0.6760 - sparse_categorical_accuracy: 0.7592 - val_loss: 0.9460 - val_sparse_categorical_accuracy: 0.6802
79/79 [==============================] - 1s 14ms/step - loss: 0.9624 - sparse_categorical_accuracy: 0.6742

EVALUATION LOG: OnlookerBee ID (0) -- Candidate (input|sep3x3_64|sep3x3_32|avg_pool3x3|sep5x5_128|output)

Epoch 1/5
313/313 [==============================] - 15s 44ms/step - loss: 1.4756 - sparse_categorical_accuracy: 0.4602 - val_loss: 1.4606 - val_sparse_categorical_accuracy: 0.4674
Epoch 2/5
313/313 [==============================] - 14s 44ms/step - loss: 1.0592 - sparse_categorical_accuracy: 0.6180 - val_loss: 0.9911 - val_sparse_categorical_accuracy: 0.6435
Epoch 3/5
313/313 [==============================] - 14s 44ms/step - loss: 0.8298 - sparse_categorical_accuracy: 0.7065 - val_loss: 0.8779 - val_sparse_categorical_accuracy: 0.6876
Epoch 4/5
313/313 [==============================] - 14s 44ms/step - loss: 0.6306 - sparse_categorical_accuracy: 0.7770 - val_loss: 0.8730 - val_sparse_categorical_accuracy: 0.7061
Epoch 5/5
313/313 [==============================] - 14s 44ms/step - loss: 0.4107 - sparse_categorical_accuracy: 0.8551 - val_loss: 0.9403 - val_sparse_categorical_accuracy: 0.7030
79/79 [==============================] - 1s 12ms/step - loss: 0.9537 - sparse_categorical_accuracy: 0.7034

EVALUATION LOG: OnlookerBee ID (1) -- Candidate (input|sep5x5_128|sep3x3_32|avg_pool3x3|avg_pool3x3|output)

Epoch 1/5
313/313 [==============================] - 8s 25ms/step - loss: 1.4352 - sparse_categorical_accuracy: 0.4781 - val_loss: 1.2919 - val_sparse_categorical_accuracy: 0.5354
Epoch 2/5
313/313 [==============================] - 8s 25ms/step - loss: 1.0399 - sparse_categorical_accuracy: 0.6294 - val_loss: 0.9837 - val_sparse_categorical_accuracy: 0.6498
Epoch 3/5
313/313 [==============================] - 8s 25ms/step - loss: 0.8316 - sparse_categorical_accuracy: 0.7060 - val_loss: 0.8453 - val_sparse_categorical_accuracy: 0.7002
Epoch 4/5
313/313 [==============================] - 8s 24ms/step - loss: 0.6679 - sparse_categorical_accuracy: 0.7657 - val_loss: 0.8329 - val_sparse_categorical_accuracy: 0.7153
Epoch 5/5
313/313 [==============================] - 8s 25ms/step - loss: 0.5142 - sparse_categorical_accuracy: 0.8206 - val_loss: 0.8240 - val_sparse_categorical_accuracy: 0.7194
79/79 [==============================] - 1s 8ms/step - loss: 0.8565 - sparse_categorical_accuracy: 0.7125

EVALUATION LOG: OnlookerBee ID (2) -- Candidate (input|sep5x5_128|sep3x3_32|max_pool3x3|avg_pool3x3|output)

Epoch 1/5
313/313 [==============================] - 8s 25ms/step - loss: 1.4217 - sparse_categorical_accuracy: 0.4792 - val_loss: 1.1463 - val_sparse_categorical_accuracy: 0.6049
Epoch 2/5
313/313 [==============================] - 8s 25ms/step - loss: 0.9595 - sparse_categorical_accuracy: 0.6600 - val_loss: 0.8937 - val_sparse_categorical_accuracy: 0.6890
Epoch 3/5
313/313 [==============================] - 8s 25ms/step - loss: 0.7631 - sparse_categorical_accuracy: 0.7330 - val_loss: 0.8536 - val_sparse_categorical_accuracy: 0.7024
Epoch 4/5
313/313 [==============================] - 8s 25ms/step - loss: 0.6156 - sparse_categorical_accuracy: 0.7831 - val_loss: 0.7986 - val_sparse_categorical_accuracy: 0.7229
Epoch 5/5
313/313 [==============================] - 8s 24ms/step - loss: 0.4655 - sparse_categorical_accuracy: 0.8370 - val_loss: 0.8654 - val_sparse_categorical_accuracy: 0.7332
79/79 [==============================] - 1s 8ms/step - loss: 0.8918 - sparse_categorical_accuracy: 0.7208

EVALUATION LOG: OnlookerBee ID (3) -- Candidate (input|sep5x5_32|dropout|sep5x5_128|sep5x5_128|output)

Epoch 1/5
313/313 [==============================] - 17s 52ms/step - loss: 1.5578 - sparse_categorical_accuracy: 0.4327 - val_loss: 1.2806 - val_sparse_categorical_accuracy: 0.5320
Epoch 2/5
313/313 [==============================] - 16s 51ms/step - loss: 1.1307 - sparse_categorical_accuracy: 0.5960 - val_loss: 1.0331 - val_sparse_categorical_accuracy: 0.6307
Epoch 3/5
313/313 [==============================] - 16s 51ms/step - loss: 0.8947 - sparse_categorical_accuracy: 0.6838 - val_loss: 0.9374 - val_sparse_categorical_accuracy: 0.6688
Epoch 4/5
313/313 [==============================] - 16s 51ms/step - loss: 0.6748 - sparse_categorical_accuracy: 0.7656 - val_loss: 0.9170 - val_sparse_categorical_accuracy: 0.6790
Epoch 5/5
313/313 [==============================] - 16s 51ms/step - loss: 0.4386 - sparse_categorical_accuracy: 0.8465 - val_loss: 0.9539 - val_sparse_categorical_accuracy: 0.6978
79/79 [==============================] - 1s 13ms/step - loss: 1.0054 - sparse_categorical_accuracy: 0.6888
STATUS: itr: 0 -- Best fitness: 0.72079998254776, Total time (s): 524.5847218036652

EVALUATION LOG: EmployeeBee ID (0) -- Candidate (input|sep3x3_64|sep5x5_128|sep5x5_128|dropout|output)

Epoch 1/5
313/313 [==============================] - 18s 55ms/step - loss: 1.4922 - sparse_categorical_accuracy: 0.4566 - val_loss: 1.3684 - val_sparse_categorical_accuracy: 0.5177
Epoch 2/5
313/313 [==============================] - 17s 55ms/step - loss: 1.0771 - sparse_categorical_accuracy: 0.6148 - val_loss: 0.9618 - val_sparse_categorical_accuracy: 0.6553
Epoch 3/5
313/313 [==============================] - 17s 55ms/step - loss: 0.8412 - sparse_categorical_accuracy: 0.7018 - val_loss: 0.8886 - val_sparse_categorical_accuracy: 0.6859
Epoch 4/5
313/313 [==============================] - 17s 55ms/step - loss: 0.6202 - sparse_categorical_accuracy: 0.7796 - val_loss: 0.8646 - val_sparse_categorical_accuracy: 0.7019
Epoch 5/5
313/313 [==============================] - 17s 56ms/step - loss: 0.4003 - sparse_categorical_accuracy: 0.8600 - val_loss: 0.9087 - val_sparse_categorical_accuracy: 0.7147
79/79 [==============================] - 1s 14ms/step - loss: 0.9424 - sparse_categorical_accuracy: 0.7088

EVALUATION LOG: EmployeeBee ID (1) -- Candidate (input|dropout|sep5x5_128|max_pool3x3|sep3x3_128|output)

Epoch 1/5
313/313 [==============================] - 16s 48ms/step - loss: 1.4734 - sparse_categorical_accuracy: 0.4669 - val_loss: 1.5697 - val_sparse_categorical_accuracy: 0.4515
Epoch 2/5
313/313 [==============================] - 15s 47ms/step - loss: 0.9931 - sparse_categorical_accuracy: 0.6476 - val_loss: 0.9585 - val_sparse_categorical_accuracy: 0.6629
Epoch 3/5
313/313 [==============================] - 15s 47ms/step - loss: 0.7652 - sparse_categorical_accuracy: 0.7324 - val_loss: 0.8361 - val_sparse_categorical_accuracy: 0.7179
Epoch 4/5
313/313 [==============================] - 15s 47ms/step - loss: 0.5626 - sparse_categorical_accuracy: 0.8014 - val_loss: 0.8625 - val_sparse_categorical_accuracy: 0.7137
Epoch 5/5
313/313 [==============================] - 15s 47ms/step - loss: 0.3558 - sparse_categorical_accuracy: 0.8751 - val_loss: 1.0458 - val_sparse_categorical_accuracy: 0.7015
79/79 [==============================] - 1s 13ms/step - loss: 1.0671 - sparse_categorical_accuracy: 0.6926

EVALUATION LOG: EmployeeBee ID (2) -- Candidate (input|sep5x5_32|dropout|sep5x5_64|sep5x5_128|output)

Epoch 1/5
313/313 [==============================] - 15s 46ms/step - loss: 1.5310 - sparse_categorical_accuracy: 0.4419 - val_loss: 1.3754 - val_sparse_categorical_accuracy: 0.5149
Epoch 2/5
313/313 [==============================] - 14s 45ms/step - loss: 1.1048 - sparse_categorical_accuracy: 0.6057 - val_loss: 0.9892 - val_sparse_categorical_accuracy: 0.6475
Epoch 3/5
313/313 [==============================] - 14s 46ms/step - loss: 0.8420 - sparse_categorical_accuracy: 0.7003 - val_loss: 0.9042 - val_sparse_categorical_accuracy: 0.6821
Epoch 4/5
313/313 [==============================] - 14s 46ms/step - loss: 0.6010 - sparse_categorical_accuracy: 0.7872 - val_loss: 0.9216 - val_sparse_categorical_accuracy: 0.6977
Epoch 5/5
313/313 [==============================] - 14s 46ms/step - loss: 0.3756 - sparse_categorical_accuracy: 0.8686 - val_loss: 1.0325 - val_sparse_categorical_accuracy: 0.6919
79/79 [==============================] - 1s 12ms/step - loss: 1.0599 - sparse_categorical_accuracy: 0.6899

EVALUATION LOG: OnlookerBee ID (0) -- Candidate (input|dropout|sep5x5_128|dropout|sep3x3_128|output)

Epoch 1/5
313/313 [==============================] - 15s 47ms/step - loss: 1.4638 - sparse_categorical_accuracy: 0.4675 - val_loss: 1.3354 - val_sparse_categorical_accuracy: 0.5223
Epoch 2/5
313/313 [==============================] - 15s 46ms/step - loss: 1.0287 - sparse_categorical_accuracy: 0.6331 - val_loss: 0.9848 - val_sparse_categorical_accuracy: 0.6472
Epoch 3/5
313/313 [==============================] - 15s 46ms/step - loss: 0.7261 - sparse_categorical_accuracy: 0.7449 - val_loss: 0.9516 - val_sparse_categorical_accuracy: 0.6711
Epoch 4/5
313/313 [==============================] - 15s 46ms/step - loss: 0.4333 - sparse_categorical_accuracy: 0.8461 - val_loss: 1.0418 - val_sparse_categorical_accuracy: 0.6891
Epoch 5/5
313/313 [==============================] - 15s 46ms/step - loss: 0.2269 - sparse_categorical_accuracy: 0.9201 - val_loss: 1.2285 - val_sparse_categorical_accuracy: 0.6823
79/79 [==============================] - 1s 12ms/step - loss: 1.2762 - sparse_categorical_accuracy: 0.6824

EVALUATION LOG: OnlookerBee ID (1) -- Candidate (input|dropout|sep5x5_128|sep5x5_128|batch_norm|output)

Epoch 1/5
313/313 [==============================] - 16s 50ms/step - loss: 1.3661 - sparse_categorical_accuracy: 0.5202 - val_loss: 2.1078 - val_sparse_categorical_accuracy: 0.2439
Epoch 2/5
313/313 [==============================] - 15s 49ms/step - loss: 0.8396 - sparse_categorical_accuracy: 0.7035 - val_loss: 1.0033 - val_sparse_categorical_accuracy: 0.6611
Epoch 3/5
313/313 [==============================] - 15s 49ms/step - loss: 0.4929 - sparse_categorical_accuracy: 0.8264 - val_loss: 1.1619 - val_sparse_categorical_accuracy: 0.6583
Epoch 4/5
313/313 [==============================] - 15s 49ms/step - loss: 0.2581 - sparse_categorical_accuracy: 0.9122 - val_loss: 1.5908 - val_sparse_categorical_accuracy: 0.6432
Epoch 5/5
313/313 [==============================] - 15s 49ms/step - loss: 0.1730 - sparse_categorical_accuracy: 0.9427 - val_loss: 1.5601 - val_sparse_categorical_accuracy: 0.6265
79/79 [==============================] - 1s 13ms/step - loss: 1.5819 - sparse_categorical_accuracy: 0.6295

EVALUATION LOG: OnlookerBee ID (2) -- Candidate (input|sep3x3_64|sep5x5_128|sep5x5_128|sep3x3_128|output)

Epoch 1/5
313/313 [==============================] - 20s 61ms/step - loss: 1.6815 - sparse_categorical_accuracy: 0.3807 - val_loss: 1.4785 - val_sparse_categorical_accuracy: 0.4614
Epoch 2/5
313/313 [==============================] - 19s 61ms/step - loss: 1.1918 - sparse_categorical_accuracy: 0.5717 - val_loss: 1.0369 - val_sparse_categorical_accuracy: 0.6244
Epoch 3/5
313/313 [==============================] - 19s 61ms/step - loss: 0.9601 - sparse_categorical_accuracy: 0.6555 - val_loss: 0.9584 - val_sparse_categorical_accuracy: 0.6579
Epoch 4/5
313/313 [==============================] - 19s 61ms/step - loss: 0.7866 - sparse_categorical_accuracy: 0.7193 - val_loss: 0.8664 - val_sparse_categorical_accuracy: 0.6972
Epoch 5/5
313/313 [==============================] - 19s 60ms/step - loss: 0.6278 - sparse_categorical_accuracy: 0.7768 - val_loss: 0.8505 - val_sparse_categorical_accuracy: 0.7096
79/79 [==============================] - 1s 15ms/step - loss: 0.8871 - sparse_categorical_accuracy: 0.7024

EVALUATION LOG: OnlookerBee ID (3) -- Candidate (input|dropout|batch_norm|sep5x5_128|sep3x3_128|output)

Epoch 1/5
313/313 [==============================] - 15s 46ms/step - loss: 1.3737 - sparse_categorical_accuracy: 0.5035 - val_loss: 1.3690 - val_sparse_categorical_accuracy: 0.5288
Epoch 2/5
313/313 [==============================] - 14s 45ms/step - loss: 0.9230 - sparse_categorical_accuracy: 0.6732 - val_loss: 0.9382 - val_sparse_categorical_accuracy: 0.6656
Epoch 3/5
313/313 [==============================] - 14s 45ms/step - loss: 0.6066 - sparse_categorical_accuracy: 0.7869 - val_loss: 0.8797 - val_sparse_categorical_accuracy: 0.7091
Epoch 4/5
313/313 [==============================] - 14s 45ms/step - loss: 0.3135 - sparse_categorical_accuracy: 0.8914 - val_loss: 1.0325 - val_sparse_categorical_accuracy: 0.6994
Epoch 5/5
313/313 [==============================] - 14s 45ms/step - loss: 0.1561 - sparse_categorical_accuracy: 0.9475 - val_loss: 1.2238 - val_sparse_categorical_accuracy: 0.7039
79/79 [==============================] - 1s 12ms/step - loss: 1.3091 - sparse_categorical_accuracy: 0.6887
STATUS: itr: 1 -- Best fitness: 0.72079998254776, Total time (s): 1112.364205121994

EVALUATION LOG: EmployeeBee ID (0) -- Candidate (input|dropout|sep5x5_128|sep5x5_128|dropout|output)

Epoch 1/5
313/313 [==============================] - 16s 50ms/step - loss: 1.4435 - sparse_categorical_accuracy: 0.4726 - val_loss: 1.2820 - val_sparse_categorical_accuracy: 0.5467
Epoch 2/5
313/313 [==============================] - 16s 50ms/step - loss: 0.9920 - sparse_categorical_accuracy: 0.6442 - val_loss: 0.9308 - val_sparse_categorical_accuracy: 0.6659
Epoch 3/5
313/313 [==============================] - 16s 50ms/step - loss: 0.7214 - sparse_categorical_accuracy: 0.7448 - val_loss: 0.8711 - val_sparse_categorical_accuracy: 0.7008
Epoch 4/5
313/313 [==============================] - 16s 50ms/step - loss: 0.4569 - sparse_categorical_accuracy: 0.8403 - val_loss: 0.9192 - val_sparse_categorical_accuracy: 0.7139
Epoch 5/5
313/313 [==============================] - 16s 50ms/step - loss: 0.2568 - sparse_categorical_accuracy: 0.9114 - val_loss: 1.1197 - val_sparse_categorical_accuracy: 0.7115
79/79 [==============================] - 1s 12ms/step - loss: 1.1967 - sparse_categorical_accuracy: 0.7005

EVALUATION LOG: EmployeeBee ID (1) -- Candidate (input|sep3x3_128|sep3x3_128|avg_pool3x3|dropout|output)

Epoch 1/5
313/313 [==============================] - 16s 49ms/step - loss: 1.3773 - sparse_categorical_accuracy: 0.5032 - val_loss: 1.1899 - val_sparse_categorical_accuracy: 0.5710
Epoch 2/5
313/313 [==============================] - 15s 49ms/step - loss: 0.8942 - sparse_categorical_accuracy: 0.6869 - val_loss: 0.8672 - val_sparse_categorical_accuracy: 0.6952
Epoch 3/5
313/313 [==============================] - 15s 49ms/step - loss: 0.6401 - sparse_categorical_accuracy: 0.7728 - val_loss: 0.8238 - val_sparse_categorical_accuracy: 0.7144
Epoch 4/5
313/313 [==============================] - 15s 48ms/step - loss: 0.4153 - sparse_categorical_accuracy: 0.8561 - val_loss: 0.8771 - val_sparse_categorical_accuracy: 0.7189
Epoch 5/5
313/313 [==============================] - 15s 48ms/step - loss: 0.2293 - sparse_categorical_accuracy: 0.9208 - val_loss: 0.9779 - val_sparse_categorical_accuracy: 0.7358
79/79 [==============================] - 1s 13ms/step - loss: 1.0174 - sparse_categorical_accuracy: 0.7237

EVALUATION LOG: EmployeeBee ID (2) -- Candidate (input|avg_pool3x3|sep3x3_128|avg_pool3x3|sep5x5_32|output)

Epoch 1/5
313/313 [==============================] - 10s 31ms/step - loss: 1.4576 - sparse_categorical_accuracy: 0.4726 - val_loss: 1.4183 - val_sparse_categorical_accuracy: 0.4950
Epoch 2/5
313/313 [==============================] - 9s 30ms/step - loss: 1.0617 - sparse_categorical_accuracy: 0.6255 - val_loss: 0.9864 - val_sparse_categorical_accuracy: 0.6538
Epoch 3/5
313/313 [==============================] - 9s 30ms/step - loss: 0.8442 - sparse_categorical_accuracy: 0.7014 - val_loss: 0.8898 - val_sparse_categorical_accuracy: 0.6857
Epoch 4/5
313/313 [==============================] - 10s 30ms/step - loss: 0.6720 - sparse_categorical_accuracy: 0.7631 - val_loss: 0.9080 - val_sparse_categorical_accuracy: 0.6857
Epoch 5/5
313/313 [==============================] - 9s 30ms/step - loss: 0.5031 - sparse_categorical_accuracy: 0.8237 - val_loss: 0.9372 - val_sparse_categorical_accuracy: 0.7004
79/79 [==============================] - 1s 8ms/step - loss: 0.9511 - sparse_categorical_accuracy: 0.6925

EVALUATION LOG: OnlookerBee ID (0) -- Candidate (input|sep3x3_128|max_pool3x3|avg_pool3x3|dropout|output)

Epoch 1/5
313/313 [==============================] - 14s 44ms/step - loss: 1.9710 - sparse_categorical_accuracy: 0.4234 - val_loss: 1.2126 - val_sparse_categorical_accuracy: 0.5856
Epoch 2/5
313/313 [==============================] - 14s 44ms/step - loss: 1.0874 - sparse_categorical_accuracy: 0.6122 - val_loss: 0.9762 - val_sparse_categorical_accuracy: 0.6512
Epoch 3/5
313/313 [==============================] - 14s 44ms/step - loss: 0.8983 - sparse_categorical_accuracy: 0.6830 - val_loss: 0.8945 - val_sparse_categorical_accuracy: 0.6872
Epoch 4/5
313/313 [==============================] - 14s 44ms/step - loss: 0.7499 - sparse_categorical_accuracy: 0.7363 - val_loss: 0.8481 - val_sparse_categorical_accuracy: 0.7057
Epoch 5/5
313/313 [==============================] - 14s 44ms/step - loss: 0.6204 - sparse_categorical_accuracy: 0.7830 - val_loss: 0.8763 - val_sparse_categorical_accuracy: 0.7054
79/79 [==============================] - 1s 13ms/step - loss: 0.8817 - sparse_categorical_accuracy: 0.7011

EVALUATION LOG: OnlookerBee ID (1) -- Candidate (input|dropout|sep3x3_128|avg_pool3x3|sep5x5_32|output)

Epoch 1/5
313/313 [==============================] - 10s 31ms/step - loss: 1.4533 - sparse_categorical_accuracy: 0.4708 - val_loss: 1.4287 - val_sparse_categorical_accuracy: 0.4905
Epoch 2/5
313/313 [==============================] - 9s 30ms/step - loss: 1.0377 - sparse_categorical_accuracy: 0.6311 - val_loss: 0.9798 - val_sparse_categorical_accuracy: 0.6500
Epoch 3/5
313/313 [==============================] - 9s 30ms/step - loss: 0.8243 - sparse_categorical_accuracy: 0.7090 - val_loss: 0.8896 - val_sparse_categorical_accuracy: 0.6896
Epoch 4/5
313/313 [==============================] - 9s 30ms/step - loss: 0.6484 - sparse_categorical_accuracy: 0.7696 - val_loss: 0.8738 - val_sparse_categorical_accuracy: 0.7002
Epoch 5/5
313/313 [==============================] - 9s 30ms/step - loss: 0.4724 - sparse_categorical_accuracy: 0.8345 - val_loss: 0.9286 - val_sparse_categorical_accuracy: 0.7070
79/79 [==============================] - 1s 9ms/step - loss: 0.9448 - sparse_categorical_accuracy: 0.7089

EVALUATION LOG: OnlookerBee ID (2) -- Candidate (input|sep3x3_128|sep3x3_128|sep5x5_128|dropout|output)

Epoch 1/5
313/313 [==============================] - 19s 59ms/step - loss: 1.5364 - sparse_categorical_accuracy: 0.4371 - val_loss: 1.4076 - val_sparse_categorical_accuracy: 0.4951
Epoch 2/5
313/313 [==============================] - 18s 58ms/step - loss: 1.0773 - sparse_categorical_accuracy: 0.6177 - val_loss: 0.9926 - val_sparse_categorical_accuracy: 0.6411
Epoch 3/5
313/313 [==============================] - 18s 58ms/step - loss: 0.8238 - sparse_categorical_accuracy: 0.7064 - val_loss: 0.8608 - val_sparse_categorical_accuracy: 0.6965
Epoch 4/5
313/313 [==============================] - 18s 58ms/step - loss: 0.5989 - sparse_categorical_accuracy: 0.7886 - val_loss: 0.8538 - val_sparse_categorical_accuracy: 0.7035
Epoch 5/5
313/313 [==============================] - 18s 58ms/step - loss: 0.3827 - sparse_categorical_accuracy: 0.8656 - val_loss: 0.9517 - val_sparse_categorical_accuracy: 0.7110
79/79 [==============================] - 1s 14ms/step - loss: 0.9696 - sparse_categorical_accuracy: 0.7102

EVALUATION LOG: OnlookerBee ID (3) -- Candidate (input|sep3x3_128|sep3x3_128|avg_pool3x3|batch_norm|output)

Epoch 1/5
313/313 [==============================] - 16s 48ms/step - loss: 1.2749 - sparse_categorical_accuracy: 0.5618 - val_loss: 1.9769 - val_sparse_categorical_accuracy: 0.4886
Epoch 2/5
313/313 [==============================] - 15s 48ms/step - loss: 0.7342 - sparse_categorical_accuracy: 0.7470 - val_loss: 0.9131 - val_sparse_categorical_accuracy: 0.6904
Epoch 3/5
313/313 [==============================] - 15s 47ms/step - loss: 0.4147 - sparse_categorical_accuracy: 0.8564 - val_loss: 0.9520 - val_sparse_categorical_accuracy: 0.6924
Epoch 4/5
313/313 [==============================] - 15s 48ms/step - loss: 0.2152 - sparse_categorical_accuracy: 0.9256 - val_loss: 1.1637 - val_sparse_categorical_accuracy: 0.7024
Epoch 5/5
313/313 [==============================] - 15s 48ms/step - loss: 0.1375 - sparse_categorical_accuracy: 0.9534 - val_loss: 1.4561 - val_sparse_categorical_accuracy: 0.6805
79/79 [==============================] - 1s 14ms/step - loss: 1.4797 - sparse_categorical_accuracy: 0.6814
STATUS: itr: 2 -- Best fitness: 0.7236999869346619, Total time (s): 1633.9618225097656

EVALUATION LOG: EmployeeBee ID (0) -- Candidate (input|sep3x3_32|avg_pool3x3|sep5x5_128|sep5x5_128|output)

Epoch 1/5
313/313 [==============================] - 17s 51ms/step - loss: 1.4857 - sparse_categorical_accuracy: 0.4575 - val_loss: 1.1996 - val_sparse_categorical_accuracy: 0.5613
Epoch 2/5
313/313 [==============================] - 16s 51ms/step - loss: 1.0393 - sparse_categorical_accuracy: 0.6294 - val_loss: 0.9188 - val_sparse_categorical_accuracy: 0.6672
Epoch 3/5
313/313 [==============================] - 16s 51ms/step - loss: 0.8173 - sparse_categorical_accuracy: 0.7099 - val_loss: 0.8520 - val_sparse_categorical_accuracy: 0.6998
Epoch 4/5
313/313 [==============================] - 16s 50ms/step - loss: 0.6089 - sparse_categorical_accuracy: 0.7873 - val_loss: 0.8453 - val_sparse_categorical_accuracy: 0.7051
Epoch 5/5
313/313 [==============================] - 16s 50ms/step - loss: 0.3987 - sparse_categorical_accuracy: 0.8594 - val_loss: 0.8792 - val_sparse_categorical_accuracy: 0.7217
79/79 [==============================] - 1s 13ms/step - loss: 0.9236 - sparse_categorical_accuracy: 0.7070

EVALUATION LOG: EmployeeBee ID (1) -- Candidate (input|sep3x3_64|sep5x5_128|max_pool3x3|sep5x5_64|output)

Epoch 1/5
313/313 [==============================] - 13s 41ms/step - loss: 1.5002 - sparse_categorical_accuracy: 0.4503 - val_loss: 1.2246 - val_sparse_categorical_accuracy: 0.5622
Epoch 2/5
313/313 [==============================] - 13s 40ms/step - loss: 1.0342 - sparse_categorical_accuracy: 0.6331 - val_loss: 0.9636 - val_sparse_categorical_accuracy: 0.6571
Epoch 3/5
313/313 [==============================] - 13s 40ms/step - loss: 0.8213 - sparse_categorical_accuracy: 0.7097 - val_loss: 0.8329 - val_sparse_categorical_accuracy: 0.7062
Epoch 4/5
313/313 [==============================] - 13s 40ms/step - loss: 0.6255 - sparse_categorical_accuracy: 0.7807 - val_loss: 0.8986 - val_sparse_categorical_accuracy: 0.7056
Epoch 5/5
313/313 [==============================] - 13s 40ms/step - loss: 0.4579 - sparse_categorical_accuracy: 0.8412 - val_loss: 0.9133 - val_sparse_categorical_accuracy: 0.7132
79/79 [==============================] - 1s 11ms/step - loss: 0.9177 - sparse_categorical_accuracy: 0.7117

EVALUATION LOG: EmployeeBee ID (2) -- Candidate (input|dropout|avg_pool3x3|avg_pool3x3|sep5x5_32|output)

Epoch 1/5
313/313 [==============================] - 6s 18ms/step - loss: 1.5164 - sparse_categorical_accuracy: 0.4629 - val_loss: 1.3609 - val_sparse_categorical_accuracy: 0.5143
Epoch 2/5
313/313 [==============================] - 6s 18ms/step - loss: 1.1112 - sparse_categorical_accuracy: 0.6040 - val_loss: 1.0753 - val_sparse_categorical_accuracy: 0.6197
Epoch 3/5
313/313 [==============================] - 6s 18ms/step - loss: 0.9215 - sparse_categorical_accuracy: 0.6762 - val_loss: 1.0260 - val_sparse_categorical_accuracy: 0.6449
Epoch 4/5
313/313 [==============================] - 6s 18ms/step - loss: 0.7640 - sparse_categorical_accuracy: 0.7282 - val_loss: 0.9519 - val_sparse_categorical_accuracy: 0.6750
Epoch 5/5
313/313 [==============================] - 6s 18ms/step - loss: 0.6105 - sparse_categorical_accuracy: 0.7828 - val_loss: 0.9837 - val_sparse_categorical_accuracy: 0.6703
79/79 [==============================] - 1s 6ms/step - loss: 0.9791 - sparse_categorical_accuracy: 0.6757

EVALUATION LOG: OnlookerBee ID (0) -- Candidate (input|sep3x3_32|avg_pool3x3|sep5x5_128|sep3x3_32|output)

Epoch 1/5
313/313 [==============================] - 9s 26ms/step - loss: 1.5171 - sparse_categorical_accuracy: 0.4455 - val_loss: 1.4112 - val_sparse_categorical_accuracy: 0.4898
Epoch 2/5
313/313 [==============================] - 8s 26ms/step - loss: 1.1161 - sparse_categorical_accuracy: 0.6014 - val_loss: 1.0446 - val_sparse_categorical_accuracy: 0.6197
Epoch 3/5
313/313 [==============================] - 8s 26ms/step - loss: 0.9107 - sparse_categorical_accuracy: 0.6790 - val_loss: 0.9249 - val_sparse_categorical_accuracy: 0.6708
Epoch 4/5
313/313 [==============================] - 8s 26ms/step - loss: 0.7350 - sparse_categorical_accuracy: 0.7386 - val_loss: 0.8745 - val_sparse_categorical_accuracy: 0.6928
Epoch 5/5
313/313 [==============================] - 8s 26ms/step - loss: 0.5596 - sparse_categorical_accuracy: 0.8026 - val_loss: 0.8793 - val_sparse_categorical_accuracy: 0.7051
79/79 [==============================] - 1s 8ms/step - loss: 0.8903 - sparse_categorical_accuracy: 0.7076

EVALUATION LOG: OnlookerBee ID (1) -- Candidate (input|sep3x3_64|sep5x5_128|batch_norm|sep5x5_64|output)

Epoch 1/5
313/313 [==============================] - 13s 40ms/step - loss: 1.3391 - sparse_categorical_accuracy: 0.5197 - val_loss: 2.2954 - val_sparse_categorical_accuracy: 0.1078
Epoch 2/5
313/313 [==============================] - 12s 39ms/step - loss: 0.8740 - sparse_categorical_accuracy: 0.6901 - val_loss: 1.2119 - val_sparse_categorical_accuracy: 0.6570
Epoch 3/5
313/313 [==============================] - 12s 39ms/step - loss: 0.5837 - sparse_categorical_accuracy: 0.7934 - val_loss: 0.9122 - val_sparse_categorical_accuracy: 0.6953
Epoch 4/5
313/313 [==============================] - 12s 39ms/step - loss: 0.3062 - sparse_categorical_accuracy: 0.8943 - val_loss: 0.9866 - val_sparse_categorical_accuracy: 0.6903
Epoch 5/5
313/313 [==============================] - 12s 39ms/step - loss: 0.1515 - sparse_categorical_accuracy: 0.9492 - val_loss: 1.2263 - val_sparse_categorical_accuracy: 0.6936
79/79 [==============================] - 1s 10ms/step - loss: 1.2200 - sparse_categorical_accuracy: 0.6913

EVALUATION LOG: OnlookerBee ID (2) -- Candidate (input|batch_norm|sep3x3_128|avg_pool3x3|sep5x5_32|output)

Epoch 1/5
313/313 [==============================] - 10s 30ms/step - loss: 1.3750 - sparse_categorical_accuracy: 0.4997 - val_loss: 1.2297 - val_sparse_categorical_accuracy: 0.5536
Epoch 2/5
313/313 [==============================] - 9s 30ms/step - loss: 0.9701 - sparse_categorical_accuracy: 0.6569 - val_loss: 0.8801 - val_sparse_categorical_accuracy: 0.6869
Epoch 3/5
313/313 [==============================] - 9s 30ms/step - loss: 0.7356 - sparse_categorical_accuracy: 0.7388 - val_loss: 0.8847 - val_sparse_categorical_accuracy: 0.6894
Epoch 4/5
313/313 [==============================] - 9s 30ms/step - loss: 0.5303 - sparse_categorical_accuracy: 0.8134 - val_loss: 0.8802 - val_sparse_categorical_accuracy: 0.7165
Epoch 5/5
313/313 [==============================] - 9s 30ms/step - loss: 0.3415 - sparse_categorical_accuracy: 0.8804 - val_loss: 0.9606 - val_sparse_categorical_accuracy: 0.7124
79/79 [==============================] - 1s 8ms/step - loss: 0.9851 - sparse_categorical_accuracy: 0.7077

EVALUATION LOG: OnlookerBee ID (3) -- Candidate (input|sep3x3_64|sep5x5_128|max_pool3x3|dropout|output)

Epoch 1/5
313/313 [==============================] - 15s 46ms/step - loss: 1.4279 - sparse_categorical_accuracy: 0.4821 - val_loss: 1.1459 - val_sparse_categorical_accuracy: 0.5855
Epoch 2/5
313/313 [==============================] - 14s 46ms/step - loss: 0.9306 - sparse_categorical_accuracy: 0.6688 - val_loss: 0.8904 - val_sparse_categorical_accuracy: 0.6870
Epoch 3/5
313/313 [==============================] - 14s 46ms/step - loss: 0.6605 - sparse_categorical_accuracy: 0.7683 - val_loss: 0.8262 - val_sparse_categorical_accuracy: 0.7185
Epoch 4/5
313/313 [==============================] - 14s 46ms/step - loss: 0.4092 - sparse_categorical_accuracy: 0.8577 - val_loss: 0.8838 - val_sparse_categorical_accuracy: 0.7185
Epoch 5/5
313/313 [==============================] - 14s 46ms/step - loss: 0.2164 - sparse_categorical_accuracy: 0.9256 - val_loss: 1.0306 - val_sparse_categorical_accuracy: 0.7216
79/79 [==============================] - 1s 13ms/step - loss: 1.0847 - sparse_categorical_accuracy: 0.7005
STATUS: itr: 3 -- Best fitness: 0.7236999869346619, Total time (s): 2053.4350192546844

EVALUATION LOG: EmployeeBee ID (0) -- Candidate (input|sep3x3_64|avg_pool3x3|sep5x5_128|sep3x3_32|output)

Epoch 1/5
313/313 [==============================] - 10s 30ms/step - loss: 1.5458 - sparse_categorical_accuracy: 0.4344 - val_loss: 1.2699 - val_sparse_categorical_accuracy: 0.5490
Epoch 2/5
313/313 [==============================] - 9s 30ms/step - loss: 1.0987 - sparse_categorical_accuracy: 0.6065 - val_loss: 1.0017 - val_sparse_categorical_accuracy: 0.6459
Epoch 3/5
313/313 [==============================] - 9s 30ms/step - loss: 0.8979 - sparse_categorical_accuracy: 0.6798 - val_loss: 0.9036 - val_sparse_categorical_accuracy: 0.6707
Epoch 4/5
313/313 [==============================] - 9s 29ms/step - loss: 0.7275 - sparse_categorical_accuracy: 0.7417 - val_loss: 0.8344 - val_sparse_categorical_accuracy: 0.7020
Epoch 5/5
313/313 [==============================] - 9s 29ms/step - loss: 0.5763 - sparse_categorical_accuracy: 0.7945 - val_loss: 0.8522 - val_sparse_categorical_accuracy: 0.7137
79/79 [==============================] - 1s 8ms/step - loss: 0.8711 - sparse_categorical_accuracy: 0.7091

EVALUATION LOG: EmployeeBee ID (1) -- Candidate (input|sep5x5_32|sep3x3_32|sep3x3_64|sep5x5_64|output)

Epoch 1/5
313/313 [==============================] - 11s 33ms/step - loss: 1.6166 - sparse_categorical_accuracy: 0.4068 - val_loss: 1.4390 - val_sparse_categorical_accuracy: 0.4740
Epoch 2/5
313/313 [==============================] - 10s 32ms/step - loss: 1.2206 - sparse_categorical_accuracy: 0.5619 - val_loss: 1.1528 - val_sparse_categorical_accuracy: 0.5927
Epoch 3/5
313/313 [==============================] - 10s 33ms/step - loss: 1.0101 - sparse_categorical_accuracy: 0.6412 - val_loss: 1.0418 - val_sparse_categorical_accuracy: 0.6299
Epoch 4/5
313/313 [==============================] - 10s 33ms/step - loss: 0.8414 - sparse_categorical_accuracy: 0.7038 - val_loss: 0.9220 - val_sparse_categorical_accuracy: 0.6771
Epoch 5/5
313/313 [==============================] - 10s 33ms/step - loss: 0.6742 - sparse_categorical_accuracy: 0.7621 - val_loss: 0.9717 - val_sparse_categorical_accuracy: 0.6745
79/79 [==============================] - 1s 9ms/step - loss: 0.9936 - sparse_categorical_accuracy: 0.6637

EVALUATION LOG: EmployeeBee ID (2) -- Candidate (input|sep3x3_32|sep3x3_32|sep5x5_128|sep3x3_32|output)

Epoch 1/5
313/313 [==============================] - 9s 27ms/step - loss: 1.7331 - sparse_categorical_accuracy: 0.3484 - val_loss: 1.5758 - val_sparse_categorical_accuracy: 0.4204
Epoch 2/5
313/313 [==============================] - 9s 27ms/step - loss: 1.2894 - sparse_categorical_accuracy: 0.5342 - val_loss: 1.1509 - val_sparse_categorical_accuracy: 0.5853
Epoch 3/5
313/313 [==============================] - 9s 27ms/step - loss: 1.1004 - sparse_categorical_accuracy: 0.6075 - val_loss: 1.0724 - val_sparse_categorical_accuracy: 0.6135
Epoch 4/5
313/313 [==============================] - 9s 27ms/step - loss: 0.9569 - sparse_categorical_accuracy: 0.6588 - val_loss: 0.9595 - val_sparse_categorical_accuracy: 0.6582
Epoch 5/5
313/313 [==============================] - 8s 27ms/step - loss: 0.8200 - sparse_categorical_accuracy: 0.7108 - val_loss: 0.9333 - val_sparse_categorical_accuracy: 0.6702
79/79 [==============================] - 1s 7ms/step - loss: 0.9616 - sparse_categorical_accuracy: 0.6620

EVALUATION LOG: OnlookerBee ID (0) -- Candidate (input|sep3x3_32|sep3x3_32|sep5x5_32|sep3x3_32|output)

Epoch 1/5
313/313 [==============================] - 8s 22ms/step - loss: 1.6474 - sparse_categorical_accuracy: 0.3954 - val_loss: 1.4379 - val_sparse_categorical_accuracy: 0.4792
Epoch 2/5
313/313 [==============================] - 7s 22ms/step - loss: 1.2599 - sparse_categorical_accuracy: 0.5461 - val_loss: 1.1220 - val_sparse_categorical_accuracy: 0.5977
Epoch 3/5
313/313 [==============================] - 7s 22ms/step - loss: 1.0734 - sparse_categorical_accuracy: 0.6158 - val_loss: 1.0483 - val_sparse_categorical_accuracy: 0.6269
Epoch 4/5
313/313 [==============================] - 7s 22ms/step - loss: 0.9075 - sparse_categorical_accuracy: 0.6802 - val_loss: 0.9587 - val_sparse_categorical_accuracy: 0.6621
Epoch 5/5
313/313 [==============================] - 7s 22ms/step - loss: 0.7616 - sparse_categorical_accuracy: 0.7297 - val_loss: 0.9435 - val_sparse_categorical_accuracy: 0.6771
79/79 [==============================] - 1s 7ms/step - loss: 0.9661 - sparse_categorical_accuracy: 0.6703

EVALUATION LOG: OnlookerBee ID (1) -- Candidate (input|sep3x3_32|sep3x3_32|sep3x3_128|sep3x3_32|output)

Epoch 1/5
313/313 [==============================] - 9s 27ms/step - loss: 1.7677 - sparse_categorical_accuracy: 0.3401 - val_loss: 1.4166 - val_sparse_categorical_accuracy: 0.4837
Epoch 2/5
313/313 [==============================] - 8s 26ms/step - loss: 1.3151 - sparse_categorical_accuracy: 0.5265 - val_loss: 1.2491 - val_sparse_categorical_accuracy: 0.5481
Epoch 3/5
313/313 [==============================] - 8s 26ms/step - loss: 1.1184 - sparse_categorical_accuracy: 0.6009 - val_loss: 1.0668 - val_sparse_categorical_accuracy: 0.6215
Epoch 4/5
313/313 [==============================] - 8s 26ms/step - loss: 0.9603 - sparse_categorical_accuracy: 0.6577 - val_loss: 0.9804 - val_sparse_categorical_accuracy: 0.6481
Epoch 5/5
313/313 [==============================] - 8s 26ms/step - loss: 0.8209 - sparse_categorical_accuracy: 0.7083 - val_loss: 0.9622 - val_sparse_categorical_accuracy: 0.6621
79/79 [==============================] - 1s 7ms/step - loss: 0.9801 - sparse_categorical_accuracy: 0.6583

EVALUATION LOG: OnlookerBee ID (2) -- Candidate (input|sep3x3_64|avg_pool3x3|sep5x5_128|dropout|output)

Epoch 1/5
313/313 [==============================] - 15s 45ms/step - loss: 1.3973 - sparse_categorical_accuracy: 0.4954 - val_loss: 1.2510 - val_sparse_categorical_accuracy: 0.5676
Epoch 2/5
313/313 [==============================] - 14s 45ms/step - loss: 0.9293 - sparse_categorical_accuracy: 0.6722 - val_loss: 0.9046 - val_sparse_categorical_accuracy: 0.6818
Epoch 3/5
313/313 [==============================] - 14s 45ms/step - loss: 0.6802 - sparse_categorical_accuracy: 0.7618 - val_loss: 0.8469 - val_sparse_categorical_accuracy: 0.7072
Epoch 4/5
313/313 [==============================] - 14s 45ms/step - loss: 0.4366 - sparse_categorical_accuracy: 0.8491 - val_loss: 0.8550 - val_sparse_categorical_accuracy: 0.7264
Epoch 5/5
313/313 [==============================] - 14s 45ms/step - loss: 0.2487 - sparse_categorical_accuracy: 0.9134 - val_loss: 0.9693 - val_sparse_categorical_accuracy: 0.7246
79/79 [==============================] - 1s 12ms/step - loss: 0.9992 - sparse_categorical_accuracy: 0.7204

EVALUATION LOG: OnlookerBee ID (3) -- Candidate (input|sep5x5_32|sep3x3_32|sep3x3_32|sep5x5_64|output)

Epoch 1/5
313/313 [==============================] - 10s 31ms/step - loss: 1.6449 - sparse_categorical_accuracy: 0.4003 - val_loss: 1.5449 - val_sparse_categorical_accuracy: 0.4304
Epoch 2/5
313/313 [==============================] - 9s 30ms/step - loss: 1.2424 - sparse_categorical_accuracy: 0.5524 - val_loss: 1.1290 - val_sparse_categorical_accuracy: 0.5892
Epoch 3/5
313/313 [==============================] - 9s 30ms/step - loss: 1.0478 - sparse_categorical_accuracy: 0.6264 - val_loss: 1.0257 - val_sparse_categorical_accuracy: 0.6355
Epoch 4/5
313/313 [==============================] - 10s 32ms/step - loss: 0.8540 - sparse_categorical_accuracy: 0.6952 - val_loss: 0.9608 - val_sparse_categorical_accuracy: 0.6681
Epoch 5/5
313/313 [==============================] - 9s 30ms/step - loss: 0.6581 - sparse_categorical_accuracy: 0.7668 - val_loss: 0.9511 - val_sparse_categorical_accuracy: 0.6782
79/79 [==============================] - 1s 8ms/step - loss: 0.9695 - sparse_categorical_accuracy: 0.6708
STATUS: itr: 4 -- Best fitness: 0.7236999869346619, Total time (s): 2422.1608366966248

EVALUATION LOG: EmployeeBee ID (0) -- Candidate (input|sep5x5_32|batch_norm|sep3x3_128|sep3x3_128|output)

Epoch 1/5
313/313 [==============================] - 15s 47ms/step - loss: 1.4038 - sparse_categorical_accuracy: 0.4922 - val_loss: 1.6444 - val_sparse_categorical_accuracy: 0.4300
Epoch 2/5
313/313 [==============================] - 15s 47ms/step - loss: 0.8931 - sparse_categorical_accuracy: 0.6854 - val_loss: 0.9474 - val_sparse_categorical_accuracy: 0.6630
Epoch 3/5
313/313 [==============================] - 15s 47ms/step - loss: 0.4972 - sparse_categorical_accuracy: 0.8245 - val_loss: 1.1085 - val_sparse_categorical_accuracy: 0.6598
Epoch 4/5
313/313 [==============================] - 15s 47ms/step - loss: 0.1652 - sparse_categorical_accuracy: 0.9438 - val_loss: 1.4070 - val_sparse_categorical_accuracy: 0.6579
Epoch 5/5
313/313 [==============================] - 15s 47ms/step - loss: 0.0864 - sparse_categorical_accuracy: 0.9706 - val_loss: 1.4949 - val_sparse_categorical_accuracy: 0.6836
79/79 [==============================] - 1s 12ms/step - loss: 1.5784 - sparse_categorical_accuracy: 0.6708

EVALUATION LOG: EmployeeBee ID (1) -- Candidate (input|sep5x5_32|sep3x3_128|sep3x3_32|sep5x5_64|output)

Epoch 1/5
313/313 [==============================] - 12s 36ms/step - loss: 1.7135 - sparse_categorical_accuracy: 0.3678 - val_loss: 1.4973 - val_sparse_categorical_accuracy: 0.4578
Epoch 2/5
313/313 [==============================] - 11s 36ms/step - loss: 1.2446 - sparse_categorical_accuracy: 0.5545 - val_loss: 1.1339 - val_sparse_categorical_accuracy: 0.5861
Epoch 3/5
313/313 [==============================] - 11s 36ms/step - loss: 1.0221 - sparse_categorical_accuracy: 0.6384 - val_loss: 0.9874 - val_sparse_categorical_accuracy: 0.6425
Epoch 4/5
313/313 [==============================] - 11s 36ms/step - loss: 0.8434 - sparse_categorical_accuracy: 0.7020 - val_loss: 0.9398 - val_sparse_categorical_accuracy: 0.6700
Epoch 5/5
313/313 [==============================] - 11s 35ms/step - loss: 0.6598 - sparse_categorical_accuracy: 0.7689 - val_loss: 0.9469 - val_sparse_categorical_accuracy: 0.6741
79/79 [==============================] - 1s 9ms/step - loss: 0.9893 - sparse_categorical_accuracy: 0.6635

EVALUATION LOG: EmployeeBee ID (2) -- Candidate (input|avg_pool3x3|sep5x5_64|sep3x3_64|sep3x3_64|output)

Epoch 1/5
313/313 [==============================] - 11s 32ms/step - loss: 1.5069 - sparse_categorical_accuracy: 0.4527 - val_loss: 1.4908 - val_sparse_categorical_accuracy: 0.4780
Epoch 2/5
313/313 [==============================] - 10s 32ms/step - loss: 1.1030 - sparse_categorical_accuracy: 0.6095 - val_loss: 1.0622 - val_sparse_categorical_accuracy: 0.6237
Epoch 3/5
313/313 [==============================] - 10s 32ms/step - loss: 0.8885 - sparse_categorical_accuracy: 0.6853 - val_loss: 0.9542 - val_sparse_categorical_accuracy: 0.6659
Epoch 4/5
313/313 [==============================] - 10s 32ms/step - loss: 0.6787 - sparse_categorical_accuracy: 0.7605 - val_loss: 0.9425 - val_sparse_categorical_accuracy: 0.6798
Epoch 5/5
313/313 [==============================] - 10s 32ms/step - loss: 0.4740 - sparse_categorical_accuracy: 0.8332 - val_loss: 0.9912 - val_sparse_categorical_accuracy: 0.6883
79/79 [==============================] - 1s 9ms/step - loss: 1.0181 - sparse_categorical_accuracy: 0.6842

EVALUATION LOG: OnlookerBee ID (0) -- Candidate (input|sep3x3_128|sep5x5_64|sep3x3_64|sep3x3_64|output)

Epoch 1/5
313/313 [==============================] - 13s 41ms/step - loss: 2.3028 - sparse_categorical_accuracy: 0.0988 - val_loss: 2.3028 - val_sparse_categorical_accuracy: 0.0937
Epoch 2/5
313/313 [==============================] - 13s 40ms/step - loss: 2.3027 - sparse_categorical_accuracy: 0.0998 - val_loss: 2.3028 - val_sparse_categorical_accuracy: 0.0937
Epoch 3/5
313/313 [==============================] - 13s 40ms/step - loss: 2.3027 - sparse_categorical_accuracy: 0.0982 - val_loss: 2.3029 - val_sparse_categorical_accuracy: 0.0937
Epoch 4/5
313/313 [==============================] - 13s 40ms/step - loss: 2.3027 - sparse_categorical_accuracy: 0.1016 - val_loss: 2.3029 - val_sparse_categorical_accuracy: 0.0937
Epoch 5/5
313/313 [==============================] - 13s 40ms/step - loss: 2.3027 - sparse_categorical_accuracy: 0.1002 - val_loss: 2.3028 - val_sparse_categorical_accuracy: 0.0937
79/79 [==============================] - 1s 10ms/step - loss: 2.3026 - sparse_categorical_accuracy: 0.1000

EVALUATION LOG: OnlookerBee ID (1) -- Candidate (input|sep3x3_32|sep5x5_64|sep3x3_64|sep3x3_64|output)

Epoch 1/5
313/313 [==============================] - 11s 34ms/step - loss: 1.6853 - sparse_categorical_accuracy: 0.3763 - val_loss: 1.4919 - val_sparse_categorical_accuracy: 0.4680
Epoch 2/5
313/313 [==============================] - 10s 33ms/step - loss: 1.2755 - sparse_categorical_accuracy: 0.5393 - val_loss: 1.1449 - val_sparse_categorical_accuracy: 0.5894
Epoch 3/5
313/313 [==============================] - 10s 33ms/step - loss: 1.0663 - sparse_categorical_accuracy: 0.6164 - val_loss: 1.0177 - val_sparse_categorical_accuracy: 0.6327
Epoch 4/5
313/313 [==============================] - 10s 33ms/step - loss: 0.9127 - sparse_categorical_accuracy: 0.6747 - val_loss: 0.9841 - val_sparse_categorical_accuracy: 0.6519
Epoch 5/5
313/313 [==============================] - 10s 33ms/step - loss: 0.7632 - sparse_categorical_accuracy: 0.7282 - val_loss: 0.9391 - val_sparse_categorical_accuracy: 0.6704
79/79 [==============================] - 1s 9ms/step - loss: 0.9711 - sparse_categorical_accuracy: 0.6682

EVALUATION LOG: OnlookerBee ID (2) -- Candidate (input|sep5x5_32|sep5x5_128|sep3x3_128|sep3x3_128|output)

Epoch 1/5
313/313 [==============================] - 18s 57ms/step - loss: 1.7251 - sparse_categorical_accuracy: 0.3549 - val_loss: 1.5008 - val_sparse_categorical_accuracy: 0.4552
Epoch 2/5
313/313 [==============================] - 18s 56ms/step - loss: 1.2941 - sparse_categorical_accuracy: 0.5287 - val_loss: 1.2014 - val_sparse_categorical_accuracy: 0.5732
Epoch 3/5
313/313 [==============================] - 18s 56ms/step - loss: 1.0906 - sparse_categorical_accuracy: 0.6103 - val_loss: 1.0589 - val_sparse_categorical_accuracy: 0.6290
Epoch 4/5
313/313 [==============================] - 17s 56ms/step - loss: 0.9345 - sparse_categorical_accuracy: 0.6656 - val_loss: 0.9658 - val_sparse_categorical_accuracy: 0.6648
Epoch 5/5
313/313 [==============================] - 17s 56ms/step - loss: 0.7937 - sparse_categorical_accuracy: 0.7170 - val_loss: 0.9265 - val_sparse_categorical_accuracy: 0.6795
79/79 [==============================] - 1s 14ms/step - loss: 0.9501 - sparse_categorical_accuracy: 0.6701

EVALUATION LOG: OnlookerBee ID (3) -- Candidate (input|avg_pool3x3|sep5x5_64|sep3x3_64|sep5x5_32|output)

Epoch 1/5
313/313 [==============================] - 9s 27ms/step - loss: 1.5493 - sparse_categorical_accuracy: 0.4382 - val_loss: 1.3678 - val_sparse_categorical_accuracy: 0.5101
Epoch 2/5
313/313 [==============================] - 8s 27ms/step - loss: 1.1308 - sparse_categorical_accuracy: 0.5964 - val_loss: 1.0313 - val_sparse_categorical_accuracy: 0.6297
Epoch 3/5
313/313 [==============================] - 8s 27ms/step - loss: 0.9156 - sparse_categorical_accuracy: 0.6755 - val_loss: 0.9214 - val_sparse_categorical_accuracy: 0.6708
Epoch 4/5
313/313 [==============================] - 8s 27ms/step - loss: 0.7392 - sparse_categorical_accuracy: 0.7366 - val_loss: 0.8610 - val_sparse_categorical_accuracy: 0.6953
Epoch 5/5
313/313 [==============================] - 8s 26ms/step - loss: 0.5618 - sparse_categorical_accuracy: 0.8019 - val_loss: 0.8742 - val_sparse_categorical_accuracy: 0.7014
79/79 [==============================] - 1s 7ms/step - loss: 0.9124 - sparse_categorical_accuracy: 0.6987
STATUS: itr: 5 -- Best fitness: 0.7236999869346619, Total time (s): 2896.2415976524353

EVALUATION LOG: EmployeeBee ID (0) -- Candidate (input|sep5x5_32|sep3x3_32|sep3x3_128|sep3x3_128|output)

Epoch 1/5
313/313 [==============================] - 16s 49ms/step - loss: 1.7268 - sparse_categorical_accuracy: 0.3585 - val_loss: 1.4807 - val_sparse_categorical_accuracy: 0.4717
Epoch 2/5
313/313 [==============================] - 15s 49ms/step - loss: 1.3090 - sparse_categorical_accuracy: 0.5259 - val_loss: 1.1938 - val_sparse_categorical_accuracy: 0.5731
Epoch 3/5
313/313 [==============================] - 15s 49ms/step - loss: 1.0879 - sparse_categorical_accuracy: 0.6121 - val_loss: 1.0820 - val_sparse_categorical_accuracy: 0.6157
Epoch 4/5
313/313 [==============================] - 15s 49ms/step - loss: 0.9272 - sparse_categorical_accuracy: 0.6704 - val_loss: 1.0072 - val_sparse_categorical_accuracy: 0.6446
Epoch 5/5
313/313 [==============================] - 15s 49ms/step - loss: 0.7657 - sparse_categorical_accuracy: 0.7287 - val_loss: 0.9381 - val_sparse_categorical_accuracy: 0.6761
79/79 [==============================] - 1s 13ms/step - loss: 0.9612 - sparse_categorical_accuracy: 0.6648

EVALUATION LOG: EmployeeBee ID (1) -- Candidate (input|sep5x5_128|max_pool3x3|sep3x3_128|dropout|output)

Epoch 1/5
313/313 [==============================] - 16s 49ms/step - loss: 1.3725 - sparse_categorical_accuracy: 0.5058 - val_loss: 1.1769 - val_sparse_categorical_accuracy: 0.5856
Epoch 2/5
313/313 [==============================] - 15s 49ms/step - loss: 0.9053 - sparse_categorical_accuracy: 0.6807 - val_loss: 0.8721 - val_sparse_categorical_accuracy: 0.6914
Epoch 3/5
313/313 [==============================] - 15s 49ms/step - loss: 0.6436 - sparse_categorical_accuracy: 0.7730 - val_loss: 0.8320 - val_sparse_categorical_accuracy: 0.7124
Epoch 4/5
313/313 [==============================] - 15s 49ms/step - loss: 0.3912 - sparse_categorical_accuracy: 0.8636 - val_loss: 0.8265 - val_sparse_categorical_accuracy: 0.7394
Epoch 5/5
313/313 [==============================] - 15s 49ms/step - loss: 0.2056 - sparse_categorical_accuracy: 0.9289 - val_loss: 1.0614 - val_sparse_categorical_accuracy: 0.7222
79/79 [==============================] - 1s 13ms/step - loss: 1.1084 - sparse_categorical_accuracy: 0.7115

EVALUATION LOG: EmployeeBee ID (2) -- Candidate (input|avg_pool3x3|sep3x3_64|max_pool3x3|sep5x5_64|output)

Epoch 1/5
313/313 [==============================] - 10s 31ms/step - loss: 1.4348 - sparse_categorical_accuracy: 0.4785 - val_loss: 1.4537 - val_sparse_categorical_accuracy: 0.4940
Epoch 2/5
313/313 [==============================] - 10s 31ms/step - loss: 1.0122 - sparse_categorical_accuracy: 0.6409 - val_loss: 0.9552 - val_sparse_categorical_accuracy: 0.6610
Epoch 3/5
313/313 [==============================] - 10s 30ms/step - loss: 0.7919 - sparse_categorical_accuracy: 0.7211 - val_loss: 0.9080 - val_sparse_categorical_accuracy: 0.6821
Epoch 4/5
313/313 [==============================] - 10s 30ms/step - loss: 0.5914 - sparse_categorical_accuracy: 0.7905 - val_loss: 0.8789 - val_sparse_categorical_accuracy: 0.7049
Epoch 5/5
313/313 [==============================] - 10s 30ms/step - loss: 0.3963 - sparse_categorical_accuracy: 0.8612 - val_loss: 0.9599 - val_sparse_categorical_accuracy: 0.6968
79/79 [==============================] - 1s 9ms/step - loss: 0.9785 - sparse_categorical_accuracy: 0.6913

EVALUATION LOG: OnlookerBee ID (0) -- Candidate (input|sep5x5_32|sep5x5_64|sep3x3_128|sep3x3_128|output)

Epoch 1/5
313/313 [==============================] - 17s 53ms/step - loss: 1.7036 - sparse_categorical_accuracy: 0.3740 - val_loss: 1.4314 - val_sparse_categorical_accuracy: 0.4839
Epoch 2/5
313/313 [==============================] - 16s 52ms/step - loss: 1.2768 - sparse_categorical_accuracy: 0.5381 - val_loss: 1.1211 - val_sparse_categorical_accuracy: 0.5957
Epoch 3/5
313/313 [==============================] - 16s 52ms/step - loss: 1.0534 - sparse_categorical_accuracy: 0.6242 - val_loss: 1.0366 - val_sparse_categorical_accuracy: 0.6315
Epoch 4/5
313/313 [==============================] - 16s 52ms/step - loss: 0.8842 - sparse_categorical_accuracy: 0.6858 - val_loss: 1.0174 - val_sparse_categorical_accuracy: 0.6482
Epoch 5/5
313/313 [==============================] - 16s 51ms/step - loss: 0.7221 - sparse_categorical_accuracy: 0.7465 - val_loss: 0.9262 - val_sparse_categorical_accuracy: 0.6743
79/79 [==============================] - 1s 14ms/step - loss: 0.9504 - sparse_categorical_accuracy: 0.6713

EVALUATION LOG: OnlookerBee ID (1) -- Candidate (input|avg_pool3x3|sep3x3_128|max_pool3x3|sep5x5_64|output)

Epoch 1/5
313/313 [==============================] - 12s 37ms/step - loss: 1.3899 - sparse_categorical_accuracy: 0.4963 - val_loss: 1.2959 - val_sparse_categorical_accuracy: 0.5358
Epoch 2/5
313/313 [==============================] - 11s 37ms/step - loss: 0.9841 - sparse_categorical_accuracy: 0.6511 - val_loss: 0.9918 - val_sparse_categorical_accuracy: 0.6503
Epoch 3/5
313/313 [==============================] - 11s 37ms/step - loss: 0.7498 - sparse_categorical_accuracy: 0.7344 - val_loss: 0.8918 - val_sparse_categorical_accuracy: 0.6895
Epoch 4/5
313/313 [==============================] - 11s 36ms/step - loss: 0.5386 - sparse_categorical_accuracy: 0.8095 - val_loss: 0.8807 - val_sparse_categorical_accuracy: 0.7003
Epoch 5/5
313/313 [==============================] - 11s 37ms/step - loss: 0.3343 - sparse_categorical_accuracy: 0.8848 - val_loss: 0.9969 - val_sparse_categorical_accuracy: 0.6976
79/79 [==============================] - 1s 10ms/step - loss: 1.0205 - sparse_categorical_accuracy: 0.6998

EVALUATION LOG: OnlookerBee ID (2) -- Candidate (input|sep3x3_32|sep3x3_128|max_pool3x3|sep5x5_64|output)

Epoch 1/5
313/313 [==============================] - 13s 38ms/step - loss: 1.4555 - sparse_categorical_accuracy: 0.4647 - val_loss: 1.3204 - val_sparse_categorical_accuracy: 0.5135
Epoch 2/5
313/313 [==============================] - 12s 37ms/step - loss: 0.9883 - sparse_categorical_accuracy: 0.6484 - val_loss: 0.8687 - val_sparse_categorical_accuracy: 0.6971
Epoch 3/5
313/313 [==============================] - 12s 37ms/step - loss: 0.7744 - sparse_categorical_accuracy: 0.7285 - val_loss: 0.8345 - val_sparse_categorical_accuracy: 0.7140
Epoch 4/5
313/313 [==============================] - 12s 37ms/step - loss: 0.5911 - sparse_categorical_accuracy: 0.7935 - val_loss: 0.8069 - val_sparse_categorical_accuracy: 0.7263
Epoch 5/5
313/313 [==============================] - 12s 37ms/step - loss: 0.4025 - sparse_categorical_accuracy: 0.8593 - val_loss: 0.8741 - val_sparse_categorical_accuracy: 0.7283
79/79 [==============================] - 1s 11ms/step - loss: 0.9067 - sparse_categorical_accuracy: 0.7266

EVALUATION LOG: OnlookerBee ID (3) -- Candidate (input|sep3x3_128|sep3x3_128|max_pool3x3|sep5x5_64|output)

Epoch 1/5
313/313 [==============================] - 14s 43ms/step - loss: 1.4557 - sparse_categorical_accuracy: 0.4673 - val_loss: 1.2154 - val_sparse_categorical_accuracy: 0.5670
Epoch 2/5
313/313 [==============================] - 13s 42ms/step - loss: 0.9756 - sparse_categorical_accuracy: 0.6519 - val_loss: 0.9236 - val_sparse_categorical_accuracy: 0.6779
Epoch 3/5
313/313 [==============================] - 13s 42ms/step - loss: 0.7427 - sparse_categorical_accuracy: 0.7400 - val_loss: 0.7925 - val_sparse_categorical_accuracy: 0.7241
Epoch 4/5
313/313 [==============================] - 13s 43ms/step - loss: 0.5811 - sparse_categorical_accuracy: 0.7960 - val_loss: 0.7321 - val_sparse_categorical_accuracy: 0.7473
Epoch 5/5
313/313 [==============================] - 13s 43ms/step - loss: 0.4133 - sparse_categorical_accuracy: 0.8542 - val_loss: 0.7908 - val_sparse_categorical_accuracy: 0.7416
79/79 [==============================] - 1s 11ms/step - loss: 0.8277 - sparse_categorical_accuracy: 0.7357
STATUS: itr: 6 -- Best fitness: 0.7357000112533569, Total time (s): 3404.320101737976

EVALUATION LOG: EmployeeBee ID (0) -- Candidate (input|sep5x5_128|sep5x5_64|max_pool3x3|sep3x3_128|output)

Epoch 1/5
313/313 [==============================] - 18s 54ms/step - loss: 1.4607 - sparse_categorical_accuracy: 0.4661 - val_loss: 1.3668 - val_sparse_categorical_accuracy: 0.5047
Epoch 2/5
313/313 [==============================] - 17s 54ms/step - loss: 1.0153 - sparse_categorical_accuracy: 0.6410 - val_loss: 0.9021 - val_sparse_categorical_accuracy: 0.6801
Epoch 3/5
313/313 [==============================] - 17s 54ms/step - loss: 0.7697 - sparse_categorical_accuracy: 0.7271 - val_loss: 0.8344 - val_sparse_categorical_accuracy: 0.7033
Epoch 4/5
313/313 [==============================] - 17s 54ms/step - loss: 0.5489 - sparse_categorical_accuracy: 0.8073 - val_loss: 0.8733 - val_sparse_categorical_accuracy: 0.7086
Epoch 5/5
313/313 [==============================] - 17s 54ms/step - loss: 0.3308 - sparse_categorical_accuracy: 0.8853 - val_loss: 0.9320 - val_sparse_categorical_accuracy: 0.7174
79/79 [==============================] - 1s 14ms/step - loss: 0.9623 - sparse_categorical_accuracy: 0.7125

EVALUATION LOG: EmployeeBee ID (1) -- Candidate (input|sep5x5_128|max_pool3x3|sep3x3_32|dropout|output)

Epoch 1/5
313/313 [==============================] - 9s 27ms/step - loss: 1.3892 - sparse_categorical_accuracy: 0.4970 - val_loss: 1.1516 - val_sparse_categorical_accuracy: 0.5913
Epoch 2/5
313/313 [==============================] - 8s 27ms/step - loss: 0.9670 - sparse_categorical_accuracy: 0.6582 - val_loss: 0.9037 - val_sparse_categorical_accuracy: 0.6782
Epoch 3/5
313/313 [==============================] - 8s 27ms/step - loss: 0.7507 - sparse_categorical_accuracy: 0.7349 - val_loss: 0.8418 - val_sparse_categorical_accuracy: 0.7028
Epoch 4/5
313/313 [==============================] - 8s 27ms/step - loss: 0.5497 - sparse_categorical_accuracy: 0.8085 - val_loss: 0.8308 - val_sparse_categorical_accuracy: 0.7121
Epoch 5/5
313/313 [==============================] - 8s 27ms/step - loss: 0.3688 - sparse_categorical_accuracy: 0.8723 - val_loss: 0.9373 - val_sparse_categorical_accuracy: 0.7101
79/79 [==============================] - 1s 8ms/step - loss: 0.9284 - sparse_categorical_accuracy: 0.7130

EVALUATION LOG: EmployeeBee ID (2) -- Candidate (input|sep5x5_128|sep5x5_64|sep5x5_64|sep5x5_32|output)

Epoch 1/5
313/313 [==============================] - 13s 39ms/step - loss: 1.6548 - sparse_categorical_accuracy: 0.3893 - val_loss: 1.3772 - val_sparse_categorical_accuracy: 0.5014
Epoch 2/5
313/313 [==============================] - 12s 39ms/step - loss: 1.2112 - sparse_categorical_accuracy: 0.5660 - val_loss: 1.1038 - val_sparse_categorical_accuracy: 0.6020
Epoch 3/5
313/313 [==============================] - 12s 39ms/step - loss: 1.0026 - sparse_categorical_accuracy: 0.6460 - val_loss: 0.9782 - val_sparse_categorical_accuracy: 0.6490
Epoch 4/5
313/313 [==============================] - 12s 38ms/step - loss: 0.8507 - sparse_categorical_accuracy: 0.7018 - val_loss: 0.9101 - val_sparse_categorical_accuracy: 0.6803
Epoch 5/5
313/313 [==============================] - 12s 38ms/step - loss: 0.7069 - sparse_categorical_accuracy: 0.7518 - val_loss: 0.9698 - val_sparse_categorical_accuracy: 0.6707
79/79 [==============================] - 1s 10ms/step - loss: 0.9845 - sparse_categorical_accuracy: 0.6689

EVALUATION LOG: OnlookerBee ID (0) -- Candidate (input|sep5x5_128|avg_pool3x3|max_pool3x3|sep3x3_128|output)

Epoch 1/5
313/313 [==============================] - 16s 51ms/step - loss: 1.3667 - sparse_categorical_accuracy: 0.5046 - val_loss: 1.1800 - val_sparse_categorical_accuracy: 0.5792
Epoch 2/5
313/313 [==============================] - 16s 50ms/step - loss: 0.9437 - sparse_categorical_accuracy: 0.6641 - val_loss: 0.9329 - val_sparse_categorical_accuracy: 0.6706
Epoch 3/5
313/313 [==============================] - 16s 51ms/step - loss: 0.6999 - sparse_categorical_accuracy: 0.7535 - val_loss: 0.8222 - val_sparse_categorical_accuracy: 0.7095
Epoch 4/5
313/313 [==============================] - 16s 50ms/step - loss: 0.4850 - sparse_categorical_accuracy: 0.8292 - val_loss: 0.8928 - val_sparse_categorical_accuracy: 0.7091
Epoch 5/5
313/313 [==============================] - 16s 51ms/step - loss: 0.2955 - sparse_categorical_accuracy: 0.8985 - val_loss: 0.9597 - val_sparse_categorical_accuracy: 0.7233
79/79 [==============================] - 1s 14ms/step - loss: 0.9814 - sparse_categorical_accuracy: 0.7177

EVALUATION LOG: OnlookerBee ID (1) -- Candidate (input|sep3x3_64|max_pool3x3|sep3x3_32|dropout|output)

Epoch 1/5
313/313 [==============================] - 7s 22ms/step - loss: 1.3845 - sparse_categorical_accuracy: 0.4992 - val_loss: 1.2756 - val_sparse_categorical_accuracy: 0.5445
Epoch 2/5
313/313 [==============================] - 7s 21ms/step - loss: 0.9356 - sparse_categorical_accuracy: 0.6714 - val_loss: 0.9233 - val_sparse_categorical_accuracy: 0.6721
Epoch 3/5
313/313 [==============================] - 7s 21ms/step - loss: 0.7310 - sparse_categorical_accuracy: 0.7439 - val_loss: 0.8229 - val_sparse_categorical_accuracy: 0.7125
Epoch 4/5
313/313 [==============================] - 7s 21ms/step - loss: 0.5491 - sparse_categorical_accuracy: 0.8076 - val_loss: 0.8290 - val_sparse_categorical_accuracy: 0.7178
Epoch 5/5
313/313 [==============================] - 7s 21ms/step - loss: 0.3823 - sparse_categorical_accuracy: 0.8683 - val_loss: 0.9003 - val_sparse_categorical_accuracy: 0.7188
79/79 [==============================] - 1s 7ms/step - loss: 0.9182 - sparse_categorical_accuracy: 0.7212

EVALUATION LOG: OnlookerBee ID (2) -- Candidate (input|sep5x5_128|sep3x3_64|max_pool3x3|sep3x3_128|output)

Epoch 1/5
313/313 [==============================] - 17s 51ms/step - loss: 1.4531 - sparse_categorical_accuracy: 0.4681 - val_loss: 1.1891 - val_sparse_categorical_accuracy: 0.5728
Epoch 2/5
313/313 [==============================] - 16s 50ms/step - loss: 0.9827 - sparse_categorical_accuracy: 0.6524 - val_loss: 0.9313 - val_sparse_categorical_accuracy: 0.6717
Epoch 3/5
313/313 [==============================] - 16s 50ms/step - loss: 0.7369 - sparse_categorical_accuracy: 0.7406 - val_loss: 0.7990 - val_sparse_categorical_accuracy: 0.7223
Epoch 4/5
313/313 [==============================] - 16s 51ms/step - loss: 0.4994 - sparse_categorical_accuracy: 0.8222 - val_loss: 0.8281 - val_sparse_categorical_accuracy: 0.7370
Epoch 5/5
313/313 [==============================] - 16s 51ms/step - loss: 0.2874 - sparse_categorical_accuracy: 0.9004 - val_loss: 0.9716 - val_sparse_categorical_accuracy: 0.7255
79/79 [==============================] - 1s 14ms/step - loss: 0.9879 - sparse_categorical_accuracy: 0.7194

EVALUATION LOG: OnlookerBee ID (3) -- Candidate (input|sep5x5_128|sep3x3_64|dropout|sep3x3_128|output)

Epoch 1/5
313/313 [==============================] - 17s 51ms/step - loss: 1.5391 - sparse_categorical_accuracy: 0.4407 - val_loss: 1.4460 - val_sparse_categorical_accuracy: 0.4686
Epoch 2/5
313/313 [==============================] - 16s 51ms/step - loss: 1.1062 - sparse_categorical_accuracy: 0.6035 - val_loss: 1.0261 - val_sparse_categorical_accuracy: 0.6337
Epoch 3/5
313/313 [==============================] - 16s 51ms/step - loss: 0.8589 - sparse_categorical_accuracy: 0.6960 - val_loss: 0.9300 - val_sparse_categorical_accuracy: 0.6721
Epoch 4/5
313/313 [==============================] - 16s 51ms/step - loss: 0.6411 - sparse_categorical_accuracy: 0.7745 - val_loss: 0.9049 - val_sparse_categorical_accuracy: 0.6962
Epoch 5/5
313/313 [==============================] - 16s 50ms/step - loss: 0.4132 - sparse_categorical_accuracy: 0.8557 - val_loss: 0.9632 - val_sparse_categorical_accuracy: 0.7087
79/79 [==============================] - 1s 13ms/step - loss: 0.9568 - sparse_categorical_accuracy: 0.7127
STATUS: itr: 7 -- Best fitness: 0.7357000112533569, Total time (s): 3918.892953634262

EVALUATION LOG: EmployeeBee ID (0) -- Candidate (input|batch_norm|sep3x3_32|sep3x3_64|dropout|output)

Epoch 1/5
313/313 [==============================] - 9s 26ms/step - loss: 1.4722 - sparse_categorical_accuracy: 0.4719 - val_loss: 1.2556 - val_sparse_categorical_accuracy: 0.5496
Epoch 2/5
313/313 [==============================] - 8s 26ms/step - loss: 1.0008 - sparse_categorical_accuracy: 0.6451 - val_loss: 1.0502 - val_sparse_categorical_accuracy: 0.6220
Epoch 3/5
313/313 [==============================] - 8s 26ms/step - loss: 0.6350 - sparse_categorical_accuracy: 0.7780 - val_loss: 1.0683 - val_sparse_categorical_accuracy: 0.6339
Epoch 4/5
313/313 [==============================] - 8s 26ms/step - loss: 0.2996 - sparse_categorical_accuracy: 0.8978 - val_loss: 1.1933 - val_sparse_categorical_accuracy: 0.6458
Epoch 5/5
313/313 [==============================] - 8s 26ms/step - loss: 0.1400 - sparse_categorical_accuracy: 0.9531 - val_loss: 1.3896 - val_sparse_categorical_accuracy: 0.6490
79/79 [==============================] - 1s 8ms/step - loss: 1.4195 - sparse_categorical_accuracy: 0.6482

EVALUATION LOG: EmployeeBee ID (1) -- Candidate (input|dropout|sep3x3_128|sep5x5_128|sep3x3_128|output)

Epoch 1/5
313/313 [==============================] - 19s 57ms/step - loss: 1.5334 - sparse_categorical_accuracy: 0.4390 - val_loss: 1.4107 - val_sparse_categorical_accuracy: 0.5004
Epoch 2/5
313/313 [==============================] - 18s 57ms/step - loss: 1.0961 - sparse_categorical_accuracy: 0.6081 - val_loss: 0.9650 - val_sparse_categorical_accuracy: 0.6527
Epoch 3/5
313/313 [==============================] - 18s 56ms/step - loss: 0.8760 - sparse_categorical_accuracy: 0.6902 - val_loss: 0.9276 - val_sparse_categorical_accuracy: 0.6647
Epoch 4/5
313/313 [==============================] - 18s 56ms/step - loss: 0.6775 - sparse_categorical_accuracy: 0.7602 - val_loss: 0.8524 - val_sparse_categorical_accuracy: 0.7014
Epoch 5/5
313/313 [==============================] - 19s 60ms/step - loss: 0.4738 - sparse_categorical_accuracy: 0.8325 - val_loss: 0.9149 - val_sparse_categorical_accuracy: 0.7083
79/79 [==============================] - 1s 14ms/step - loss: 0.9574 - sparse_categorical_accuracy: 0.6975

EVALUATION LOG: EmployeeBee ID (2) -- Candidate (input|sep5x5_128|sep5x5_64|sep5x5_32|sep5x5_32|output)

Epoch 1/5
313/313 [==============================] - 12s 36ms/step - loss: 1.5946 - sparse_categorical_accuracy: 0.4157 - val_loss: 1.4308 - val_sparse_categorical_accuracy: 0.4700
Epoch 2/5
313/313 [==============================] - 11s 36ms/step - loss: 1.1900 - sparse_categorical_accuracy: 0.5709 - val_loss: 1.1223 - val_sparse_categorical_accuracy: 0.5967
Epoch 3/5
313/313 [==============================] - 11s 36ms/step - loss: 1.0076 - sparse_categorical_accuracy: 0.6399 - val_loss: 1.0165 - val_sparse_categorical_accuracy: 0.6342
Epoch 4/5
313/313 [==============================] - 11s 36ms/step - loss: 0.8759 - sparse_categorical_accuracy: 0.6909 - val_loss: 0.9028 - val_sparse_categorical_accuracy: 0.6763
Epoch 5/5
313/313 [==============================] - 11s 36ms/step - loss: 0.7557 - sparse_categorical_accuracy: 0.7329 - val_loss: 0.8749 - val_sparse_categorical_accuracy: 0.6945
79/79 [==============================] - 1s 9ms/step - loss: 0.9026 - sparse_categorical_accuracy: 0.6836

EVALUATION LOG: OnlookerBee ID (0) -- Candidate (input|sep5x5_64|sep3x3_128|sep5x5_128|sep3x3_128|output)

Epoch 1/5
313/313 [==============================] - 20s 61ms/step - loss: 1.7211 - sparse_categorical_accuracy: 0.3667 - val_loss: 1.5237 - val_sparse_categorical_accuracy: 0.4530
Epoch 2/5
313/313 [==============================] - 19s 61ms/step - loss: 1.2528 - sparse_categorical_accuracy: 0.5497 - val_loss: 1.1385 - val_sparse_categorical_accuracy: 0.6000
Epoch 3/5
313/313 [==============================] - 19s 61ms/step - loss: 1.0173 - sparse_categorical_accuracy: 0.6416 - val_loss: 0.9665 - val_sparse_categorical_accuracy: 0.6569
Epoch 4/5
313/313 [==============================] - 19s 61ms/step - loss: 0.8391 - sparse_categorical_accuracy: 0.7055 - val_loss: 0.9393 - val_sparse_categorical_accuracy: 0.6716
Epoch 5/5
313/313 [==============================] - 19s 61ms/step - loss: 0.6648 - sparse_categorical_accuracy: 0.7628 - val_loss: 0.8903 - val_sparse_categorical_accuracy: 0.6966
79/79 [==============================] - 1s 15ms/step - loss: 0.9192 - sparse_categorical_accuracy: 0.6896

EVALUATION LOG: OnlookerBee ID (1) -- Candidate (input|sep5x5_128|sep3x3_64|sep5x5_32|sep5x5_32|output)

Epoch 1/5
313/313 [==============================] - 11s 33ms/step - loss: 1.7649 - sparse_categorical_accuracy: 0.3438 - val_loss: 1.4982 - val_sparse_categorical_accuracy: 0.4437
Epoch 2/5
313/313 [==============================] - 10s 33ms/step - loss: 1.3059 - sparse_categorical_accuracy: 0.5244 - val_loss: 1.1391 - val_sparse_categorical_accuracy: 0.5853
Epoch 3/5
313/313 [==============================] - 10s 32ms/step - loss: 1.0932 - sparse_categorical_accuracy: 0.6058 - val_loss: 1.0225 - val_sparse_categorical_accuracy: 0.6285
Epoch 4/5
313/313 [==============================] - 10s 32ms/step - loss: 0.9290 - sparse_categorical_accuracy: 0.6708 - val_loss: 0.9623 - val_sparse_categorical_accuracy: 0.6583
Epoch 5/5
313/313 [==============================] - 10s 33ms/step - loss: 0.7934 - sparse_categorical_accuracy: 0.7193 - val_loss: 0.8975 - val_sparse_categorical_accuracy: 0.6888
79/79 [==============================] - 1s 9ms/step - loss: 0.9137 - sparse_categorical_accuracy: 0.6895

EVALUATION LOG: OnlookerBee ID (2) -- Candidate (input|max_pool3x3|sep3x3_64|sep5x5_32|sep5x5_32|output)

Epoch 1/5
313/313 [==============================] - 8s 25ms/step - loss: 1.4452 - sparse_categorical_accuracy: 0.4778 - val_loss: 1.4859 - val_sparse_categorical_accuracy: 0.4759
Epoch 2/5
313/313 [==============================] - 8s 25ms/step - loss: 1.0529 - sparse_categorical_accuracy: 0.6269 - val_loss: 0.9869 - val_sparse_categorical_accuracy: 0.6515
Epoch 3/5
313/313 [==============================] - 8s 25ms/step - loss: 0.8662 - sparse_categorical_accuracy: 0.6931 - val_loss: 0.8964 - val_sparse_categorical_accuracy: 0.6809
Epoch 4/5
313/313 [==============================] - 8s 25ms/step - loss: 0.6913 - sparse_categorical_accuracy: 0.7557 - val_loss: 0.9278 - val_sparse_categorical_accuracy: 0.6741
Epoch 5/5
313/313 [==============================] - 8s 25ms/step - loss: 0.5274 - sparse_categorical_accuracy: 0.8145 - val_loss: 0.8869 - val_sparse_categorical_accuracy: 0.7065
79/79 [==============================] - 1s 7ms/step - loss: 0.9038 - sparse_categorical_accuracy: 0.7040

EVALUATION LOG: OnlookerBee ID (3) -- Candidate (input|sep5x5_32|sep3x3_32|sep3x3_64|dropout|output)

Epoch 1/5
313/313 [==============================] - 10s 30ms/step - loss: 1.5074 - sparse_categorical_accuracy: 0.4524 - val_loss: 1.3132 - val_sparse_categorical_accuracy: 0.5197
Epoch 2/5
313/313 [==============================] - 9s 29ms/step - loss: 1.1020 - sparse_categorical_accuracy: 0.6079 - val_loss: 1.0934 - val_sparse_categorical_accuracy: 0.6027
Epoch 3/5
313/313 [==============================] - 9s 29ms/step - loss: 0.8517 - sparse_categorical_accuracy: 0.7002 - val_loss: 0.9499 - val_sparse_categorical_accuracy: 0.6623
Epoch 4/5
313/313 [==============================] - 9s 29ms/step - loss: 0.6104 - sparse_categorical_accuracy: 0.7855 - val_loss: 0.9680 - val_sparse_categorical_accuracy: 0.6771
Epoch 5/5
313/313 [==============================] - 9s 29ms/step - loss: 0.3685 - sparse_categorical_accuracy: 0.8734 - val_loss: 1.0678 - val_sparse_categorical_accuracy: 0.6753
79/79 [==============================] - 1s 8ms/step - loss: 1.0901 - sparse_categorical_accuracy: 0.6717
STATUS: itr: 8 -- Best fitness: 0.7357000112533569, Total time (s): 4392.317336797714
---------------------
-- OPTIMIZATION END --
 === TOTAL TIME TAKEN: 4392.32654094696 ==== 
---------------------