Downloading data from https://www.cs.toronto.edu/~kriz/cifar-10-python.tar.gz
170500096/170498071 [==============================] - 6s 0us/step
170508288/170498071 [==============================] - 6s 0us/step

Configuration file saved successfully to (/content/gdrive/MyDrive/PhD/HiveNAS/baseline_1/baseline_1.yaml)!


------------------------
-- OPTIMIZATION START --
------------------------

EVALUATION LOG: EmployeeBee ID (0) -- Candidate (input|sep5x5_128|dropout|sep5x5_128|sep3x3_32|output)

Epoch 1/5
313/313 [==============================] - 93s 260ms/step - loss: 1.8708 - sparse_categorical_accuracy: 0.3147 - val_loss: 1.7029 - val_sparse_categorical_accuracy: 0.3799
Epoch 2/5
313/313 [==============================] - 78s 251ms/step - loss: 1.5700 - sparse_categorical_accuracy: 0.4363 - val_loss: 1.4592 - val_sparse_categorical_accuracy: 0.4841
Epoch 3/5
313/313 [==============================] - 79s 254ms/step - loss: 1.4194 - sparse_categorical_accuracy: 0.4974 - val_loss: 1.3510 - val_sparse_categorical_accuracy: 0.5230
Epoch 4/5
313/313 [==============================] - 85s 271ms/step - loss: 1.3144 - sparse_categorical_accuracy: 0.5386 - val_loss: 1.2342 - val_sparse_categorical_accuracy: 0.5644
Epoch 5/5
313/313 [==============================] - 78s 250ms/step - loss: 1.2373 - sparse_categorical_accuracy: 0.5637 - val_loss: 1.1542 - val_sparse_categorical_accuracy: 0.5948
79/79 [==============================] - 1s 9ms/step - loss: 0.9984 - sparse_categorical_accuracy: 0.6490

EVALUATION LOG: EmployeeBee ID (1) -- Candidate (input|sep3x3_32|batch_norm|sep5x5_32|batch_norm|output)

Epoch 1/5
313/313 [==============================] - 75s 238ms/step - loss: 2.1267 - sparse_categorical_accuracy: 0.3431 - val_loss: 2.4542 - val_sparse_categorical_accuracy: 0.1642
Epoch 2/5
313/313 [==============================] - 73s 234ms/step - loss: 1.5611 - sparse_categorical_accuracy: 0.4455 - val_loss: 1.5891 - val_sparse_categorical_accuracy: 0.4278
Epoch 3/5
313/313 [==============================] - 74s 236ms/step - loss: 1.4321 - sparse_categorical_accuracy: 0.4961 - val_loss: 1.3151 - val_sparse_categorical_accuracy: 0.5354
Epoch 4/5
313/313 [==============================] - 73s 234ms/step - loss: 1.3423 - sparse_categorical_accuracy: 0.5283 - val_loss: 1.2815 - val_sparse_categorical_accuracy: 0.5516
Epoch 5/5
313/313 [==============================] - 74s 236ms/step - loss: 1.2811 - sparse_categorical_accuracy: 0.5527 - val_loss: 1.1942 - val_sparse_categorical_accuracy: 0.5821
79/79 [==============================] - 1s 6ms/step - loss: 1.2636 - sparse_categorical_accuracy: 0.6086

EVALUATION LOG: OnlookerBee ID (0) -- Candidate (input|max_pool3x3|batch_norm|sep5x5_32|batch_norm|output)

Epoch 1/5
313/313 [==============================] - 74s 234ms/step - loss: 2.5924 - sparse_categorical_accuracy: 0.3533 - val_loss: 1.8044 - val_sparse_categorical_accuracy: 0.3969
Epoch 2/5
313/313 [==============================] - 73s 234ms/step - loss: 1.5487 - sparse_categorical_accuracy: 0.4570 - val_loss: 1.4180 - val_sparse_categorical_accuracy: 0.5010
Epoch 3/5
313/313 [==============================] - 73s 234ms/step - loss: 1.4328 - sparse_categorical_accuracy: 0.4961 - val_loss: 1.3447 - val_sparse_categorical_accuracy: 0.5235
Epoch 4/5
313/313 [==============================] - 72s 232ms/step - loss: 1.3473 - sparse_categorical_accuracy: 0.5307 - val_loss: 1.3643 - val_sparse_categorical_accuracy: 0.5276
Epoch 5/5
313/313 [==============================] - 74s 236ms/step - loss: 1.2874 - sparse_categorical_accuracy: 0.5525 - val_loss: 1.1987 - val_sparse_categorical_accuracy: 0.5826
79/79 [==============================] - 1s 6ms/step - loss: 1.0613 - sparse_categorical_accuracy: 0.6337

EVALUATION LOG: OnlookerBee ID (1) -- Candidate (input|max_pool3x3|batch_norm|dropout|batch_norm|output)

Epoch 1/5
313/313 [==============================] - 72s 229ms/step - loss: 2.7591 - sparse_categorical_accuracy: 0.3328 - val_loss: 1.7651 - val_sparse_categorical_accuracy: 0.3618
Epoch 2/5
313/313 [==============================] - 72s 231ms/step - loss: 1.6435 - sparse_categorical_accuracy: 0.4242 - val_loss: 1.5032 - val_sparse_categorical_accuracy: 0.4639
Epoch 3/5
313/313 [==============================] - 71s 228ms/step - loss: 1.5121 - sparse_categorical_accuracy: 0.4669 - val_loss: 1.3741 - val_sparse_categorical_accuracy: 0.5043
Epoch 4/5
313/313 [==============================] - 73s 232ms/step - loss: 1.4221 - sparse_categorical_accuracy: 0.5016 - val_loss: 1.3415 - val_sparse_categorical_accuracy: 0.5177
Epoch 5/5
313/313 [==============================] - 71s 228ms/step - loss: 1.3672 - sparse_categorical_accuracy: 0.5238 - val_loss: 1.3154 - val_sparse_categorical_accuracy: 0.5372
79/79 [==============================] - 1s 6ms/step - loss: 1.2040 - sparse_categorical_accuracy: 0.5845

EVALUATION LOG: OnlookerBee ID (2) -- Candidate (input|sep5x5_32|batch_norm|sep5x5_32|batch_norm|output)

Epoch 1/5
313/313 [==============================] - 75s 237ms/step - loss: 2.3032 - sparse_categorical_accuracy: 0.3334 - val_loss: 2.3321 - val_sparse_categorical_accuracy: 0.1305
Epoch 2/5
313/313 [==============================] - 73s 233ms/step - loss: 1.5693 - sparse_categorical_accuracy: 0.4440 - val_loss: 1.5496 - val_sparse_categorical_accuracy: 0.4415
Epoch 3/5
313/313 [==============================] - 74s 237ms/step - loss: 1.4220 - sparse_categorical_accuracy: 0.4999 - val_loss: 1.3216 - val_sparse_categorical_accuracy: 0.5342
Epoch 4/5
313/313 [==============================] - 73s 232ms/step - loss: 1.3344 - sparse_categorical_accuracy: 0.5310 - val_loss: 1.2802 - val_sparse_categorical_accuracy: 0.5523
Epoch 5/5
313/313 [==============================] - 74s 236ms/step - loss: 1.2660 - sparse_categorical_accuracy: 0.5585 - val_loss: 1.1983 - val_sparse_categorical_accuracy: 0.5766
79/79 [==============================] - 1s 6ms/step - loss: 1.0260 - sparse_categorical_accuracy: 0.6368
STATUS: itr: 0 -- Best fitness: 0.6489999890327454, Total time (s): 1887.170164346695

EVALUATION LOG: EmployeeBee ID (0) -- Candidate (input|sep5x5_128|sep3x3_128|sep5x5_128|sep3x3_32|output)

Epoch 1/5
313/313 [==============================] - 81s 257ms/step - loss: 2.0133 - sparse_categorical_accuracy: 0.2554 - val_loss: 1.9345 - val_sparse_categorical_accuracy: 0.3096
Epoch 2/5
313/313 [==============================] - 81s 259ms/step - loss: 1.7047 - sparse_categorical_accuracy: 0.3835 - val_loss: 1.7134 - val_sparse_categorical_accuracy: 0.3889
Epoch 3/5
313/313 [==============================] - 80s 256ms/step - loss: 1.5345 - sparse_categorical_accuracy: 0.4460 - val_loss: 1.4526 - val_sparse_categorical_accuracy: 0.4815
Epoch 4/5
313/313 [==============================] - 79s 254ms/step - loss: 1.4060 - sparse_categorical_accuracy: 0.4998 - val_loss: 1.3970 - val_sparse_categorical_accuracy: 0.5054
Epoch 5/5
313/313 [==============================] - 80s 256ms/step - loss: 1.3248 - sparse_categorical_accuracy: 0.5317 - val_loss: 1.2571 - val_sparse_categorical_accuracy: 0.5526
79/79 [==============================] - 1s 10ms/step - loss: 1.0708 - sparse_categorical_accuracy: 0.6144

EVALUATION LOG: EmployeeBee ID (1) -- Candidate (input|sep3x3_32|sep3x3_32|sep3x3_32|avg_pool3x3|output)

Epoch 1/5
313/313 [==============================] - 75s 236ms/step - loss: 1.8464 - sparse_categorical_accuracy: 0.3319 - val_loss: 1.7105 - val_sparse_categorical_accuracy: 0.3901
Epoch 2/5
313/313 [==============================] - 74s 236ms/step - loss: 1.5937 - sparse_categorical_accuracy: 0.4297 - val_loss: 1.5645 - val_sparse_categorical_accuracy: 0.4395
Epoch 3/5
313/313 [==============================] - 73s 233ms/step - loss: 1.4792 - sparse_categorical_accuracy: 0.4748 - val_loss: 1.3754 - val_sparse_categorical_accuracy: 0.5187
Epoch 4/5
313/313 [==============================] - 74s 236ms/step - loss: 1.3822 - sparse_categorical_accuracy: 0.5087 - val_loss: 1.3276 - val_sparse_categorical_accuracy: 0.5290
Epoch 5/5
313/313 [==============================] - 73s 234ms/step - loss: 1.3177 - sparse_categorical_accuracy: 0.5343 - val_loss: 1.2843 - val_sparse_categorical_accuracy: 0.5448
79/79 [==============================] - 1s 6ms/step - loss: 1.0469 - sparse_categorical_accuracy: 0.6283

EVALUATION LOG: OnlookerBee ID (0) -- Candidate (input|avg_pool3x3|sep3x3_32|sep3x3_32|avg_pool3x3|output)

Epoch 1/5
313/313 [==============================] - 74s 235ms/step - loss: 1.8027 - sparse_categorical_accuracy: 0.3491 - val_loss: 1.6587 - val_sparse_categorical_accuracy: 0.3928
Epoch 2/5
313/313 [==============================] - 74s 235ms/step - loss: 1.5478 - sparse_categorical_accuracy: 0.4452 - val_loss: 1.4795 - val_sparse_categorical_accuracy: 0.4678
Epoch 3/5
313/313 [==============================] - 73s 232ms/step - loss: 1.4360 - sparse_categorical_accuracy: 0.4883 - val_loss: 1.3203 - val_sparse_categorical_accuracy: 0.5328
Epoch 4/5
313/313 [==============================] - 74s 237ms/step - loss: 1.3522 - sparse_categorical_accuracy: 0.5202 - val_loss: 1.2980 - val_sparse_categorical_accuracy: 0.5403
Epoch 5/5
313/313 [==============================] - 74s 237ms/step - loss: 1.2959 - sparse_categorical_accuracy: 0.5426 - val_loss: 1.2066 - val_sparse_categorical_accuracy: 0.5776
79/79 [==============================] - 1s 6ms/step - loss: 1.0327 - sparse_categorical_accuracy: 0.6342

EVALUATION LOG: OnlookerBee ID (1) -- Candidate (input|avg_pool3x3|sep5x5_128|sep3x3_32|avg_pool3x3|output)

Epoch 1/5
313/313 [==============================] - 78s 246ms/step - loss: 1.7940 - sparse_categorical_accuracy: 0.3537 - val_loss: 1.5472 - val_sparse_categorical_accuracy: 0.4397
Epoch 2/5
313/313 [==============================] - 75s 241ms/step - loss: 1.5171 - sparse_categorical_accuracy: 0.4638 - val_loss: 1.3997 - val_sparse_categorical_accuracy: 0.5050
Epoch 3/5
313/313 [==============================] - 75s 241ms/step - loss: 1.3772 - sparse_categorical_accuracy: 0.5120 - val_loss: 1.2986 - val_sparse_categorical_accuracy: 0.5352
Epoch 4/5
313/313 [==============================] - 76s 243ms/step - loss: 1.2919 - sparse_categorical_accuracy: 0.5406 - val_loss: 1.2375 - val_sparse_categorical_accuracy: 0.5606
Epoch 5/5
313/313 [==============================] - 75s 241ms/step - loss: 1.2213 - sparse_categorical_accuracy: 0.5686 - val_loss: 1.1468 - val_sparse_categorical_accuracy: 0.5944
79/79 [==============================] - 1s 7ms/step - loss: 0.9959 - sparse_categorical_accuracy: 0.6475

EVALUATION LOG: OnlookerBee ID (2) -- Candidate (input|sep5x5_32|sep5x5_128|sep3x3_32|avg_pool3x3|output)

Epoch 1/5
313/313 [==============================] - 77s 244ms/step - loss: 1.8433 - sparse_categorical_accuracy: 0.3298 - val_loss: 1.7555 - val_sparse_categorical_accuracy: 0.3569
Epoch 2/5
313/313 [==============================] - 77s 245ms/step - loss: 1.5792 - sparse_categorical_accuracy: 0.4345 - val_loss: 1.4577 - val_sparse_categorical_accuracy: 0.4737
Epoch 3/5
313/313 [==============================] - 76s 243ms/step - loss: 1.4478 - sparse_categorical_accuracy: 0.4832 - val_loss: 1.3428 - val_sparse_categorical_accuracy: 0.5217
Epoch 4/5
313/313 [==============================] - 76s 243ms/step - loss: 1.3521 - sparse_categorical_accuracy: 0.5218 - val_loss: 1.2692 - val_sparse_categorical_accuracy: 0.5474
Epoch 5/5
313/313 [==============================] - 76s 243ms/step - loss: 1.2808 - sparse_categorical_accuracy: 0.5461 - val_loss: 1.2216 - val_sparse_categorical_accuracy: 0.5702
79/79 [==============================] - 1s 9ms/step - loss: 1.0184 - sparse_categorical_accuracy: 0.6428
STATUS: itr: 1 -- Best fitness: 0.6489999890327454, Total time (s): 3799.291346311569

EVALUATION LOG: EmployeeBee ID (0) -- Candidate (input|sep5x5_128|dropout|sep5x5_128|sep3x3_64|output)

Epoch 1/5
313/313 [==============================] - 83s 262ms/step - loss: 1.8726 - sparse_categorical_accuracy: 0.3193 - val_loss: 1.7306 - val_sparse_categorical_accuracy: 0.3803
Epoch 2/5
313/313 [==============================] - 82s 263ms/step - loss: 1.5636 - sparse_categorical_accuracy: 0.4388 - val_loss: 1.5837 - val_sparse_categorical_accuracy: 0.4465
Epoch 3/5
313/313 [==============================] - 82s 263ms/step - loss: 1.4165 - sparse_categorical_accuracy: 0.4997 - val_loss: 1.3133 - val_sparse_categorical_accuracy: 0.5334
Epoch 4/5
313/313 [==============================] - 81s 260ms/step - loss: 1.2996 - sparse_categorical_accuracy: 0.5426 - val_loss: 1.2006 - val_sparse_categorical_accuracy: 0.5732
Epoch 5/5
313/313 [==============================] - 82s 263ms/step - loss: 1.2230 - sparse_categorical_accuracy: 0.5676 - val_loss: 1.2013 - val_sparse_categorical_accuracy: 0.5661
79/79 [==============================] - 1s 10ms/step - loss: 1.0525 - sparse_categorical_accuracy: 0.6277

EVALUATION LOG: EmployeeBee ID (1) -- Candidate (input|sep3x3_64|max_pool3x3|avg_pool3x3|sep3x3_128|output)

Epoch 1/5
313/313 [==============================] - 85s 268ms/step - loss: 1.7546 - sparse_categorical_accuracy: 0.3774 - val_loss: 1.5923 - val_sparse_categorical_accuracy: 0.4419
Epoch 2/5
313/313 [==============================] - 85s 270ms/step - loss: 1.3900 - sparse_categorical_accuracy: 0.5105 - val_loss: 1.3431 - val_sparse_categorical_accuracy: 0.5229
Epoch 3/5
313/313 [==============================] - 84s 268ms/step - loss: 1.2691 - sparse_categorical_accuracy: 0.5551 - val_loss: 1.1275 - val_sparse_categorical_accuracy: 0.6040
Epoch 4/5
313/313 [==============================] - 85s 271ms/step - loss: 1.1905 - sparse_categorical_accuracy: 0.5834 - val_loss: 1.2146 - val_sparse_categorical_accuracy: 0.5792
Epoch 5/5
313/313 [==============================] - 84s 268ms/step - loss: 1.1254 - sparse_categorical_accuracy: 0.6055 - val_loss: 1.1046 - val_sparse_categorical_accuracy: 0.6165
79/79 [==============================] - 1s 12ms/step - loss: 1.0637 - sparse_categorical_accuracy: 0.6412

EVALUATION LOG: OnlookerBee ID (0) -- Candidate (input|sep3x3_64|dropout|sep5x5_128|sep3x3_32|output)

Epoch 1/5
313/313 [==============================] - 79s 249ms/step - loss: 1.8765 - sparse_categorical_accuracy: 0.3182 - val_loss: 1.6362 - val_sparse_categorical_accuracy: 0.4099
Epoch 2/5
313/313 [==============================] - 77s 246ms/step - loss: 1.5632 - sparse_categorical_accuracy: 0.4414 - val_loss: 1.4788 - val_sparse_categorical_accuracy: 0.4550
Epoch 3/5
313/313 [==============================] - 77s 245ms/step - loss: 1.4059 - sparse_categorical_accuracy: 0.4990 - val_loss: 1.5875 - val_sparse_categorical_accuracy: 0.4600
Epoch 4/5
313/313 [==============================] - 78s 248ms/step - loss: 1.2977 - sparse_categorical_accuracy: 0.5424 - val_loss: 1.1925 - val_sparse_categorical_accuracy: 0.5738
Epoch 5/5
313/313 [==============================] - 77s 245ms/step - loss: 1.2253 - sparse_categorical_accuracy: 0.5683 - val_loss: 1.1294 - val_sparse_categorical_accuracy: 0.5999
79/79 [==============================] - 1s 8ms/step - loss: 1.0538 - sparse_categorical_accuracy: 0.6415

EVALUATION LOG: OnlookerBee ID (1) -- Candidate (input|sep5x5_128|sep3x3_32|sep5x5_128|sep3x3_32|output)

Epoch 1/5
313/313 [==============================] - 80s 251ms/step - loss: 1.9811 - sparse_categorical_accuracy: 0.2686 - val_loss: 1.7090 - val_sparse_categorical_accuracy: 0.3741
Epoch 2/5
313/313 [==============================] - 79s 251ms/step - loss: 1.6612 - sparse_categorical_accuracy: 0.4032 - val_loss: 1.5349 - val_sparse_categorical_accuracy: 0.4506
Epoch 3/5
313/313 [==============================] - 78s 248ms/step - loss: 1.5093 - sparse_categorical_accuracy: 0.4617 - val_loss: 1.4492 - val_sparse_categorical_accuracy: 0.4828
Epoch 4/5
313/313 [==============================] - 78s 249ms/step - loss: 1.4132 - sparse_categorical_accuracy: 0.4999 - val_loss: 1.3450 - val_sparse_categorical_accuracy: 0.5283
Epoch 5/5
313/313 [==============================] - 79s 252ms/step - loss: 1.3395 - sparse_categorical_accuracy: 0.5268 - val_loss: 1.3123 - val_sparse_categorical_accuracy: 0.5322
79/79 [==============================] - 1s 8ms/step - loss: 1.1166 - sparse_categorical_accuracy: 0.6023

EVALUATION LOG: OnlookerBee ID (2) -- Candidate (input|sep3x3_64|max_pool3x3|sep3x3_32|sep3x3_128|output)

Epoch 1/5
313/313 [==============================] - 85s 267ms/step - loss: 1.8215 - sparse_categorical_accuracy: 0.3395 - val_loss: 1.6046 - val_sparse_categorical_accuracy: 0.4138
Epoch 2/5
313/313 [==============================] - 84s 268ms/step - loss: 1.5034 - sparse_categorical_accuracy: 0.4629 - val_loss: 1.3365 - val_sparse_categorical_accuracy: 0.5262
Epoch 3/5
313/313 [==============================] - 84s 270ms/step - loss: 1.3291 - sparse_categorical_accuracy: 0.5293 - val_loss: 1.2525 - val_sparse_categorical_accuracy: 0.5437
Epoch 4/5
313/313 [==============================] - 84s 268ms/step - loss: 1.2313 - sparse_categorical_accuracy: 0.5672 - val_loss: 1.1094 - val_sparse_categorical_accuracy: 0.6086
Epoch 5/5
313/313 [==============================] - 84s 270ms/step - loss: 1.1578 - sparse_categorical_accuracy: 0.5950 - val_loss: 1.0843 - val_sparse_categorical_accuracy: 0.6161
79/79 [==============================] - 1s 13ms/step - loss: 1.0313 - sparse_categorical_accuracy: 0.6407
STATUS: itr: 2 -- Best fitness: 0.6489999890327454, Total time (s): 5902.205050945282

EVALUATION LOG: EmployeeBee ID (0) -- Candidate (input|batch_norm|sep5x5_64|sep5x5_128|sep3x3_64|output)

Epoch 1/5
313/313 [==============================] - 81s 255ms/step - loss: 1.8204 - sparse_categorical_accuracy: 0.3369 - val_loss: 1.5915 - val_sparse_categorical_accuracy: 0.4305
Epoch 2/5
313/313 [==============================] - 79s 254ms/step - loss: 1.5363 - sparse_categorical_accuracy: 0.4499 - val_loss: 1.4270 - val_sparse_categorical_accuracy: 0.4801
Epoch 3/5
313/313 [==============================] - 80s 256ms/step - loss: 1.3986 - sparse_categorical_accuracy: 0.5038 - val_loss: 1.3561 - val_sparse_categorical_accuracy: 0.5129
Epoch 4/5
313/313 [==============================] - 80s 254ms/step - loss: 1.3009 - sparse_categorical_accuracy: 0.5397 - val_loss: 1.2132 - val_sparse_categorical_accuracy: 0.5724
Epoch 5/5
313/313 [==============================] - 79s 253ms/step - loss: 1.2262 - sparse_categorical_accuracy: 0.5696 - val_loss: 1.2418 - val_sparse_categorical_accuracy: 0.5578
79/79 [==============================] - 1s 10ms/step - loss: 1.0548 - sparse_categorical_accuracy: 0.6214

EVALUATION LOG: EmployeeBee ID (1) -- Candidate (input|dropout|max_pool3x3|avg_pool3x3|sep3x3_128|output)

Epoch 1/5
313/313 [==============================] - 84s 266ms/step - loss: 2.3785 - sparse_categorical_accuracy: 0.3639 - val_loss: 1.6362 - val_sparse_categorical_accuracy: 0.4209
Epoch 2/5
313/313 [==============================] - 82s 261ms/step - loss: 1.4286 - sparse_categorical_accuracy: 0.4952 - val_loss: 1.3019 - val_sparse_categorical_accuracy: 0.5500
Epoch 3/5
313/313 [==============================] - 83s 264ms/step - loss: 1.3239 - sparse_categorical_accuracy: 0.5350 - val_loss: 1.2265 - val_sparse_categorical_accuracy: 0.5722
Epoch 4/5
313/313 [==============================] - 81s 260ms/step - loss: 1.2515 - sparse_categorical_accuracy: 0.5618 - val_loss: 1.2128 - val_sparse_categorical_accuracy: 0.5807
Epoch 5/5
313/313 [==============================] - 82s 264ms/step - loss: 1.2052 - sparse_categorical_accuracy: 0.5820 - val_loss: 1.1836 - val_sparse_categorical_accuracy: 0.5866
79/79 [==============================] - 1s 11ms/step - loss: 1.0678 - sparse_categorical_accuracy: 0.6317

EVALUATION LOG: OnlookerBee ID (0) -- Candidate (input|dropout|max_pool3x3|avg_pool3x3|sep3x3_128|output)

Epoch 1/5
313/313 [==============================] - 83s 264ms/step - loss: 2.4131 - sparse_categorical_accuracy: 0.3528 - val_loss: 1.6413 - val_sparse_categorical_accuracy: 0.4020
Epoch 2/5
313/313 [==============================] - 81s 260ms/step - loss: 1.4526 - sparse_categorical_accuracy: 0.4857 - val_loss: 1.3768 - val_sparse_categorical_accuracy: 0.5211
Epoch 3/5
313/313 [==============================] - 82s 262ms/step - loss: 1.3287 - sparse_categorical_accuracy: 0.5315 - val_loss: 1.2302 - val_sparse_categorical_accuracy: 0.5675
Epoch 4/5
313/313 [==============================] - 83s 265ms/step - loss: 1.2540 - sparse_categorical_accuracy: 0.5638 - val_loss: 1.1822 - val_sparse_categorical_accuracy: 0.5915
Epoch 5/5
313/313 [==============================] - 82s 262ms/step - loss: 1.2127 - sparse_categorical_accuracy: 0.5787 - val_loss: 1.1801 - val_sparse_categorical_accuracy: 0.5923
79/79 [==============================] - 1s 11ms/step - loss: 1.0918 - sparse_categorical_accuracy: 0.6154

EVALUATION LOG: OnlookerBee ID (1) -- Candidate (input|batch_norm|sep5x5_128|sep5x5_128|sep3x3_64|output)

Epoch 1/5
313/313 [==============================] - 82s 260ms/step - loss: 1.8277 - sparse_categorical_accuracy: 0.3352 - val_loss: 1.7132 - val_sparse_categorical_accuracy: 0.3786
Epoch 2/5
313/313 [==============================] - 82s 262ms/step - loss: 1.5436 - sparse_categorical_accuracy: 0.4491 - val_loss: 1.3774 - val_sparse_categorical_accuracy: 0.5041
Epoch 3/5
313/313 [==============================] - 82s 262ms/step - loss: 1.3957 - sparse_categorical_accuracy: 0.5027 - val_loss: 1.2966 - val_sparse_categorical_accuracy: 0.5429
Epoch 4/5
313/313 [==============================] - 81s 260ms/step - loss: 1.2825 - sparse_categorical_accuracy: 0.5487 - val_loss: 1.2735 - val_sparse_categorical_accuracy: 0.5536
Epoch 5/5
313/313 [==============================] - 81s 258ms/step - loss: 1.2094 - sparse_categorical_accuracy: 0.5739 - val_loss: 1.2257 - val_sparse_categorical_accuracy: 0.5728
79/79 [==============================] - 1s 11ms/step - loss: 1.0209 - sparse_categorical_accuracy: 0.6436

EVALUATION LOG: OnlookerBee ID (2) -- Candidate (input|max_pool3x3|max_pool3x3|avg_pool3x3|sep3x3_128|output)

Epoch 1/5
313/313 [==============================] - 83s 264ms/step - loss: 2.9974 - sparse_categorical_accuracy: 0.3563 - val_loss: 1.8585 - val_sparse_categorical_accuracy: 0.3478
Epoch 2/5
313/313 [==============================] - 82s 261ms/step - loss: 1.4393 - sparse_categorical_accuracy: 0.4920 - val_loss: 1.3561 - val_sparse_categorical_accuracy: 0.5384
Epoch 3/5
313/313 [==============================] - 81s 259ms/step - loss: 1.3160 - sparse_categorical_accuracy: 0.5413 - val_loss: 1.2439 - val_sparse_categorical_accuracy: 0.5704
Epoch 4/5
313/313 [==============================] - 81s 259ms/step - loss: 1.2382 - sparse_categorical_accuracy: 0.5681 - val_loss: 1.1816 - val_sparse_categorical_accuracy: 0.5883
Epoch 5/5
313/313 [==============================] - 83s 265ms/step - loss: 1.1981 - sparse_categorical_accuracy: 0.5839 - val_loss: 1.1493 - val_sparse_categorical_accuracy: 0.5988
79/79 [==============================] - 1s 11ms/step - loss: 0.9553 - sparse_categorical_accuracy: 0.6660
STATUS: itr: 3 -- Best fitness: 0.6660000085830688, Total time (s): 8013.319913625717

EVALUATION LOG: EmployeeBee ID (0) -- Candidate (input|batch_norm|sep5x5_128|sep5x5_64|sep3x3_64|output)

Epoch 1/5
313/313 [==============================] - 81s 255ms/step - loss: 1.8186 - sparse_categorical_accuracy: 0.3368 - val_loss: 1.7276 - val_sparse_categorical_accuracy: 0.3656
Epoch 2/5
313/313 [==============================] - 80s 254ms/step - loss: 1.5311 - sparse_categorical_accuracy: 0.4518 - val_loss: 1.4031 - val_sparse_categorical_accuracy: 0.4950
Epoch 3/5
313/313 [==============================] - 81s 259ms/step - loss: 1.3939 - sparse_categorical_accuracy: 0.5063 - val_loss: 1.3865 - val_sparse_categorical_accuracy: 0.5107
Epoch 4/5
313/313 [==============================] - 79s 254ms/step - loss: 1.3079 - sparse_categorical_accuracy: 0.5399 - val_loss: 1.2368 - val_sparse_categorical_accuracy: 0.5615
Epoch 5/5
313/313 [==============================] - 79s 253ms/step - loss: 1.2346 - sparse_categorical_accuracy: 0.5663 - val_loss: 1.2089 - val_sparse_categorical_accuracy: 0.5729
79/79 [==============================] - 1s 10ms/step - loss: 1.0169 - sparse_categorical_accuracy: 0.6444

EVALUATION LOG: EmployeeBee ID (1) -- Candidate (input|sep5x5_32|dropout|sep5x5_128|sep3x3_64|output)

Epoch 1/5
313/313 [==============================] - 80s 253ms/step - loss: 1.8718 - sparse_categorical_accuracy: 0.3170 - val_loss: 1.6608 - val_sparse_categorical_accuracy: 0.3935
Epoch 2/5
313/313 [==============================] - 79s 252ms/step - loss: 1.5800 - sparse_categorical_accuracy: 0.4297 - val_loss: 1.4155 - val_sparse_categorical_accuracy: 0.4980
Epoch 3/5
313/313 [==============================] - 78s 249ms/step - loss: 1.4467 - sparse_categorical_accuracy: 0.4827 - val_loss: 1.4174 - val_sparse_categorical_accuracy: 0.4899
Epoch 4/5
313/313 [==============================] - 79s 253ms/step - loss: 1.3566 - sparse_categorical_accuracy: 0.5210 - val_loss: 1.3042 - val_sparse_categorical_accuracy: 0.5437
Epoch 5/5
313/313 [==============================] - 78s 249ms/step - loss: 1.2735 - sparse_categorical_accuracy: 0.5534 - val_loss: 1.2170 - val_sparse_categorical_accuracy: 0.5663
79/79 [==============================] - 1s 9ms/step - loss: 1.1071 - sparse_categorical_accuracy: 0.6097

EVALUATION LOG: OnlookerBee ID (0) -- Candidate (input|batch_norm|sep5x5_128|sep3x3_128|sep3x3_64|output)

Epoch 1/5
313/313 [==============================] - 81s 256ms/step - loss: 1.8372 - sparse_categorical_accuracy: 0.3273 - val_loss: 1.6861 - val_sparse_categorical_accuracy: 0.3986
Epoch 2/5
313/313 [==============================] - 81s 259ms/step - loss: 1.5530 - sparse_categorical_accuracy: 0.4433 - val_loss: 1.5844 - val_sparse_categorical_accuracy: 0.4456
Epoch 3/5
313/313 [==============================] - 81s 258ms/step - loss: 1.4217 - sparse_categorical_accuracy: 0.4926 - val_loss: 1.4329 - val_sparse_categorical_accuracy: 0.4827
Epoch 4/5
313/313 [==============================] - 80s 255ms/step - loss: 1.3220 - sparse_categorical_accuracy: 0.5295 - val_loss: 1.2409 - val_sparse_categorical_accuracy: 0.5542
Epoch 5/5
313/313 [==============================] - 81s 258ms/step - loss: 1.2446 - sparse_categorical_accuracy: 0.5607 - val_loss: 1.1525 - val_sparse_categorical_accuracy: 0.5901
79/79 [==============================] - 1s 10ms/step - loss: 0.9517 - sparse_categorical_accuracy: 0.6707

EVALUATION LOG: OnlookerBee ID (1) -- Candidate (input|batch_norm|sep5x5_128|sep3x3_128|sep5x5_64|output)

Epoch 1/5
313/313 [==============================] - 82s 259ms/step - loss: 1.8166 - sparse_categorical_accuracy: 0.3418 - val_loss: 1.6012 - val_sparse_categorical_accuracy: 0.4178
Epoch 2/5
313/313 [==============================] - 82s 262ms/step - loss: 1.5226 - sparse_categorical_accuracy: 0.4541 - val_loss: 1.5958 - val_sparse_categorical_accuracy: 0.4288
Epoch 3/5
313/313 [==============================] - 82s 262ms/step - loss: 1.3921 - sparse_categorical_accuracy: 0.5070 - val_loss: 1.2741 - val_sparse_categorical_accuracy: 0.5460
Epoch 4/5
313/313 [==============================] - 82s 261ms/step - loss: 1.2911 - sparse_categorical_accuracy: 0.5448 - val_loss: 1.2347 - val_sparse_categorical_accuracy: 0.5679
Epoch 5/5
313/313 [==============================] - 81s 259ms/step - loss: 1.2326 - sparse_categorical_accuracy: 0.5660 - val_loss: 1.1565 - val_sparse_categorical_accuracy: 0.5882
79/79 [==============================] - 1s 11ms/step - loss: 0.9833 - sparse_categorical_accuracy: 0.6582

EVALUATION LOG: OnlookerBee ID (2) -- Candidate (input|sep5x5_32|sep3x3_64|sep5x5_128|sep3x3_64|output)

Epoch 1/5
313/313 [==============================] - 82s 259ms/step - loss: 1.9536 - sparse_categorical_accuracy: 0.2800 - val_loss: 1.8313 - val_sparse_categorical_accuracy: 0.3321
Epoch 2/5
313/313 [==============================] - 81s 257ms/step - loss: 1.6551 - sparse_categorical_accuracy: 0.4066 - val_loss: 1.5248 - val_sparse_categorical_accuracy: 0.4399
Epoch 3/5
313/313 [==============================] - 81s 258ms/step - loss: 1.5142 - sparse_categorical_accuracy: 0.4574 - val_loss: 1.4596 - val_sparse_categorical_accuracy: 0.4826
Epoch 4/5
313/313 [==============================] - 81s 259ms/step - loss: 1.4113 - sparse_categorical_accuracy: 0.5019 - val_loss: 1.2957 - val_sparse_categorical_accuracy: 0.5374
Epoch 5/5
313/313 [==============================] - 80s 256ms/step - loss: 1.3357 - sparse_categorical_accuracy: 0.5272 - val_loss: 1.2403 - val_sparse_categorical_accuracy: 0.5603
79/79 [==============================] - 1s 10ms/step - loss: 1.1108 - sparse_categorical_accuracy: 0.6037
STATUS: itr: 4 -- Best fitness: 0.6707000136375427, Total time (s): 10038.190945148468

EVALUATION LOG: EmployeeBee ID (0) -- Candidate (input|sep5x5_64|sep3x3_32|avg_pool3x3|sep3x3_64|output)

Epoch 1/5
313/313 [==============================] - 80s 252ms/step - loss: 1.8924 - sparse_categorical_accuracy: 0.3117 - val_loss: 1.7093 - val_sparse_categorical_accuracy: 0.3820
Epoch 2/5
313/313 [==============================] - 79s 252ms/step - loss: 1.5887 - sparse_categorical_accuracy: 0.4280 - val_loss: 1.4775 - val_sparse_categorical_accuracy: 0.4616
Epoch 3/5
313/313 [==============================] - 78s 248ms/step - loss: 1.4429 - sparse_categorical_accuracy: 0.4855 - val_loss: 1.3201 - val_sparse_categorical_accuracy: 0.5276
Epoch 4/5
313/313 [==============================] - 78s 249ms/step - loss: 1.3460 - sparse_categorical_accuracy: 0.5238 - val_loss: 1.3558 - val_sparse_categorical_accuracy: 0.5293
Epoch 5/5
313/313 [==============================] - 79s 252ms/step - loss: 1.2643 - sparse_categorical_accuracy: 0.5518 - val_loss: 1.2045 - val_sparse_categorical_accuracy: 0.5739
79/79 [==============================] - 1s 9ms/step - loss: 1.0100 - sparse_categorical_accuracy: 0.6475

EVALUATION LOG: EmployeeBee ID (1) -- Candidate (input|sep5x5_32|dropout|sep5x5_128|sep3x3_128|output)

Epoch 1/5
313/313 [==============================] - 86s 273ms/step - loss: 1.8885 - sparse_categorical_accuracy: 0.3133 - val_loss: 1.8012 - val_sparse_categorical_accuracy: 0.3386
Epoch 2/5
313/313 [==============================] - 85s 271ms/step - loss: 1.5776 - sparse_categorical_accuracy: 0.4358 - val_loss: 1.4247 - val_sparse_categorical_accuracy: 0.4950
Epoch 3/5
313/313 [==============================] - 86s 275ms/step - loss: 1.4430 - sparse_categorical_accuracy: 0.4905 - val_loss: 1.3909 - val_sparse_categorical_accuracy: 0.5157
Epoch 4/5
313/313 [==============================] - 85s 273ms/step - loss: 1.3462 - sparse_categorical_accuracy: 0.5212 - val_loss: 1.2338 - val_sparse_categorical_accuracy: 0.5667
Epoch 5/5
313/313 [==============================] - 86s 273ms/step - loss: 1.2753 - sparse_categorical_accuracy: 0.5529 - val_loss: 1.2307 - val_sparse_categorical_accuracy: 0.5654
79/79 [==============================] - 1s 13ms/step - loss: 1.0934 - sparse_categorical_accuracy: 0.6184

EVALUATION LOG: OnlookerBee ID (0) -- Candidate (input|sep5x5_32|dropout|sep5x5_128|sep5x5_64|output)

Epoch 1/5
313/313 [==============================] - 83s 262ms/step - loss: 1.8625 - sparse_categorical_accuracy: 0.3191 - val_loss: 1.7067 - val_sparse_categorical_accuracy: 0.3803
Epoch 2/5
313/313 [==============================] - 81s 259ms/step - loss: 1.5773 - sparse_categorical_accuracy: 0.4333 - val_loss: 1.4800 - val_sparse_categorical_accuracy: 0.4732
Epoch 3/5
313/313 [==============================] - 81s 260ms/step - loss: 1.4475 - sparse_categorical_accuracy: 0.4839 - val_loss: 1.3174 - val_sparse_categorical_accuracy: 0.5312
Epoch 4/5
313/313 [==============================] - 81s 258ms/step - loss: 1.3547 - sparse_categorical_accuracy: 0.5186 - val_loss: 1.3849 - val_sparse_categorical_accuracy: 0.5076
Epoch 5/5
313/313 [==============================] - 80s 256ms/step - loss: 1.2792 - sparse_categorical_accuracy: 0.5492 - val_loss: 1.2257 - val_sparse_categorical_accuracy: 0.5678
79/79 [==============================] - 1s 10ms/step - loss: 1.0471 - sparse_categorical_accuracy: 0.6269

EVALUATION LOG: OnlookerBee ID (1) -- Candidate (input|sep5x5_64|sep3x3_32|avg_pool3x3|sep5x5_64|output)

Epoch 1/5
313/313 [==============================] - 81s 255ms/step - loss: 1.8564 - sparse_categorical_accuracy: 0.3273 - val_loss: 1.6380 - val_sparse_categorical_accuracy: 0.3981
Epoch 2/5
313/313 [==============================] - 78s 250ms/step - loss: 1.5767 - sparse_categorical_accuracy: 0.4333 - val_loss: 1.4448 - val_sparse_categorical_accuracy: 0.4742
Epoch 3/5
313/313 [==============================] - 78s 250ms/step - loss: 1.4504 - sparse_categorical_accuracy: 0.4850 - val_loss: 1.4295 - val_sparse_categorical_accuracy: 0.4932
Epoch 4/5
313/313 [==============================] - 79s 253ms/step - loss: 1.3664 - sparse_categorical_accuracy: 0.5150 - val_loss: 1.2761 - val_sparse_categorical_accuracy: 0.5442
Epoch 5/5
313/313 [==============================] - 78s 250ms/step - loss: 1.2958 - sparse_categorical_accuracy: 0.5446 - val_loss: 1.2304 - val_sparse_categorical_accuracy: 0.5639
79/79 [==============================] - 1s 9ms/step - loss: 1.0454 - sparse_categorical_accuracy: 0.6313

EVALUATION LOG: OnlookerBee ID (2) -- Candidate (input|max_pool3x3|dropout|sep5x5_128|sep5x5_64|output)

Epoch 1/5
313/313 [==============================] - 81s 255ms/step - loss: 1.8033 - sparse_categorical_accuracy: 0.3548 - val_loss: 1.5801 - val_sparse_categorical_accuracy: 0.4265
Epoch 2/5
313/313 [==============================] - 80s 257ms/step - loss: 1.4655 - sparse_categorical_accuracy: 0.4813 - val_loss: 1.3571 - val_sparse_categorical_accuracy: 0.5126
Epoch 3/5
313/313 [==============================] - 79s 254ms/step - loss: 1.3346 - sparse_categorical_accuracy: 0.5284 - val_loss: 1.2558 - val_sparse_categorical_accuracy: 0.5504
Epoch 4/5
313/313 [==============================] - 80s 255ms/step - loss: 1.2609 - sparse_categorical_accuracy: 0.5565 - val_loss: 1.1671 - val_sparse_categorical_accuracy: 0.5862
Epoch 5/5
313/313 [==============================] - 81s 258ms/step - loss: 1.2063 - sparse_categorical_accuracy: 0.5792 - val_loss: 1.1417 - val_sparse_categorical_accuracy: 0.5979
79/79 [==============================] - 1s 10ms/step - loss: 1.0711 - sparse_categorical_accuracy: 0.6323
STATUS: itr: 5 -- Best fitness: 0.6707000136375427, Total time (s): 12134.87185883522

EVALUATION LOG: EmployeeBee ID (0) -- Candidate (input|sep5x5_64|sep5x5_32|avg_pool3x3|sep3x3_64|output)

Epoch 1/5
313/313 [==============================] - 79s 249ms/step - loss: 1.8507 - sparse_categorical_accuracy: 0.3286 - val_loss: 1.6219 - val_sparse_categorical_accuracy: 0.4156
Epoch 2/5
313/313 [==============================] - 80s 256ms/step - loss: 1.5865 - sparse_categorical_accuracy: 0.4326 - val_loss: 1.4872 - val_sparse_categorical_accuracy: 0.4559
Epoch 3/5
313/313 [==============================] - 79s 253ms/step - loss: 1.4628 - sparse_categorical_accuracy: 0.4791 - val_loss: 1.3502 - val_sparse_categorical_accuracy: 0.5191
Epoch 4/5
313/313 [==============================] - 77s 247ms/step - loss: 1.3625 - sparse_categorical_accuracy: 0.5157 - val_loss: 1.2910 - val_sparse_categorical_accuracy: 0.5358
Epoch 5/5
313/313 [==============================] - 79s 251ms/step - loss: 1.2829 - sparse_categorical_accuracy: 0.5502 - val_loss: 1.2107 - val_sparse_categorical_accuracy: 0.5673
79/79 [==============================] - 1s 9ms/step - loss: 0.9926 - sparse_categorical_accuracy: 0.6534

EVALUATION LOG: EmployeeBee ID (1) -- Candidate (input|sep5x5_32|avg_pool3x3|sep5x5_128|avg_pool3x3|output)

Epoch 1/5
313/313 [==============================] - 86s 273ms/step - loss: 1.8497 - sparse_categorical_accuracy: 0.3446 - val_loss: 1.5578 - val_sparse_categorical_accuracy: 0.4396
Epoch 2/5
313/313 [==============================] - 83s 266ms/step - loss: 1.4929 - sparse_categorical_accuracy: 0.4689 - val_loss: 1.3791 - val_sparse_categorical_accuracy: 0.5142
Epoch 3/5
313/313 [==============================] - 85s 271ms/step - loss: 1.3590 - sparse_categorical_accuracy: 0.5212 - val_loss: 1.2689 - val_sparse_categorical_accuracy: 0.5549
Epoch 4/5
313/313 [==============================] - 85s 271ms/step - loss: 1.2594 - sparse_categorical_accuracy: 0.5590 - val_loss: 1.2064 - val_sparse_categorical_accuracy: 0.5789
Epoch 5/5
313/313 [==============================] - 84s 270ms/step - loss: 1.2080 - sparse_categorical_accuracy: 0.5793 - val_loss: 1.1273 - val_sparse_categorical_accuracy: 0.6051
79/79 [==============================] - 1s 13ms/step - loss: 0.9361 - sparse_categorical_accuracy: 0.6723

EVALUATION LOG: OnlookerBee ID (0) -- Candidate (input|sep5x5_64|sep5x5_32|sep5x5_32|sep3x3_64|output)

Epoch 1/5
313/313 [==============================] - 80s 252ms/step - loss: 2.3030 - sparse_categorical_accuracy: 0.1000 - val_loss: 2.3029 - val_sparse_categorical_accuracy: 0.0981
Epoch 2/5
313/313 [==============================] - 79s 252ms/step - loss: 2.3027 - sparse_categorical_accuracy: 0.0990 - val_loss: 2.3027 - val_sparse_categorical_accuracy: 0.1032
Epoch 3/5
313/313 [==============================] - 80s 257ms/step - loss: 2.3027 - sparse_categorical_accuracy: 0.1002 - val_loss: 2.3028 - val_sparse_categorical_accuracy: 0.0937
Epoch 4/5
313/313 [==============================] - 79s 252ms/step - loss: 2.3027 - sparse_categorical_accuracy: 0.1010 - val_loss: 2.3028 - val_sparse_categorical_accuracy: 0.0937
Epoch 5/5
313/313 [==============================] - 80s 255ms/step - loss: 2.3027 - sparse_categorical_accuracy: 0.1013 - val_loss: 2.3028 - val_sparse_categorical_accuracy: 0.0937
79/79 [==============================] - 1s 10ms/step - loss: 2.3026 - sparse_categorical_accuracy: 0.1000

EVALUATION LOG: OnlookerBee ID (1) -- Candidate (input|sep3x3_32|sep5x5_32|avg_pool3x3|sep3x3_64|output)

Epoch 1/5
313/313 [==============================] - 80s 253ms/step - loss: 1.8614 - sparse_categorical_accuracy: 0.3225 - val_loss: 1.6188 - val_sparse_categorical_accuracy: 0.4170
Epoch 2/5
313/313 [==============================] - 78s 249ms/step - loss: 1.5728 - sparse_categorical_accuracy: 0.4366 - val_loss: 1.4789 - val_sparse_categorical_accuracy: 0.4777
Epoch 3/5
313/313 [==============================] - 77s 247ms/step - loss: 1.4367 - sparse_categorical_accuracy: 0.4916 - val_loss: 1.3705 - val_sparse_categorical_accuracy: 0.5138
Epoch 4/5
313/313 [==============================] - 78s 250ms/step - loss: 1.3482 - sparse_categorical_accuracy: 0.5232 - val_loss: 1.2850 - val_sparse_categorical_accuracy: 0.5415
Epoch 5/5
313/313 [==============================] - 76s 244ms/step - loss: 1.2760 - sparse_categorical_accuracy: 0.5521 - val_loss: 1.1919 - val_sparse_categorical_accuracy: 0.5757
79/79 [==============================] - 1s 9ms/step - loss: 1.0547 - sparse_categorical_accuracy: 0.6345

EVALUATION LOG: OnlookerBee ID (2) -- Candidate (input|sep5x5_32|avg_pool3x3|sep5x5_128|dropout|output)

Epoch 1/5
313/313 [==============================] - 87s 275ms/step - loss: 1.8335 - sparse_categorical_accuracy: 0.3411 - val_loss: 1.6431 - val_sparse_categorical_accuracy: 0.3945
Epoch 2/5
313/313 [==============================] - 85s 270ms/step - loss: 1.5187 - sparse_categorical_accuracy: 0.4616 - val_loss: 1.4407 - val_sparse_categorical_accuracy: 0.4920
Epoch 3/5
313/313 [==============================] - 85s 271ms/step - loss: 1.3864 - sparse_categorical_accuracy: 0.5139 - val_loss: 1.2906 - val_sparse_categorical_accuracy: 0.5395
Epoch 4/5
313/313 [==============================] - 85s 271ms/step - loss: 1.2992 - sparse_categorical_accuracy: 0.5453 - val_loss: 1.2387 - val_sparse_categorical_accuracy: 0.5687
Epoch 5/5
313/313 [==============================] - 84s 268ms/step - loss: 1.2371 - sparse_categorical_accuracy: 0.5650 - val_loss: 1.2714 - val_sparse_categorical_accuracy: 0.5463
79/79 [==============================] - 1s 12ms/step - loss: 1.1027 - sparse_categorical_accuracy: 0.6171
STATUS: itr: 6 -- Best fitness: 0.6722999811172485, Total time (s): 14355.410727500916

EVALUATION LOG: EmployeeBee ID (0) -- Candidate (input|dropout|sep5x5_32|sep3x3_64|sep3x3_128|output)

Epoch 1/5
313/313 [==============================] - 85s 268ms/step - loss: 1.8403 - sparse_categorical_accuracy: 0.3297 - val_loss: 1.8083 - val_sparse_categorical_accuracy: 0.3519
Epoch 2/5
313/313 [==============================] - 85s 273ms/step - loss: 1.5690 - sparse_categorical_accuracy: 0.4384 - val_loss: 1.4370 - val_sparse_categorical_accuracy: 0.4883
Epoch 3/5
313/313 [==============================] - 85s 273ms/step - loss: 1.4496 - sparse_categorical_accuracy: 0.4839 - val_loss: 1.3271 - val_sparse_categorical_accuracy: 0.5263
Epoch 4/5
313/313 [==============================] - 84s 268ms/step - loss: 1.3634 - sparse_categorical_accuracy: 0.5167 - val_loss: 1.3168 - val_sparse_categorical_accuracy: 0.5425
Epoch 5/5
313/313 [==============================] - 86s 274ms/step - loss: 1.2977 - sparse_categorical_accuracy: 0.5387 - val_loss: 1.2550 - val_sparse_categorical_accuracy: 0.5455
79/79 [==============================] - 1s 13ms/step - loss: 1.0121 - sparse_categorical_accuracy: 0.6418

EVALUATION LOG: EmployeeBee ID (1) -- Candidate (input|sep5x5_32|sep5x5_64|sep5x5_128|avg_pool3x3|output)

Epoch 1/5
313/313 [==============================] - 88s 279ms/step - loss: 1.8675 - sparse_categorical_accuracy: 0.3223 - val_loss: 1.6866 - val_sparse_categorical_accuracy: 0.3892
Epoch 2/5
313/313 [==============================] - 87s 280ms/step - loss: 1.5674 - sparse_categorical_accuracy: 0.4412 - val_loss: 1.5081 - val_sparse_categorical_accuracy: 0.4650
Epoch 3/5
313/313 [==============================] - 86s 274ms/step - loss: 1.4262 - sparse_categorical_accuracy: 0.4939 - val_loss: 1.4800 - val_sparse_categorical_accuracy: 0.4795
Epoch 4/5
313/313 [==============================] - 87s 278ms/step - loss: 1.3370 - sparse_categorical_accuracy: 0.5270 - val_loss: 1.2172 - val_sparse_categorical_accuracy: 0.5762
Epoch 5/5
313/313 [==============================] - 87s 278ms/step - loss: 1.2581 - sparse_categorical_accuracy: 0.5602 - val_loss: 1.2181 - val_sparse_categorical_accuracy: 0.5705
79/79 [==============================] - 1s 14ms/step - loss: 0.9639 - sparse_categorical_accuracy: 0.6692

EVALUATION LOG: OnlookerBee ID (0) -- Candidate (input|sep5x5_32|sep5x5_32|sep3x3_64|sep3x3_128|output)

Epoch 1/5
313/313 [==============================] - 87s 276ms/step - loss: 1.9487 - sparse_categorical_accuracy: 0.2876 - val_loss: 1.7311 - val_sparse_categorical_accuracy: 0.3804
Epoch 2/5
313/313 [==============================] - 85s 271ms/step - loss: 1.6496 - sparse_categorical_accuracy: 0.4089 - val_loss: 1.4835 - val_sparse_categorical_accuracy: 0.4604
Epoch 3/5
313/313 [==============================] - 85s 273ms/step - loss: 1.4988 - sparse_categorical_accuracy: 0.4669 - val_loss: 1.3817 - val_sparse_categorical_accuracy: 0.5027
Epoch 4/5
313/313 [==============================] - 86s 275ms/step - loss: 1.4051 - sparse_categorical_accuracy: 0.5026 - val_loss: 1.3638 - val_sparse_categorical_accuracy: 0.5096
Epoch 5/5
313/313 [==============================] - 85s 270ms/step - loss: 1.3329 - sparse_categorical_accuracy: 0.5264 - val_loss: 1.4075 - val_sparse_categorical_accuracy: 0.5064
79/79 [==============================] - 1s 13ms/step - loss: 1.1874 - sparse_categorical_accuracy: 0.5775

EVALUATION LOG: OnlookerBee ID (1) -- Candidate (input|dropout|sep5x5_32|sep3x3_128|sep3x3_128|output)

Epoch 1/5
313/313 [==============================] - 87s 274ms/step - loss: 1.8679 - sparse_categorical_accuracy: 0.3248 - val_loss: 1.6857 - val_sparse_categorical_accuracy: 0.3821
Epoch 2/5
313/313 [==============================] - 85s 272ms/step - loss: 1.5749 - sparse_categorical_accuracy: 0.4390 - val_loss: 1.5085 - val_sparse_categorical_accuracy: 0.4574
Epoch 3/5
313/313 [==============================] - 86s 276ms/step - loss: 1.4412 - sparse_categorical_accuracy: 0.4898 - val_loss: 1.3291 - val_sparse_categorical_accuracy: 0.5300
Epoch 4/5
313/313 [==============================] - 84s 270ms/step - loss: 1.3484 - sparse_categorical_accuracy: 0.5212 - val_loss: 1.3282 - val_sparse_categorical_accuracy: 0.5359
Epoch 5/5
313/313 [==============================] - 86s 276ms/step - loss: 1.2831 - sparse_categorical_accuracy: 0.5494 - val_loss: 1.2070 - val_sparse_categorical_accuracy: 0.5734
79/79 [==============================] - 1s 14ms/step - loss: 1.0247 - sparse_categorical_accuracy: 0.6418

EVALUATION LOG: OnlookerBee ID (2) -- Candidate (input|sep5x5_32|avg_pool3x3|avg_pool3x3|avg_pool3x3|output)

Epoch 1/5
313/313 [==============================] - 75s 237ms/step - loss: 1.9618 - sparse_categorical_accuracy: 0.3469 - val_loss: 1.5959 - val_sparse_categorical_accuracy: 0.4364
Epoch 2/5
313/313 [==============================] - 76s 242ms/step - loss: 1.5077 - sparse_categorical_accuracy: 0.4649 - val_loss: 1.4434 - val_sparse_categorical_accuracy: 0.4942
Epoch 3/5
313/313 [==============================] - 74s 236ms/step - loss: 1.3879 - sparse_categorical_accuracy: 0.5161 - val_loss: 1.2703 - val_sparse_categorical_accuracy: 0.5492
Epoch 4/5
313/313 [==============================] - 75s 240ms/step - loss: 1.3192 - sparse_categorical_accuracy: 0.5411 - val_loss: 1.2902 - val_sparse_categorical_accuracy: 0.5426
Epoch 5/5
313/313 [==============================] - 74s 235ms/step - loss: 1.2513 - sparse_categorical_accuracy: 0.5626 - val_loss: 1.1654 - val_sparse_categorical_accuracy: 0.5899
79/79 [==============================] - 1s 7ms/step - loss: 1.0350 - sparse_categorical_accuracy: 0.6363
STATUS: itr: 7 -- Best fitness: 0.6722999811172485, Total time (s): 16681.003120183945

EVALUATION LOG: EmployeeBee ID (0) -- Candidate (input|sep5x5_64|max_pool3x3|sep3x3_64|batch_norm|output)

Epoch 1/5
313/313 [==============================] - 80s 254ms/step - loss: 1.7370 - sparse_categorical_accuracy: 0.4135 - val_loss: 2.1222 - val_sparse_categorical_accuracy: 0.3169
Epoch 2/5
313/313 [==============================] - 77s 246ms/step - loss: 1.3467 - sparse_categorical_accuracy: 0.5244 - val_loss: 1.6833 - val_sparse_categorical_accuracy: 0.4096
Epoch 3/5
313/313 [==============================] - 79s 251ms/step - loss: 1.2534 - sparse_categorical_accuracy: 0.5598 - val_loss: 1.3061 - val_sparse_categorical_accuracy: 0.5490
Epoch 4/5
313/313 [==============================] - 78s 248ms/step - loss: 1.2032 - sparse_categorical_accuracy: 0.5815 - val_loss: 1.4833 - val_sparse_categorical_accuracy: 0.5166
Epoch 5/5
313/313 [==============================] - 80s 254ms/step - loss: 1.1821 - sparse_categorical_accuracy: 0.5894 - val_loss: 1.2280 - val_sparse_categorical_accuracy: 0.5630
79/79 [==============================] - 1s 9ms/step - loss: 1.0231 - sparse_categorical_accuracy: 0.6348

EVALUATION LOG: EmployeeBee ID (1) -- Candidate (input|dropout|dropout|sep5x5_128|dropout|output)

Epoch 1/5
313/313 [==============================] - 84s 265ms/step - loss: 2.3942 - sparse_categorical_accuracy: 0.3189 - val_loss: 1.6833 - val_sparse_categorical_accuracy: 0.4109
Epoch 2/5
313/313 [==============================] - 85s 272ms/step - loss: 1.5931 - sparse_categorical_accuracy: 0.4336 - val_loss: 1.4549 - val_sparse_categorical_accuracy: 0.4863
Epoch 3/5
313/313 [==============================] - 83s 266ms/step - loss: 1.4705 - sparse_categorical_accuracy: 0.4786 - val_loss: 1.3601 - val_sparse_categorical_accuracy: 0.5167
Epoch 4/5
313/313 [==============================] - 85s 271ms/step - loss: 1.4016 - sparse_categorical_accuracy: 0.5043 - val_loss: 1.3196 - val_sparse_categorical_accuracy: 0.5274
Epoch 5/5
313/313 [==============================] - 83s 265ms/step - loss: 1.3544 - sparse_categorical_accuracy: 0.5225 - val_loss: 1.3041 - val_sparse_categorical_accuracy: 0.5532
79/79 [==============================] - 1s 11ms/step - loss: 1.1315 - sparse_categorical_accuracy: 0.6216

EVALUATION LOG: OnlookerBee ID (0) -- Candidate (input|dropout|dropout|sep5x5_64|dropout|output)

Epoch 1/5
313/313 [==============================] - 79s 249ms/step - loss: 2.1213 - sparse_categorical_accuracy: 0.3201 - val_loss: 1.6596 - val_sparse_categorical_accuracy: 0.4173
Epoch 2/5
313/313 [==============================] - 76s 244ms/step - loss: 1.5866 - sparse_categorical_accuracy: 0.4340 - val_loss: 1.4465 - val_sparse_categorical_accuracy: 0.4811
Epoch 3/5
313/313 [==============================] - 76s 243ms/step - loss: 1.4884 - sparse_categorical_accuracy: 0.4729 - val_loss: 1.4056 - val_sparse_categorical_accuracy: 0.4961
Epoch 4/5
313/313 [==============================] - 78s 250ms/step - loss: 1.4187 - sparse_categorical_accuracy: 0.4967 - val_loss: 1.3671 - val_sparse_categorical_accuracy: 0.5185
Epoch 5/5
313/313 [==============================] - 76s 244ms/step - loss: 1.3659 - sparse_categorical_accuracy: 0.5138 - val_loss: 1.2844 - val_sparse_categorical_accuracy: 0.5554
79/79 [==============================] - 1s 8ms/step - loss: 1.1046 - sparse_categorical_accuracy: 0.6191

EVALUATION LOG: OnlookerBee ID (1) -- Candidate (input|sep5x5_64|sep3x3_128|sep3x3_64|batch_norm|output)

Epoch 1/5
313/313 [==============================] - 83s 261ms/step - loss: 1.6756 - sparse_categorical_accuracy: 0.3960 - val_loss: 2.1698 - val_sparse_categorical_accuracy: 0.1333
Epoch 2/5
313/313 [==============================] - 79s 253ms/step - loss: 1.3739 - sparse_categorical_accuracy: 0.5112 - val_loss: 4.5890 - val_sparse_categorical_accuracy: 0.1499
Epoch 3/5
313/313 [==============================] - 80s 255ms/step - loss: 1.2456 - sparse_categorical_accuracy: 0.5600 - val_loss: 18.8088 - val_sparse_categorical_accuracy: 0.1385
Epoch 4/5
313/313 [==============================] - 80s 254ms/step - loss: 1.1576 - sparse_categorical_accuracy: 0.5953 - val_loss: 4.5105 - val_sparse_categorical_accuracy: 0.1886
Epoch 5/5
313/313 [==============================] - 79s 253ms/step - loss: 1.1138 - sparse_categorical_accuracy: 0.6133 - val_loss: 22.0594 - val_sparse_categorical_accuracy: 0.1625
79/79 [==============================] - 1s 10ms/step - loss: 19.7482 - sparse_categorical_accuracy: 0.2030

EVALUATION LOG: OnlookerBee ID (2) -- Candidate (input|sep3x3_128|dropout|sep5x5_128|dropout|output)

Epoch 1/5
313/313 [==============================] - 89s 281ms/step - loss: 1.8003 - sparse_categorical_accuracy: 0.3564 - val_loss: 1.5648 - val_sparse_categorical_accuracy: 0.4312
Epoch 2/5
313/313 [==============================] - 86s 276ms/step - loss: 1.4947 - sparse_categorical_accuracy: 0.4672 - val_loss: 1.4175 - val_sparse_categorical_accuracy: 0.4975
Epoch 3/5
313/313 [==============================] - 87s 280ms/step - loss: 1.3530 - sparse_categorical_accuracy: 0.5237 - val_loss: 1.2671 - val_sparse_categorical_accuracy: 0.5455
Epoch 4/5
313/313 [==============================] - 86s 275ms/step - loss: 1.2623 - sparse_categorical_accuracy: 0.5573 - val_loss: 1.1389 - val_sparse_categorical_accuracy: 0.6007
Epoch 5/5
313/313 [==============================] - 88s 282ms/step - loss: 1.1926 - sparse_categorical_accuracy: 0.5794 - val_loss: 1.1397 - val_sparse_categorical_accuracy: 0.5948
79/79 [==============================] - 1s 13ms/step - loss: 0.9411 - sparse_categorical_accuracy: 0.6715
STATUS: itr: 8 -- Best fitness: 0.6722999811172485, Total time (s): 18851.946792840958

EVALUATION LOG: EmployeeBee ID (0) -- Candidate (input|sep5x5_64|sep3x3_32|sep3x3_64|batch_norm|output)

Epoch 1/5
313/313 [==============================] - 79s 249ms/step - loss: 1.6953 - sparse_categorical_accuracy: 0.3855 - val_loss: 2.4229 - val_sparse_categorical_accuracy: 0.1722
Epoch 2/5
313/313 [==============================] - 80s 254ms/step - loss: 1.4098 - sparse_categorical_accuracy: 0.4961 - val_loss: 3.4456 - val_sparse_categorical_accuracy: 0.1921
Epoch 3/5
313/313 [==============================] - 78s 248ms/step - loss: 1.2557 - sparse_categorical_accuracy: 0.5559 - val_loss: 2.4570 - val_sparse_categorical_accuracy: 0.2109
Epoch 4/5
313/313 [==============================] - 78s 250ms/step - loss: 1.1879 - sparse_categorical_accuracy: 0.5835 - val_loss: 4.7288 - val_sparse_categorical_accuracy: 0.1855
Epoch 5/5
313/313 [==============================] - 79s 254ms/step - loss: 1.1383 - sparse_categorical_accuracy: 0.6001 - val_loss: 20.7379 - val_sparse_categorical_accuracy: 0.1900
79/79 [==============================] - 1s 9ms/step - loss: 15.5305 - sparse_categorical_accuracy: 0.2326

EVALUATION LOG: EmployeeBee ID (1) -- Candidate (input|sep5x5_32|sep3x3_32|avg_pool3x3|sep3x3_32|output)

Epoch 1/5
313/313 [==============================] - 76s 238ms/step - loss: 1.8258 - sparse_categorical_accuracy: 0.3402 - val_loss: 1.6459 - val_sparse_categorical_accuracy: 0.4082
Epoch 2/5
313/313 [==============================] - 76s 243ms/step - loss: 1.5700 - sparse_categorical_accuracy: 0.4397 - val_loss: 1.5607 - val_sparse_categorical_accuracy: 0.4384
Epoch 3/5
313/313 [==============================] - 75s 239ms/step - loss: 1.4593 - sparse_categorical_accuracy: 0.4779 - val_loss: 1.3586 - val_sparse_categorical_accuracy: 0.5079
Epoch 4/5
313/313 [==============================] - 74s 237ms/step - loss: 1.3786 - sparse_categorical_accuracy: 0.5120 - val_loss: 1.4147 - val_sparse_categorical_accuracy: 0.5005
Epoch 5/5
313/313 [==============================] - 76s 244ms/step - loss: 1.3225 - sparse_categorical_accuracy: 0.5316 - val_loss: 1.3303 - val_sparse_categorical_accuracy: 0.5206
79/79 [==============================] - 1s 7ms/step - loss: 1.0905 - sparse_categorical_accuracy: 0.6031

EVALUATION LOG: OnlookerBee ID (0) -- Candidate (input|sep5x5_32|sep3x3_32|sep3x3_128|sep3x3_32|output)

Epoch 1/5
313/313 [==============================] - 77s 244ms/step - loss: 1.9660 - sparse_categorical_accuracy: 0.2754 - val_loss: 1.7657 - val_sparse_categorical_accuracy: 0.3531
Epoch 2/5
313/313 [==============================] - 79s 251ms/step - loss: 1.6790 - sparse_categorical_accuracy: 0.3987 - val_loss: 1.5478 - val_sparse_categorical_accuracy: 0.4415
Epoch 3/5
313/313 [==============================] - 76s 243ms/step - loss: 1.5446 - sparse_categorical_accuracy: 0.4486 - val_loss: 1.4503 - val_sparse_categorical_accuracy: 0.4748
Epoch 4/5
313/313 [==============================] - 76s 242ms/step - loss: 1.4384 - sparse_categorical_accuracy: 0.4868 - val_loss: 1.3972 - val_sparse_categorical_accuracy: 0.4937
Epoch 5/5
313/313 [==============================] - 78s 250ms/step - loss: 1.3685 - sparse_categorical_accuracy: 0.5131 - val_loss: 1.3062 - val_sparse_categorical_accuracy: 0.5376
79/79 [==============================] - 1s 8ms/step - loss: 1.1037 - sparse_categorical_accuracy: 0.6157

EVALUATION LOG: OnlookerBee ID (1) -- Candidate (input|sep5x5_32|sep3x3_32|sep3x3_128|sep5x5_32|output)

Epoch 1/5
313/313 [==============================] - 79s 248ms/step - loss: 1.9663 - sparse_categorical_accuracy: 0.2713 - val_loss: 1.8659 - val_sparse_categorical_accuracy: 0.3119
Epoch 2/5
313/313 [==============================] - 77s 247ms/step - loss: 1.7063 - sparse_categorical_accuracy: 0.3840 - val_loss: 1.6878 - val_sparse_categorical_accuracy: 0.3894
Epoch 3/5
313/313 [==============================] - 80s 255ms/step - loss: 1.5747 - sparse_categorical_accuracy: 0.4352 - val_loss: 1.4735 - val_sparse_categorical_accuracy: 0.4597
Epoch 4/5
313/313 [==============================] - 77s 247ms/step - loss: 1.4716 - sparse_categorical_accuracy: 0.4719 - val_loss: 1.4112 - val_sparse_categorical_accuracy: 0.4955
Epoch 5/5
313/313 [==============================] - 80s 255ms/step - loss: 1.3938 - sparse_categorical_accuracy: 0.5053 - val_loss: 1.3191 - val_sparse_categorical_accuracy: 0.5260
79/79 [==============================] - 1s 9ms/step - loss: 1.1549 - sparse_categorical_accuracy: 0.5869

EVALUATION LOG: OnlookerBee ID (2) -- Candidate (input|sep5x5_64|max_pool3x3|sep3x3_64|sep3x3_64|output)

Epoch 1/5
313/313 [==============================] - 81s 255ms/step - loss: 1.8301 - sparse_categorical_accuracy: 0.3421 - val_loss: 1.6364 - val_sparse_categorical_accuracy: 0.4109
Epoch 2/5
313/313 [==============================] - 79s 253ms/step - loss: 1.5196 - sparse_categorical_accuracy: 0.4596 - val_loss: 1.3685 - val_sparse_categorical_accuracy: 0.5141
Epoch 3/5
313/313 [==============================] - 80s 257ms/step - loss: 1.3749 - sparse_categorical_accuracy: 0.5143 - val_loss: 1.2532 - val_sparse_categorical_accuracy: 0.5533
Epoch 4/5
313/313 [==============================] - 78s 250ms/step - loss: 1.2689 - sparse_categorical_accuracy: 0.5549 - val_loss: 1.2072 - val_sparse_categorical_accuracy: 0.5754
Epoch 5/5
313/313 [==============================] - 80s 256ms/step - loss: 1.1968 - sparse_categorical_accuracy: 0.5822 - val_loss: 1.1677 - val_sparse_categorical_accuracy: 0.5842
79/79 [==============================] - 1s 10ms/step - loss: 0.9879 - sparse_categorical_accuracy: 0.6560
STATUS: itr: 9 -- Best fitness: 0.6722999811172485, Total time (s): 20828.15521788597