
EVALUATION LOG: EmployeeBee ID (0) -- Candidate (input|dropout|max_pool3x3|sep5x5_64|sc_1|sep5x5_128|output)

Epoch 1/5
391/391 [==============================] - 33s 82ms/step - loss: 2.4127 - sparse_categorical_accuracy: 0.4447 - val_loss: 2.4660 - val_sparse_categorical_accuracy: 0.3472
Epoch 2/5
391/391 [==============================] - 32s 81ms/step - loss: 1.0797 - sparse_categorical_accuracy: 0.6271 - val_loss: 2.1224 - val_sparse_categorical_accuracy: 0.4502
Epoch 3/5
391/391 [==============================] - 32s 81ms/step - loss: 0.8171 - sparse_categorical_accuracy: 0.7190 - val_loss: 2.3379 - val_sparse_categorical_accuracy: 0.5402
Epoch 4/5
391/391 [==============================] - 32s 81ms/step - loss: 0.5967 - sparse_categorical_accuracy: 0.7996 - val_loss: 1.1491 - val_sparse_categorical_accuracy: 0.6425
Epoch 5/5
391/391 [==============================] - 32s 81ms/step - loss: 0.4379 - sparse_categorical_accuracy: 0.8529 - val_loss: 1.2696 - val_sparse_categorical_accuracy: 0.6569
79/79 [==============================] - 1s 16ms/step - loss: 1.2696 - sparse_categorical_accuracy: 0.6569

FILE-SAVE SUCCESSFUL: Candidate (input|dropout|max_pool3x3|sep5x5_64|sc_1|sep5x5_128|output) was saved to 7d605ebad449de4e21bba0be3c4c0e5caac299fd.h5


EVALUATION LOG: EmployeeBee ID (1) -- Candidate (input|avg_pool3x3|avg_pool3x3|sep5x5_64|sc_1|sep5x5_128|output)

Epoch 1/5
391/391 [==============================] - 34s 84ms/step - loss: 1.8139 - sparse_categorical_accuracy: 0.4675 - val_loss: 1.2376 - val_sparse_categorical_accuracy: 0.5515
Epoch 2/5
391/391 [==============================] - 32s 82ms/step - loss: 1.0171 - sparse_categorical_accuracy: 0.6465 - val_loss: 0.9750 - val_sparse_categorical_accuracy: 0.6644
Epoch 3/5
391/391 [==============================] - 32s 82ms/step - loss: 0.7446 - sparse_categorical_accuracy: 0.7434 - val_loss: 0.9180 - val_sparse_categorical_accuracy: 0.6882
Epoch 4/5
391/391 [==============================] - 32s 82ms/step - loss: 0.5091 - sparse_categorical_accuracy: 0.8265 - val_loss: 0.9264 - val_sparse_categorical_accuracy: 0.6941
Epoch 5/5
391/391 [==============================] - 32s 82ms/step - loss: 0.3380 - sparse_categorical_accuracy: 0.8857 - val_loss: 1.1271 - val_sparse_categorical_accuracy: 0.6957
79/79 [==============================] - 1s 17ms/step - loss: 1.1271 - sparse_categorical_accuracy: 0.6957

FILE-SAVE SUCCESSFUL: Candidate (input|avg_pool3x3|avg_pool3x3|sep5x5_64|sc_1|sep5x5_128|output) was saved to 974ea2bd3a385c77bbe63d9f9503a5d49ec4722e.h5


EVALUATION LOG: EmployeeBee ID (2) -- Candidate (input|sc_1|dropout|sc_2|sep5x5_128|max_pool3x3|sc_1|sep3x3_128|output)

Epoch 1/5
391/391 [==============================] - 46s 115ms/step - loss: 5.2256 - sparse_categorical_accuracy: 0.3447 - val_loss: 1.5341 - val_sparse_categorical_accuracy: 0.4496
Epoch 2/5
391/391 [==============================] - 44s 113ms/step - loss: 1.3735 - sparse_categorical_accuracy: 0.5210 - val_loss: 1.5788 - val_sparse_categorical_accuracy: 0.5137
Epoch 3/5
391/391 [==============================] - 44s 113ms/step - loss: 1.1461 - sparse_categorical_accuracy: 0.6060 - val_loss: 1.0542 - val_sparse_categorical_accuracy: 0.6332
Epoch 4/5
391/391 [==============================] - 44s 114ms/step - loss: 0.9876 - sparse_categorical_accuracy: 0.6637 - val_loss: 1.5479 - val_sparse_categorical_accuracy: 0.6205
Epoch 5/5
391/391 [==============================] - 45s 114ms/step - loss: 0.8425 - sparse_categorical_accuracy: 0.7173 - val_loss: 1.3156 - val_sparse_categorical_accuracy: 0.6426
79/79 [==============================] - 2s 23ms/step - loss: 1.3156 - sparse_categorical_accuracy: 0.6426

FILE-SAVE SUCCESSFUL: Candidate (input|sc_1|dropout|sc_2|sep5x5_128|max_pool3x3|sc_1|sep3x3_128|output) was saved to a09bc2e6aac403a19e8651a914d911316c70f152.h5


EVALUATION LOG: OnlookerBee ID (0) -- Candidate (input|avg_pool3x3|sep3x3_256|sep5x5_64|sc_1|sep5x5_128|output)

Epoch 1/5
391/391 [==============================] - 47s 117ms/step - loss: 1.6241 - sparse_categorical_accuracy: 0.4227 - val_loss: 1.2313 - val_sparse_categorical_accuracy: 0.5598
Epoch 2/5
391/391 [==============================] - 45s 115ms/step - loss: 1.0945 - sparse_categorical_accuracy: 0.6166 - val_loss: 1.0918 - val_sparse_categorical_accuracy: 0.6237
Epoch 3/5
391/391 [==============================] - 45s 115ms/step - loss: 0.8258 - sparse_categorical_accuracy: 0.7140 - val_loss: 1.0468 - val_sparse_categorical_accuracy: 0.6585
Epoch 4/5
391/391 [==============================] - 45s 115ms/step - loss: 0.6045 - sparse_categorical_accuracy: 0.7894 - val_loss: 0.9027 - val_sparse_categorical_accuracy: 0.7008
Epoch 5/5
391/391 [==============================] - 45s 115ms/step - loss: 0.4203 - sparse_categorical_accuracy: 0.8572 - val_loss: 1.1422 - val_sparse_categorical_accuracy: 0.6901
79/79 [==============================] - 2s 22ms/step - loss: 1.1422 - sparse_categorical_accuracy: 0.6901

FILE-SAVE SUCCESSFUL: Candidate (input|avg_pool3x3|sep3x3_256|sep5x5_64|sc_1|sep5x5_128|output) was saved to 01b3e6052aa787f78f5b0636e28bfa0e21d5b336.h5


EVALUATION LOG: OnlookerBee ID (1) -- Candidate (input|max_pool3x3|max_pool3x3|sep5x5_64|sc_1|sep5x5_128|output)

Epoch 1/5
391/391 [==============================] - 33s 83ms/step - loss: 2.1728 - sparse_categorical_accuracy: 0.4539 - val_loss: 1.2732 - val_sparse_categorical_accuracy: 0.5573
Epoch 2/5
391/391 [==============================] - 32s 81ms/step - loss: 1.0633 - sparse_categorical_accuracy: 0.6313 - val_loss: 1.1050 - val_sparse_categorical_accuracy: 0.6271
Epoch 3/5
391/391 [==============================] - 32s 81ms/step - loss: 0.8209 - sparse_categorical_accuracy: 0.7170 - val_loss: 0.9106 - val_sparse_categorical_accuracy: 0.6829
Epoch 4/5
391/391 [==============================] - 32s 82ms/step - loss: 0.6137 - sparse_categorical_accuracy: 0.7916 - val_loss: 0.9705 - val_sparse_categorical_accuracy: 0.6711
Epoch 5/5
391/391 [==============================] - 32s 82ms/step - loss: 0.4349 - sparse_categorical_accuracy: 0.8529 - val_loss: 1.0949 - val_sparse_categorical_accuracy: 0.7052
79/79 [==============================] - 1s 17ms/step - loss: 1.0949 - sparse_categorical_accuracy: 0.7052

FILE-SAVE SUCCESSFUL: Candidate (input|max_pool3x3|max_pool3x3|sep5x5_64|sc_1|sep5x5_128|output) was saved to 90b15f7243b4dd9a923dc089a2b53d05e3cab7f2.h5


EVALUATION LOG: OnlookerBee ID (2) -- Candidate (input|max_pool3x3|max_pool3x3|sep5x5_256|sc_1|sep5x5_128|output)

Epoch 1/5
391/391 [==============================] - 61s 153ms/step - loss: 2.1482 - sparse_categorical_accuracy: 0.4543 - val_loss: 1.2839 - val_sparse_categorical_accuracy: 0.5488
Epoch 2/5
391/391 [==============================] - 59s 151ms/step - loss: 0.9655 - sparse_categorical_accuracy: 0.6682 - val_loss: 0.9412 - val_sparse_categorical_accuracy: 0.6758
Epoch 3/5
391/391 [==============================] - 59s 151ms/step - loss: 0.6593 - sparse_categorical_accuracy: 0.7763 - val_loss: 0.9164 - val_sparse_categorical_accuracy: 0.7106
Epoch 4/5
391/391 [==============================] - 59s 151ms/step - loss: 0.4184 - sparse_categorical_accuracy: 0.8614 - val_loss: 0.9202 - val_sparse_categorical_accuracy: 0.7126
Epoch 5/5
391/391 [==============================] - 59s 151ms/step - loss: 0.2767 - sparse_categorical_accuracy: 0.9103 - val_loss: 1.1029 - val_sparse_categorical_accuracy: 0.7286
79/79 [==============================] - 3s 34ms/step - loss: 1.1029 - sparse_categorical_accuracy: 0.7286

FILE-SAVE SUCCESSFUL: Candidate (input|max_pool3x3|max_pool3x3|sep5x5_256|sc_1|sep5x5_128|output) was saved to 76016312adf56740a28a86958117f2287781bfae.h5


EVALUATION LOG: OnlookerBee ID (3) -- Candidate (input|sc_4|dropout|sc_2|sep5x5_128|max_pool3x3|sc_1|sep3x3_128|output)

Epoch 1/5
391/391 [==============================] - 45s 111ms/step - loss: 3.6087 - sparse_categorical_accuracy: 0.3679 - val_loss: 1.4965 - val_sparse_categorical_accuracy: 0.4605
Epoch 2/5
391/391 [==============================] - 43s 110ms/step - loss: 1.3004 - sparse_categorical_accuracy: 0.5506 - val_loss: 1.2973 - val_sparse_categorical_accuracy: 0.5439
Epoch 3/5
391/391 [==============================] - 43s 110ms/step - loss: 1.0130 - sparse_categorical_accuracy: 0.6551 - val_loss: 1.2516 - val_sparse_categorical_accuracy: 0.5663
Epoch 4/5
391/391 [==============================] - 43s 111ms/step - loss: 0.7913 - sparse_categorical_accuracy: 0.7351 - val_loss: 1.1558 - val_sparse_categorical_accuracy: 0.6158
Epoch 5/5
391/391 [==============================] - 43s 110ms/step - loss: 0.6129 - sparse_categorical_accuracy: 0.7999 - val_loss: 1.4705 - val_sparse_categorical_accuracy: 0.6324
79/79 [==============================] - 2s 23ms/step - loss: 1.4705 - sparse_categorical_accuracy: 0.6324

FILE-SAVE SUCCESSFUL: Candidate (input|sc_4|dropout|sc_2|sep5x5_128|max_pool3x3|sc_1|sep3x3_128|output) was saved to fd9f71de4896396b241ccda42a04008586e4af4c.h5

STATUS: itr: 0 -- Best fitness: 0.728600025177002, Total time (s): 1700.58878159523

EVALUATION LOG: EmployeeBee ID (0) -- Candidate (input|max_pool3x3|max_pool3x3|sep3x3_64|sc_1|sep5x5_128|output)

Epoch 1/5
391/391 [==============================] - 33s 81ms/step - loss: 2.3599 - sparse_categorical_accuracy: 0.4659 - val_loss: 1.1950 - val_sparse_categorical_accuracy: 0.5786
Epoch 2/5
391/391 [==============================] - 31s 80ms/step - loss: 0.9778 - sparse_categorical_accuracy: 0.6616 - val_loss: 0.9436 - val_sparse_categorical_accuracy: 0.6724
Epoch 3/5
391/391 [==============================] - 31s 80ms/step - loss: 0.7011 - sparse_categorical_accuracy: 0.7592 - val_loss: 0.8734 - val_sparse_categorical_accuracy: 0.7099
Epoch 4/5
391/391 [==============================] - 31s 80ms/step - loss: 0.4546 - sparse_categorical_accuracy: 0.8442 - val_loss: 0.9697 - val_sparse_categorical_accuracy: 0.6814
Epoch 5/5
391/391 [==============================] - 31s 80ms/step - loss: 0.2913 - sparse_categorical_accuracy: 0.9032 - val_loss: 1.1031 - val_sparse_categorical_accuracy: 0.7010
79/79 [==============================] - 1s 17ms/step - loss: 1.1031 - sparse_categorical_accuracy: 0.7010

FILE-SAVE SUCCESSFUL: Candidate (input|max_pool3x3|max_pool3x3|sep3x3_64|sc_1|sep5x5_128|output) was saved to 6e474f06997f19c0c01a3480c8f7f8ce024139d0.h5


EVALUATION LOG: EmployeeBee ID (1) -- Candidate (input|avg_pool3x3|avg_pool3x3|sep5x5_64|sc_1|sep3x3_64|output)

Epoch 1/5
391/391 [==============================] - 17s 40ms/step - loss: 1.5489 - sparse_categorical_accuracy: 0.4723 - val_loss: 1.3591 - val_sparse_categorical_accuracy: 0.5075
Epoch 2/5
391/391 [==============================] - 15s 38ms/step - loss: 1.0262 - sparse_categorical_accuracy: 0.6396 - val_loss: 1.0317 - val_sparse_categorical_accuracy: 0.6439
Epoch 3/5
391/391 [==============================] - 15s 40ms/step - loss: 0.7508 - sparse_categorical_accuracy: 0.7424 - val_loss: 0.9770 - val_sparse_categorical_accuracy: 0.6601
Epoch 4/5
391/391 [==============================] - 15s 38ms/step - loss: 0.5048 - sparse_categorical_accuracy: 0.8279 - val_loss: 1.1024 - val_sparse_categorical_accuracy: 0.6442
Epoch 5/5
391/391 [==============================] - 15s 38ms/step - loss: 0.3293 - sparse_categorical_accuracy: 0.8878 - val_loss: 1.2486 - val_sparse_categorical_accuracy: 0.6830
79/79 [==============================] - 1s 10ms/step - loss: 1.2486 - sparse_categorical_accuracy: 0.6830

FILE-SAVE SUCCESSFUL: Candidate (input|avg_pool3x3|avg_pool3x3|sep5x5_64|sc_1|sep3x3_64|output) was saved to 326e77f681de0a8d3ad361671e3952c2fa575031.h5


EVALUATION LOG: OnlookerBee ID (0) -- Candidate (input|avg_pool3x3|avg_pool3x3|sep3x3_128|sc_1|sep5x5_128|output)

Epoch 1/5
391/391 [==============================] - 45s 113ms/step - loss: 1.5786 - sparse_categorical_accuracy: 0.4925 - val_loss: 1.0996 - val_sparse_categorical_accuracy: 0.6138
Epoch 2/5
391/391 [==============================] - 44s 113ms/step - loss: 0.9361 - sparse_categorical_accuracy: 0.6750 - val_loss: 0.9216 - val_sparse_categorical_accuracy: 0.6863
Epoch 3/5
391/391 [==============================] - 44s 113ms/step - loss: 0.6116 - sparse_categorical_accuracy: 0.7895 - val_loss: 0.9704 - val_sparse_categorical_accuracy: 0.6867
Epoch 4/5
391/391 [==============================] - 44s 112ms/step - loss: 0.3552 - sparse_categorical_accuracy: 0.8798 - val_loss: 1.1774 - val_sparse_categorical_accuracy: 0.7002
Epoch 5/5
391/391 [==============================] - 44s 112ms/step - loss: 0.2358 - sparse_categorical_accuracy: 0.9218 - val_loss: 1.2112 - val_sparse_categorical_accuracy: 0.6650
79/79 [==============================] - 2s 24ms/step - loss: 1.2112 - sparse_categorical_accuracy: 0.6650

FILE-SAVE SUCCESSFUL: Candidate (input|avg_pool3x3|avg_pool3x3|sep3x3_128|sc_1|sep5x5_128|output) was saved to eb7f1e2c34a8c9fe901c540281d3ad8d53ba5637.h5


EVALUATION LOG: OnlookerBee ID (1) -- Candidate (input|dropout|avg_pool3x3|sep5x5_64|sc_1|sep5x5_128|output)

Epoch 1/5
391/391 [==============================] - 34s 84ms/step - loss: 1.8424 - sparse_categorical_accuracy: 0.4549 - val_loss: 1.4903 - val_sparse_categorical_accuracy: 0.5132
Epoch 2/5
391/391 [==============================] - 33s 83ms/step - loss: 1.0883 - sparse_categorical_accuracy: 0.6216 - val_loss: 1.0575 - val_sparse_categorical_accuracy: 0.6521
Epoch 3/5
391/391 [==============================] - 32s 83ms/step - loss: 0.8480 - sparse_categorical_accuracy: 0.7056 - val_loss: 1.1682 - val_sparse_categorical_accuracy: 0.6341
Epoch 4/5
391/391 [==============================] - 33s 83ms/step - loss: 0.6463 - sparse_categorical_accuracy: 0.7805 - val_loss: 1.3362 - val_sparse_categorical_accuracy: 0.6318
Epoch 5/5
391/391 [==============================] - 33s 83ms/step - loss: 0.4971 - sparse_categorical_accuracy: 0.8320 - val_loss: 1.2222 - val_sparse_categorical_accuracy: 0.6492
79/79 [==============================] - 1s 17ms/step - loss: 1.2222 - sparse_categorical_accuracy: 0.6492

FILE-SAVE SUCCESSFUL: Candidate (input|dropout|avg_pool3x3|sep5x5_64|sc_1|sep5x5_128|output) was saved to c6c3ea6072a3c1fbf8cd9c1c9afcf394a7c931a2.h5


EVALUATION LOG: OnlookerBee ID (2) -- Candidate (input|avg_pool3x3|avg_pool3x3|dropout|sc_1|sep5x5_128|output)

Epoch 1/5
391/391 [==============================] - 33s 81ms/step - loss: 4.0956 - sparse_categorical_accuracy: 0.3648 - val_loss: 1.6157 - val_sparse_categorical_accuracy: 0.4214
Epoch 2/5
391/391 [==============================] - 31s 80ms/step - loss: 1.3927 - sparse_categorical_accuracy: 0.5154 - val_loss: 1.2276 - val_sparse_categorical_accuracy: 0.5683
Epoch 3/5
391/391 [==============================] - 31s 80ms/step - loss: 1.1952 - sparse_categorical_accuracy: 0.5883 - val_loss: 1.1752 - val_sparse_categorical_accuracy: 0.5987
Epoch 4/5
391/391 [==============================] - 31s 79ms/step - loss: 1.0950 - sparse_categorical_accuracy: 0.6270 - val_loss: 1.0619 - val_sparse_categorical_accuracy: 0.6211
Epoch 5/5
391/391 [==============================] - 31s 79ms/step - loss: 1.0211 - sparse_categorical_accuracy: 0.6528 - val_loss: 1.0178 - val_sparse_categorical_accuracy: 0.6412
79/79 [==============================] - 1s 17ms/step - loss: 1.0178 - sparse_categorical_accuracy: 0.6412

FILE-SAVE SUCCESSFUL: Candidate (input|avg_pool3x3|avg_pool3x3|dropout|sc_1|sep5x5_128|output) was saved to 3d72eb4e3b598c8eb4012c8ec587f699055e609e.h5


EVALUATION LOG: OnlookerBee ID (3) -- Candidate (input|sc_1|dropout|sep5x5_128|max_pool3x3|sc_1|sep3x3_128|output)

Epoch 1/5
391/391 [==============================] - 45s 113ms/step - loss: 3.3048 - sparse_categorical_accuracy: 0.3706 - val_loss: 2.2235 - val_sparse_categorical_accuracy: 0.3167
Epoch 2/5
391/391 [==============================] - 44s 114ms/step - loss: 1.2291 - sparse_categorical_accuracy: 0.5716 - val_loss: 1.4670 - val_sparse_categorical_accuracy: 0.5245
Epoch 3/5
391/391 [==============================] - 43s 111ms/step - loss: 0.9781 - sparse_categorical_accuracy: 0.6633 - val_loss: 1.0288 - val_sparse_categorical_accuracy: 0.6600
Epoch 4/5
391/391 [==============================] - 44s 114ms/step - loss: 0.8085 - sparse_categorical_accuracy: 0.7238 - val_loss: 0.9356 - val_sparse_categorical_accuracy: 0.6842
Epoch 5/5
391/391 [==============================] - 43s 111ms/step - loss: 0.6622 - sparse_categorical_accuracy: 0.7749 - val_loss: 1.1006 - val_sparse_categorical_accuracy: 0.6898
79/79 [==============================] - 2s 23ms/step - loss: 1.1006 - sparse_categorical_accuracy: 0.6898

FILE-SAVE SUCCESSFUL: Candidate (input|sc_1|dropout|sep5x5_128|max_pool3x3|sc_1|sep3x3_128|output) was saved to e86181d2f292460a4995c1296e0c9b69cccac41b.h5

STATUS: itr: 1 -- Best fitness: 0.728600025177002, Total time (s): 2877.939712524414

EVALUATION LOG: EmployeeBee ID (0) -- Candidate (input|max_pool3x3|max_pool3x3|sep5x5_256|sep5x5_128|output)

Epoch 1/5
391/391 [==============================] - 59s 148ms/step - loss: 1.5578 - sparse_categorical_accuracy: 0.4473 - val_loss: 1.2956 - val_sparse_categorical_accuracy: 0.5375
Epoch 2/5
391/391 [==============================] - 57s 147ms/step - loss: 1.0158 - sparse_categorical_accuracy: 0.6480 - val_loss: 0.9654 - val_sparse_categorical_accuracy: 0.6704
Epoch 3/5
391/391 [==============================] - 57s 147ms/step - loss: 0.7603 - sparse_categorical_accuracy: 0.7391 - val_loss: 0.8817 - val_sparse_categorical_accuracy: 0.7119
Epoch 4/5
391/391 [==============================] - 57s 147ms/step - loss: 0.5607 - sparse_categorical_accuracy: 0.8088 - val_loss: 0.9952 - val_sparse_categorical_accuracy: 0.7162
Epoch 5/5
391/391 [==============================] - 57s 147ms/step - loss: 0.4124 - sparse_categorical_accuracy: 0.8607 - val_loss: 0.9255 - val_sparse_categorical_accuracy: 0.7340
79/79 [==============================] - 3s 33ms/step - loss: 0.9255 - sparse_categorical_accuracy: 0.7340

FILE-SAVE SUCCESSFUL: Candidate (input|max_pool3x3|max_pool3x3|sep5x5_256|sep5x5_128|output) was saved to 6143dbda7e26784705a7678c2fe0ba959e7ca643.h5


EVALUATION LOG: EmployeeBee ID (1) -- Candidate (input|sep3x3_128|sep3x3_64|sc_1|sep3x3_64|sc_1|max_pool3x3|output)

Epoch 1/5
391/391 [==============================] - 27s 66ms/step - loss: 1.6520 - sparse_categorical_accuracy: 0.4226 - val_loss: 1.6120 - val_sparse_categorical_accuracy: 0.4354
Epoch 2/5
391/391 [==============================] - 25s 64ms/step - loss: 1.0705 - sparse_categorical_accuracy: 0.6243 - val_loss: 0.9931 - val_sparse_categorical_accuracy: 0.6529
Epoch 3/5
391/391 [==============================] - 25s 64ms/step - loss: 0.7539 - sparse_categorical_accuracy: 0.7385 - val_loss: 0.9788 - val_sparse_categorical_accuracy: 0.6795
Epoch 4/5
391/391 [==============================] - 25s 64ms/step - loss: 0.4698 - sparse_categorical_accuracy: 0.8377 - val_loss: 0.9933 - val_sparse_categorical_accuracy: 0.6789
Epoch 5/5
391/391 [==============================] - 25s 64ms/step - loss: 0.2624 - sparse_categorical_accuracy: 0.9111 - val_loss: 1.2381 - val_sparse_categorical_accuracy: 0.6984
79/79 [==============================] - 1s 13ms/step - loss: 1.2381 - sparse_categorical_accuracy: 0.6984

FILE-SAVE SUCCESSFUL: Candidate (input|sep3x3_128|sep3x3_64|sc_1|sep3x3_64|sc_1|max_pool3x3|output) was saved to 6f21294390e7e32697cadc002360bf537d494d86.h5


EVALUATION LOG: EmployeeBee ID (2) -- Candidate (input|sc_1|dropout|sep5x5_128|max_pool3x3|sep3x3_128|output)

Epoch 1/5
391/391 [==============================] - 44s 108ms/step - loss: 1.6112 - sparse_categorical_accuracy: 0.4398 - val_loss: 1.4737 - val_sparse_categorical_accuracy: 0.4919
Epoch 2/5
391/391 [==============================] - 42s 107ms/step - loss: 1.0683 - sparse_categorical_accuracy: 0.6251 - val_loss: 1.0629 - val_sparse_categorical_accuracy: 0.6324
Epoch 3/5
391/391 [==============================] - 42s 107ms/step - loss: 0.8214 - sparse_categorical_accuracy: 0.7161 - val_loss: 1.0280 - val_sparse_categorical_accuracy: 0.6712
Epoch 4/5
391/391 [==============================] - 42s 107ms/step - loss: 0.6169 - sparse_categorical_accuracy: 0.7879 - val_loss: 1.0173 - val_sparse_categorical_accuracy: 0.6984
Epoch 5/5
391/391 [==============================] - 42s 107ms/step - loss: 0.4469 - sparse_categorical_accuracy: 0.8481 - val_loss: 1.4254 - val_sparse_categorical_accuracy: 0.6808
79/79 [==============================] - 2s 22ms/step - loss: 1.4254 - sparse_categorical_accuracy: 0.6808

FILE-SAVE SUCCESSFUL: Candidate (input|sc_1|dropout|sep5x5_128|max_pool3x3|sep3x3_128|output) was saved to 6aedd1302be564b1ff5392a806ba1ac034b4400e.h5


EVALUATION LOG: OnlookerBee ID (0) -- Candidate (input|sep3x3_256|sep3x3_64|sc_1|sep3x3_64|sc_1|max_pool3x3|output)

Epoch 1/5
391/391 [==============================] - 29s 71ms/step - loss: 1.6694 - sparse_categorical_accuracy: 0.4090 - val_loss: 1.2996 - val_sparse_categorical_accuracy: 0.5367
Epoch 2/5
391/391 [==============================] - 27s 69ms/step - loss: 1.1025 - sparse_categorical_accuracy: 0.6115 - val_loss: 1.0394 - val_sparse_categorical_accuracy: 0.6388
Epoch 3/5
391/391 [==============================] - 27s 69ms/step - loss: 0.7930 - sparse_categorical_accuracy: 0.7224 - val_loss: 1.0483 - val_sparse_categorical_accuracy: 0.6605
Epoch 4/5
391/391 [==============================] - 27s 69ms/step - loss: 0.5123 - sparse_categorical_accuracy: 0.8237 - val_loss: 0.9708 - val_sparse_categorical_accuracy: 0.6889
Epoch 5/5
391/391 [==============================] - 27s 69ms/step - loss: 0.2985 - sparse_categorical_accuracy: 0.8977 - val_loss: 1.2205 - val_sparse_categorical_accuracy: 0.6933
79/79 [==============================] - 1s 15ms/step - loss: 1.2205 - sparse_categorical_accuracy: 0.6933

FILE-SAVE SUCCESSFUL: Candidate (input|sep3x3_256|sep3x3_64|sc_1|sep3x3_64|sc_1|max_pool3x3|output) was saved to 09d762b44dc6eac7ce2214db784380497d5b7d30.h5


EVALUATION LOG: OnlookerBee ID (1) -- Candidate (input|sep3x3_128|sep3x3_64|sc_1|sep3x3_64|sc_1|avg_pool3x3|output)

Epoch 1/5
391/391 [==============================] - 27s 66ms/step - loss: 1.6634 - sparse_categorical_accuracy: 0.4102 - val_loss: 1.2619 - val_sparse_categorical_accuracy: 0.5497
Epoch 2/5
391/391 [==============================] - 25s 64ms/step - loss: 1.1103 - sparse_categorical_accuracy: 0.6095 - val_loss: 1.0650 - val_sparse_categorical_accuracy: 0.6181
Epoch 3/5
391/391 [==============================] - 25s 65ms/step - loss: 0.8178 - sparse_categorical_accuracy: 0.7152 - val_loss: 1.0008 - val_sparse_categorical_accuracy: 0.6550
Epoch 4/5
391/391 [==============================] - 25s 64ms/step - loss: 0.5629 - sparse_categorical_accuracy: 0.8036 - val_loss: 0.9489 - val_sparse_categorical_accuracy: 0.6764
Epoch 5/5
391/391 [==============================] - 26s 65ms/step - loss: 0.3456 - sparse_categorical_accuracy: 0.8829 - val_loss: 1.2545 - val_sparse_categorical_accuracy: 0.7060
79/79 [==============================] - 1s 14ms/step - loss: 1.2545 - sparse_categorical_accuracy: 0.7060

FILE-SAVE SUCCESSFUL: Candidate (input|sep3x3_128|sep3x3_64|sc_1|sep3x3_64|sc_1|avg_pool3x3|output) was saved to 1ff6bf8bd22c9810a699e38f0b59b9fd796a87ed.h5


EVALUATION LOG: OnlookerBee ID (2) -- Candidate (input|sep3x3_128|sep5x5_64|sc_1|sep3x3_64|sc_1|avg_pool3x3|output)

Epoch 1/5
391/391 [==============================] - 28s 69ms/step - loss: 1.6756 - sparse_categorical_accuracy: 0.4089 - val_loss: 1.3189 - val_sparse_categorical_accuracy: 0.5360
Epoch 2/5
391/391 [==============================] - 26s 67ms/step - loss: 1.1074 - sparse_categorical_accuracy: 0.6111 - val_loss: 1.0229 - val_sparse_categorical_accuracy: 0.6390
Epoch 3/5
391/391 [==============================] - 27s 68ms/step - loss: 0.8395 - sparse_categorical_accuracy: 0.7080 - val_loss: 0.9277 - val_sparse_categorical_accuracy: 0.6861
Epoch 4/5
391/391 [==============================] - 26s 68ms/step - loss: 0.6189 - sparse_categorical_accuracy: 0.7865 - val_loss: 0.9225 - val_sparse_categorical_accuracy: 0.6928
Epoch 5/5
391/391 [==============================] - 27s 68ms/step - loss: 0.4218 - sparse_categorical_accuracy: 0.8556 - val_loss: 1.0009 - val_sparse_categorical_accuracy: 0.7272
79/79 [==============================] - 1s 13ms/step - loss: 1.0009 - sparse_categorical_accuracy: 0.7272

FILE-SAVE SUCCESSFUL: Candidate (input|sep3x3_128|sep5x5_64|sc_1|sep3x3_64|sc_1|avg_pool3x3|output) was saved to 14e9a6a1062de13207810eaa5d305aad832c81b1.h5


EVALUATION LOG: OnlookerBee ID (3) -- Candidate (input|max_pool3x3|max_pool3x3|sep5x5_64|sep5x5_128|output)

Epoch 1/5
391/391 [==============================] - 33s 81ms/step - loss: 1.5301 - sparse_categorical_accuracy: 0.4673 - val_loss: 1.1896 - val_sparse_categorical_accuracy: 0.5941
Epoch 2/5
391/391 [==============================] - 31s 80ms/step - loss: 0.9813 - sparse_categorical_accuracy: 0.6597 - val_loss: 0.9980 - val_sparse_categorical_accuracy: 0.6522
Epoch 3/5
391/391 [==============================] - 31s 80ms/step - loss: 0.7380 - sparse_categorical_accuracy: 0.7456 - val_loss: 0.9729 - val_sparse_categorical_accuracy: 0.6712
Epoch 4/5
391/391 [==============================] - 31s 79ms/step - loss: 0.5568 - sparse_categorical_accuracy: 0.8084 - val_loss: 0.8851 - val_sparse_categorical_accuracy: 0.7147
Epoch 5/5
391/391 [==============================] - 31s 80ms/step - loss: 0.3992 - sparse_categorical_accuracy: 0.8620 - val_loss: 0.8697 - val_sparse_categorical_accuracy: 0.7333
79/79 [==============================] - 1s 17ms/step - loss: 0.8697 - sparse_categorical_accuracy: 0.7333

FILE-SAVE SUCCESSFUL: Candidate (input|max_pool3x3|max_pool3x3|sep5x5_64|sep5x5_128|output) was saved to 208fcfc802b98e204574a312a6330e8ebddbff30.h5

STATUS: itr: 2 -- Best fitness: 0.734000027179718, Total time (s): 4263.552809476852

EVALUATION LOG: EmployeeBee ID (0) -- Candidate (input|sep3x3_256|sc_3|batch_norm|sep5x5_64|sep3x3_128|output)

Epoch 1/5
391/391 [==============================] - 47s 117ms/step - loss: 1.7212 - sparse_categorical_accuracy: 0.4833 - val_loss: 1.5946 - val_sparse_categorical_accuracy: 0.4487
Epoch 2/5
391/391 [==============================] - 45s 115ms/step - loss: 0.8427 - sparse_categorical_accuracy: 0.7075 - val_loss: 0.8835 - val_sparse_categorical_accuracy: 0.6915
Epoch 3/5
391/391 [==============================] - 45s 116ms/step - loss: 0.4126 - sparse_categorical_accuracy: 0.8589 - val_loss: 1.0625 - val_sparse_categorical_accuracy: 0.6849
Epoch 4/5
391/391 [==============================] - 46s 118ms/step - loss: 0.1876 - sparse_categorical_accuracy: 0.9387 - val_loss: 1.3725 - val_sparse_categorical_accuracy: 0.6851
Epoch 5/5
391/391 [==============================] - 45s 115ms/step - loss: 0.1281 - sparse_categorical_accuracy: 0.9584 - val_loss: 1.3730 - val_sparse_categorical_accuracy: 0.6790
79/79 [==============================] - 2s 22ms/step - loss: 1.3730 - sparse_categorical_accuracy: 0.6790

FILE-SAVE SUCCESSFUL: Candidate (input|sep3x3_256|sc_3|batch_norm|sep5x5_64|sep3x3_128|output) was saved to e0991cf9e1a3352443d54986d5c3815e0123bb13.h5


EVALUATION LOG: EmployeeBee ID (1) -- Candidate (input|sep3x3_128|dropout|sc_1|sep3x3_64|sc_1|avg_pool3x3|output)

Epoch 1/5
391/391 [==============================] - 26s 65ms/step - loss: 1.7376 - sparse_categorical_accuracy: 0.4675 - val_loss: 1.3860 - val_sparse_categorical_accuracy: 0.5084
Epoch 2/5
391/391 [==============================] - 25s 63ms/step - loss: 1.0056 - sparse_categorical_accuracy: 0.6493 - val_loss: 0.9326 - val_sparse_categorical_accuracy: 0.6697
Epoch 3/5
391/391 [==============================] - 25s 63ms/step - loss: 0.7118 - sparse_categorical_accuracy: 0.7568 - val_loss: 0.9234 - val_sparse_categorical_accuracy: 0.6908
Epoch 4/5
391/391 [==============================] - 25s 63ms/step - loss: 0.4859 - sparse_categorical_accuracy: 0.8333 - val_loss: 0.9761 - val_sparse_categorical_accuracy: 0.6831
Epoch 5/5
391/391 [==============================] - 25s 63ms/step - loss: 0.3399 - sparse_categorical_accuracy: 0.8864 - val_loss: 0.9976 - val_sparse_categorical_accuracy: 0.6911
79/79 [==============================] - 1s 13ms/step - loss: 0.9976 - sparse_categorical_accuracy: 0.6911

FILE-SAVE SUCCESSFUL: Candidate (input|sep3x3_128|dropout|sc_1|sep3x3_64|sc_1|avg_pool3x3|output) was saved to 50bdc2b5243807cbec4364ac74863566248a874c.h5


EVALUATION LOG: EmployeeBee ID (2) -- Candidate (input|sc_1|dropout|sep3x3_128|max_pool3x3|sc_1|sep3x3_128|output)

Epoch 1/5
391/391 [==============================] - 44s 110ms/step - loss: 3.1777 - sparse_categorical_accuracy: 0.3920 - val_loss: 2.4709 - val_sparse_categorical_accuracy: 0.3743
Epoch 2/5
391/391 [==============================] - 42s 106ms/step - loss: 1.1585 - sparse_categorical_accuracy: 0.5970 - val_loss: 1.4868 - val_sparse_categorical_accuracy: 0.5477
Epoch 3/5
391/391 [==============================] - 42s 106ms/step - loss: 0.8953 - sparse_categorical_accuracy: 0.6919 - val_loss: 1.1160 - val_sparse_categorical_accuracy: 0.6567
Epoch 4/5
391/391 [==============================] - 43s 109ms/step - loss: 0.7070 - sparse_categorical_accuracy: 0.7572 - val_loss: 0.9706 - val_sparse_categorical_accuracy: 0.6872
Epoch 5/5
391/391 [==============================] - 43s 109ms/step - loss: 0.5428 - sparse_categorical_accuracy: 0.8144 - val_loss: 1.1028 - val_sparse_categorical_accuracy: 0.6787
79/79 [==============================] - 2s 22ms/step - loss: 1.1028 - sparse_categorical_accuracy: 0.6787

FILE-SAVE SUCCESSFUL: Candidate (input|sc_1|dropout|sep3x3_128|max_pool3x3|sc_1|sep3x3_128|output) was saved to b46b7a39933f887ea21bef3d2b9a718bd7a8b8b3.h5


EVALUATION LOG: OnlookerBee ID (0) -- Candidate (input|sep3x3_256|sc_3|batch_norm|sep5x5_128|sep3x3_128|output)

Epoch 1/5
391/391 [==============================] - 72s 179ms/step - loss: 1.6436 - sparse_categorical_accuracy: 0.4952 - val_loss: 1.4458 - val_sparse_categorical_accuracy: 0.4944
Epoch 2/5
391/391 [==============================] - 69s 177ms/step - loss: 0.7991 - sparse_categorical_accuracy: 0.7240 - val_loss: 0.9441 - val_sparse_categorical_accuracy: 0.6853
Epoch 3/5
391/391 [==============================] - 69s 178ms/step - loss: 0.3458 - sparse_categorical_accuracy: 0.8838 - val_loss: 1.2449 - val_sparse_categorical_accuracy: 0.6510
Epoch 4/5
391/391 [==============================] - 69s 178ms/step - loss: 0.1580 - sparse_categorical_accuracy: 0.9488 - val_loss: 1.3287 - val_sparse_categorical_accuracy: 0.6832
Epoch 5/5
391/391 [==============================] - 69s 177ms/step - loss: 0.1193 - sparse_categorical_accuracy: 0.9623 - val_loss: 1.9087 - val_sparse_categorical_accuracy: 0.6940
79/79 [==============================] - 3s 39ms/step - loss: 1.9087 - sparse_categorical_accuracy: 0.6940

FILE-SAVE SUCCESSFUL: Candidate (input|sep3x3_256|sc_3|batch_norm|sep5x5_128|sep3x3_128|output) was saved to f6776a777eb2ec7633b230d3e18ca420a5a28bde.h5


EVALUATION LOG: OnlookerBee ID (1) -- Candidate (input|sc_1|dropout|sep5x5_128|max_pool3x3|sc_1|sep3x3_64|output)

Epoch 1/5
391/391 [==============================] - 29s 70ms/step - loss: 2.2882 - sparse_categorical_accuracy: 0.4082 - val_loss: 1.8047 - val_sparse_categorical_accuracy: 0.3935
Epoch 2/5
391/391 [==============================] - 27s 69ms/step - loss: 1.1758 - sparse_categorical_accuracy: 0.5909 - val_loss: 1.3929 - val_sparse_categorical_accuracy: 0.5381
Epoch 3/5
391/391 [==============================] - 27s 68ms/step - loss: 0.9318 - sparse_categorical_accuracy: 0.6795 - val_loss: 0.9559 - val_sparse_categorical_accuracy: 0.6695
Epoch 4/5
391/391 [==============================] - 27s 68ms/step - loss: 0.7511 - sparse_categorical_accuracy: 0.7421 - val_loss: 0.9763 - val_sparse_categorical_accuracy: 0.6818
Epoch 5/5
391/391 [==============================] - 27s 69ms/step - loss: 0.5960 - sparse_categorical_accuracy: 0.7963 - val_loss: 1.1513 - val_sparse_categorical_accuracy: 0.6799
79/79 [==============================] - 1s 15ms/step - loss: 1.1513 - sparse_categorical_accuracy: 0.6799

FILE-SAVE SUCCESSFUL: Candidate (input|sc_1|dropout|sep5x5_128|max_pool3x3|sc_1|sep3x3_64|output) was saved to f32d6f267bf2eae2a23a0e04d920436629bc05a7.h5


EVALUATION LOG: OnlookerBee ID (2) -- Candidate (input|dropout|sep5x5_128|max_pool3x3|sc_1|sep3x3_128|output)

Epoch 1/5
391/391 [==============================] - 44s 110ms/step - loss: 2.6526 - sparse_categorical_accuracy: 0.3896 - val_loss: 3.1100 - val_sparse_categorical_accuracy: 0.2411
Epoch 2/5
391/391 [==============================] - 43s 109ms/step - loss: 1.2307 - sparse_categorical_accuracy: 0.5664 - val_loss: 2.3521 - val_sparse_categorical_accuracy: 0.4072
Epoch 3/5
391/391 [==============================] - 43s 109ms/step - loss: 1.0148 - sparse_categorical_accuracy: 0.6485 - val_loss: 1.7472 - val_sparse_categorical_accuracy: 0.4924
Epoch 4/5
391/391 [==============================] - 43s 109ms/step - loss: 0.8721 - sparse_categorical_accuracy: 0.6981 - val_loss: 1.5421 - val_sparse_categorical_accuracy: 0.5466
Epoch 5/5
391/391 [==============================] - 44s 112ms/step - loss: 0.7694 - sparse_categorical_accuracy: 0.7366 - val_loss: 1.9720 - val_sparse_categorical_accuracy: 0.5994
79/79 [==============================] - 2s 23ms/step - loss: 1.9720 - sparse_categorical_accuracy: 0.5994

FILE-SAVE SUCCESSFUL: Candidate (input|dropout|sep5x5_128|max_pool3x3|sc_1|sep3x3_128|output) was saved to 54614840cd843d080cd35e2139ad73264fdae471.h5


EVALUATION LOG: OnlookerBee ID (3) -- Candidate (input|sep3x3_128|sep5x5_64|sc_1|sep3x3_64|sc_1|sep5x5_256|output)

Epoch 1/5
391/391 [==============================] - 60s 151ms/step - loss: 1.8243 - sparse_categorical_accuracy: 0.3820 - val_loss: 1.4666 - val_sparse_categorical_accuracy: 0.4757
Epoch 2/5
391/391 [==============================] - 58s 149ms/step - loss: 1.1656 - sparse_categorical_accuracy: 0.5868 - val_loss: 1.0514 - val_sparse_categorical_accuracy: 0.6326
Epoch 3/5
391/391 [==============================] - 59s 151ms/step - loss: 0.8889 - sparse_categorical_accuracy: 0.6929 - val_loss: 0.9750 - val_sparse_categorical_accuracy: 0.6778
Epoch 4/5
391/391 [==============================] - 58s 149ms/step - loss: 0.6648 - sparse_categorical_accuracy: 0.7707 - val_loss: 0.9253 - val_sparse_categorical_accuracy: 0.7056
Epoch 5/5
391/391 [==============================] - 58s 149ms/step - loss: 0.4654 - sparse_categorical_accuracy: 0.8394 - val_loss: 1.1230 - val_sparse_categorical_accuracy: 0.6693
79/79 [==============================] - 2s 29ms/step - loss: 1.1230 - sparse_categorical_accuracy: 0.6693

FILE-SAVE SUCCESSFUL: Candidate (input|sep3x3_128|sep5x5_64|sc_1|sep3x3_64|sc_1|sep5x5_256|output) was saved to bc8a2d6b81e885d76dcac81a14cf173d527474a8.h5

STATUS: itr: 3 -- Best fitness: 0.734000027179718, Total time (s): 6040.087162733078

EVALUATION LOG: EmployeeBee ID (0) -- Candidate (input|sep3x3_256|sc_3|sep5x5_128|sep5x5_128|sep3x3_128|output)

Epoch 1/5
391/391 [==============================] - 86s 216ms/step - loss: 1.6693 - sparse_categorical_accuracy: 0.4882 - val_loss: 1.2013 - val_sparse_categorical_accuracy: 0.5754
Epoch 2/5
391/391 [==============================] - 84s 214ms/step - loss: 0.8240 - sparse_categorical_accuracy: 0.7158 - val_loss: 1.0144 - val_sparse_categorical_accuracy: 0.6512
Epoch 3/5
391/391 [==============================] - 84s 214ms/step - loss: 0.3543 - sparse_categorical_accuracy: 0.8817 - val_loss: 1.0020 - val_sparse_categorical_accuracy: 0.6759
Epoch 4/5
391/391 [==============================] - 85s 218ms/step - loss: 0.1456 - sparse_categorical_accuracy: 0.9526 - val_loss: 1.7703 - val_sparse_categorical_accuracy: 0.6547
Epoch 5/5
391/391 [==============================] - 84s 214ms/step - loss: 0.1179 - sparse_categorical_accuracy: 0.9625 - val_loss: 1.8689 - val_sparse_categorical_accuracy: 0.6700
79/79 [==============================] - 4s 47ms/step - loss: 1.8689 - sparse_categorical_accuracy: 0.6700

FILE-SAVE SUCCESSFUL: Candidate (input|sep3x3_256|sc_3|sep5x5_128|sep5x5_128|sep3x3_128|output) was saved to 3389168f4e24b604c07cfc35b61eec3781b89317.h5


EVALUATION LOG: EmployeeBee ID (1) -- Candidate (input|batch_norm|sep5x5_128|sc_1|sep5x5_64|sep5x5_256|output)

Epoch 1/5
391/391 [==============================] - 59s 149ms/step - loss: 1.4936 - sparse_categorical_accuracy: 0.4767 - val_loss: 1.3624 - val_sparse_categorical_accuracy: 0.5270
Epoch 2/5
391/391 [==============================] - 58s 147ms/step - loss: 0.9354 - sparse_categorical_accuracy: 0.6745 - val_loss: 1.0599 - val_sparse_categorical_accuracy: 0.6393
Epoch 3/5
391/391 [==============================] - 58s 148ms/step - loss: 0.5750 - sparse_categorical_accuracy: 0.8030 - val_loss: 0.9521 - val_sparse_categorical_accuracy: 0.6881
Epoch 4/5
391/391 [==============================] - 58s 147ms/step - loss: 0.2856 - sparse_categorical_accuracy: 0.9025 - val_loss: 1.0515 - val_sparse_categorical_accuracy: 0.7000
Epoch 5/5
391/391 [==============================] - 58s 148ms/step - loss: 0.1660 - sparse_categorical_accuracy: 0.9459 - val_loss: 1.7484 - val_sparse_categorical_accuracy: 0.6930
79/79 [==============================] - 2s 29ms/step - loss: 1.7484 - sparse_categorical_accuracy: 0.6930

FILE-SAVE SUCCESSFUL: Candidate (input|batch_norm|sep5x5_128|sc_1|sep5x5_64|sep5x5_256|output) was saved to cac5cbdd3210f6765940a3928955cd5b251c4ff8.h5


EVALUATION LOG: EmployeeBee ID (2) -- Candidate (input|sep3x3_128|batch_norm|dropout|sep5x5_64|output)

Epoch 1/5
391/391 [==============================] - 27s 66ms/step - loss: 1.7551 - sparse_categorical_accuracy: 0.4426 - val_loss: 2.1729 - val_sparse_categorical_accuracy: 0.3222
Epoch 2/5
391/391 [==============================] - 24s 62ms/step - loss: 1.0436 - sparse_categorical_accuracy: 0.6311 - val_loss: 0.9588 - val_sparse_categorical_accuracy: 0.6638
Epoch 3/5
391/391 [==============================] - 25s 63ms/step - loss: 0.8479 - sparse_categorical_accuracy: 0.7017 - val_loss: 1.0328 - val_sparse_categorical_accuracy: 0.6625
Epoch 4/5
391/391 [==============================] - 24s 62ms/step - loss: 0.7165 - sparse_categorical_accuracy: 0.7526 - val_loss: 0.8403 - val_sparse_categorical_accuracy: 0.7082
Epoch 5/5
391/391 [==============================] - 24s 62ms/step - loss: 0.6012 - sparse_categorical_accuracy: 0.7911 - val_loss: 0.9334 - val_sparse_categorical_accuracy: 0.6905
79/79 [==============================] - 1s 12ms/step - loss: 0.9334 - sparse_categorical_accuracy: 0.6905

FILE-SAVE SUCCESSFUL: Candidate (input|sep3x3_128|batch_norm|dropout|sep5x5_64|output) was saved to fd5c7f149537549d53fe30f423a2ba22b7ad60bd.h5


EVALUATION LOG: OnlookerBee ID (0) -- Candidate (input|batch_norm|batch_norm|dropout|sep5x5_64|output)

Epoch 1/5
391/391 [==============================] - 14s 34ms/step - loss: 2.0791 - sparse_categorical_accuracy: 0.3926 - val_loss: 1.3632 - val_sparse_categorical_accuracy: 0.5130
Epoch 2/5
391/391 [==============================] - 13s 32ms/step - loss: 1.2476 - sparse_categorical_accuracy: 0.5540 - val_loss: 1.1906 - val_sparse_categorical_accuracy: 0.5777
Epoch 3/5
391/391 [==============================] - 13s 33ms/step - loss: 1.0746 - sparse_categorical_accuracy: 0.6189 - val_loss: 1.0147 - val_sparse_categorical_accuracy: 0.6467
Epoch 4/5
391/391 [==============================] - 13s 32ms/step - loss: 0.9464 - sparse_categorical_accuracy: 0.6664 - val_loss: 0.9655 - val_sparse_categorical_accuracy: 0.6653
Epoch 5/5
391/391 [==============================] - 13s 33ms/step - loss: 0.8504 - sparse_categorical_accuracy: 0.7002 - val_loss: 0.8898 - val_sparse_categorical_accuracy: 0.6879
79/79 [==============================] - 1s 8ms/step - loss: 0.8898 - sparse_categorical_accuracy: 0.6879

FILE-SAVE SUCCESSFUL: Candidate (input|batch_norm|batch_norm|dropout|sep5x5_64|output) was saved to f4d977a8c35c0a0e14a7fda23da96e29d069350e.h5


EVALUATION LOG: OnlookerBee ID (1) -- Candidate (input|sep3x3_128|sep5x5_128|sc_1|sep5x5_64|sep5x5_256|output)

Epoch 1/5
391/391 [==============================] - 72s 182ms/step - loss: 1.7179 - sparse_categorical_accuracy: 0.3765 - val_loss: 1.5765 - val_sparse_categorical_accuracy: 0.4267
Epoch 2/5
391/391 [==============================] - 71s 180ms/step - loss: 1.2092 - sparse_categorical_accuracy: 0.5728 - val_loss: 1.0575 - val_sparse_categorical_accuracy: 0.6271
Epoch 3/5
391/391 [==============================] - 71s 180ms/step - loss: 0.9215 - sparse_categorical_accuracy: 0.6810 - val_loss: 0.9891 - val_sparse_categorical_accuracy: 0.6598
Epoch 4/5
391/391 [==============================] - 71s 181ms/step - loss: 0.6913 - sparse_categorical_accuracy: 0.7607 - val_loss: 0.8982 - val_sparse_categorical_accuracy: 0.7118
Epoch 5/5
391/391 [==============================] - 71s 180ms/step - loss: 0.4877 - sparse_categorical_accuracy: 0.8320 - val_loss: 0.8804 - val_sparse_categorical_accuracy: 0.7203
79/79 [==============================] - 3s 36ms/step - loss: 0.8804 - sparse_categorical_accuracy: 0.7203

FILE-SAVE SUCCESSFUL: Candidate (input|sep3x3_128|sep5x5_128|sc_1|sep5x5_64|sep5x5_256|output) was saved to 41c4c6585f4287a7b4f75571b88fac29cbd3645f.h5


EVALUATION LOG: OnlookerBee ID (2) -- Candidate (input|sep3x3_128|batch_norm|avg_pool3x3|sep5x5_64|output)

Epoch 1/5
391/391 [==============================] - 27s 67ms/step - loss: 1.5028 - sparse_categorical_accuracy: 0.4971 - val_loss: 2.0715 - val_sparse_categorical_accuracy: 0.3693
Epoch 2/5
391/391 [==============================] - 25s 63ms/step - loss: 0.9024 - sparse_categorical_accuracy: 0.6848 - val_loss: 0.8720 - val_sparse_categorical_accuracy: 0.6981
Epoch 3/5
391/391 [==============================] - 25s 63ms/step - loss: 0.6792 - sparse_categorical_accuracy: 0.7628 - val_loss: 0.9242 - val_sparse_categorical_accuracy: 0.7019
Epoch 4/5
391/391 [==============================] - 24s 63ms/step - loss: 0.4822 - sparse_categorical_accuracy: 0.8314 - val_loss: 0.8828 - val_sparse_categorical_accuracy: 0.7255
Epoch 5/5
391/391 [==============================] - 25s 63ms/step - loss: 0.3430 - sparse_categorical_accuracy: 0.8828 - val_loss: 0.9442 - val_sparse_categorical_accuracy: 0.7214
79/79 [==============================] - 1s 13ms/step - loss: 0.9442 - sparse_categorical_accuracy: 0.7214

FILE-SAVE SUCCESSFUL: Candidate (input|sep3x3_128|batch_norm|avg_pool3x3|sep5x5_64|output) was saved to 95075a6d93e2ab8e766c54b73cfaddad46aa8e4b.h5


EVALUATION LOG: OnlookerBee ID (3) -- Candidate (input|sep5x5_128|batch_norm|avg_pool3x3|sep5x5_64|output)

Epoch 1/5
391/391 [==============================] - 28s 70ms/step - loss: 1.5957 - sparse_categorical_accuracy: 0.4685 - val_loss: 2.0308 - val_sparse_categorical_accuracy: 0.4120
Epoch 2/5
391/391 [==============================] - 27s 68ms/step - loss: 1.0054 - sparse_categorical_accuracy: 0.6469 - val_loss: 1.0596 - val_sparse_categorical_accuracy: 0.6316
Epoch 3/5
391/391 [==============================] - 27s 68ms/step - loss: 0.7712 - sparse_categorical_accuracy: 0.7309 - val_loss: 1.0338 - val_sparse_categorical_accuracy: 0.6621
Epoch 4/5
391/391 [==============================] - 27s 68ms/step - loss: 0.5820 - sparse_categorical_accuracy: 0.7974 - val_loss: 0.8809 - val_sparse_categorical_accuracy: 0.7092
Epoch 5/5
391/391 [==============================] - 27s 69ms/step - loss: 0.4251 - sparse_categorical_accuracy: 0.8531 - val_loss: 1.0277 - val_sparse_categorical_accuracy: 0.6994
79/79 [==============================] - 1s 15ms/step - loss: 1.0277 - sparse_categorical_accuracy: 0.6994

FILE-SAVE SUCCESSFUL: Candidate (input|sep5x5_128|batch_norm|avg_pool3x3|sep5x5_64|output) was saved to 71e4310c959139d4ab6db93fce43b24e30afac0f.h5

STATUS: itr: 4 -- Best fitness: 0.734000027179718, Total time (s): 7717.37571644783

EVALUATION LOG: EmployeeBee ID (0) -- Candidate (input|sep5x5_128|sc_3|batch_norm|sep5x5_128|sep3x3_128|output)

Epoch 1/5
391/391 [==============================] - 59s 148ms/step - loss: 1.6408 - sparse_categorical_accuracy: 0.4811 - val_loss: 1.2210 - val_sparse_categorical_accuracy: 0.5685
Epoch 2/5
391/391 [==============================] - 58s 147ms/step - loss: 0.8788 - sparse_categorical_accuracy: 0.6951 - val_loss: 1.1189 - val_sparse_categorical_accuracy: 0.6221
Epoch 3/5
391/391 [==============================] - 58s 147ms/step - loss: 0.4161 - sparse_categorical_accuracy: 0.8593 - val_loss: 1.2714 - val_sparse_categorical_accuracy: 0.6587
Epoch 4/5
391/391 [==============================] - 57s 147ms/step - loss: 0.1795 - sparse_categorical_accuracy: 0.9405 - val_loss: 1.9278 - val_sparse_categorical_accuracy: 0.6107
Epoch 5/5
391/391 [==============================] - 57s 147ms/step - loss: 0.1342 - sparse_categorical_accuracy: 0.9574 - val_loss: 1.5065 - val_sparse_categorical_accuracy: 0.6653
79/79 [==============================] - 3s 32ms/step - loss: 1.5065 - sparse_categorical_accuracy: 0.6653

FILE-SAVE SUCCESSFUL: Candidate (input|sep5x5_128|sc_3|batch_norm|sep5x5_128|sep3x3_128|output) was saved to 27c83052899ae352bb9fe86f83f5b12a569d650a.h5


EVALUATION LOG: EmployeeBee ID (1) -- Candidate (input|sep3x3_128|sep5x5_128|sc_1|sep5x5_64|batch_norm|output)

Epoch 1/5
391/391 [==============================] - 41s 103ms/step - loss: 1.3597 - sparse_categorical_accuracy: 0.5356 - val_loss: 2.2288 - val_sparse_categorical_accuracy: 0.3048
Epoch 2/5
391/391 [==============================] - 40s 101ms/step - loss: 0.7773 - sparse_categorical_accuracy: 0.7304 - val_loss: 12.4793 - val_sparse_categorical_accuracy: 0.2827
Epoch 3/5
391/391 [==============================] - 40s 101ms/step - loss: 0.3769 - sparse_categorical_accuracy: 0.8720 - val_loss: 62.9721 - val_sparse_categorical_accuracy: 0.1348
Epoch 4/5
391/391 [==============================] - 40s 101ms/step - loss: 0.2042 - sparse_categorical_accuracy: 0.9323 - val_loss: 105.7926 - val_sparse_categorical_accuracy: 0.1265
Epoch 5/5
391/391 [==============================] - 41s 104ms/step - loss: 0.1629 - sparse_categorical_accuracy: 0.9475 - val_loss: 20.8567 - val_sparse_categorical_accuracy: 0.3512
79/79 [==============================] - 2s 21ms/step - loss: 20.8567 - sparse_categorical_accuracy: 0.3512

FILE-SAVE SUCCESSFUL: Candidate (input|sep3x3_128|sep5x5_128|sc_1|sep5x5_64|batch_norm|output) was saved to 57f062f005a1ab52fb83f7c5a97b5d7b6c47da9b.h5


EVALUATION LOG: EmployeeBee ID (2) -- Candidate (input|sep3x3_128|batch_norm|sep5x5_64|sep5x5_64|output)

Epoch 1/5
391/391 [==============================] - 27s 67ms/step - loss: 1.4487 - sparse_categorical_accuracy: 0.4785 - val_loss: 1.5194 - val_sparse_categorical_accuracy: 0.4989
Epoch 2/5
391/391 [==============================] - 25s 65ms/step - loss: 0.9695 - sparse_categorical_accuracy: 0.6591 - val_loss: 0.9636 - val_sparse_categorical_accuracy: 0.6568
Epoch 3/5
391/391 [==============================] - 25s 65ms/step - loss: 0.7131 - sparse_categorical_accuracy: 0.7529 - val_loss: 0.8880 - val_sparse_categorical_accuracy: 0.6994
Epoch 4/5
391/391 [==============================] - 26s 65ms/step - loss: 0.4915 - sparse_categorical_accuracy: 0.8300 - val_loss: 0.9927 - val_sparse_categorical_accuracy: 0.6723
Epoch 5/5
391/391 [==============================] - 25s 65ms/step - loss: 0.3187 - sparse_categorical_accuracy: 0.8902 - val_loss: 1.1332 - val_sparse_categorical_accuracy: 0.7004
79/79 [==============================] - 1s 13ms/step - loss: 1.1332 - sparse_categorical_accuracy: 0.7004

FILE-SAVE SUCCESSFUL: Candidate (input|sep3x3_128|batch_norm|sep5x5_64|sep5x5_64|output) was saved to cf24a15d5aaa053e11288eef21cc1dfd409eab9f.h5


EVALUATION LOG: OnlookerBee ID (0) -- Candidate (input|sep5x5_64|batch_norm|avg_pool3x3|sep5x5_64|output)

Epoch 1/5
391/391 [==============================] - 16s 39ms/step - loss: 1.5761 - sparse_categorical_accuracy: 0.4764 - val_loss: 1.7659 - val_sparse_categorical_accuracy: 0.4432
Epoch 2/5
391/391 [==============================] - 15s 38ms/step - loss: 0.9782 - sparse_categorical_accuracy: 0.6571 - val_loss: 1.0294 - val_sparse_categorical_accuracy: 0.6454
Epoch 3/5
391/391 [==============================] - 15s 37ms/step - loss: 0.7365 - sparse_categorical_accuracy: 0.7415 - val_loss: 0.9197 - val_sparse_categorical_accuracy: 0.6903
Epoch 4/5
391/391 [==============================] - 15s 38ms/step - loss: 0.5451 - sparse_categorical_accuracy: 0.8110 - val_loss: 0.8870 - val_sparse_categorical_accuracy: 0.7199
Epoch 5/5
391/391 [==============================] - 15s 38ms/step - loss: 0.3824 - sparse_categorical_accuracy: 0.8668 - val_loss: 1.0405 - val_sparse_categorical_accuracy: 0.7130
79/79 [==============================] - 1s 10ms/step - loss: 1.0405 - sparse_categorical_accuracy: 0.7130

FILE-SAVE SUCCESSFUL: Candidate (input|sep5x5_64|batch_norm|avg_pool3x3|sep5x5_64|output) was saved to d71d9b2721af594e421593b8042e4db7a3d3bf83.h5


EVALUATION LOG: OnlookerBee ID (1) -- Candidate (input|sep3x3_128|batch_norm|avg_pool3x3|sep3x3_256|output)

Epoch 1/5
391/391 [==============================] - 55s 139ms/step - loss: 1.5963 - sparse_categorical_accuracy: 0.5161 - val_loss: 2.2456 - val_sparse_categorical_accuracy: 0.1885
Epoch 2/5
391/391 [==============================] - 54s 137ms/step - loss: 0.8136 - sparse_categorical_accuracy: 0.7192 - val_loss: 0.9838 - val_sparse_categorical_accuracy: 0.6670
Epoch 3/5
391/391 [==============================] - 54s 137ms/step - loss: 0.4945 - sparse_categorical_accuracy: 0.8315 - val_loss: 0.8672 - val_sparse_categorical_accuracy: 0.7237
Epoch 4/5
391/391 [==============================] - 54s 137ms/step - loss: 0.2583 - sparse_categorical_accuracy: 0.9119 - val_loss: 1.0617 - val_sparse_categorical_accuracy: 0.7170
Epoch 5/5
391/391 [==============================] - 54s 137ms/step - loss: 0.1530 - sparse_categorical_accuracy: 0.9484 - val_loss: 1.2808 - val_sparse_categorical_accuracy: 0.7359
79/79 [==============================] - 2s 28ms/step - loss: 1.2808 - sparse_categorical_accuracy: 0.7359

FILE-SAVE SUCCESSFUL: Candidate (input|sep3x3_128|batch_norm|avg_pool3x3|sep3x3_256|output) was saved to d7c01d4256b853a8eb6f25fd102aa6706df0dd90.h5


EVALUATION LOG: OnlookerBee ID (2) -- Candidate (input|sep5x5_64|batch_norm|avg_pool3x3|sep3x3_256|output)

Epoch 1/5
391/391 [==============================] - 45s 113ms/step - loss: 1.9496 - sparse_categorical_accuracy: 0.4975 - val_loss: 2.0340 - val_sparse_categorical_accuracy: 0.3037
Epoch 2/5
391/391 [==============================] - 43s 110ms/step - loss: 0.8543 - sparse_categorical_accuracy: 0.7021 - val_loss: 0.8899 - val_sparse_categorical_accuracy: 0.6914
Epoch 3/5
391/391 [==============================] - 43s 110ms/step - loss: 0.5455 - sparse_categorical_accuracy: 0.8134 - val_loss: 0.9755 - val_sparse_categorical_accuracy: 0.6851
Epoch 4/5
391/391 [==============================] - 44s 113ms/step - loss: 0.2956 - sparse_categorical_accuracy: 0.9001 - val_loss: 0.9627 - val_sparse_categorical_accuracy: 0.7303
Epoch 5/5
391/391 [==============================] - 43s 110ms/step - loss: 0.1758 - sparse_categorical_accuracy: 0.9422 - val_loss: 1.2109 - val_sparse_categorical_accuracy: 0.7232
79/79 [==============================] - 2s 22ms/step - loss: 1.2109 - sparse_categorical_accuracy: 0.7232

FILE-SAVE SUCCESSFUL: Candidate (input|sep5x5_64|batch_norm|avg_pool3x3|sep3x3_256|output) was saved to 76c3badf512ac75e5bee6aee9d719d975009495c.h5


EVALUATION LOG: OnlookerBee ID (3) -- Candidate (input|sep3x3_128|dropout|sc_1|sep5x5_64|sep5x5_256|output)

Epoch 1/5
391/391 [==============================] - 58s 146ms/step - loss: 1.6306 - sparse_categorical_accuracy: 0.4166 - val_loss: 1.3210 - val_sparse_categorical_accuracy: 0.5381
Epoch 2/5
391/391 [==============================] - 56s 143ms/step - loss: 1.0958 - sparse_categorical_accuracy: 0.6146 - val_loss: 1.0275 - val_sparse_categorical_accuracy: 0.6443
Epoch 3/5
391/391 [==============================] - 56s 143ms/step - loss: 0.8297 - sparse_categorical_accuracy: 0.7119 - val_loss: 0.8669 - val_sparse_categorical_accuracy: 0.6989
Epoch 4/5
391/391 [==============================] - 56s 143ms/step - loss: 0.6084 - sparse_categorical_accuracy: 0.7904 - val_loss: 0.9226 - val_sparse_categorical_accuracy: 0.6936
Epoch 5/5
391/391 [==============================] - 56s 143ms/step - loss: 0.4273 - sparse_categorical_accuracy: 0.8534 - val_loss: 0.8721 - val_sparse_categorical_accuracy: 0.7175
79/79 [==============================] - 2s 27ms/step - loss: 0.8721 - sparse_categorical_accuracy: 0.7175

FILE-SAVE SUCCESSFUL: Candidate (input|sep3x3_128|dropout|sc_1|sep5x5_64|sep5x5_256|output) was saved to b144ff079a0f751840c7b1d7dd0f0eae06672205.h5

STATUS: itr: 5 -- Best fitness: 0.7358999848365784, Total time (s): 9387.021236896515

EVALUATION LOG: EmployeeBee ID (0) -- Candidate (input|sep3x3_256|sc_2|batch_norm|sep5x5_128|sep3x3_128|output)

Epoch 1/5
391/391 [==============================] - 72s 180ms/step - loss: 1.4123 - sparse_categorical_accuracy: 0.4962 - val_loss: 1.4228 - val_sparse_categorical_accuracy: 0.5670
Epoch 2/5
391/391 [==============================] - 70s 178ms/step - loss: 0.8738 - sparse_categorical_accuracy: 0.6954 - val_loss: 0.9513 - val_sparse_categorical_accuracy: 0.6777
Epoch 3/5
391/391 [==============================] - 70s 178ms/step - loss: 0.5750 - sparse_categorical_accuracy: 0.8009 - val_loss: 0.8598 - val_sparse_categorical_accuracy: 0.7176
Epoch 4/5
391/391 [==============================] - 70s 178ms/step - loss: 0.3346 - sparse_categorical_accuracy: 0.8854 - val_loss: 1.1517 - val_sparse_categorical_accuracy: 0.6949
Epoch 5/5
391/391 [==============================] - 69s 178ms/step - loss: 0.2053 - sparse_categorical_accuracy: 0.9327 - val_loss: 0.9466 - val_sparse_categorical_accuracy: 0.7038
79/79 [==============================] - 3s 39ms/step - loss: 0.9466 - sparse_categorical_accuracy: 0.7038

FILE-SAVE SUCCESSFUL: Candidate (input|sep3x3_256|sc_2|batch_norm|sep5x5_128|sep3x3_128|output) was saved to 10a258269a22e4ea0ff6a04d8681490f4b20abd0.h5


EVALUATION LOG: EmployeeBee ID (1) -- Candidate (input|sep3x3_128|sep3x3_64|sc_1|sep5x5_64|sep5x5_256|output)

Epoch 1/5
391/391 [==============================] - 58s 145ms/step - loss: 1.6639 - sparse_categorical_accuracy: 0.3977 - val_loss: 1.5398 - val_sparse_categorical_accuracy: 0.4746
Epoch 2/5
391/391 [==============================] - 56s 143ms/step - loss: 1.1316 - sparse_categorical_accuracy: 0.6014 - val_loss: 1.1433 - val_sparse_categorical_accuracy: 0.5893
Epoch 3/5
391/391 [==============================] - 56s 143ms/step - loss: 0.8143 - sparse_categorical_accuracy: 0.7197 - val_loss: 0.9393 - val_sparse_categorical_accuracy: 0.6750
Epoch 4/5
391/391 [==============================] - 57s 145ms/step - loss: 0.5437 - sparse_categorical_accuracy: 0.8139 - val_loss: 1.0259 - val_sparse_categorical_accuracy: 0.7014
Epoch 5/5
391/391 [==============================] - 56s 144ms/step - loss: 0.3135 - sparse_categorical_accuracy: 0.8927 - val_loss: 1.1630 - val_sparse_categorical_accuracy: 0.7078
79/79 [==============================] - 2s 28ms/step - loss: 1.1630 - sparse_categorical_accuracy: 0.7078

FILE-SAVE SUCCESSFUL: Candidate (input|sep3x3_128|sep3x3_64|sc_1|sep5x5_64|sep5x5_256|output) was saved to f6299101f738d73575b4568ca4904f444b840458.h5


EVALUATION LOG: EmployeeBee ID (2) -- Candidate (input|sep5x5_256|max_pool3x3|avg_pool3x3|sep5x5_64|output)

Epoch 1/5
391/391 [==============================] - 35s 88ms/step - loss: 1.5615 - sparse_categorical_accuracy: 0.4385 - val_loss: 1.2603 - val_sparse_categorical_accuracy: 0.5547
Epoch 2/5
391/391 [==============================] - 32s 83ms/step - loss: 1.0687 - sparse_categorical_accuracy: 0.6242 - val_loss: 1.0314 - val_sparse_categorical_accuracy: 0.6431
Epoch 3/5
391/391 [==============================] - 32s 83ms/step - loss: 0.8313 - sparse_categorical_accuracy: 0.7101 - val_loss: 0.8596 - val_sparse_categorical_accuracy: 0.7020
Epoch 4/5
391/391 [==============================] - 32s 83ms/step - loss: 0.6568 - sparse_categorical_accuracy: 0.7728 - val_loss: 0.9502 - val_sparse_categorical_accuracy: 0.6807
Epoch 5/5
391/391 [==============================] - 32s 83ms/step - loss: 0.5113 - sparse_categorical_accuracy: 0.8228 - val_loss: 0.9493 - val_sparse_categorical_accuracy: 0.7057
79/79 [==============================] - 2s 20ms/step - loss: 0.9493 - sparse_categorical_accuracy: 0.7057

FILE-SAVE SUCCESSFUL: Candidate (input|sep5x5_256|max_pool3x3|avg_pool3x3|sep5x5_64|output) was saved to 63dc59ab94ed59c9b24c875f6e12bdd763cdf395.h5


EVALUATION LOG: OnlookerBee ID (0) -- Candidate (input|sep5x5_256|max_pool3x3|sep3x3_256|sep5x5_64|output)

Epoch 1/5
391/391 [==============================] - 50s 125ms/step - loss: 1.6782 - sparse_categorical_accuracy: 0.3852 - val_loss: 1.3107 - val_sparse_categorical_accuracy: 0.5223
Epoch 2/5
391/391 [==============================] - 48s 124ms/step - loss: 1.2024 - sparse_categorical_accuracy: 0.5708 - val_loss: 1.0615 - val_sparse_categorical_accuracy: 0.6237
Epoch 3/5
391/391 [==============================] - 49s 125ms/step - loss: 0.9500 - sparse_categorical_accuracy: 0.6640 - val_loss: 0.9666 - val_sparse_categorical_accuracy: 0.6631
Epoch 4/5
391/391 [==============================] - 49s 125ms/step - loss: 0.7732 - sparse_categorical_accuracy: 0.7298 - val_loss: 0.8855 - val_sparse_categorical_accuracy: 0.6975
Epoch 5/5
391/391 [==============================] - 48s 123ms/step - loss: 0.6228 - sparse_categorical_accuracy: 0.7830 - val_loss: 0.8552 - val_sparse_categorical_accuracy: 0.7202
79/79 [==============================] - 2s 30ms/step - loss: 0.8552 - sparse_categorical_accuracy: 0.7202

FILE-SAVE SUCCESSFUL: Candidate (input|sep5x5_256|max_pool3x3|sep3x3_256|sep5x5_64|output) was saved to efface13b954bcd0fec8ce0e0ddd38bdce761d82.h5


EVALUATION LOG: OnlookerBee ID (1) -- Candidate (input|sep3x3_256|batch_norm|sep5x5_128|sep3x3_128|output)

Epoch 1/5
391/391 [==============================] - 71s 179ms/step - loss: 1.4078 - sparse_categorical_accuracy: 0.4905 - val_loss: 1.6664 - val_sparse_categorical_accuracy: 0.4205
Epoch 2/5
391/391 [==============================] - 67s 172ms/step - loss: 0.8946 - sparse_categorical_accuracy: 0.6866 - val_loss: 0.9034 - val_sparse_categorical_accuracy: 0.6912
Epoch 3/5
391/391 [==============================] - 67s 172ms/step - loss: 0.6339 - sparse_categorical_accuracy: 0.7798 - val_loss: 0.8029 - val_sparse_categorical_accuracy: 0.7240
Epoch 4/5
391/391 [==============================] - 67s 172ms/step - loss: 0.4182 - sparse_categorical_accuracy: 0.8551 - val_loss: 1.0358 - val_sparse_categorical_accuracy: 0.7052
Epoch 5/5
391/391 [==============================] - 67s 172ms/step - loss: 0.2677 - sparse_categorical_accuracy: 0.9082 - val_loss: 1.3008 - val_sparse_categorical_accuracy: 0.7238
79/79 [==============================] - 3s 38ms/step - loss: 1.3008 - sparse_categorical_accuracy: 0.7238

FILE-SAVE SUCCESSFUL: Candidate (input|sep3x3_256|batch_norm|sep5x5_128|sep3x3_128|output) was saved to f2ff32d1a5f395c5fc23e7d65d6bc841b4b59d92.h5


EVALUATION LOG: OnlookerBee ID (2) -- Candidate (input|sep3x3_128|sep5x5_128|sc_1|sep5x5_64|sep5x5_64|output)

Epoch 1/5
391/391 [==============================] - 44s 109ms/step - loss: 1.6929 - sparse_categorical_accuracy: 0.3822 - val_loss: 1.3812 - val_sparse_categorical_accuracy: 0.4972
Epoch 2/5
391/391 [==============================] - 42s 108ms/step - loss: 1.2382 - sparse_categorical_accuracy: 0.5605 - val_loss: 1.0641 - val_sparse_categorical_accuracy: 0.6215
Epoch 3/5
391/391 [==============================] - 43s 109ms/step - loss: 0.9797 - sparse_categorical_accuracy: 0.6557 - val_loss: 1.1844 - val_sparse_categorical_accuracy: 0.5792
Epoch 4/5
391/391 [==============================] - 41s 106ms/step - loss: 0.7894 - sparse_categorical_accuracy: 0.7251 - val_loss: 0.9921 - val_sparse_categorical_accuracy: 0.6575
Epoch 5/5
391/391 [==============================] - 41s 106ms/step - loss: 0.6074 - sparse_categorical_accuracy: 0.7861 - val_loss: 0.9229 - val_sparse_categorical_accuracy: 0.6996
79/79 [==============================] - 2s 23ms/step - loss: 0.9229 - sparse_categorical_accuracy: 0.6996

FILE-SAVE SUCCESSFUL: Candidate (input|sep3x3_128|sep5x5_128|sc_1|sep5x5_64|sep5x5_64|output) was saved to c4aa76619944c87e6682d07eb86aa78d614b9d67.h5


EVALUATION LOG: OnlookerBee ID (3) -- Candidate (input|sep3x3_256|batch_norm|sep5x5_128|dropout|output)

Epoch 1/5
391/391 [==============================] - 58s 147ms/step - loss: 1.6063 - sparse_categorical_accuracy: 0.4751 - val_loss: 2.2517 - val_sparse_categorical_accuracy: 0.1934
Epoch 2/5
391/391 [==============================] - 57s 145ms/step - loss: 0.9525 - sparse_categorical_accuracy: 0.6688 - val_loss: 0.9642 - val_sparse_categorical_accuracy: 0.6679
Epoch 3/5
391/391 [==============================] - 57s 145ms/step - loss: 0.7346 - sparse_categorical_accuracy: 0.7455 - val_loss: 0.9732 - val_sparse_categorical_accuracy: 0.6772
Epoch 4/5
391/391 [==============================] - 57s 145ms/step - loss: 0.5767 - sparse_categorical_accuracy: 0.8005 - val_loss: 0.8500 - val_sparse_categorical_accuracy: 0.7295
Epoch 5/5
391/391 [==============================] - 57s 145ms/step - loss: 0.4603 - sparse_categorical_accuracy: 0.8424 - val_loss: 1.0333 - val_sparse_categorical_accuracy: 0.7206
79/79 [==============================] - 3s 32ms/step - loss: 1.0333 - sparse_categorical_accuracy: 0.7206

FILE-SAVE SUCCESSFUL: Candidate (input|sep3x3_256|batch_norm|sep5x5_128|dropout|output) was saved to ba4c0b873c1365f3d9fd60ad8d89821e2fe17430.h5

STATUS: itr: 6 -- Best fitness: 0.7358999848365784, Total time (s): 11545.250159740448

EVALUATION LOG: EmployeeBee ID (0) -- Candidate (input|dropout|sep5x5_256|sep3x3_128|sep5x5_256|output)

Epoch 1/5
391/391 [==============================] - 77s 194ms/step - loss: 1.8088 - sparse_categorical_accuracy: 0.3299 - val_loss: 1.5560 - val_sparse_categorical_accuracy: 0.4417
Epoch 2/5
391/391 [==============================] - 75s 192ms/step - loss: 1.3315 - sparse_categorical_accuracy: 0.5259 - val_loss: 1.2149 - val_sparse_categorical_accuracy: 0.5706
Epoch 3/5
391/391 [==============================] - 75s 192ms/step - loss: 1.0854 - sparse_categorical_accuracy: 0.6180 - val_loss: 1.1267 - val_sparse_categorical_accuracy: 0.6192
Epoch 4/5
391/391 [==============================] - 75s 192ms/step - loss: 0.9075 - sparse_categorical_accuracy: 0.6826 - val_loss: 1.0011 - val_sparse_categorical_accuracy: 0.6664
Epoch 5/5
391/391 [==============================] - 75s 192ms/step - loss: 0.7605 - sparse_categorical_accuracy: 0.7368 - val_loss: 0.9469 - val_sparse_categorical_accuracy: 0.6796
79/79 [==============================] - 3s 42ms/step - loss: 0.9469 - sparse_categorical_accuracy: 0.6796

FILE-SAVE SUCCESSFUL: Candidate (input|dropout|sep5x5_256|sep3x3_128|sep5x5_256|output) was saved to 2225601bb9cc7d3ab4089be80c686b6bcac7a593.h5


EVALUATION LOG: EmployeeBee ID (1) -- Candidate (input|sep5x5_256|sc_3|sep5x5_256|sc_1|dropout|sep5x5_128|output)

Epoch 1/5
391/391 [==============================] - 96s 242ms/step - loss: 1.7574 - sparse_categorical_accuracy: 0.4711 - val_loss: 1.1807 - val_sparse_categorical_accuracy: 0.5866
Epoch 2/5
391/391 [==============================] - 94s 240ms/step - loss: 0.8962 - sparse_categorical_accuracy: 0.6901 - val_loss: 1.0116 - val_sparse_categorical_accuracy: 0.6534
Epoch 3/5
391/391 [==============================] - 94s 240ms/step - loss: 0.4158 - sparse_categorical_accuracy: 0.8596 - val_loss: 1.1722 - val_sparse_categorical_accuracy: 0.6497
Epoch 4/5
391/391 [==============================] - 94s 240ms/step - loss: 0.1745 - sparse_categorical_accuracy: 0.9422 - val_loss: 1.4486 - val_sparse_categorical_accuracy: 0.6776
Epoch 5/5
391/391 [==============================] - 95s 243ms/step - loss: 0.1285 - sparse_categorical_accuracy: 0.9601 - val_loss: 2.2747 - val_sparse_categorical_accuracy: 0.6428
79/79 [==============================] - 4s 56ms/step - loss: 2.2747 - sparse_categorical_accuracy: 0.6428

FILE-SAVE SUCCESSFUL: Candidate (input|sep5x5_256|sc_3|sep5x5_256|sc_1|dropout|sep5x5_128|output) was saved to d375224c711418871ad8a801e4317b28fd6a2f14.h5


EVALUATION LOG: EmployeeBee ID (2) -- Candidate (input|sep5x5_256|max_pool3x3|sep3x3_256|batch_norm|output)

Epoch 1/5
391/391 [==============================] - 66s 168ms/step - loss: 1.4530 - sparse_categorical_accuracy: 0.5208 - val_loss: 1.8823 - val_sparse_categorical_accuracy: 0.4021
Epoch 2/5
391/391 [==============================] - 63s 160ms/step - loss: 0.9020 - sparse_categorical_accuracy: 0.6890 - val_loss: 1.0346 - val_sparse_categorical_accuracy: 0.6448
Epoch 3/5
391/391 [==============================] - 63s 161ms/step - loss: 0.6673 - sparse_categorical_accuracy: 0.7722 - val_loss: 1.2167 - val_sparse_categorical_accuracy: 0.6450
Epoch 4/5
391/391 [==============================] - 65s 167ms/step - loss: 0.4769 - sparse_categorical_accuracy: 0.8407 - val_loss: 1.9742 - val_sparse_categorical_accuracy: 0.6477
Epoch 5/5
391/391 [==============================] - 63s 161ms/step - loss: 0.3620 - sparse_categorical_accuracy: 0.8853 - val_loss: 1.4752 - val_sparse_categorical_accuracy: 0.6901
79/79 [==============================] - 3s 36ms/step - loss: 1.4752 - sparse_categorical_accuracy: 0.6901

FILE-SAVE SUCCESSFUL: Candidate (input|sep5x5_256|max_pool3x3|sep3x3_256|batch_norm|output) was saved to d6b739bd7a024a2c42a881c4fa472c7ee6840b88.h5


EVALUATION LOG: OnlookerBee ID (0) -- Candidate (input|sep5x5_256|sc_3|sep5x5_64|sc_1|dropout|sep5x5_128|output)

Epoch 1/5
391/391 [==============================] - 52s 129ms/step - loss: 1.7081 - sparse_categorical_accuracy: 0.4734 - val_loss: 1.1481 - val_sparse_categorical_accuracy: 0.5909
Epoch 2/5
391/391 [==============================] - 49s 126ms/step - loss: 0.9037 - sparse_categorical_accuracy: 0.6870 - val_loss: 1.0175 - val_sparse_categorical_accuracy: 0.6487
Epoch 3/5
391/391 [==============================] - 49s 126ms/step - loss: 0.4406 - sparse_categorical_accuracy: 0.8506 - val_loss: 1.1917 - val_sparse_categorical_accuracy: 0.6437
Epoch 4/5
391/391 [==============================] - 49s 126ms/step - loss: 0.1953 - sparse_categorical_accuracy: 0.9367 - val_loss: 1.5951 - val_sparse_categorical_accuracy: 0.6335
Epoch 5/5
391/391 [==============================] - 49s 126ms/step - loss: 0.1333 - sparse_categorical_accuracy: 0.9587 - val_loss: 1.7249 - val_sparse_categorical_accuracy: 0.6497
79/79 [==============================] - 2s 25ms/step - loss: 1.7249 - sparse_categorical_accuracy: 0.6497

FILE-SAVE SUCCESSFUL: Candidate (input|sep5x5_256|sc_3|sep5x5_64|sc_1|dropout|sep5x5_128|output) was saved to c2e1977cd325205e1a1b9b5d934afd4aa56f2df6.h5


EVALUATION LOG: OnlookerBee ID (1) -- Candidate (input|sep5x5_64|sc_3|sep5x5_64|sc_1|dropout|sep5x5_128|output)

Epoch 1/5
391/391 [==============================] - 37s 90ms/step - loss: 1.5949 - sparse_categorical_accuracy: 0.4874 - val_loss: 1.2693 - val_sparse_categorical_accuracy: 0.5520
Epoch 2/5
391/391 [==============================] - 35s 89ms/step - loss: 0.8323 - sparse_categorical_accuracy: 0.7145 - val_loss: 1.1122 - val_sparse_categorical_accuracy: 0.6349
Epoch 3/5
391/391 [==============================] - 35s 88ms/step - loss: 0.3600 - sparse_categorical_accuracy: 0.8790 - val_loss: 1.1531 - val_sparse_categorical_accuracy: 0.6481
Epoch 4/5
391/391 [==============================] - 34s 88ms/step - loss: 0.1703 - sparse_categorical_accuracy: 0.9458 - val_loss: 1.6943 - val_sparse_categorical_accuracy: 0.6602
Epoch 5/5
391/391 [==============================] - 34s 88ms/step - loss: 0.1294 - sparse_categorical_accuracy: 0.9598 - val_loss: 1.8288 - val_sparse_categorical_accuracy: 0.6733
79/79 [==============================] - 1s 18ms/step - loss: 1.8288 - sparse_categorical_accuracy: 0.6733

FILE-SAVE SUCCESSFUL: Candidate (input|sep5x5_64|sc_3|sep5x5_64|sc_1|dropout|sep5x5_128|output) was saved to 5a1254bcdc32038da88056251a8a7b3771f986a9.h5


EVALUATION LOG: OnlookerBee ID (2) -- Candidate (input|sep5x5_256|max_pool3x3|sep3x3_256|dropout|output)

Epoch 1/5
391/391 [==============================] - 65s 163ms/step - loss: 1.5519 - sparse_categorical_accuracy: 0.4497 - val_loss: 1.1654 - val_sparse_categorical_accuracy: 0.5827
Epoch 2/5
391/391 [==============================] - 63s 161ms/step - loss: 1.0506 - sparse_categorical_accuracy: 0.6311 - val_loss: 1.0078 - val_sparse_categorical_accuracy: 0.6548
Epoch 3/5
391/391 [==============================] - 63s 161ms/step - loss: 0.8166 - sparse_categorical_accuracy: 0.7175 - val_loss: 0.9567 - val_sparse_categorical_accuracy: 0.6720
Epoch 4/5
391/391 [==============================] - 63s 161ms/step - loss: 0.6443 - sparse_categorical_accuracy: 0.7760 - val_loss: 0.8124 - val_sparse_categorical_accuracy: 0.7222
Epoch 5/5
391/391 [==============================] - 63s 160ms/step - loss: 0.5111 - sparse_categorical_accuracy: 0.8262 - val_loss: 1.0081 - val_sparse_categorical_accuracy: 0.7037
79/79 [==============================] - 3s 35ms/step - loss: 1.0081 - sparse_categorical_accuracy: 0.7037

FILE-SAVE SUCCESSFUL: Candidate (input|sep5x5_256|max_pool3x3|sep3x3_256|dropout|output) was saved to c0ca3338d238432dda137e7def114ada9d5a9f9d.h5


EVALUATION LOG: OnlookerBee ID (3) -- Candidate (input|dropout|sep5x5_256|sep3x3_128|sep3x3_256|output)

Epoch 1/5
391/391 [==============================] - 73s 183ms/step - loss: 1.7961 - sparse_categorical_accuracy: 0.3405 - val_loss: 1.7315 - val_sparse_categorical_accuracy: 0.3934
Epoch 2/5
391/391 [==============================] - 71s 181ms/step - loss: 1.3268 - sparse_categorical_accuracy: 0.5260 - val_loss: 1.2480 - val_sparse_categorical_accuracy: 0.5453
Epoch 3/5
391/391 [==============================] - 71s 181ms/step - loss: 1.0874 - sparse_categorical_accuracy: 0.6166 - val_loss: 1.0664 - val_sparse_categorical_accuracy: 0.6351
Epoch 4/5
391/391 [==============================] - 71s 181ms/step - loss: 0.9003 - sparse_categorical_accuracy: 0.6840 - val_loss: 0.9218 - val_sparse_categorical_accuracy: 0.6851
Epoch 5/5
391/391 [==============================] - 71s 181ms/step - loss: 0.7446 - sparse_categorical_accuracy: 0.7426 - val_loss: 1.1757 - val_sparse_categorical_accuracy: 0.6685
79/79 [==============================] - 3s 38ms/step - loss: 1.1757 - sparse_categorical_accuracy: 0.6685

FILE-SAVE SUCCESSFUL: Candidate (input|dropout|sep5x5_256|sep3x3_128|sep3x3_256|output) was saved to 38990586f8283694d75a4f3b89c64849192d4afc.h5

STATUS: itr: 7 -- Best fitness: 0.7358999848365784, Total time (s): 13991.072614908218

EVALUATION LOG: EmployeeBee ID (0) -- Candidate (input|dropout|sep5x5_256|sep3x3_128|batch_norm|output)

Epoch 1/5
391/391 [==============================] - 48s 120ms/step - loss: 1.4481 - sparse_categorical_accuracy: 0.4919 - val_loss: 1.6895 - val_sparse_categorical_accuracy: 0.4893
Epoch 2/5
391/391 [==============================] - 46s 117ms/step - loss: 1.0342 - sparse_categorical_accuracy: 0.6378 - val_loss: 1.3597 - val_sparse_categorical_accuracy: 0.5867
Epoch 3/5
391/391 [==============================] - 46s 116ms/step - loss: 0.8380 - sparse_categorical_accuracy: 0.7086 - val_loss: 2.4072 - val_sparse_categorical_accuracy: 0.6461
Epoch 4/5
391/391 [==============================] - 46s 117ms/step - loss: 0.6967 - sparse_categorical_accuracy: 0.7616 - val_loss: 7.7378 - val_sparse_categorical_accuracy: 0.5592
Epoch 5/5
391/391 [==============================] - 46s 118ms/step - loss: 0.5813 - sparse_categorical_accuracy: 0.8035 - val_loss: 3.3021 - val_sparse_categorical_accuracy: 0.5707
79/79 [==============================] - 2s 27ms/step - loss: 3.3021 - sparse_categorical_accuracy: 0.5707

FILE-SAVE SUCCESSFUL: Candidate (input|dropout|sep5x5_256|sep3x3_128|batch_norm|output) was saved to c0d35a208478db9042f502894ca8357677105411.h5


EVALUATION LOG: EmployeeBee ID (1) -- Candidate (input|max_pool3x3|sc_3|sep5x5_64|sc_1|dropout|sep5x5_128|output)

Epoch 1/5
391/391 [==============================] - 35s 87ms/step - loss: 6.6695 - sparse_categorical_accuracy: 0.3076 - val_loss: 1.5910 - val_sparse_categorical_accuracy: 0.4334
Epoch 2/5
391/391 [==============================] - 33s 84ms/step - loss: 1.4236 - sparse_categorical_accuracy: 0.5153 - val_loss: 1.3308 - val_sparse_categorical_accuracy: 0.5552
Epoch 3/5
391/391 [==============================] - 33s 85ms/step - loss: 1.1458 - sparse_categorical_accuracy: 0.6156 - val_loss: 1.2367 - val_sparse_categorical_accuracy: 0.5966
Epoch 4/5
391/391 [==============================] - 33s 84ms/step - loss: 0.9938 - sparse_categorical_accuracy: 0.6718 - val_loss: 1.0981 - val_sparse_categorical_accuracy: 0.6389
Epoch 5/5
391/391 [==============================] - 33s 84ms/step - loss: 0.8630 - sparse_categorical_accuracy: 0.7163 - val_loss: 1.0809 - val_sparse_categorical_accuracy: 0.6613
79/79 [==============================] - 1s 18ms/step - loss: 1.0809 - sparse_categorical_accuracy: 0.6613

FILE-SAVE SUCCESSFUL: Candidate (input|max_pool3x3|sc_3|sep5x5_64|sc_1|dropout|sep5x5_128|output) was saved to 2d1e3b78f6c71e3ff82dd0eb9051ad926df128ed.h5


EVALUATION LOG: EmployeeBee ID (2) -- Candidate (input|sep5x5_256|max_pool3x3|sep3x3_256|sep3x3_64|output)

Epoch 1/5
391/391 [==============================] - 47s 117ms/step - loss: 1.6945 - sparse_categorical_accuracy: 0.3761 - val_loss: 1.3929 - val_sparse_categorical_accuracy: 0.4862
Epoch 2/5
391/391 [==============================] - 45s 115ms/step - loss: 1.2719 - sparse_categorical_accuracy: 0.5426 - val_loss: 1.1613 - val_sparse_categorical_accuracy: 0.5991
Epoch 3/5
391/391 [==============================] - 45s 115ms/step - loss: 1.0466 - sparse_categorical_accuracy: 0.6299 - val_loss: 0.9712 - val_sparse_categorical_accuracy: 0.6612
Epoch 4/5
391/391 [==============================] - 45s 115ms/step - loss: 0.8685 - sparse_categorical_accuracy: 0.6949 - val_loss: 0.9107 - val_sparse_categorical_accuracy: 0.6851
Epoch 5/5
391/391 [==============================] - 45s 115ms/step - loss: 0.7251 - sparse_categorical_accuracy: 0.7474 - val_loss: 0.8739 - val_sparse_categorical_accuracy: 0.7030
79/79 [==============================] - 2s 28ms/step - loss: 0.8739 - sparse_categorical_accuracy: 0.7030

FILE-SAVE SUCCESSFUL: Candidate (input|sep5x5_256|max_pool3x3|sep3x3_256|sep3x3_64|output) was saved to 51706c031c08cfbd74486f22b9659f3c10f25e40.h5


EVALUATION LOG: OnlookerBee ID (0) -- Candidate (input|dropout|sep5x5_256|sep5x5_256|sep5x5_256|output)

Epoch 1/5
391/391 [==============================] - 102s 259ms/step - loss: 1.7756 - sparse_categorical_accuracy: 0.3465 - val_loss: 1.7463 - val_sparse_categorical_accuracy: 0.3971
Epoch 2/5
391/391 [==============================] - 101s 258ms/step - loss: 1.3227 - sparse_categorical_accuracy: 0.5277 - val_loss: 1.1654 - val_sparse_categorical_accuracy: 0.5857
Epoch 3/5
391/391 [==============================] - 101s 258ms/step - loss: 1.0854 - sparse_categorical_accuracy: 0.6184 - val_loss: 0.9669 - val_sparse_categorical_accuracy: 0.6616
Epoch 4/5
391/391 [==============================] - 101s 258ms/step - loss: 0.9154 - sparse_categorical_accuracy: 0.6810 - val_loss: 0.9832 - val_sparse_categorical_accuracy: 0.6886
Epoch 5/5
391/391 [==============================] - 101s 258ms/step - loss: 0.7687 - sparse_categorical_accuracy: 0.7333 - val_loss: 1.1027 - val_sparse_categorical_accuracy: 0.6726
79/79 [==============================] - 5s 58ms/step - loss: 1.1027 - sparse_categorical_accuracy: 0.6726

FILE-SAVE SUCCESSFUL: Candidate (input|dropout|sep5x5_256|sep5x5_256|sep5x5_256|output) was saved to e11b0ce2accdfc0fd8c25108008393143f3617c2.h5


EVALUATION LOG: OnlookerBee ID (1) -- Candidate (input|sep5x5_64|sc_3|sep5x5_64|dropout|sep5x5_128|output)

Epoch 1/5
391/391 [==============================] - 37s 91ms/step - loss: 1.7177 - sparse_categorical_accuracy: 0.4795 - val_loss: 1.1994 - val_sparse_categorical_accuracy: 0.5768
Epoch 2/5
391/391 [==============================] - 34s 86ms/step - loss: 0.8665 - sparse_categorical_accuracy: 0.7013 - val_loss: 0.9987 - val_sparse_categorical_accuracy: 0.6517
Epoch 3/5
391/391 [==============================] - 34s 86ms/step - loss: 0.3974 - sparse_categorical_accuracy: 0.8654 - val_loss: 1.2968 - val_sparse_categorical_accuracy: 0.6490
Epoch 4/5
391/391 [==============================] - 34s 86ms/step - loss: 0.1815 - sparse_categorical_accuracy: 0.9403 - val_loss: 1.5072 - val_sparse_categorical_accuracy: 0.6621
Epoch 5/5
391/391 [==============================] - 34s 86ms/step - loss: 0.1324 - sparse_categorical_accuracy: 0.9584 - val_loss: 1.7302 - val_sparse_categorical_accuracy: 0.6482
79/79 [==============================] - 1s 17ms/step - loss: 1.7302 - sparse_categorical_accuracy: 0.6482

FILE-SAVE SUCCESSFUL: Candidate (input|sep5x5_64|sc_3|sep5x5_64|dropout|sep5x5_128|output) was saved to ee560494ef933cce3c24a47c630e97c99c3434c4.h5


EVALUATION LOG: OnlookerBee ID (2) -- Candidate (input|sep5x5_64|max_pool3x3|sep3x3_256|sep5x5_64|output)

Epoch 1/5
391/391 [==============================] - 30s 75ms/step - loss: 1.5930 - sparse_categorical_accuracy: 0.4223 - val_loss: 1.3798 - val_sparse_categorical_accuracy: 0.4980
Epoch 2/5
391/391 [==============================] - 28s 72ms/step - loss: 1.0907 - sparse_categorical_accuracy: 0.6137 - val_loss: 0.9598 - val_sparse_categorical_accuracy: 0.6631
Epoch 3/5
391/391 [==============================] - 28s 72ms/step - loss: 0.8369 - sparse_categorical_accuracy: 0.7081 - val_loss: 0.8644 - val_sparse_categorical_accuracy: 0.7025
Epoch 4/5
391/391 [==============================] - 28s 72ms/step - loss: 0.6585 - sparse_categorical_accuracy: 0.7711 - val_loss: 0.8452 - val_sparse_categorical_accuracy: 0.7081
Epoch 5/5
391/391 [==============================] - 28s 72ms/step - loss: 0.5099 - sparse_categorical_accuracy: 0.8230 - val_loss: 0.8250 - val_sparse_categorical_accuracy: 0.7318
79/79 [==============================] - 1s 15ms/step - loss: 0.8250 - sparse_categorical_accuracy: 0.7318

FILE-SAVE SUCCESSFUL: Candidate (input|sep5x5_64|max_pool3x3|sep3x3_256|sep5x5_64|output) was saved to a772d4f2f9dd29d7683343407f3d1bcdbe81594b.h5


EVALUATION LOG: OnlookerBee ID (3) -- Candidate (input|sep5x5_64|sc_3|sep5x5_64|sc_1|max_pool3x3|sep5x5_128|output)

Epoch 1/5
391/391 [==============================] - 36s 90ms/step - loss: 1.8052 - sparse_categorical_accuracy: 0.4736 - val_loss: 1.3105 - val_sparse_categorical_accuracy: 0.5379
Epoch 2/5
391/391 [==============================] - 35s 89ms/step - loss: 0.8930 - sparse_categorical_accuracy: 0.6904 - val_loss: 1.1189 - val_sparse_categorical_accuracy: 0.6156
Epoch 3/5
391/391 [==============================] - 34s 88ms/step - loss: 0.4223 - sparse_categorical_accuracy: 0.8561 - val_loss: 1.3974 - val_sparse_categorical_accuracy: 0.6309
Epoch 4/5
391/391 [==============================] - 35s 89ms/step - loss: 0.1920 - sparse_categorical_accuracy: 0.9387 - val_loss: 1.8660 - val_sparse_categorical_accuracy: 0.6076
Epoch 5/5
391/391 [==============================] - 35s 89ms/step - loss: 0.1373 - sparse_categorical_accuracy: 0.9578 - val_loss: 1.5133 - val_sparse_categorical_accuracy: 0.6431
79/79 [==============================] - 1s 18ms/step - loss: 1.5133 - sparse_categorical_accuracy: 0.6431

FILE-SAVE SUCCESSFUL: Candidate (input|sep5x5_64|sc_3|sep5x5_64|sc_1|max_pool3x3|sep5x5_128|output) was saved to 10cb5b8da26662da551e198eb9bfcacae90d09ec.h5

STATUS: itr: 8 -- Best fitness: 0.7358999848365784, Total time (s): 15762.269327163696

EVALUATION LOG: EmployeeBee ID (1) -- Candidate (input|dropout|sep3x3_64|batch_norm|max_pool3x3|output)

Epoch 1/5
391/391 [==============================] - 14s 34ms/step - loss: 11.0481 - sparse_categorical_accuracy: 0.1567 - val_loss: 2.6138 - val_sparse_categorical_accuracy: 0.2294
Epoch 2/5
391/391 [==============================] - 12s 31ms/step - loss: 2.1886 - sparse_categorical_accuracy: 0.1944 - val_loss: 2.2308 - val_sparse_categorical_accuracy: 0.2677
Epoch 3/5
391/391 [==============================] - 12s 31ms/step - loss: 1.9492 - sparse_categorical_accuracy: 0.2984 - val_loss: 2.1461 - val_sparse_categorical_accuracy: 0.3307
Epoch 4/5
391/391 [==============================] - 12s 31ms/step - loss: 1.6643 - sparse_categorical_accuracy: 0.4087 - val_loss: 1.5270 - val_sparse_categorical_accuracy: 0.4803
Epoch 5/5
391/391 [==============================] - 12s 31ms/step - loss: 1.4579 - sparse_categorical_accuracy: 0.4839 - val_loss: 1.3414 - val_sparse_categorical_accuracy: 0.5141
79/79 [==============================] - 1s 9ms/step - loss: 1.3414 - sparse_categorical_accuracy: 0.5141

FILE-SAVE SUCCESSFUL: Candidate (input|dropout|sep3x3_64|batch_norm|max_pool3x3|output) was saved to 5ccab670795896a1661daa7555eca84814022ffa.h5


EVALUATION LOG: EmployeeBee ID (2) -- Candidate (input|sep5x5_64|avg_pool3x3|max_pool3x3|sep3x3_256|output)

Epoch 1/5
391/391 [==============================] - 44s 110ms/step - loss: 1.5624 - sparse_categorical_accuracy: 0.4518 - val_loss: 1.1169 - val_sparse_categorical_accuracy: 0.6060
Epoch 2/5
391/391 [==============================] - 43s 109ms/step - loss: 1.0089 - sparse_categorical_accuracy: 0.6452 - val_loss: 1.0077 - val_sparse_categorical_accuracy: 0.6509
Epoch 3/5
391/391 [==============================] - 43s 109ms/step - loss: 0.7217 - sparse_categorical_accuracy: 0.7515 - val_loss: 0.9537 - val_sparse_categorical_accuracy: 0.6935
Epoch 4/5
391/391 [==============================] - 43s 109ms/step - loss: 0.4823 - sparse_categorical_accuracy: 0.8351 - val_loss: 0.8873 - val_sparse_categorical_accuracy: 0.7191
Epoch 5/5
391/391 [==============================] - 42s 109ms/step - loss: 0.2976 - sparse_categorical_accuracy: 0.8989 - val_loss: 1.0957 - val_sparse_categorical_accuracy: 0.7148
79/79 [==============================] - 2s 22ms/step - loss: 1.0957 - sparse_categorical_accuracy: 0.7148

FILE-SAVE SUCCESSFUL: Candidate (input|sep5x5_64|avg_pool3x3|max_pool3x3|sep3x3_256|output) was saved to 51cdc15f659f95ac999b5e6f56e46d3c4287e66e.h5


EVALUATION LOG: OnlookerBee ID (0) -- Candidate (input|dropout|sep5x5_64|batch_norm|max_pool3x3|output)

Epoch 1/5
391/391 [==============================] - 16s 38ms/step - loss: 11.9052 - sparse_categorical_accuracy: 0.1980 - val_loss: 2.0204 - val_sparse_categorical_accuracy: 0.3075
Epoch 2/5
391/391 [==============================] - 14s 35ms/step - loss: 1.8837 - sparse_categorical_accuracy: 0.3251 - val_loss: 1.6360 - val_sparse_categorical_accuracy: 0.4471
Epoch 3/5
391/391 [==============================] - 13s 32ms/step - loss: 1.5878 - sparse_categorical_accuracy: 0.4350 - val_loss: 1.3209 - val_sparse_categorical_accuracy: 0.5358
Epoch 4/5
391/391 [==============================] - 13s 33ms/step - loss: 1.3959 - sparse_categorical_accuracy: 0.5081 - val_loss: 1.2240 - val_sparse_categorical_accuracy: 0.5873
Epoch 5/5
391/391 [==============================] - 13s 33ms/step - loss: 1.2371 - sparse_categorical_accuracy: 0.5658 - val_loss: 1.1912 - val_sparse_categorical_accuracy: 0.6021
79/79 [==============================] - 1s 10ms/step - loss: 1.1912 - sparse_categorical_accuracy: 0.6021

FILE-SAVE SUCCESSFUL: Candidate (input|dropout|sep5x5_64|batch_norm|max_pool3x3|output) was saved to 52d0ef50dfce758b712a20eb15d546cf42078882.h5


EVALUATION LOG: OnlookerBee ID (1) -- Candidate (input|sep5x5_256|avg_pool3x3|max_pool3x3|sep3x3_256|output)

Epoch 1/5
391/391 [==============================] - 65s 163ms/step - loss: 1.5676 - sparse_categorical_accuracy: 0.4445 - val_loss: 1.2300 - val_sparse_categorical_accuracy: 0.5504
Epoch 2/5
391/391 [==============================] - 64s 164ms/step - loss: 1.0805 - sparse_categorical_accuracy: 0.6212 - val_loss: 1.0379 - val_sparse_categorical_accuracy: 0.6266
Epoch 3/5
391/391 [==============================] - 64s 163ms/step - loss: 0.8325 - sparse_categorical_accuracy: 0.7079 - val_loss: 0.9712 - val_sparse_categorical_accuracy: 0.6641
Epoch 4/5
391/391 [==============================] - 64s 163ms/step - loss: 0.6241 - sparse_categorical_accuracy: 0.7831 - val_loss: 1.0323 - val_sparse_categorical_accuracy: 0.6666
Epoch 5/5
391/391 [==============================] - 64s 163ms/step - loss: 0.4562 - sparse_categorical_accuracy: 0.8443 - val_loss: 0.9660 - val_sparse_categorical_accuracy: 0.7077
79/79 [==============================] - 3s 37ms/step - loss: 0.9660 - sparse_categorical_accuracy: 0.7077

FILE-SAVE SUCCESSFUL: Candidate (input|sep5x5_256|avg_pool3x3|max_pool3x3|sep3x3_256|output) was saved to 2f1afa27b1e07ad85dd536e7c0aeae6132fced14.h5


EVALUATION LOG: OnlookerBee ID (2) -- Candidate (input|sep5x5_64|avg_pool3x3|sep3x3_64|sep3x3_256|output)

Epoch 1/5
391/391 [==============================] - 45s 113ms/step - loss: 1.7059 - sparse_categorical_accuracy: 0.3764 - val_loss: 1.4326 - val_sparse_categorical_accuracy: 0.4825
Epoch 2/5
391/391 [==============================] - 44s 113ms/step - loss: 1.2053 - sparse_categorical_accuracy: 0.5706 - val_loss: 1.1456 - val_sparse_categorical_accuracy: 0.5990
Epoch 3/5
391/391 [==============================] - 43s 111ms/step - loss: 0.9429 - sparse_categorical_accuracy: 0.6710 - val_loss: 0.9593 - val_sparse_categorical_accuracy: 0.6627
Epoch 4/5
391/391 [==============================] - 43s 111ms/step - loss: 0.7292 - sparse_categorical_accuracy: 0.7452 - val_loss: 1.0003 - val_sparse_categorical_accuracy: 0.6724
Epoch 5/5
391/391 [==============================] - 45s 115ms/step - loss: 0.5342 - sparse_categorical_accuracy: 0.8152 - val_loss: 0.9356 - val_sparse_categorical_accuracy: 0.7172
79/79 [==============================] - 2s 22ms/step - loss: 0.9356 - sparse_categorical_accuracy: 0.7172

FILE-SAVE SUCCESSFUL: Candidate (input|sep5x5_64|avg_pool3x3|sep3x3_64|sep3x3_256|output) was saved to 96e8d8b03e5e312422cdf5bee6bd5afe00959878.h5


EVALUATION LOG: OnlookerBee ID (3) -- Candidate (input|dropout|sep3x3_64|batch_norm|max_pool3x3|output)

Epoch 1/5
391/391 [==============================] - 13s 32ms/step - loss: 10.6387 - sparse_categorical_accuracy: 0.1592 - val_loss: 2.6276 - val_sparse_categorical_accuracy: 0.2425
Epoch 2/5
391/391 [==============================] - 12s 31ms/step - loss: 2.1126 - sparse_categorical_accuracy: 0.2247 - val_loss: 2.2115 - val_sparse_categorical_accuracy: 0.3174
Epoch 3/5
391/391 [==============================] - 12s 31ms/step - loss: 1.8493 - sparse_categorical_accuracy: 0.3386 - val_loss: 1.8933 - val_sparse_categorical_accuracy: 0.3753
Epoch 4/5
391/391 [==============================] - 12s 31ms/step - loss: 1.6220 - sparse_categorical_accuracy: 0.4142 - val_loss: 1.4783 - val_sparse_categorical_accuracy: 0.4808
Epoch 5/5
391/391 [==============================] - 12s 31ms/step - loss: 1.4440 - sparse_categorical_accuracy: 0.4787 - val_loss: 1.3213 - val_sparse_categorical_accuracy: 0.5339
79/79 [==============================] - 1s 9ms/step - loss: 1.3213 - sparse_categorical_accuracy: 0.5339

FILE-SAVE SUCCESSFUL: Candidate (input|dropout|sep3x3_64|batch_norm|max_pool3x3|output) was saved to 5ccab670795896a1661daa7555eca84814022ffa.h5

STATUS: itr: 9 -- Best fitness: 0.7358999848365784, Total time (s): 16892.32073020935