Downloading data from https://storage.googleapis.com/tensorflow/tf-keras-datasets/mnist.npz
11493376/11490434 [==============================] - 0s 0us/step
11501568/11490434 [==============================] - 0s 0us/step

Path (/content/gdrive/MyDrive/PhD/HiveNAS/hivenas_mnist_aug_a/) already exists!


Would you like to overwrite files in this path? (y/n): y

Configuration file saved successfully to (/content/gdrive/MyDrive/PhD/HiveNAS/hivenas_mnist_aug_a/hivenas_mnist_aug_a.yaml)!


------------------------
-- OPTIMIZATION START --
------------------------

EVALUATION LOG: EmployeeBee ID (0) -- Candidate (input|max_pool3x3|sep5x5_128|sep3x3_64|dropout|output)

Epoch 1/5
375/375 [==============================] - 23s 51ms/step - loss: 0.4501 - sparse_categorical_accuracy: 0.8465 - val_loss: 0.2198 - val_sparse_categorical_accuracy: 0.9342
Epoch 2/5
375/375 [==============================] - 21s 56ms/step - loss: 0.1708 - sparse_categorical_accuracy: 0.9456 - val_loss: 0.1409 - val_sparse_categorical_accuracy: 0.9560
Epoch 3/5
375/375 [==============================] - 19s 51ms/step - loss: 0.1344 - sparse_categorical_accuracy: 0.9588 - val_loss: 0.1583 - val_sparse_categorical_accuracy: 0.9529
Epoch 4/5
375/375 [==============================] - 19s 51ms/step - loss: 0.1177 - sparse_categorical_accuracy: 0.9631 - val_loss: 0.1054 - val_sparse_categorical_accuracy: 0.9660
Epoch 5/5
375/375 [==============================] - 19s 51ms/step - loss: 0.1037 - sparse_categorical_accuracy: 0.9675 - val_loss: 0.0950 - val_sparse_categorical_accuracy: 0.9711
79/79 [==============================] - 1s 10ms/step - loss: 0.0432 - sparse_categorical_accuracy: 0.9860

EVALUATION LOG: EmployeeBee ID (1) -- Candidate (input|avg_pool3x3|sep5x5_64|sep5x5_128|sep5x5_32|output)

Epoch 1/5
375/375 [==============================] - 21s 55ms/step - loss: 0.6221 - sparse_categorical_accuracy: 0.7875 - val_loss: 0.2930 - val_sparse_categorical_accuracy: 0.9126
Epoch 2/5
375/375 [==============================] - 19s 50ms/step - loss: 0.2077 - sparse_categorical_accuracy: 0.9335 - val_loss: 0.1560 - val_sparse_categorical_accuracy: 0.9538
Epoch 3/5
375/375 [==============================] - 19s 51ms/step - loss: 0.1552 - sparse_categorical_accuracy: 0.9519 - val_loss: 0.1180 - val_sparse_categorical_accuracy: 0.9646
Epoch 4/5
375/375 [==============================] - 19s 50ms/step - loss: 0.1275 - sparse_categorical_accuracy: 0.9595 - val_loss: 0.1210 - val_sparse_categorical_accuracy: 0.9624
Epoch 5/5
375/375 [==============================] - 19s 50ms/step - loss: 0.1149 - sparse_categorical_accuracy: 0.9638 - val_loss: 0.1036 - val_sparse_categorical_accuracy: 0.9679
79/79 [==============================] - 1s 10ms/step - loss: 0.0666 - sparse_categorical_accuracy: 0.9763

EVALUATION LOG: EmployeeBee ID (2) -- Candidate (input|max_pool3x3|sep3x3_64|max_pool3x3|dropout|output)

Epoch 1/5
375/375 [==============================] - 20s 52ms/step - loss: 0.8163 - sparse_categorical_accuracy: 0.7685 - val_loss: 0.4650 - val_sparse_categorical_accuracy: 0.8565
Epoch 2/5
375/375 [==============================] - 18s 47ms/step - loss: 0.2458 - sparse_categorical_accuracy: 0.9220 - val_loss: 0.1809 - val_sparse_categorical_accuracy: 0.9442
Epoch 3/5
375/375 [==============================] - 18s 48ms/step - loss: 0.1896 - sparse_categorical_accuracy: 0.9389 - val_loss: 0.1568 - val_sparse_categorical_accuracy: 0.9522
Epoch 4/5
375/375 [==============================] - 18s 48ms/step - loss: 0.1605 - sparse_categorical_accuracy: 0.9496 - val_loss: 0.1246 - val_sparse_categorical_accuracy: 0.9605
Epoch 5/5
375/375 [==============================] - 18s 47ms/step - loss: 0.1425 - sparse_categorical_accuracy: 0.9559 - val_loss: 0.1199 - val_sparse_categorical_accuracy: 0.9635
79/79 [==============================] - 1s 8ms/step - loss: 0.0496 - sparse_categorical_accuracy: 0.9838

EVALUATION LOG: OnlookerBee ID (0) -- Candidate (input|sep5x5_128|sep3x3_64|max_pool3x3|dropout|output)

Epoch 1/5
375/375 [==============================] - 21s 55ms/step - loss: 0.4750 - sparse_categorical_accuracy: 0.8400 - val_loss: 0.1865 - val_sparse_categorical_accuracy: 0.9478
Epoch 2/5
375/375 [==============================] - 19s 51ms/step - loss: 0.1647 - sparse_categorical_accuracy: 0.9484 - val_loss: 0.1236 - val_sparse_categorical_accuracy: 0.9610
Epoch 3/5
375/375 [==============================] - 19s 51ms/step - loss: 0.1277 - sparse_categorical_accuracy: 0.9596 - val_loss: 0.1117 - val_sparse_categorical_accuracy: 0.9670
Epoch 4/5
375/375 [==============================] - 19s 51ms/step - loss: 0.1046 - sparse_categorical_accuracy: 0.9681 - val_loss: 0.0933 - val_sparse_categorical_accuracy: 0.9714
Epoch 5/5
375/375 [==============================] - 19s 51ms/step - loss: 0.0963 - sparse_categorical_accuracy: 0.9697 - val_loss: 0.0883 - val_sparse_categorical_accuracy: 0.9711
79/79 [==============================] - 1s 10ms/step - loss: 0.0496 - sparse_categorical_accuracy: 0.9833

EVALUATION LOG: OnlookerBee ID (1) -- Candidate (input|avg_pool3x3|dropout|sep5x5_128|sep5x5_32|output)

Epoch 1/5
375/375 [==============================] - 20s 53ms/step - loss: 0.5667 - sparse_categorical_accuracy: 0.8097 - val_loss: 0.2593 - val_sparse_categorical_accuracy: 0.9235
Epoch 2/5
375/375 [==============================] - 18s 49ms/step - loss: 0.2109 - sparse_categorical_accuracy: 0.9339 - val_loss: 0.1328 - val_sparse_categorical_accuracy: 0.9577
Epoch 3/5
375/375 [==============================] - 18s 49ms/step - loss: 0.1528 - sparse_categorical_accuracy: 0.9512 - val_loss: 0.1390 - val_sparse_categorical_accuracy: 0.9561
Epoch 4/5
375/375 [==============================] - 18s 48ms/step - loss: 0.1315 - sparse_categorical_accuracy: 0.9593 - val_loss: 0.1131 - val_sparse_categorical_accuracy: 0.9663
Epoch 5/5
375/375 [==============================] - 18s 48ms/step - loss: 0.1207 - sparse_categorical_accuracy: 0.9634 - val_loss: 0.1122 - val_sparse_categorical_accuracy: 0.9672
79/79 [==============================] - 1s 9ms/step - loss: 0.0583 - sparse_categorical_accuracy: 0.9801

EVALUATION LOG: OnlookerBee ID (2) -- Candidate (input|max_pool3x3|sep3x3_64|max_pool3x3|avg_pool3x3|output)

Epoch 1/5
375/375 [==============================] - 20s 51ms/step - loss: 1.0295 - sparse_categorical_accuracy: 0.7372 - val_loss: 0.5376 - val_sparse_categorical_accuracy: 0.8319
Epoch 2/5
375/375 [==============================] - 18s 47ms/step - loss: 0.2655 - sparse_categorical_accuracy: 0.9144 - val_loss: 0.1728 - val_sparse_categorical_accuracy: 0.9478
Epoch 3/5
375/375 [==============================] - 18s 47ms/step - loss: 0.1889 - sparse_categorical_accuracy: 0.9413 - val_loss: 0.1363 - val_sparse_categorical_accuracy: 0.9592
Epoch 4/5
375/375 [==============================] - 18s 47ms/step - loss: 0.1587 - sparse_categorical_accuracy: 0.9493 - val_loss: 0.1276 - val_sparse_categorical_accuracy: 0.9592
Epoch 5/5
375/375 [==============================] - 18s 47ms/step - loss: 0.1425 - sparse_categorical_accuracy: 0.9539 - val_loss: 0.1245 - val_sparse_categorical_accuracy: 0.9629
79/79 [==============================] - 1s 9ms/step - loss: 0.0615 - sparse_categorical_accuracy: 0.9784

EVALUATION LOG: OnlookerBee ID (3) -- Candidate (input|max_pool3x3|sep5x5_128|sep5x5_128|dropout|output)

Epoch 1/5
375/375 [==============================] - 27s 70ms/step - loss: 0.4956 - sparse_categorical_accuracy: 0.8328 - val_loss: 0.2769 - val_sparse_categorical_accuracy: 0.9180
Epoch 2/5
375/375 [==============================] - 25s 67ms/step - loss: 0.1691 - sparse_categorical_accuracy: 0.9470 - val_loss: 0.1238 - val_sparse_categorical_accuracy: 0.9607
Epoch 3/5
375/375 [==============================] - 25s 67ms/step - loss: 0.1269 - sparse_categorical_accuracy: 0.9593 - val_loss: 0.0983 - val_sparse_categorical_accuracy: 0.9681
Epoch 4/5
375/375 [==============================] - 25s 66ms/step - loss: 0.1077 - sparse_categorical_accuracy: 0.9666 - val_loss: 0.1222 - val_sparse_categorical_accuracy: 0.9615
Epoch 5/5
375/375 [==============================] - 26s 69ms/step - loss: 0.1040 - sparse_categorical_accuracy: 0.9670 - val_loss: 0.0988 - val_sparse_categorical_accuracy: 0.9712
79/79 [==============================] - 1s 14ms/step - loss: 0.0716 - sparse_categorical_accuracy: 0.9765
STATUS: itr: 0 -- Best fitness: 0.9860000014305115, Total time (s): 740.3422338962555

EVALUATION LOG: EmployeeBee ID (0) -- Candidate (input|max_pool3x3|sep3x3_64|sep3x3_64|dropout|output)

Epoch 1/5
375/375 [==============================] - 19s 50ms/step - loss: 0.4981 - sparse_categorical_accuracy: 0.8309 - val_loss: 0.5907 - val_sparse_categorical_accuracy: 0.8104
Epoch 2/5
375/375 [==============================] - 18s 49ms/step - loss: 0.1918 - sparse_categorical_accuracy: 0.9383 - val_loss: 0.1434 - val_sparse_categorical_accuracy: 0.9542
Epoch 3/5
375/375 [==============================] - 18s 49ms/step - loss: 0.1438 - sparse_categorical_accuracy: 0.9551 - val_loss: 0.1106 - val_sparse_categorical_accuracy: 0.9637
Epoch 4/5
375/375 [==============================] - 18s 49ms/step - loss: 0.1215 - sparse_categorical_accuracy: 0.9611 - val_loss: 0.1091 - val_sparse_categorical_accuracy: 0.9657
Epoch 5/5
375/375 [==============================] - 20s 52ms/step - loss: 0.1084 - sparse_categorical_accuracy: 0.9655 - val_loss: 0.1187 - val_sparse_categorical_accuracy: 0.9637
79/79 [==============================] - 1s 9ms/step - loss: 0.0798 - sparse_categorical_accuracy: 0.9760

EVALUATION LOG: EmployeeBee ID (1) -- Candidate (input|batch_norm|dropout|sep5x5_128|sep5x5_32|output)

Epoch 1/5
375/375 [==============================] - 19s 48ms/step - loss: 0.4850 - sparse_categorical_accuracy: 0.8377 - val_loss: 0.3011 - val_sparse_categorical_accuracy: 0.9158
Epoch 2/5
375/375 [==============================] - 18s 48ms/step - loss: 0.1800 - sparse_categorical_accuracy: 0.9436 - val_loss: 0.1783 - val_sparse_categorical_accuracy: 0.9450
Epoch 3/5
375/375 [==============================] - 18s 48ms/step - loss: 0.1392 - sparse_categorical_accuracy: 0.9559 - val_loss: 0.1292 - val_sparse_categorical_accuracy: 0.9636
Epoch 4/5
375/375 [==============================] - 18s 48ms/step - loss: 0.1210 - sparse_categorical_accuracy: 0.9625 - val_loss: 0.1233 - val_sparse_categorical_accuracy: 0.9624
Epoch 5/5
375/375 [==============================] - 19s 51ms/step - loss: 0.1099 - sparse_categorical_accuracy: 0.9645 - val_loss: 0.0955 - val_sparse_categorical_accuracy: 0.9700
79/79 [==============================] - 1s 9ms/step - loss: 0.0795 - sparse_categorical_accuracy: 0.9760

EVALUATION LOG: EmployeeBee ID (2) -- Candidate (input|sep5x5_128|sep5x5_32|batch_norm|sep5x5_32|output)

Epoch 1/5
375/375 [==============================] - 19s 50ms/step - loss: 0.4191 - sparse_categorical_accuracy: 0.8606 - val_loss: 1.7370 - val_sparse_categorical_accuracy: 0.8405
Epoch 2/5
375/375 [==============================] - 18s 49ms/step - loss: 0.1710 - sparse_categorical_accuracy: 0.9458 - val_loss: 0.1694 - val_sparse_categorical_accuracy: 0.9459
Epoch 3/5
375/375 [==============================] - 18s 49ms/step - loss: 0.1307 - sparse_categorical_accuracy: 0.9599 - val_loss: 0.1418 - val_sparse_categorical_accuracy: 0.9567
Epoch 4/5
375/375 [==============================] - 18s 49ms/step - loss: 0.1208 - sparse_categorical_accuracy: 0.9623 - val_loss: 0.1329 - val_sparse_categorical_accuracy: 0.9609
Epoch 5/5
375/375 [==============================] - 20s 52ms/step - loss: 0.1083 - sparse_categorical_accuracy: 0.9664 - val_loss: 0.1079 - val_sparse_categorical_accuracy: 0.9662
79/79 [==============================] - 1s 10ms/step - loss: 0.0952 - sparse_categorical_accuracy: 0.9705

EVALUATION LOG: OnlookerBee ID (0) -- Candidate (input|max_pool3x3|sep5x5_128|avg_pool3x3|dropout|output)

Epoch 1/5
375/375 [==============================] - 22s 57ms/step - loss: 0.7836 - sparse_categorical_accuracy: 0.7810 - val_loss: 0.3249 - val_sparse_categorical_accuracy: 0.9068
Epoch 2/5
375/375 [==============================] - 21s 56ms/step - loss: 0.2362 - sparse_categorical_accuracy: 0.9254 - val_loss: 0.2276 - val_sparse_categorical_accuracy: 0.9320
Epoch 3/5
375/375 [==============================] - 21s 57ms/step - loss: 0.1716 - sparse_categorical_accuracy: 0.9464 - val_loss: 0.1346 - val_sparse_categorical_accuracy: 0.9592
Epoch 4/5
375/375 [==============================] - 21s 56ms/step - loss: 0.1529 - sparse_categorical_accuracy: 0.9517 - val_loss: 0.1192 - val_sparse_categorical_accuracy: 0.9622
Epoch 5/5
375/375 [==============================] - 22s 59ms/step - loss: 0.1294 - sparse_categorical_accuracy: 0.9599 - val_loss: 0.1086 - val_sparse_categorical_accuracy: 0.9655
79/79 [==============================] - 1s 12ms/step - loss: 0.0556 - sparse_categorical_accuracy: 0.9823

EVALUATION LOG: OnlookerBee ID (1) -- Candidate (input|sep5x5_128|sep5x5_32|sep3x3_128|sep5x5_32|output)

Epoch 1/5
375/375 [==============================] - 21s 53ms/step - loss: 0.8327 - sparse_categorical_accuracy: 0.7088 - val_loss: 0.3742 - val_sparse_categorical_accuracy: 0.8917
Epoch 2/5
375/375 [==============================] - 20s 53ms/step - loss: 0.2404 - sparse_categorical_accuracy: 0.9251 - val_loss: 0.1718 - val_sparse_categorical_accuracy: 0.9481
Epoch 3/5
375/375 [==============================] - 20s 53ms/step - loss: 0.1641 - sparse_categorical_accuracy: 0.9485 - val_loss: 0.1306 - val_sparse_categorical_accuracy: 0.9587
Epoch 4/5
375/375 [==============================] - 21s 56ms/step - loss: 0.1410 - sparse_categorical_accuracy: 0.9555 - val_loss: 0.1251 - val_sparse_categorical_accuracy: 0.9613
Epoch 5/5
375/375 [==============================] - 20s 53ms/step - loss: 0.1183 - sparse_categorical_accuracy: 0.9631 - val_loss: 0.1192 - val_sparse_categorical_accuracy: 0.9628
79/79 [==============================] - 1s 11ms/step - loss: 0.0602 - sparse_categorical_accuracy: 0.9783

EVALUATION LOG: OnlookerBee ID (2) -- Candidate (input|avg_pool3x3|dropout|sep3x3_128|sep5x5_32|output)

Epoch 1/5
375/375 [==============================] - 19s 49ms/step - loss: 0.5697 - sparse_categorical_accuracy: 0.8063 - val_loss: 0.2362 - val_sparse_categorical_accuracy: 0.9283
Epoch 2/5
375/375 [==============================] - 18s 48ms/step - loss: 0.2096 - sparse_categorical_accuracy: 0.9331 - val_loss: 0.1605 - val_sparse_categorical_accuracy: 0.9502
Epoch 3/5
375/375 [==============================] - 18s 48ms/step - loss: 0.1620 - sparse_categorical_accuracy: 0.9495 - val_loss: 0.1598 - val_sparse_categorical_accuracy: 0.9511
Epoch 4/5
375/375 [==============================] - 19s 51ms/step - loss: 0.1386 - sparse_categorical_accuracy: 0.9578 - val_loss: 0.1271 - val_sparse_categorical_accuracy: 0.9597
Epoch 5/5
375/375 [==============================] - 18s 48ms/step - loss: 0.1186 - sparse_categorical_accuracy: 0.9625 - val_loss: 0.1193 - val_sparse_categorical_accuracy: 0.9621
79/79 [==============================] - 1s 9ms/step - loss: 0.0652 - sparse_categorical_accuracy: 0.9799

EVALUATION LOG: OnlookerBee ID (3) -- Candidate (input|sep3x3_64|sep5x5_32|sep3x3_128|sep5x5_32|output)

Epoch 1/5
375/375 [==============================] - 20s 51ms/step - loss: 0.7167 - sparse_categorical_accuracy: 0.7537 - val_loss: 0.3161 - val_sparse_categorical_accuracy: 0.8997
Epoch 2/5
375/375 [==============================] - 19s 51ms/step - loss: 0.2413 - sparse_categorical_accuracy: 0.9250 - val_loss: 0.1784 - val_sparse_categorical_accuracy: 0.9461
Epoch 3/5
375/375 [==============================] - 19s 51ms/step - loss: 0.1751 - sparse_categorical_accuracy: 0.9437 - val_loss: 0.1541 - val_sparse_categorical_accuracy: 0.9517
Epoch 4/5
375/375 [==============================] - 20s 54ms/step - loss: 0.1448 - sparse_categorical_accuracy: 0.9546 - val_loss: 0.1244 - val_sparse_categorical_accuracy: 0.9612
Epoch 5/5
375/375 [==============================] - 19s 50ms/step - loss: 0.1282 - sparse_categorical_accuracy: 0.9603 - val_loss: 0.1132 - val_sparse_categorical_accuracy: 0.9634
79/79 [==============================] - 1s 11ms/step - loss: 0.0541 - sparse_categorical_accuracy: 0.9821
STATUS: itr: 1 -- Best fitness: 0.9860000014305115, Total time (s): 1453.254851102829

EVALUATION LOG: EmployeeBee ID (0) -- Candidate (input|dropout|sep5x5_64|max_pool3x3|batch_norm|output)

Epoch 1/5
375/375 [==============================] - 19s 49ms/step - loss: 1.2373 - sparse_categorical_accuracy: 0.7838 - val_loss: 7.8640 - val_sparse_categorical_accuracy: 0.1563
Epoch 2/5
375/375 [==============================] - 18s 47ms/step - loss: 0.3304 - sparse_categorical_accuracy: 0.8989 - val_loss: 2.7381 - val_sparse_categorical_accuracy: 0.5832
Epoch 3/5
375/375 [==============================] - 18s 48ms/step - loss: 0.2490 - sparse_categorical_accuracy: 0.9234 - val_loss: 0.6393 - val_sparse_categorical_accuracy: 0.8476
Epoch 4/5
375/375 [==============================] - 19s 51ms/step - loss: 0.2169 - sparse_categorical_accuracy: 0.9346 - val_loss: 0.5724 - val_sparse_categorical_accuracy: 0.8461
Epoch 5/5
375/375 [==============================] - 18s 48ms/step - loss: 0.1883 - sparse_categorical_accuracy: 0.9431 - val_loss: 0.5762 - val_sparse_categorical_accuracy: 0.8572
79/79 [==============================] - 1s 9ms/step - loss: 0.1408 - sparse_categorical_accuracy: 0.9560

EVALUATION LOG: EmployeeBee ID (1) -- Candidate (input|batch_norm|sep3x3_128|sep3x3_32|sep3x3_64|output)

Epoch 1/5
375/375 [==============================] - 20s 51ms/step - loss: 0.5626 - sparse_categorical_accuracy: 0.8091 - val_loss: 0.3540 - val_sparse_categorical_accuracy: 0.8866
Epoch 2/5
375/375 [==============================] - 19s 50ms/step - loss: 0.2007 - sparse_categorical_accuracy: 0.9360 - val_loss: 0.1420 - val_sparse_categorical_accuracy: 0.9560
Epoch 3/5
375/375 [==============================] - 19s 50ms/step - loss: 0.1468 - sparse_categorical_accuracy: 0.9530 - val_loss: 0.1147 - val_sparse_categorical_accuracy: 0.9645
Epoch 4/5
375/375 [==============================] - 20s 54ms/step - loss: 0.1242 - sparse_categorical_accuracy: 0.9597 - val_loss: 0.1001 - val_sparse_categorical_accuracy: 0.9688
Epoch 5/5
375/375 [==============================] - 19s 50ms/step - loss: 0.1075 - sparse_categorical_accuracy: 0.9665 - val_loss: 0.0972 - val_sparse_categorical_accuracy: 0.9706
79/79 [==============================] - 1s 10ms/step - loss: 0.0551 - sparse_categorical_accuracy: 0.9806

EVALUATION LOG: EmployeeBee ID (2) -- Candidate (input|dropout|sep5x5_64|sep5x5_128|max_pool3x3|output)

Epoch 1/5
375/375 [==============================] - 23s 61ms/step - loss: 0.5873 - sparse_categorical_accuracy: 0.8031 - val_loss: 0.2373 - val_sparse_categorical_accuracy: 0.9325
Epoch 2/5
375/375 [==============================] - 23s 60ms/step - loss: 0.1822 - sparse_categorical_accuracy: 0.9427 - val_loss: 0.1391 - val_sparse_categorical_accuracy: 0.9589
Epoch 3/5
375/375 [==============================] - 23s 62ms/step - loss: 0.1381 - sparse_categorical_accuracy: 0.9568 - val_loss: 0.1145 - val_sparse_categorical_accuracy: 0.9658
Epoch 4/5
375/375 [==============================] - 22s 60ms/step - loss: 0.1160 - sparse_categorical_accuracy: 0.9634 - val_loss: 0.1075 - val_sparse_categorical_accuracy: 0.9673
Epoch 5/5
375/375 [==============================] - 22s 60ms/step - loss: 0.1044 - sparse_categorical_accuracy: 0.9678 - val_loss: 0.0937 - val_sparse_categorical_accuracy: 0.9721
79/79 [==============================] - 1s 13ms/step - loss: 0.0417 - sparse_categorical_accuracy: 0.9861

EVALUATION LOG: OnlookerBee ID (0) -- Candidate (input|batch_norm|sep3x3_128|sep3x3_32|sep5x5_32|output)

Epoch 1/5
375/375 [==============================] - 19s 48ms/step - loss: 0.5758 - sparse_categorical_accuracy: 0.8040 - val_loss: 0.3815 - val_sparse_categorical_accuracy: 0.8918
Epoch 2/5
375/375 [==============================] - 19s 51ms/step - loss: 0.2021 - sparse_categorical_accuracy: 0.9363 - val_loss: 0.1581 - val_sparse_categorical_accuracy: 0.9495
Epoch 3/5
375/375 [==============================] - 18s 48ms/step - loss: 0.1476 - sparse_categorical_accuracy: 0.9531 - val_loss: 0.1142 - val_sparse_categorical_accuracy: 0.9645
Epoch 4/5
375/375 [==============================] - 18s 47ms/step - loss: 0.1258 - sparse_categorical_accuracy: 0.9615 - val_loss: 0.1180 - val_sparse_categorical_accuracy: 0.9622
Epoch 5/5
375/375 [==============================] - 18s 47ms/step - loss: 0.1119 - sparse_categorical_accuracy: 0.9649 - val_loss: 0.1053 - val_sparse_categorical_accuracy: 0.9684
79/79 [==============================] - 1s 9ms/step - loss: 0.0570 - sparse_categorical_accuracy: 0.9816

EVALUATION LOG: OnlookerBee ID (1) -- Candidate (input|batch_norm|sep3x3_128|sep5x5_64|sep5x5_32|output)

Epoch 1/5
375/375 [==============================] - 19s 50ms/step - loss: 0.5762 - sparse_categorical_accuracy: 0.8043 - val_loss: 0.2595 - val_sparse_categorical_accuracy: 0.9247
Epoch 2/5
375/375 [==============================] - 20s 54ms/step - loss: 0.1872 - sparse_categorical_accuracy: 0.9413 - val_loss: 0.1375 - val_sparse_categorical_accuracy: 0.9567
Epoch 3/5
375/375 [==============================] - 19s 50ms/step - loss: 0.1437 - sparse_categorical_accuracy: 0.9549 - val_loss: 0.1298 - val_sparse_categorical_accuracy: 0.9596
Epoch 4/5
375/375 [==============================] - 19s 49ms/step - loss: 0.1220 - sparse_categorical_accuracy: 0.9620 - val_loss: 0.1159 - val_sparse_categorical_accuracy: 0.9641
Epoch 5/5
375/375 [==============================] - 18s 49ms/step - loss: 0.1108 - sparse_categorical_accuracy: 0.9650 - val_loss: 0.0964 - val_sparse_categorical_accuracy: 0.9712
79/79 [==============================] - 1s 10ms/step - loss: 0.0606 - sparse_categorical_accuracy: 0.9802

EVALUATION LOG: OnlookerBee ID (2) -- Candidate (input|batch_norm|sep3x3_128|sep5x5_64|sep5x5_32|output)

Epoch 1/5
375/375 [==============================] - 20s 51ms/step - loss: 0.5509 - sparse_categorical_accuracy: 0.8136 - val_loss: 0.2570 - val_sparse_categorical_accuracy: 0.9255
Epoch 2/5
375/375 [==============================] - 20s 53ms/step - loss: 0.1868 - sparse_categorical_accuracy: 0.9418 - val_loss: 0.1484 - val_sparse_categorical_accuracy: 0.9517
Epoch 3/5
375/375 [==============================] - 19s 50ms/step - loss: 0.1344 - sparse_categorical_accuracy: 0.9574 - val_loss: 0.1136 - val_sparse_categorical_accuracy: 0.9647
Epoch 4/5
375/375 [==============================] - 19s 49ms/step - loss: 0.1183 - sparse_categorical_accuracy: 0.9630 - val_loss: 0.1047 - val_sparse_categorical_accuracy: 0.9672
Epoch 5/5
375/375 [==============================] - 19s 49ms/step - loss: 0.1056 - sparse_categorical_accuracy: 0.9663 - val_loss: 0.0962 - val_sparse_categorical_accuracy: 0.9699
79/79 [==============================] - 1s 10ms/step - loss: 0.0537 - sparse_categorical_accuracy: 0.9823

EVALUATION LOG: OnlookerBee ID (3) -- Candidate (input|batch_norm|sep3x3_32|sep5x5_64|sep5x5_32|output)

Epoch 1/5
375/375 [==============================] - 18s 47ms/step - loss: 0.5487 - sparse_categorical_accuracy: 0.8163 - val_loss: 0.2617 - val_sparse_categorical_accuracy: 0.9268
Epoch 2/5
375/375 [==============================] - 17s 47ms/step - loss: 0.1916 - sparse_categorical_accuracy: 0.9381 - val_loss: 0.1450 - val_sparse_categorical_accuracy: 0.9561
Epoch 3/5
375/375 [==============================] - 19s 50ms/step - loss: 0.1419 - sparse_categorical_accuracy: 0.9553 - val_loss: 0.1095 - val_sparse_categorical_accuracy: 0.9655
Epoch 4/5
375/375 [==============================] - 17s 46ms/step - loss: 0.1227 - sparse_categorical_accuracy: 0.9615 - val_loss: 0.1049 - val_sparse_categorical_accuracy: 0.9693
Epoch 5/5
375/375 [==============================] - 17s 47ms/step - loss: 0.1131 - sparse_categorical_accuracy: 0.9644 - val_loss: 0.1188 - val_sparse_categorical_accuracy: 0.9627
79/79 [==============================] - 1s 8ms/step - loss: 0.0626 - sparse_categorical_accuracy: 0.9802
STATUS: itr: 2 -- Best fitness: 0.9861000180244446, Total time (s): 2167.393734693527

EVALUATION LOG: EmployeeBee ID (0) -- Candidate (input|dropout|sep5x5_64|sep5x5_128|batch_norm|output)

Epoch 1/5
375/375 [==============================] - 24s 62ms/step - loss: 0.5636 - sparse_categorical_accuracy: 0.8308 - val_loss: 1.6941 - val_sparse_categorical_accuracy: 0.5080
Epoch 2/5
375/375 [==============================] - 24s 64ms/step - loss: 0.1983 - sparse_categorical_accuracy: 0.9376 - val_loss: 0.1839 - val_sparse_categorical_accuracy: 0.9409
Epoch 3/5
375/375 [==============================] - 23s 61ms/step - loss: 0.1602 - sparse_categorical_accuracy: 0.9499 - val_loss: 0.1993 - val_sparse_categorical_accuracy: 0.9400
Epoch 4/5
375/375 [==============================] - 23s 61ms/step - loss: 0.1390 - sparse_categorical_accuracy: 0.9565 - val_loss: 0.1347 - val_sparse_categorical_accuracy: 0.9613
Epoch 5/5
375/375 [==============================] - 23s 61ms/step - loss: 0.1294 - sparse_categorical_accuracy: 0.9596 - val_loss: 0.1428 - val_sparse_categorical_accuracy: 0.9591
79/79 [==============================] - 1s 13ms/step - loss: 0.0586 - sparse_categorical_accuracy: 0.9808

EVALUATION LOG: EmployeeBee ID (1) -- Candidate (input|sep3x3_128|sep3x3_32|sep3x3_32|max_pool3x3|output)

Epoch 1/5
375/375 [==============================] - 20s 52ms/step - loss: 0.5616 - sparse_categorical_accuracy: 0.8102 - val_loss: 0.2563 - val_sparse_categorical_accuracy: 0.9263
Epoch 2/5
375/375 [==============================] - 18s 48ms/step - loss: 0.1861 - sparse_categorical_accuracy: 0.9411 - val_loss: 0.1517 - val_sparse_categorical_accuracy: 0.9523
Epoch 3/5
375/375 [==============================] - 18s 47ms/step - loss: 0.1392 - sparse_categorical_accuracy: 0.9553 - val_loss: 0.1261 - val_sparse_categorical_accuracy: 0.9612
Epoch 4/5
375/375 [==============================] - 18s 47ms/step - loss: 0.1209 - sparse_categorical_accuracy: 0.9621 - val_loss: 0.0963 - val_sparse_categorical_accuracy: 0.9699
Epoch 5/5
375/375 [==============================] - 18s 47ms/step - loss: 0.1066 - sparse_categorical_accuracy: 0.9655 - val_loss: 0.0976 - val_sparse_categorical_accuracy: 0.9690
79/79 [==============================] - 1s 9ms/step - loss: 0.0544 - sparse_categorical_accuracy: 0.9831

EVALUATION LOG: EmployeeBee ID (2) -- Candidate (input|sep3x3_32|sep5x5_64|sep5x5_128|max_pool3x3|output)

Epoch 1/5
375/375 [==============================] - 25s 65ms/step - loss: 0.4919 - sparse_categorical_accuracy: 0.8344 - val_loss: 0.2187 - val_sparse_categorical_accuracy: 0.9386
Epoch 2/5
375/375 [==============================] - 23s 63ms/step - loss: 0.1554 - sparse_categorical_accuracy: 0.9506 - val_loss: 0.1302 - val_sparse_categorical_accuracy: 0.9592
Epoch 3/5
375/375 [==============================] - 23s 62ms/step - loss: 0.1167 - sparse_categorical_accuracy: 0.9635 - val_loss: 0.1000 - val_sparse_categorical_accuracy: 0.9678
Epoch 4/5
375/375 [==============================] - 23s 62ms/step - loss: 0.1056 - sparse_categorical_accuracy: 0.9668 - val_loss: 0.0949 - val_sparse_categorical_accuracy: 0.9713
Epoch 5/5
375/375 [==============================] - 24s 64ms/step - loss: 0.0945 - sparse_categorical_accuracy: 0.9699 - val_loss: 0.0903 - val_sparse_categorical_accuracy: 0.9736
79/79 [==============================] - 1s 13ms/step - loss: 0.0447 - sparse_categorical_accuracy: 0.9869

EVALUATION LOG: OnlookerBee ID (0) -- Candidate (input|sep3x3_128|sep3x3_32|sep5x5_32|max_pool3x3|output)

Epoch 1/5
375/375 [==============================] - 19s 48ms/step - loss: 0.5662 - sparse_categorical_accuracy: 0.8088 - val_loss: 0.2462 - val_sparse_categorical_accuracy: 0.9301
Epoch 2/5
375/375 [==============================] - 18s 48ms/step - loss: 0.1844 - sparse_categorical_accuracy: 0.9421 - val_loss: 0.1433 - val_sparse_categorical_accuracy: 0.9538
Epoch 3/5
375/375 [==============================] - 18s 48ms/step - loss: 0.1314 - sparse_categorical_accuracy: 0.9576 - val_loss: 0.1196 - val_sparse_categorical_accuracy: 0.9623
Epoch 4/5
375/375 [==============================] - 18s 48ms/step - loss: 0.1191 - sparse_categorical_accuracy: 0.9631 - val_loss: 0.1077 - val_sparse_categorical_accuracy: 0.9678
Epoch 5/5
375/375 [==============================] - 19s 51ms/step - loss: 0.1056 - sparse_categorical_accuracy: 0.9669 - val_loss: 0.0970 - val_sparse_categorical_accuracy: 0.9694
79/79 [==============================] - 1s 9ms/step - loss: 0.0454 - sparse_categorical_accuracy: 0.9848

EVALUATION LOG: OnlookerBee ID (1) -- Candidate (input|dropout|sep5x5_64|dropout|batch_norm|output)

Epoch 1/5
375/375 [==============================] - 19s 49ms/step - loss: 0.7975 - sparse_categorical_accuracy: 0.7853 - val_loss: 0.8282 - val_sparse_categorical_accuracy: 0.7375
Epoch 2/5
375/375 [==============================] - 18s 48ms/step - loss: 0.3053 - sparse_categorical_accuracy: 0.9048 - val_loss: 0.2207 - val_sparse_categorical_accuracy: 0.9351
Epoch 3/5
375/375 [==============================] - 18s 48ms/step - loss: 0.2410 - sparse_categorical_accuracy: 0.9251 - val_loss: 0.1828 - val_sparse_categorical_accuracy: 0.9442
Epoch 4/5
375/375 [==============================] - 18s 48ms/step - loss: 0.2010 - sparse_categorical_accuracy: 0.9383 - val_loss: 0.1951 - val_sparse_categorical_accuracy: 0.9418
Epoch 5/5
375/375 [==============================] - 18s 49ms/step - loss: 0.1791 - sparse_categorical_accuracy: 0.9447 - val_loss: 0.2072 - val_sparse_categorical_accuracy: 0.9384
79/79 [==============================] - 1s 9ms/step - loss: 0.0930 - sparse_categorical_accuracy: 0.9694

EVALUATION LOG: OnlookerBee ID (2) -- Candidate (input|sep3x3_32|max_pool3x3|sep5x5_128|max_pool3x3|output)

Epoch 1/5
375/375 [==============================] - 22s 57ms/step - loss: 0.5826 - sparse_categorical_accuracy: 0.8068 - val_loss: 0.2374 - val_sparse_categorical_accuracy: 0.9309
Epoch 2/5
375/375 [==============================] - 21s 56ms/step - loss: 0.1703 - sparse_categorical_accuracy: 0.9467 - val_loss: 0.1311 - val_sparse_categorical_accuracy: 0.9607
Epoch 3/5
375/375 [==============================] - 21s 56ms/step - loss: 0.1328 - sparse_categorical_accuracy: 0.9577 - val_loss: 0.1015 - val_sparse_categorical_accuracy: 0.9681
Epoch 4/5
375/375 [==============================] - 21s 55ms/step - loss: 0.1135 - sparse_categorical_accuracy: 0.9632 - val_loss: 0.0941 - val_sparse_categorical_accuracy: 0.9703
Epoch 5/5
375/375 [==============================] - 22s 59ms/step - loss: 0.1000 - sparse_categorical_accuracy: 0.9680 - val_loss: 0.0894 - val_sparse_categorical_accuracy: 0.9727
79/79 [==============================] - 1s 12ms/step - loss: 0.0440 - sparse_categorical_accuracy: 0.9855
STATUS: itr: 3 -- Best fitness: 0.9868999719619751, Total time (s): 2840.512523174286

EVALUATION LOG: EmployeeBee ID (0) -- Candidate (input|batch_norm|sep3x3_64|sep5x5_64|sep5x5_32|output)

Epoch 1/5
375/375 [==============================] - 19s 48ms/step - loss: 0.5619 - sparse_categorical_accuracy: 0.8119 - val_loss: 0.5587 - val_sparse_categorical_accuracy: 0.8084
Epoch 2/5
375/375 [==============================] - 18s 48ms/step - loss: 0.1904 - sparse_categorical_accuracy: 0.9406 - val_loss: 0.1464 - val_sparse_categorical_accuracy: 0.9539
Epoch 3/5
375/375 [==============================] - 18s 48ms/step - loss: 0.1527 - sparse_categorical_accuracy: 0.9527 - val_loss: 0.1205 - val_sparse_categorical_accuracy: 0.9633
Epoch 4/5
375/375 [==============================] - 19s 51ms/step - loss: 0.1234 - sparse_categorical_accuracy: 0.9607 - val_loss: 0.1221 - val_sparse_categorical_accuracy: 0.9620
Epoch 5/5
375/375 [==============================] - 18s 48ms/step - loss: 0.1113 - sparse_categorical_accuracy: 0.9648 - val_loss: 0.1032 - val_sparse_categorical_accuracy: 0.9672
79/79 [==============================] - 1s 9ms/step - loss: 0.0587 - sparse_categorical_accuracy: 0.9814

EVALUATION LOG: EmployeeBee ID (1) -- Candidate (input|sep3x3_128|sep3x3_32|sep3x3_64|max_pool3x3|output)

Epoch 1/5
375/375 [==============================] - 20s 53ms/step - loss: 0.5857 - sparse_categorical_accuracy: 0.8004 - val_loss: 0.2494 - val_sparse_categorical_accuracy: 0.9258
Epoch 2/5
375/375 [==============================] - 19s 51ms/step - loss: 0.1979 - sparse_categorical_accuracy: 0.9368 - val_loss: 0.1648 - val_sparse_categorical_accuracy: 0.9474
Epoch 3/5
375/375 [==============================] - 19s 51ms/step - loss: 0.1430 - sparse_categorical_accuracy: 0.9559 - val_loss: 0.1092 - val_sparse_categorical_accuracy: 0.9658
Epoch 4/5
375/375 [==============================] - 20s 54ms/step - loss: 0.1193 - sparse_categorical_accuracy: 0.9632 - val_loss: 0.1036 - val_sparse_categorical_accuracy: 0.9683
Epoch 5/5
375/375 [==============================] - 19s 51ms/step - loss: 0.1064 - sparse_categorical_accuracy: 0.9662 - val_loss: 0.0864 - val_sparse_categorical_accuracy: 0.9743
79/79 [==============================] - 1s 11ms/step - loss: 0.0456 - sparse_categorical_accuracy: 0.9845

EVALUATION LOG: EmployeeBee ID (2) -- Candidate (input|max_pool3x3|sep3x3_32|sep5x5_32|sep5x5_128|output)

Epoch 1/5
375/375 [==============================] - 22s 58ms/step - loss: 0.5076 - sparse_categorical_accuracy: 0.8309 - val_loss: 0.3765 - val_sparse_categorical_accuracy: 0.8879
Epoch 2/5
375/375 [==============================] - 24s 63ms/step - loss: 0.1811 - sparse_categorical_accuracy: 0.9431 - val_loss: 0.1501 - val_sparse_categorical_accuracy: 0.9523
Epoch 3/5
375/375 [==============================] - 21s 57ms/step - loss: 0.1412 - sparse_categorical_accuracy: 0.9564 - val_loss: 0.1227 - val_sparse_categorical_accuracy: 0.9618
Epoch 4/5
375/375 [==============================] - 23s 60ms/step - loss: 0.1195 - sparse_categorical_accuracy: 0.9622 - val_loss: 0.1072 - val_sparse_categorical_accuracy: 0.9657
Epoch 5/5
375/375 [==============================] - 21s 57ms/step - loss: 0.1049 - sparse_categorical_accuracy: 0.9668 - val_loss: 0.1080 - val_sparse_categorical_accuracy: 0.9693
79/79 [==============================] - 1s 12ms/step - loss: 0.0629 - sparse_categorical_accuracy: 0.9795

EVALUATION LOG: OnlookerBee ID (0) -- Candidate (input|sep3x3_128|sep3x3_32|sep5x5_64|max_pool3x3|output)

Epoch 1/5
375/375 [==============================] - 20s 52ms/step - loss: 0.5489 - sparse_categorical_accuracy: 0.8130 - val_loss: 0.2756 - val_sparse_categorical_accuracy: 0.9230
Epoch 2/5
375/375 [==============================] - 19s 51ms/step - loss: 0.1730 - sparse_categorical_accuracy: 0.9452 - val_loss: 0.1263 - val_sparse_categorical_accuracy: 0.9611
Epoch 3/5
375/375 [==============================] - 19s 51ms/step - loss: 0.1250 - sparse_categorical_accuracy: 0.9601 - val_loss: 0.1395 - val_sparse_categorical_accuracy: 0.9576
Epoch 4/5
375/375 [==============================] - 21s 55ms/step - loss: 0.1103 - sparse_categorical_accuracy: 0.9649 - val_loss: 0.0937 - val_sparse_categorical_accuracy: 0.9709
Epoch 5/5
375/375 [==============================] - 19s 51ms/step - loss: 0.0993 - sparse_categorical_accuracy: 0.9686 - val_loss: 0.0927 - val_sparse_categorical_accuracy: 0.9710
79/79 [==============================] - 1s 10ms/step - loss: 0.0421 - sparse_categorical_accuracy: 0.9859

EVALUATION LOG: OnlookerBee ID (1) -- Candidate (input|sep3x3_32|sep3x3_64|sep5x5_64|sep5x5_32|output)

Epoch 1/5
375/375 [==============================] - 19s 49ms/step - loss: 0.8136 - sparse_categorical_accuracy: 0.7156 - val_loss: 0.3300 - val_sparse_categorical_accuracy: 0.9006
Epoch 2/5
375/375 [==============================] - 18s 48ms/step - loss: 0.2359 - sparse_categorical_accuracy: 0.9266 - val_loss: 0.1627 - val_sparse_categorical_accuracy: 0.9496
Epoch 3/5
375/375 [==============================] - 18s 49ms/step - loss: 0.1697 - sparse_categorical_accuracy: 0.9484 - val_loss: 0.1203 - val_sparse_categorical_accuracy: 0.9639
Epoch 4/5
375/375 [==============================] - 19s 52ms/step - loss: 0.1343 - sparse_categorical_accuracy: 0.9575 - val_loss: 0.1277 - val_sparse_categorical_accuracy: 0.9601
Epoch 5/5
375/375 [==============================] - 18s 48ms/step - loss: 0.1189 - sparse_categorical_accuracy: 0.9625 - val_loss: 0.1099 - val_sparse_categorical_accuracy: 0.9647
79/79 [==============================] - 1s 9ms/step - loss: 0.0586 - sparse_categorical_accuracy: 0.9809

EVALUATION LOG: OnlookerBee ID (2) -- Candidate (input|batch_norm|sep5x5_128|sep5x5_64|sep5x5_32|output)

Epoch 1/5
375/375 [==============================] - 20s 51ms/step - loss: 0.5528 - sparse_categorical_accuracy: 0.8132 - val_loss: 0.3314 - val_sparse_categorical_accuracy: 0.9088
Epoch 2/5
375/375 [==============================] - 19s 50ms/step - loss: 0.1796 - sparse_categorical_accuracy: 0.9437 - val_loss: 0.1725 - val_sparse_categorical_accuracy: 0.9470
Epoch 3/5
375/375 [==============================] - 19s 50ms/step - loss: 0.1337 - sparse_categorical_accuracy: 0.9575 - val_loss: 0.1184 - val_sparse_categorical_accuracy: 0.9638
Epoch 4/5
375/375 [==============================] - 21s 55ms/step - loss: 0.1171 - sparse_categorical_accuracy: 0.9628 - val_loss: 0.1001 - val_sparse_categorical_accuracy: 0.9685
Epoch 5/5
375/375 [==============================] - 19s 51ms/step - loss: 0.1045 - sparse_categorical_accuracy: 0.9664 - val_loss: 0.0976 - val_sparse_categorical_accuracy: 0.9697
79/79 [==============================] - 1s 10ms/step - loss: 0.0609 - sparse_categorical_accuracy: 0.9810

EVALUATION LOG: OnlookerBee ID (3) -- Candidate (input|sep3x3_128|sep3x3_32|sep5x5_64|dropout|output)

Epoch 1/5
375/375 [==============================] - 20s 53ms/step - loss: 0.6187 - sparse_categorical_accuracy: 0.7897 - val_loss: 0.2924 - val_sparse_categorical_accuracy: 0.9190
Epoch 2/5
375/375 [==============================] - 19s 52ms/step - loss: 0.2131 - sparse_categorical_accuracy: 0.9326 - val_loss: 0.1504 - val_sparse_categorical_accuracy: 0.9542
Epoch 3/5
375/375 [==============================] - 20s 52ms/step - loss: 0.1524 - sparse_categorical_accuracy: 0.9511 - val_loss: 0.1168 - val_sparse_categorical_accuracy: 0.9653
Epoch 4/5
375/375 [==============================] - 21s 55ms/step - loss: 0.1257 - sparse_categorical_accuracy: 0.9604 - val_loss: 0.1127 - val_sparse_categorical_accuracy: 0.9651
Epoch 5/5
375/375 [==============================] - 20s 52ms/step - loss: 0.1168 - sparse_categorical_accuracy: 0.9632 - val_loss: 0.1018 - val_sparse_categorical_accuracy: 0.9690
79/79 [==============================] - 1s 10ms/step - loss: 0.0510 - sparse_categorical_accuracy: 0.9834
STATUS: itr: 4 -- Best fitness: 0.9868999719619751, Total time (s): 3548.6375031471252

EVALUATION LOG: EmployeeBee ID (0) -- Candidate (input|batch_norm|sep5x5_64|dropout|dropout|output)

Epoch 1/5
375/375 [==============================] - 19s 50ms/step - loss: 0.7256 - sparse_categorical_accuracy: 0.7715 - val_loss: 0.4258 - val_sparse_categorical_accuracy: 0.8682
Epoch 2/5
375/375 [==============================] - 19s 50ms/step - loss: 0.2696 - sparse_categorical_accuracy: 0.9153 - val_loss: 0.1866 - val_sparse_categorical_accuracy: 0.9427
Epoch 3/5
375/375 [==============================] - 19s 49ms/step - loss: 0.1984 - sparse_categorical_accuracy: 0.9379 - val_loss: 0.1527 - val_sparse_categorical_accuracy: 0.9505
Epoch 4/5
375/375 [==============================] - 20s 53ms/step - loss: 0.1717 - sparse_categorical_accuracy: 0.9457 - val_loss: 0.1432 - val_sparse_categorical_accuracy: 0.9570
Epoch 5/5
375/375 [==============================] - 18s 49ms/step - loss: 0.1486 - sparse_categorical_accuracy: 0.9527 - val_loss: 0.1183 - val_sparse_categorical_accuracy: 0.9619
79/79 [==============================] - 1s 8ms/step - loss: 0.0586 - sparse_categorical_accuracy: 0.9805

EVALUATION LOG: EmployeeBee ID (1) -- Candidate (input|dropout|sep5x5_128|avg_pool3x3|max_pool3x3|output)

Epoch 1/5
375/375 [==============================] - 22s 58ms/step - loss: 1.0274 - sparse_categorical_accuracy: 0.7131 - val_loss: 0.3929 - val_sparse_categorical_accuracy: 0.8834
Epoch 2/5
375/375 [==============================] - 22s 58ms/step - loss: 0.2800 - sparse_categorical_accuracy: 0.9113 - val_loss: 0.1957 - val_sparse_categorical_accuracy: 0.9402
Epoch 3/5
375/375 [==============================] - 23s 60ms/step - loss: 0.2016 - sparse_categorical_accuracy: 0.9351 - val_loss: 0.1593 - val_sparse_categorical_accuracy: 0.9509
Epoch 4/5
375/375 [==============================] - 22s 58ms/step - loss: 0.1662 - sparse_categorical_accuracy: 0.9470 - val_loss: 0.1262 - val_sparse_categorical_accuracy: 0.9607
Epoch 5/5
375/375 [==============================] - 21s 57ms/step - loss: 0.1392 - sparse_categorical_accuracy: 0.9567 - val_loss: 0.1059 - val_sparse_categorical_accuracy: 0.9675
79/79 [==============================] - 1s 12ms/step - loss: 0.0466 - sparse_categorical_accuracy: 0.9857

EVALUATION LOG: EmployeeBee ID (2) -- Candidate (input|max_pool3x3|sep5x5_128|sep5x5_32|sep5x5_128|output)

Epoch 1/5
375/375 [==============================] - 26s 69ms/step - loss: 0.5506 - sparse_categorical_accuracy: 0.8135 - val_loss: 0.2894 - val_sparse_categorical_accuracy: 0.9165
Epoch 2/5
375/375 [==============================] - 26s 68ms/step - loss: 0.1818 - sparse_categorical_accuracy: 0.9422 - val_loss: 0.1533 - val_sparse_categorical_accuracy: 0.9534
Epoch 3/5
375/375 [==============================] - 26s 70ms/step - loss: 0.1389 - sparse_categorical_accuracy: 0.9561 - val_loss: 0.1286 - val_sparse_categorical_accuracy: 0.9596
Epoch 4/5
375/375 [==============================] - 26s 68ms/step - loss: 0.1139 - sparse_categorical_accuracy: 0.9637 - val_loss: 0.0992 - val_sparse_categorical_accuracy: 0.9703
Epoch 5/5
375/375 [==============================] - 26s 69ms/step - loss: 0.1041 - sparse_categorical_accuracy: 0.9676 - val_loss: 0.0925 - val_sparse_categorical_accuracy: 0.9701
79/79 [==============================] - 1s 14ms/step - loss: 0.0479 - sparse_categorical_accuracy: 0.9847

EVALUATION LOG: OnlookerBee ID (0) -- Candidate (input|max_pool3x3|sep5x5_128|dropout|sep5x5_128|output)

Epoch 1/5
375/375 [==============================] - 27s 70ms/step - loss: 0.4472 - sparse_categorical_accuracy: 0.8502 - val_loss: 0.3406 - val_sparse_categorical_accuracy: 0.8997
Epoch 2/5
375/375 [==============================] - 26s 68ms/step - loss: 0.1606 - sparse_categorical_accuracy: 0.9497 - val_loss: 0.1452 - val_sparse_categorical_accuracy: 0.9542
Epoch 3/5
375/375 [==============================] - 26s 68ms/step - loss: 0.1269 - sparse_categorical_accuracy: 0.9600 - val_loss: 0.0935 - val_sparse_categorical_accuracy: 0.9724
Epoch 4/5
375/375 [==============================] - 25s 68ms/step - loss: 0.1136 - sparse_categorical_accuracy: 0.9639 - val_loss: 0.1058 - val_sparse_categorical_accuracy: 0.9651
Epoch 5/5
375/375 [==============================] - 26s 70ms/step - loss: 0.0981 - sparse_categorical_accuracy: 0.9689 - val_loss: 0.0994 - val_sparse_categorical_accuracy: 0.9704
79/79 [==============================] - 1s 14ms/step - loss: 0.0420 - sparse_categorical_accuracy: 0.9859

EVALUATION LOG: OnlookerBee ID (1) -- Candidate (input|max_pool3x3|sep5x5_128|batch_norm|sep5x5_128|output)

Epoch 1/5
375/375 [==============================] - 26s 69ms/step - loss: 0.5692 - sparse_categorical_accuracy: 0.8195 - val_loss: 0.9593 - val_sparse_categorical_accuracy: 0.7691
Epoch 2/5
375/375 [==============================] - 26s 69ms/step - loss: 0.1713 - sparse_categorical_accuracy: 0.9462 - val_loss: 0.1477 - val_sparse_categorical_accuracy: 0.9548
Epoch 3/5
375/375 [==============================] - 27s 71ms/step - loss: 0.1375 - sparse_categorical_accuracy: 0.9576 - val_loss: 0.1889 - val_sparse_categorical_accuracy: 0.9437
Epoch 4/5
375/375 [==============================] - 26s 68ms/step - loss: 0.1155 - sparse_categorical_accuracy: 0.9646 - val_loss: 0.1072 - val_sparse_categorical_accuracy: 0.9663
Epoch 5/5
375/375 [==============================] - 26s 68ms/step - loss: 0.1047 - sparse_categorical_accuracy: 0.9675 - val_loss: 0.1038 - val_sparse_categorical_accuracy: 0.9654
79/79 [==============================] - 1s 15ms/step - loss: 0.0587 - sparse_categorical_accuracy: 0.9811

EVALUATION LOG: OnlookerBee ID (2) -- Candidate (input|batch_norm|sep5x5_64|avg_pool3x3|dropout|output)

Epoch 1/5
375/375 [==============================] - 20s 53ms/step - loss: 0.7779 - sparse_categorical_accuracy: 0.7558 - val_loss: 0.5994 - val_sparse_categorical_accuracy: 0.8128
Epoch 2/5
375/375 [==============================] - 18s 49ms/step - loss: 0.2700 - sparse_categorical_accuracy: 0.9127 - val_loss: 0.1814 - val_sparse_categorical_accuracy: 0.9453
Epoch 3/5
375/375 [==============================] - 18s 49ms/step - loss: 0.2015 - sparse_categorical_accuracy: 0.9366 - val_loss: 0.1507 - val_sparse_categorical_accuracy: 0.9537
Epoch 4/5
375/375 [==============================] - 19s 50ms/step - loss: 0.1678 - sparse_categorical_accuracy: 0.9490 - val_loss: 0.1315 - val_sparse_categorical_accuracy: 0.9595
Epoch 5/5
375/375 [==============================] - 19s 50ms/step - loss: 0.1408 - sparse_categorical_accuracy: 0.9554 - val_loss: 0.1126 - val_sparse_categorical_accuracy: 0.9641
79/79 [==============================] - 1s 9ms/step - loss: 0.0551 - sparse_categorical_accuracy: 0.9813

EVALUATION LOG: OnlookerBee ID (3) -- Candidate (input|batch_norm|sep5x5_64|avg_pool3x3|sep3x3_32|output)

Epoch 1/5
375/375 [==============================] - 20s 50ms/step - loss: 0.4669 - sparse_categorical_accuracy: 0.8430 - val_loss: 0.3329 - val_sparse_categorical_accuracy: 0.9038
Epoch 2/5
375/375 [==============================] - 18s 48ms/step - loss: 0.1825 - sparse_categorical_accuracy: 0.9425 - val_loss: 0.1544 - val_sparse_categorical_accuracy: 0.9532
Epoch 3/5
375/375 [==============================] - 18s 48ms/step - loss: 0.1400 - sparse_categorical_accuracy: 0.9560 - val_loss: 0.1345 - val_sparse_categorical_accuracy: 0.9569
Epoch 4/5
375/375 [==============================] - 18s 48ms/step - loss: 0.1219 - sparse_categorical_accuracy: 0.9612 - val_loss: 0.1213 - val_sparse_categorical_accuracy: 0.9643
Epoch 5/5
375/375 [==============================] - 18s 48ms/step - loss: 0.1119 - sparse_categorical_accuracy: 0.9640 - val_loss: 0.0919 - val_sparse_categorical_accuracy: 0.9718
79/79 [==============================] - 1s 8ms/step - loss: 0.0707 - sparse_categorical_accuracy: 0.9782
STATUS: itr: 5 -- Best fitness: 0.9868999719619751, Total time (s): 4393.442085027695

EVALUATION LOG: EmployeeBee ID (0) -- Candidate (input|max_pool3x3|batch_norm|sep5x5_64|sep3x3_32|output)

Epoch 1/5
375/375 [==============================] - 19s 48ms/step - loss: 0.4739 - sparse_categorical_accuracy: 0.8395 - val_loss: 0.5961 - val_sparse_categorical_accuracy: 0.8113
Epoch 2/5
375/375 [==============================] - 19s 51ms/step - loss: 0.1753 - sparse_categorical_accuracy: 0.9460 - val_loss: 0.1575 - val_sparse_categorical_accuracy: 0.9524
Epoch 3/5
375/375 [==============================] - 18s 48ms/step - loss: 0.1378 - sparse_categorical_accuracy: 0.9563 - val_loss: 0.1173 - val_sparse_categorical_accuracy: 0.9648
Epoch 4/5
375/375 [==============================] - 18s 48ms/step - loss: 0.1196 - sparse_categorical_accuracy: 0.9620 - val_loss: 0.1057 - val_sparse_categorical_accuracy: 0.9682
Epoch 5/5
375/375 [==============================] - 18s 48ms/step - loss: 0.1073 - sparse_categorical_accuracy: 0.9660 - val_loss: 0.0889 - val_sparse_categorical_accuracy: 0.9723
79/79 [==============================] - 1s 8ms/step - loss: 0.0594 - sparse_categorical_accuracy: 0.9794

EVALUATION LOG: EmployeeBee ID (1) -- Candidate (input|dropout|sep5x5_128|sep5x5_128|max_pool3x3|output)

Epoch 1/5
375/375 [==============================] - 27s 69ms/step - loss: 0.5043 - sparse_categorical_accuracy: 0.8314 - val_loss: 0.2100 - val_sparse_categorical_accuracy: 0.9378
Epoch 2/5
375/375 [==============================] - 27s 71ms/step - loss: 0.1648 - sparse_categorical_accuracy: 0.9470 - val_loss: 0.1186 - val_sparse_categorical_accuracy: 0.9638
Epoch 3/5
375/375 [==============================] - 26s 68ms/step - loss: 0.1245 - sparse_categorical_accuracy: 0.9624 - val_loss: 0.1215 - val_sparse_categorical_accuracy: 0.9656
Epoch 4/5
375/375 [==============================] - 26s 69ms/step - loss: 0.1110 - sparse_categorical_accuracy: 0.9650 - val_loss: 0.1005 - val_sparse_categorical_accuracy: 0.9698
Epoch 5/5
375/375 [==============================] - 27s 72ms/step - loss: 0.0961 - sparse_categorical_accuracy: 0.9700 - val_loss: 0.0969 - val_sparse_categorical_accuracy: 0.9708
79/79 [==============================] - 1s 14ms/step - loss: 0.0465 - sparse_categorical_accuracy: 0.9838

EVALUATION LOG: EmployeeBee ID (2) -- Candidate (input|sep3x3_128|dropout|sep3x3_64|sep5x5_64|output)

Epoch 1/5
375/375 [==============================] - 22s 57ms/step - loss: 0.6041 - sparse_categorical_accuracy: 0.7944 - val_loss: 0.2740 - val_sparse_categorical_accuracy: 0.9243
Epoch 2/5
375/375 [==============================] - 21s 57ms/step - loss: 0.2079 - sparse_categorical_accuracy: 0.9357 - val_loss: 0.1510 - val_sparse_categorical_accuracy: 0.9535
Epoch 3/5
375/375 [==============================] - 21s 56ms/step - loss: 0.1520 - sparse_categorical_accuracy: 0.9507 - val_loss: 0.1524 - val_sparse_categorical_accuracy: 0.9557
Epoch 4/5
375/375 [==============================] - 22s 60ms/step - loss: 0.1303 - sparse_categorical_accuracy: 0.9594 - val_loss: 0.1337 - val_sparse_categorical_accuracy: 0.9587
Epoch 5/5
375/375 [==============================] - 23s 62ms/step - loss: 0.1117 - sparse_categorical_accuracy: 0.9655 - val_loss: 0.0900 - val_sparse_categorical_accuracy: 0.9726
79/79 [==============================] - 1s 11ms/step - loss: 0.0413 - sparse_categorical_accuracy: 0.9855

EVALUATION LOG: OnlookerBee ID (0) -- Candidate (input|sep3x3_128|dropout|sep5x5_64|sep5x5_64|output)

Epoch 1/5
375/375 [==============================] - 23s 59ms/step - loss: 0.5915 - sparse_categorical_accuracy: 0.8002 - val_loss: 0.3071 - val_sparse_categorical_accuracy: 0.9070
Epoch 2/5
375/375 [==============================] - 22s 59ms/step - loss: 0.1933 - sparse_categorical_accuracy: 0.9390 - val_loss: 0.1529 - val_sparse_categorical_accuracy: 0.9514
Epoch 3/5
375/375 [==============================] - 24s 63ms/step - loss: 0.1427 - sparse_categorical_accuracy: 0.9550 - val_loss: 0.1149 - val_sparse_categorical_accuracy: 0.9650
Epoch 4/5
375/375 [==============================] - 22s 59ms/step - loss: 0.1209 - sparse_categorical_accuracy: 0.9618 - val_loss: 0.0990 - val_sparse_categorical_accuracy: 0.9698
Epoch 5/5
375/375 [==============================] - 22s 59ms/step - loss: 0.1070 - sparse_categorical_accuracy: 0.9662 - val_loss: 0.0959 - val_sparse_categorical_accuracy: 0.9700
79/79 [==============================] - 1s 12ms/step - loss: 0.0498 - sparse_categorical_accuracy: 0.9842

EVALUATION LOG: OnlookerBee ID (1) -- Candidate (input|max_pool3x3|batch_norm|sep5x5_64|avg_pool3x3|output)

Epoch 1/5
375/375 [==============================] - 20s 51ms/step - loss: 0.7022 - sparse_categorical_accuracy: 0.7860 - val_loss: 0.6224 - val_sparse_categorical_accuracy: 0.8035
Epoch 2/5
375/375 [==============================] - 20s 54ms/step - loss: 0.2295 - sparse_categorical_accuracy: 0.9270 - val_loss: 0.1629 - val_sparse_categorical_accuracy: 0.9496
Epoch 3/5
375/375 [==============================] - 19s 50ms/step - loss: 0.1688 - sparse_categorical_accuracy: 0.9472 - val_loss: 0.1278 - val_sparse_categorical_accuracy: 0.9591
Epoch 4/5
375/375 [==============================] - 19s 50ms/step - loss: 0.1419 - sparse_categorical_accuracy: 0.9550 - val_loss: 0.1465 - val_sparse_categorical_accuracy: 0.9535
Epoch 5/5
375/375 [==============================] - 19s 50ms/step - loss: 0.1298 - sparse_categorical_accuracy: 0.9585 - val_loss: 0.0992 - val_sparse_categorical_accuracy: 0.9696
79/79 [==============================] - 1s 9ms/step - loss: 0.0835 - sparse_categorical_accuracy: 0.9741

EVALUATION LOG: OnlookerBee ID (2) -- Candidate (input|dropout|max_pool3x3|avg_pool3x3|max_pool3x3|output)

Epoch 1/5
375/375 [==============================] - 18s 48ms/step - loss: 3.7009 - sparse_categorical_accuracy: 0.5867 - val_loss: 0.7955 - val_sparse_categorical_accuracy: 0.7433
Epoch 2/5
375/375 [==============================] - 19s 51ms/step - loss: 0.5830 - sparse_categorical_accuracy: 0.7995 - val_loss: 0.4503 - val_sparse_categorical_accuracy: 0.8567
Epoch 3/5
375/375 [==============================] - 18s 47ms/step - loss: 0.4844 - sparse_categorical_accuracy: 0.8352 - val_loss: 0.3618 - val_sparse_categorical_accuracy: 0.8834
Epoch 4/5
375/375 [==============================] - 18s 47ms/step - loss: 0.4536 - sparse_categorical_accuracy: 0.8474 - val_loss: 0.3138 - val_sparse_categorical_accuracy: 0.9018
Epoch 5/5
375/375 [==============================] - 18s 47ms/step - loss: 0.3942 - sparse_categorical_accuracy: 0.8690 - val_loss: 0.2898 - val_sparse_categorical_accuracy: 0.9093
79/79 [==============================] - 1s 7ms/step - loss: 0.1867 - sparse_categorical_accuracy: 0.9379

EVALUATION LOG: OnlookerBee ID (3) -- Candidate (input|dropout|sep5x5_128|avg_pool3x3|batch_norm|output)

Epoch 1/5
375/375 [==============================] - 24s 61ms/step - loss: 1.1397 - sparse_categorical_accuracy: 0.7923 - val_loss: 1.7917 - val_sparse_categorical_accuracy: 0.2375
Epoch 2/5
375/375 [==============================] - 24s 64ms/step - loss: 0.2627 - sparse_categorical_accuracy: 0.9187 - val_loss: 0.2573 - val_sparse_categorical_accuracy: 0.9255
Epoch 3/5
375/375 [==============================] - 23s 60ms/step - loss: 0.2011 - sparse_categorical_accuracy: 0.9369 - val_loss: 0.2837 - val_sparse_categorical_accuracy: 0.9109
Epoch 4/5
375/375 [==============================] - 23s 60ms/step - loss: 0.1621 - sparse_categorical_accuracy: 0.9494 - val_loss: 0.2135 - val_sparse_categorical_accuracy: 0.9357
Epoch 5/5
375/375 [==============================] - 22s 60ms/step - loss: 0.1464 - sparse_categorical_accuracy: 0.9546 - val_loss: 0.1697 - val_sparse_categorical_accuracy: 0.9479
79/79 [==============================] - 1s 12ms/step - loss: 0.0572 - sparse_categorical_accuracy: 0.9817
STATUS: itr: 6 -- Best fitness: 0.9868999719619751, Total time (s): 5191.639126777649

EVALUATION LOG: EmployeeBee ID (0) -- Candidate (input|max_pool3x3|sep5x5_128|sep5x5_64|sep3x3_32|output)

Epoch 1/5
375/375 [==============================] - 20s 52ms/step - loss: 0.6234 - sparse_categorical_accuracy: 0.7857 - val_loss: 0.5942 - val_sparse_categorical_accuracy: 0.8112
Epoch 2/5
375/375 [==============================] - 21s 56ms/step - loss: 0.2032 - sparse_categorical_accuracy: 0.9366 - val_loss: 0.1417 - val_sparse_categorical_accuracy: 0.9552
Epoch 3/5
375/375 [==============================] - 22s 57ms/step - loss: 0.1479 - sparse_categorical_accuracy: 0.9524 - val_loss: 0.1198 - val_sparse_categorical_accuracy: 0.9633
Epoch 4/5
375/375 [==============================] - 19s 51ms/step - loss: 0.1307 - sparse_categorical_accuracy: 0.9599 - val_loss: 0.1090 - val_sparse_categorical_accuracy: 0.9650
Epoch 5/5
375/375 [==============================] - 19s 51ms/step - loss: 0.1120 - sparse_categorical_accuracy: 0.9653 - val_loss: 0.1238 - val_sparse_categorical_accuracy: 0.9626
79/79 [==============================] - 1s 11ms/step - loss: 0.0675 - sparse_categorical_accuracy: 0.9795

EVALUATION LOG: EmployeeBee ID (1) -- Candidate (input|dropout|sep5x5_64|dropout|avg_pool3x3|output)

Epoch 1/5
375/375 [==============================] - 20s 52ms/step - loss: 0.7627 - sparse_categorical_accuracy: 0.7505 - val_loss: 0.3673 - val_sparse_categorical_accuracy: 0.8898
Epoch 2/5
375/375 [==============================] - 19s 51ms/step - loss: 0.2862 - sparse_categorical_accuracy: 0.9086 - val_loss: 0.1882 - val_sparse_categorical_accuracy: 0.9402
Epoch 3/5
375/375 [==============================] - 19s 50ms/step - loss: 0.2052 - sparse_categorical_accuracy: 0.9354 - val_loss: 0.1525 - val_sparse_categorical_accuracy: 0.9526
Epoch 4/5
375/375 [==============================] - 19s 49ms/step - loss: 0.1679 - sparse_categorical_accuracy: 0.9472 - val_loss: 0.1353 - val_sparse_categorical_accuracy: 0.9585
Epoch 5/5
375/375 [==============================] - 19s 49ms/step - loss: 0.1504 - sparse_categorical_accuracy: 0.9522 - val_loss: 0.1127 - val_sparse_categorical_accuracy: 0.9641
79/79 [==============================] - 1s 8ms/step - loss: 0.0508 - sparse_categorical_accuracy: 0.9824

EVALUATION LOG: EmployeeBee ID (2) -- Candidate (input|avg_pool3x3|dropout|sep3x3_64|sep5x5_64|output)

Epoch 1/5
375/375 [==============================] - 20s 51ms/step - loss: 0.5587 - sparse_categorical_accuracy: 0.8115 - val_loss: 0.3586 - val_sparse_categorical_accuracy: 0.8965
Epoch 2/5
375/375 [==============================] - 19s 52ms/step - loss: 0.2155 - sparse_categorical_accuracy: 0.9317 - val_loss: 0.1402 - val_sparse_categorical_accuracy: 0.9570
Epoch 3/5
375/375 [==============================] - 19s 50ms/step - loss: 0.1621 - sparse_categorical_accuracy: 0.9491 - val_loss: 0.1305 - val_sparse_categorical_accuracy: 0.9577
Epoch 4/5
375/375 [==============================] - 19s 51ms/step - loss: 0.1379 - sparse_categorical_accuracy: 0.9576 - val_loss: 0.1290 - val_sparse_categorical_accuracy: 0.9617
Epoch 5/5
375/375 [==============================] - 19s 50ms/step - loss: 0.1197 - sparse_categorical_accuracy: 0.9614 - val_loss: 0.1223 - val_sparse_categorical_accuracy: 0.9616
79/79 [==============================] - 1s 9ms/step - loss: 0.0740 - sparse_categorical_accuracy: 0.9750

EVALUATION LOG: OnlookerBee ID (0) -- Candidate (input|sep3x3_128|sep3x3_64|sep3x3_64|sep5x5_64|output)

Epoch 1/5
375/375 [==============================] - 22s 58ms/step - loss: 0.8274 - sparse_categorical_accuracy: 0.7079 - val_loss: 0.3585 - val_sparse_categorical_accuracy: 0.8921
Epoch 2/5
375/375 [==============================] - 21s 56ms/step - loss: 0.2376 - sparse_categorical_accuracy: 0.9250 - val_loss: 0.1769 - val_sparse_categorical_accuracy: 0.9438
Epoch 3/5
375/375 [==============================] - 21s 55ms/step - loss: 0.1645 - sparse_categorical_accuracy: 0.9483 - val_loss: 0.1339 - val_sparse_categorical_accuracy: 0.9579
Epoch 4/5
375/375 [==============================] - 21s 55ms/step - loss: 0.1374 - sparse_categorical_accuracy: 0.9575 - val_loss: 0.1225 - val_sparse_categorical_accuracy: 0.9629
Epoch 5/5
375/375 [==============================] - 22s 59ms/step - loss: 0.1217 - sparse_categorical_accuracy: 0.9613 - val_loss: 0.1045 - val_sparse_categorical_accuracy: 0.9655
79/79 [==============================] - 1s 11ms/step - loss: 0.0520 - sparse_categorical_accuracy: 0.9834

EVALUATION LOG: OnlookerBee ID (1) -- Candidate (input|max_pool3x3|sep5x5_128|sep5x5_64|sep5x5_32|output)

Epoch 1/5
375/375 [==============================] - 20s 52ms/step - loss: 0.5294 - sparse_categorical_accuracy: 0.8188 - val_loss: 0.3476 - val_sparse_categorical_accuracy: 0.9050
Epoch 2/5
375/375 [==============================] - 19s 51ms/step - loss: 0.1756 - sparse_categorical_accuracy: 0.9438 - val_loss: 0.1458 - val_sparse_categorical_accuracy: 0.9548
Epoch 3/5
375/375 [==============================] - 19s 51ms/step - loss: 0.1383 - sparse_categorical_accuracy: 0.9570 - val_loss: 0.1101 - val_sparse_categorical_accuracy: 0.9651
Epoch 4/5
375/375 [==============================] - 19s 51ms/step - loss: 0.1206 - sparse_categorical_accuracy: 0.9625 - val_loss: 0.1117 - val_sparse_categorical_accuracy: 0.9643
Epoch 5/5
375/375 [==============================] - 21s 55ms/step - loss: 0.1078 - sparse_categorical_accuracy: 0.9661 - val_loss: 0.1138 - val_sparse_categorical_accuracy: 0.9652
79/79 [==============================] - 1s 11ms/step - loss: 0.0665 - sparse_categorical_accuracy: 0.9766

EVALUATION LOG: OnlookerBee ID (2) -- Candidate (input|dropout|sep5x5_64|sep5x5_128|avg_pool3x3|output)

Epoch 1/5
375/375 [==============================] - 24s 63ms/step - loss: 0.5244 - sparse_categorical_accuracy: 0.8236 - val_loss: 0.2096 - val_sparse_categorical_accuracy: 0.9361
Epoch 2/5
375/375 [==============================] - 24s 64ms/step - loss: 0.1813 - sparse_categorical_accuracy: 0.9429 - val_loss: 0.1400 - val_sparse_categorical_accuracy: 0.9565
Epoch 3/5
375/375 [==============================] - 25s 66ms/step - loss: 0.1333 - sparse_categorical_accuracy: 0.9585 - val_loss: 0.0976 - val_sparse_categorical_accuracy: 0.9690
Epoch 4/5
375/375 [==============================] - 24s 64ms/step - loss: 0.1139 - sparse_categorical_accuracy: 0.9641 - val_loss: 0.1077 - val_sparse_categorical_accuracy: 0.9665
Epoch 5/5
375/375 [==============================] - 24s 64ms/step - loss: 0.1025 - sparse_categorical_accuracy: 0.9671 - val_loss: 0.1225 - val_sparse_categorical_accuracy: 0.9620
79/79 [==============================] - 1s 13ms/step - loss: 0.0765 - sparse_categorical_accuracy: 0.9736

EVALUATION LOG: OnlookerBee ID (3) -- Candidate (input|sep3x3_128|sep5x5_128|sep5x5_64|sep3x3_32|output)

Epoch 1/5
375/375 [==============================] - 22s 57ms/step - loss: 0.8964 - sparse_categorical_accuracy: 0.6847 - val_loss: 0.3239 - val_sparse_categorical_accuracy: 0.9033
Epoch 2/5
375/375 [==============================] - 22s 60ms/step - loss: 0.2442 - sparse_categorical_accuracy: 0.9229 - val_loss: 0.1740 - val_sparse_categorical_accuracy: 0.9486
Epoch 3/5
375/375 [==============================] - 21s 56ms/step - loss: 0.1667 - sparse_categorical_accuracy: 0.9478 - val_loss: 0.1257 - val_sparse_categorical_accuracy: 0.9605
Epoch 4/5
375/375 [==============================] - 21s 56ms/step - loss: 0.1392 - sparse_categorical_accuracy: 0.9566 - val_loss: 0.1084 - val_sparse_categorical_accuracy: 0.9661
Epoch 5/5
375/375 [==============================] - 21s 55ms/step - loss: 0.1157 - sparse_categorical_accuracy: 0.9627 - val_loss: 0.1032 - val_sparse_categorical_accuracy: 0.9704
79/79 [==============================] - 1s 13ms/step - loss: 0.0516 - sparse_categorical_accuracy: 0.9816
STATUS: itr: 7 -- Best fitness: 0.9868999719619751, Total time (s): 6011.889684915543

EVALUATION LOG: EmployeeBee ID (0) -- Candidate (input|sep3x3_32|sep5x5_64|avg_pool3x3|max_pool3x3|output)

Epoch 1/5
375/375 [==============================] - 21s 54ms/step - loss: 0.5540 - sparse_categorical_accuracy: 0.8131 - val_loss: 0.2415 - val_sparse_categorical_accuracy: 0.9315
Epoch 2/5
375/375 [==============================] - 19s 51ms/step - loss: 0.1809 - sparse_categorical_accuracy: 0.9430 - val_loss: 0.1469 - val_sparse_categorical_accuracy: 0.9553
Epoch 3/5
375/375 [==============================] - 19s 50ms/step - loss: 0.1364 - sparse_categorical_accuracy: 0.9562 - val_loss: 0.1207 - val_sparse_categorical_accuracy: 0.9635
Epoch 4/5
375/375 [==============================] - 19s 51ms/step - loss: 0.1175 - sparse_categorical_accuracy: 0.9626 - val_loss: 0.0990 - val_sparse_categorical_accuracy: 0.9690
Epoch 5/5
375/375 [==============================] - 19s 51ms/step - loss: 0.1051 - sparse_categorical_accuracy: 0.9665 - val_loss: 0.0941 - val_sparse_categorical_accuracy: 0.9707
79/79 [==============================] - 1s 9ms/step - loss: 0.0402 - sparse_categorical_accuracy: 0.9874

EVALUATION LOG: EmployeeBee ID (2) -- Candidate (input|sep5x5_64|sep3x3_32|sep3x3_32|max_pool3x3|output)

Epoch 1/5
375/375 [==============================] - 20s 53ms/step - loss: 0.5814 - sparse_categorical_accuracy: 0.8012 - val_loss: 0.2650 - val_sparse_categorical_accuracy: 0.9286
Epoch 2/5
375/375 [==============================] - 18s 48ms/step - loss: 0.1956 - sparse_categorical_accuracy: 0.9376 - val_loss: 0.1544 - val_sparse_categorical_accuracy: 0.9523
Epoch 3/5
375/375 [==============================] - 18s 48ms/step - loss: 0.1430 - sparse_categorical_accuracy: 0.9556 - val_loss: 0.1353 - val_sparse_categorical_accuracy: 0.9600
Epoch 4/5
375/375 [==============================] - 18s 48ms/step - loss: 0.1219 - sparse_categorical_accuracy: 0.9615 - val_loss: 0.1135 - val_sparse_categorical_accuracy: 0.9636
Epoch 5/5
375/375 [==============================] - 18s 48ms/step - loss: 0.1116 - sparse_categorical_accuracy: 0.9649 - val_loss: 0.0903 - val_sparse_categorical_accuracy: 0.9721
79/79 [==============================] - 1s 8ms/step - loss: 0.0521 - sparse_categorical_accuracy: 0.9838

EVALUATION LOG: OnlookerBee ID (1) -- Candidate (input|dropout|sep3x3_64|dropout|avg_pool3x3|output)

Epoch 1/5
375/375 [==============================] - 21s 54ms/step - loss: 0.7497 - sparse_categorical_accuracy: 0.7556 - val_loss: 0.3501 - val_sparse_categorical_accuracy: 0.9034
Epoch 2/5
375/375 [==============================] - 19s 49ms/step - loss: 0.2813 - sparse_categorical_accuracy: 0.9111 - val_loss: 0.1885 - val_sparse_categorical_accuracy: 0.9393
Epoch 3/5
375/375 [==============================] - 19s 49ms/step - loss: 0.2096 - sparse_categorical_accuracy: 0.9333 - val_loss: 0.1774 - val_sparse_categorical_accuracy: 0.9421
Epoch 4/5
375/375 [==============================] - 19s 50ms/step - loss: 0.1752 - sparse_categorical_accuracy: 0.9442 - val_loss: 0.1370 - val_sparse_categorical_accuracy: 0.9564
Epoch 5/5
375/375 [==============================] - 19s 49ms/step - loss: 0.1555 - sparse_categorical_accuracy: 0.9502 - val_loss: 0.1263 - val_sparse_categorical_accuracy: 0.9624
79/79 [==============================] - 1s 8ms/step - loss: 0.0619 - sparse_categorical_accuracy: 0.9785

EVALUATION LOG: OnlookerBee ID (2) -- Candidate (input|dropout|avg_pool3x3|dropout|avg_pool3x3|output)

Epoch 1/5
375/375 [==============================] - 19s 51ms/step - loss: 1.2826 - sparse_categorical_accuracy: 0.6994 - val_loss: 0.8476 - val_sparse_categorical_accuracy: 0.7157
Epoch 2/5
375/375 [==============================] - 17s 46ms/step - loss: 0.4484 - sparse_categorical_accuracy: 0.8506 - val_loss: 0.3043 - val_sparse_categorical_accuracy: 0.9032
Epoch 3/5
375/375 [==============================] - 18s 47ms/step - loss: 0.3641 - sparse_categorical_accuracy: 0.8801 - val_loss: 0.2750 - val_sparse_categorical_accuracy: 0.9127
Epoch 4/5
375/375 [==============================] - 18s 47ms/step - loss: 0.3230 - sparse_categorical_accuracy: 0.8963 - val_loss: 0.2251 - val_sparse_categorical_accuracy: 0.9273
Epoch 5/5
375/375 [==============================] - 17s 46ms/step - loss: 0.2913 - sparse_categorical_accuracy: 0.9055 - val_loss: 0.2024 - val_sparse_categorical_accuracy: 0.9367
79/79 [==============================] - 1s 6ms/step - loss: 0.1216 - sparse_categorical_accuracy: 0.9607

EVALUATION LOG: OnlookerBee ID (3) -- Candidate (input|sep3x3_32|dropout|avg_pool3x3|max_pool3x3|output)

Epoch 1/5
375/375 [==============================] - 20s 51ms/step - loss: 0.6953 - sparse_categorical_accuracy: 0.7733 - val_loss: 0.3208 - val_sparse_categorical_accuracy: 0.9130
Epoch 2/5
375/375 [==============================] - 18s 47ms/step - loss: 0.2301 - sparse_categorical_accuracy: 0.9271 - val_loss: 0.1728 - val_sparse_categorical_accuracy: 0.9463
Epoch 3/5
375/375 [==============================] - 18s 47ms/step - loss: 0.1724 - sparse_categorical_accuracy: 0.9461 - val_loss: 0.1405 - val_sparse_categorical_accuracy: 0.9556
Epoch 4/5
375/375 [==============================] - 18s 47ms/step - loss: 0.1505 - sparse_categorical_accuracy: 0.9530 - val_loss: 0.1231 - val_sparse_categorical_accuracy: 0.9602
Epoch 5/5
375/375 [==============================] - 18s 47ms/step - loss: 0.1327 - sparse_categorical_accuracy: 0.9578 - val_loss: 0.1460 - val_sparse_categorical_accuracy: 0.9538
79/79 [==============================] - 1s 7ms/step - loss: 0.0693 - sparse_categorical_accuracy: 0.9763