------------------------
-- OPTIMIZATION START --
------------------------
Downloading data from https://storage.googleapis.com/tensorflow/tf-keras-datasets/mnist.npz
11493376/11490434 [==============================] - 0s 0us/step
11501568/11490434 [==============================] - 0s 0us/step

Path (/content/gdrive/MyDrive/PhD/HiveNAS/hivenas_mnist_aug_a/) already exists!


Would you like to overwrite files in this path? (y/n): y

Found best-performing model {input|sep3x3_32|sep5x5_64|avg_pool3x3|max_pool3x3|output} with a fitness score of 0.9873999953269958

Epoch 1/50
375/375 [==============================] - 33s 53ms/step - loss: 0.4740 - sparse_categorical_accuracy: 0.8425 - val_loss: 0.2217 - val_sparse_categorical_accuracy: 0.9303
Epoch 2/50
375/375 [==============================] - 19s 51ms/step - loss: 0.1656 - sparse_categorical_accuracy: 0.9469 - val_loss: 0.1440 - val_sparse_categorical_accuracy: 0.9552
Epoch 3/50
375/375 [==============================] - 21s 56ms/step - loss: 0.1221 - sparse_categorical_accuracy: 0.9619 - val_loss: 0.1202 - val_sparse_categorical_accuracy: 0.9613
Epoch 4/50
375/375 [==============================] - 21s 56ms/step - loss: 0.1085 - sparse_categorical_accuracy: 0.9659 - val_loss: 0.1055 - val_sparse_categorical_accuracy: 0.9680
Epoch 5/50
375/375 [==============================] - 19s 50ms/step - loss: 0.0963 - sparse_categorical_accuracy: 0.9696 - val_loss: 0.1017 - val_sparse_categorical_accuracy: 0.9678
Epoch 6/50
375/375 [==============================] - 19s 51ms/step - loss: 0.0927 - sparse_categorical_accuracy: 0.9706 - val_loss: 0.0948 - val_sparse_categorical_accuracy: 0.9711
Epoch 7/50
375/375 [==============================] - 20s 52ms/step - loss: 0.0829 - sparse_categorical_accuracy: 0.9741 - val_loss: 0.0788 - val_sparse_categorical_accuracy: 0.9754
Epoch 8/50
375/375 [==============================] - 19s 51ms/step - loss: 0.0811 - sparse_categorical_accuracy: 0.9745 - val_loss: 0.0783 - val_sparse_categorical_accuracy: 0.9755
Epoch 9/50
375/375 [==============================] - 19s 51ms/step - loss: 0.0767 - sparse_categorical_accuracy: 0.9755 - val_loss: 0.0754 - val_sparse_categorical_accuracy: 0.9759
Epoch 10/50
375/375 [==============================] - 21s 55ms/step - loss: 0.0736 - sparse_categorical_accuracy: 0.9761 - val_loss: 0.0739 - val_sparse_categorical_accuracy: 0.9777
Epoch 11/50
375/375 [==============================] - 19s 50ms/step - loss: 0.0706 - sparse_categorical_accuracy: 0.9779 - val_loss: 0.0757 - val_sparse_categorical_accuracy: 0.9778
Epoch 12/50
375/375 [==============================] - 19s 51ms/step - loss: 0.0696 - sparse_categorical_accuracy: 0.9775 - val_loss: 0.0723 - val_sparse_categorical_accuracy: 0.9784
Epoch 13/50
375/375 [==============================] - 19s 51ms/step - loss: 0.0673 - sparse_categorical_accuracy: 0.9789 - val_loss: 0.0625 - val_sparse_categorical_accuracy: 0.9811
Epoch 14/50
375/375 [==============================] - 19s 51ms/step - loss: 0.0623 - sparse_categorical_accuracy: 0.9804 - val_loss: 0.0671 - val_sparse_categorical_accuracy: 0.9787
Epoch 15/50
375/375 [==============================] - 20s 54ms/step - loss: 0.0618 - sparse_categorical_accuracy: 0.9804 - val_loss: 0.0674 - val_sparse_categorical_accuracy: 0.9782
Epoch 16/50
375/375 [==============================] - 19s 51ms/step - loss: 0.0604 - sparse_categorical_accuracy: 0.9810 - val_loss: 0.0700 - val_sparse_categorical_accuracy: 0.9777
Epoch 17/50
375/375 [==============================] - 19s 51ms/step - loss: 0.0581 - sparse_categorical_accuracy: 0.9814 - val_loss: 0.0723 - val_sparse_categorical_accuracy: 0.9797
Epoch 18/50
375/375 [==============================] - 19s 50ms/step - loss: 0.0572 - sparse_categorical_accuracy: 0.9818 - val_loss: 0.0583 - val_sparse_categorical_accuracy: 0.9822
Epoch 19/50
375/375 [==============================] - 19s 50ms/step - loss: 0.0542 - sparse_categorical_accuracy: 0.9825 - val_loss: 0.0682 - val_sparse_categorical_accuracy: 0.9794
Epoch 20/50
375/375 [==============================] - 19s 50ms/step - loss: 0.0538 - sparse_categorical_accuracy: 0.9829 - val_loss: 0.0572 - val_sparse_categorical_accuracy: 0.9827
Epoch 21/50
375/375 [==============================] - 21s 55ms/step - loss: 0.0551 - sparse_categorical_accuracy: 0.9827 - val_loss: 0.0541 - val_sparse_categorical_accuracy: 0.9837
Epoch 22/50
375/375 [==============================] - 19s 51ms/step - loss: 0.0524 - sparse_categorical_accuracy: 0.9836 - val_loss: 0.0626 - val_sparse_categorical_accuracy: 0.9799
Epoch 23/50
375/375 [==============================] - 19s 50ms/step - loss: 0.0532 - sparse_categorical_accuracy: 0.9830 - val_loss: 0.0556 - val_sparse_categorical_accuracy: 0.9830
Epoch 24/50
375/375 [==============================] - 19s 50ms/step - loss: 0.0497 - sparse_categorical_accuracy: 0.9837 - val_loss: 0.0624 - val_sparse_categorical_accuracy: 0.9803
Epoch 25/50
375/375 [==============================] - 19s 50ms/step - loss: 0.0495 - sparse_categorical_accuracy: 0.9845 - val_loss: 0.0634 - val_sparse_categorical_accuracy: 0.9811
Epoch 26/50
375/375 [==============================] - 19s 51ms/step - loss: 0.0494 - sparse_categorical_accuracy: 0.9844 - val_loss: 0.0594 - val_sparse_categorical_accuracy: 0.9816
Epoch 27/50
375/375 [==============================] - 20s 54ms/step - loss: 0.0519 - sparse_categorical_accuracy: 0.9837 - val_loss: 0.0585 - val_sparse_categorical_accuracy: 0.9812
Epoch 28/50
375/375 [==============================] - 19s 51ms/step - loss: 0.0477 - sparse_categorical_accuracy: 0.9851 - val_loss: 0.0565 - val_sparse_categorical_accuracy: 0.9822
Epoch 29/50
375/375 [==============================] - 19s 51ms/step - loss: 0.0493 - sparse_categorical_accuracy: 0.9841 - val_loss: 0.0629 - val_sparse_categorical_accuracy: 0.9800
Epoch 30/50
375/375 [==============================] - 19s 50ms/step - loss: 0.0469 - sparse_categorical_accuracy: 0.9848 - val_loss: 0.0580 - val_sparse_categorical_accuracy: 0.9820
Epoch 31/50
375/375 [==============================] - 19s 50ms/step - loss: 0.0451 - sparse_categorical_accuracy: 0.9860 - val_loss: 0.0520 - val_sparse_categorical_accuracy: 0.9848
Epoch 32/50
375/375 [==============================] - 20s 54ms/step - loss: 0.0465 - sparse_categorical_accuracy: 0.9858 - val_loss: 0.0598 - val_sparse_categorical_accuracy: 0.9834
Epoch 33/50
375/375 [==============================] - 20s 53ms/step - loss: 0.0453 - sparse_categorical_accuracy: 0.9849 - val_loss: 0.0476 - val_sparse_categorical_accuracy: 0.9850
Epoch 34/50
375/375 [==============================] - 19s 52ms/step - loss: 0.0438 - sparse_categorical_accuracy: 0.9859 - val_loss: 0.0596 - val_sparse_categorical_accuracy: 0.9835
Epoch 35/50
375/375 [==============================] - 19s 51ms/step - loss: 0.0428 - sparse_categorical_accuracy: 0.9863 - val_loss: 0.0497 - val_sparse_categorical_accuracy: 0.9844
Epoch 36/50
375/375 [==============================] - 19s 50ms/step - loss: 0.0434 - sparse_categorical_accuracy: 0.9861 - val_loss: 0.0562 - val_sparse_categorical_accuracy: 0.9826
Epoch 37/50
375/375 [==============================] - 19s 50ms/step - loss: 0.0452 - sparse_categorical_accuracy: 0.9854 - val_loss: 0.0514 - val_sparse_categorical_accuracy: 0.9846
Epoch 38/50
375/375 [==============================] - 21s 55ms/step - loss: 0.0421 - sparse_categorical_accuracy: 0.9862 - val_loss: 0.0498 - val_sparse_categorical_accuracy: 0.9843
Epoch 39/50
375/375 [==============================] - 19s 50ms/step - loss: 0.0403 - sparse_categorical_accuracy: 0.9875 - val_loss: 0.0526 - val_sparse_categorical_accuracy: 0.9844
Epoch 40/50
375/375 [==============================] - 19s 50ms/step - loss: 0.0402 - sparse_categorical_accuracy: 0.9873 - val_loss: 0.0500 - val_sparse_categorical_accuracy: 0.9853
Epoch 41/50
375/375 [==============================] - 19s 50ms/step - loss: 0.0410 - sparse_categorical_accuracy: 0.9873 - val_loss: 0.0568 - val_sparse_categorical_accuracy: 0.9824
Epoch 42/50
375/375 [==============================] - 19s 51ms/step - loss: 0.0392 - sparse_categorical_accuracy: 0.9873 - val_loss: 0.0487 - val_sparse_categorical_accuracy: 0.9859
Epoch 43/50
375/375 [==============================] - 19s 51ms/step - loss: 0.0390 - sparse_categorical_accuracy: 0.9872 - val_loss: 0.0520 - val_sparse_categorical_accuracy: 0.9843
Epoch 44/50
375/375 [==============================] - 20s 54ms/step - loss: 0.0420 - sparse_categorical_accuracy: 0.9861 - val_loss: 0.0532 - val_sparse_categorical_accuracy: 0.9834
Epoch 45/50
375/375 [==============================] - 19s 51ms/step - loss: 0.0385 - sparse_categorical_accuracy: 0.9875 - val_loss: 0.0582 - val_sparse_categorical_accuracy: 0.9822
Epoch 46/50
375/375 [==============================] - 19s 50ms/step - loss: 0.0372 - sparse_categorical_accuracy: 0.9883 - val_loss: 0.0512 - val_sparse_categorical_accuracy: 0.9852
Epoch 47/50
375/375 [==============================] - 19s 50ms/step - loss: 0.0387 - sparse_categorical_accuracy: 0.9876 - val_loss: 0.0469 - val_sparse_categorical_accuracy: 0.9857
Epoch 48/50
375/375 [==============================] - 19s 51ms/step - loss: 0.0358 - sparse_categorical_accuracy: 0.9888 - val_loss: 0.0520 - val_sparse_categorical_accuracy: 0.9835
Epoch 49/50
375/375 [==============================] - 20s 54ms/step - loss: 0.0374 - sparse_categorical_accuracy: 0.9876 - val_loss: 0.0543 - val_sparse_categorical_accuracy: 0.9847
Epoch 50/50
375/375 [==============================] - 19s 51ms/step - loss: 0.0376 - sparse_categorical_accuracy: 0.9882 - val_loss: 0.0494 - val_sparse_categorical_accuracy: 0.9858
79/79 [==============================] - 1s 9ms/step - loss: 0.0374 - sparse_categorical_accuracy: 0.9888
---------------------
-- OPTIMIZATION END --
 === TOTAL TIME TAKEN: 995.6655695438385 ==== 
---------------------
{'fitness': 0.9887999892234802, 'epochs': 50, 'filename': '83675515ee94e9ea2bd9194f3a217bb79113b756', 'params': 44837930}