
Path (/content/gdrive/MyDrive/PhD/HiveNAS/res_cutout_1/) already exists!


Would you like to overwrite files in this path? (y/n): y

Configuration file saved successfully to (/content/gdrive/MyDrive/PhD/HiveNAS/res_cutout_1/res_cutout_1.yaml)!


---------------------
-- OPTIMIZATION START --
---------------------

EVALUATION LOG: EmployeeBee ID (0) -- Candidate (input|avg_pool3x3|sep5x5_16|sep3x3_64|avg_pool3x3|output)

Epoch 1/5
625/625 [==============================] - 128s 196ms/step - loss: 2.3032 - sparse_categorical_accuracy: 0.0978 - val_loss: 2.3028 - val_sparse_categorical_accuracy: 0.0937
Epoch 2/5
625/625 [==============================] - 161s 257ms/step - loss: 2.3027 - sparse_categorical_accuracy: 0.1015 - val_loss: 2.3027 - val_sparse_categorical_accuracy: 0.0981
Epoch 3/5
625/625 [==============================] - 118s 189ms/step - loss: 2.3027 - sparse_categorical_accuracy: 0.0984 - val_loss: 2.3028 - val_sparse_categorical_accuracy: 0.0937
Epoch 4/5
625/625 [==============================] - 118s 189ms/step - loss: 2.3027 - sparse_categorical_accuracy: 0.0991 - val_loss: 2.3027 - val_sparse_categorical_accuracy: 0.0937
Epoch 5/5
625/625 [==============================] - 117s 187ms/step - loss: 2.3027 - sparse_categorical_accuracy: 0.0998 - val_loss: 2.3028 - val_sparse_categorical_accuracy: 0.0974
157/157 [==============================] - 1s 7ms/step - loss: 2.3026 - sparse_categorical_accuracy: 0.1000

EVALUATION LOG: EmployeeBee ID (1) -- Candidate (input|sc_2|sep5x5_64|sep5x5_64|sep5x5_64|sep5x5_64|output)

Epoch 1/5
625/625 [==============================] - 123s 196ms/step - loss: 1.9818 - sparse_categorical_accuracy: 0.2754 - val_loss: 1.8153 - val_sparse_categorical_accuracy: 0.3423
Epoch 2/5
625/625 [==============================] - 123s 196ms/step - loss: 1.7621 - sparse_categorical_accuracy: 0.3599 - val_loss: 1.6688 - val_sparse_categorical_accuracy: 0.3955
Epoch 3/5
625/625 [==============================] - 122s 195ms/step - loss: 1.6645 - sparse_categorical_accuracy: 0.4000 - val_loss: 1.6286 - val_sparse_categorical_accuracy: 0.4048
Epoch 4/5
625/625 [==============================] - 121s 194ms/step - loss: 1.5978 - sparse_categorical_accuracy: 0.4289 - val_loss: 1.5124 - val_sparse_categorical_accuracy: 0.4527
Epoch 5/5
625/625 [==============================] - 121s 193ms/step - loss: 1.5197 - sparse_categorical_accuracy: 0.4545 - val_loss: 1.4653 - val_sparse_categorical_accuracy: 0.4660
157/157 [==============================] - 2s 9ms/step - loss: 1.2869 - sparse_categorical_accuracy: 0.5298

EVALUATION LOG: OnlookerBee ID (0) -- Candidate (input|sc_1|sep5x5_64|sep5x5_64|sep5x5_64|sep5x5_64|output)

Epoch 1/5
625/625 [==============================] - 122s 194ms/step - loss: 2.3029 - sparse_categorical_accuracy: 0.0976 - val_loss: 2.3028 - val_sparse_categorical_accuracy: 0.0937
Epoch 2/5
625/625 [==============================] - 121s 193ms/step - loss: 2.3028 - sparse_categorical_accuracy: 0.1001 - val_loss: 2.3028 - val_sparse_categorical_accuracy: 0.0937
Epoch 3/5
625/625 [==============================] - 120s 192ms/step - loss: 2.3027 - sparse_categorical_accuracy: 0.1005 - val_loss: 2.3029 - val_sparse_categorical_accuracy: 0.0937
Epoch 4/5
625/625 [==============================] - 121s 193ms/step - loss: 2.3027 - sparse_categorical_accuracy: 0.0972 - val_loss: 2.3028 - val_sparse_categorical_accuracy: 0.0937
Epoch 5/5
625/625 [==============================] - 120s 193ms/step - loss: 2.3027 - sparse_categorical_accuracy: 0.1008 - val_loss: 2.3028 - val_sparse_categorical_accuracy: 0.0981
157/157 [==============================] - 2s 9ms/step - loss: 2.3026 - sparse_categorical_accuracy: 0.1000

EVALUATION LOG: OnlookerBee ID (1) -- Candidate (input|avg_pool3x3|sep5x5_16|avg_pool3x3|avg_pool3x3|output)

Epoch 1/5
625/625 [==============================] - 99s 158ms/step - loss: 1.9469 - sparse_categorical_accuracy: 0.2916 - val_loss: 1.7843 - val_sparse_categorical_accuracy: 0.3531
Epoch 2/5
625/625 [==============================] - 100s 160ms/step - loss: 1.7393 - sparse_categorical_accuracy: 0.3716 - val_loss: 1.6432 - val_sparse_categorical_accuracy: 0.4043
Epoch 3/5
625/625 [==============================] - 98s 157ms/step - loss: 1.6457 - sparse_categorical_accuracy: 0.4077 - val_loss: 1.5556 - val_sparse_categorical_accuracy: 0.4400
Epoch 4/5
625/625 [==============================] - 98s 157ms/step - loss: 1.5794 - sparse_categorical_accuracy: 0.4339 - val_loss: 1.4936 - val_sparse_categorical_accuracy: 0.4648
Epoch 5/5
625/625 [==============================] - 99s 158ms/step - loss: 1.5257 - sparse_categorical_accuracy: 0.4534 - val_loss: 1.4623 - val_sparse_categorical_accuracy: 0.4771
157/157 [==============================] - 1s 5ms/step - loss: 1.2566 - sparse_categorical_accuracy: 0.5504

EVALUATION LOG: OnlookerBee ID (2) -- Candidate (input|sc_2|sep5x5_64|sep3x3_32|sep5x5_64|sep5x5_64|output)

Epoch 1/5
625/625 [==============================] - 121s 192ms/step - loss: 1.9599 - sparse_categorical_accuracy: 0.2810 - val_loss: 1.7386 - val_sparse_categorical_accuracy: 0.3632
Epoch 2/5
625/625 [==============================] - 119s 191ms/step - loss: 1.7191 - sparse_categorical_accuracy: 0.3814 - val_loss: 1.6424 - val_sparse_categorical_accuracy: 0.4031
Epoch 3/5
625/625 [==============================] - 119s 191ms/step - loss: 1.6316 - sparse_categorical_accuracy: 0.4131 - val_loss: 1.5165 - val_sparse_categorical_accuracy: 0.4491
Epoch 4/5
625/625 [==============================] - 120s 192ms/step - loss: 1.5346 - sparse_categorical_accuracy: 0.4496 - val_loss: 1.4424 - val_sparse_categorical_accuracy: 0.4800
Epoch 5/5
625/625 [==============================] - 119s 191ms/step - loss: 1.4685 - sparse_categorical_accuracy: 0.4748 - val_loss: 1.4049 - val_sparse_categorical_accuracy: 0.5020
157/157 [==============================] - 2s 9ms/step - loss: 1.2007 - sparse_categorical_accuracy: 0.5724
STATUS: itr: 0 -- Best fitness: 0.5723999738693237, Total time (s): 3028.043356657028

EVALUATION LOG: EmployeeBee ID (0) -- Candidate (input|avg_pool3x3|sep5x5_16|sep5x5_16|avg_pool3x3|output)

Epoch 1/5
625/625 [==============================] - 99s 157ms/step - loss: 2.0036 - sparse_categorical_accuracy: 0.2594 - val_loss: 1.8133 - val_sparse_categorical_accuracy: 0.3429
Epoch 2/5
625/625 [==============================] - 98s 157ms/step - loss: 1.8178 - sparse_categorical_accuracy: 0.3450 - val_loss: 1.7323 - val_sparse_categorical_accuracy: 0.3729
Epoch 3/5
625/625 [==============================] - 98s 157ms/step - loss: 1.7328 - sparse_categorical_accuracy: 0.3775 - val_loss: 1.6429 - val_sparse_categorical_accuracy: 0.4027
Epoch 4/5
625/625 [==============================] - 99s 158ms/step - loss: 1.6625 - sparse_categorical_accuracy: 0.4006 - val_loss: 1.5863 - val_sparse_categorical_accuracy: 0.4222
Epoch 5/5
625/625 [==============================] - 98s 157ms/step - loss: 1.6072 - sparse_categorical_accuracy: 0.4211 - val_loss: 1.5460 - val_sparse_categorical_accuracy: 0.4357
157/157 [==============================] - 1s 5ms/step - loss: 1.3594 - sparse_categorical_accuracy: 0.5155

EVALUATION LOG: EmployeeBee ID (1) -- Candidate (input|sc_2|sep5x5_64|sep3x3_32|sep5x5_64|sep3x3_64|output)

Epoch 1/5
625/625 [==============================] - 122s 194ms/step - loss: 1.9309 - sparse_categorical_accuracy: 0.2912 - val_loss: 1.7497 - val_sparse_categorical_accuracy: 0.3640
Epoch 2/5
625/625 [==============================] - 121s 193ms/step - loss: 1.6899 - sparse_categorical_accuracy: 0.3910 - val_loss: 1.6415 - val_sparse_categorical_accuracy: 0.4093
Epoch 3/5
625/625 [==============================] - 122s 195ms/step - loss: 1.5824 - sparse_categorical_accuracy: 0.4285 - val_loss: 1.4962 - val_sparse_categorical_accuracy: 0.4522
Epoch 4/5
625/625 [==============================] - 123s 197ms/step - loss: 1.4973 - sparse_categorical_accuracy: 0.4606 - val_loss: 1.4210 - val_sparse_categorical_accuracy: 0.4900
Epoch 5/5
625/625 [==============================] - 120s 192ms/step - loss: 1.4432 - sparse_categorical_accuracy: 0.4824 - val_loss: 1.3805 - val_sparse_categorical_accuracy: 0.5005
157/157 [==============================] - 2s 10ms/step - loss: 1.1725 - sparse_categorical_accuracy: 0.5742

EVALUATION LOG: OnlookerBee ID (0) -- Candidate (input|sc_2|sep5x5_64|sep3x3_16|sep5x5_64|sep3x3_64|output)

Epoch 1/5
625/625 [==============================] - 120s 191ms/step - loss: 1.9738 - sparse_categorical_accuracy: 0.2749 - val_loss: 1.7664 - val_sparse_categorical_accuracy: 0.3606
Epoch 2/5
625/625 [==============================] - 120s 192ms/step - loss: 1.7356 - sparse_categorical_accuracy: 0.3731 - val_loss: 1.6158 - val_sparse_categorical_accuracy: 0.4073
Epoch 3/5
625/625 [==============================] - 119s 190ms/step - loss: 1.6115 - sparse_categorical_accuracy: 0.4193 - val_loss: 1.5396 - val_sparse_categorical_accuracy: 0.4435
Epoch 4/5
625/625 [==============================] - 120s 193ms/step - loss: 1.5432 - sparse_categorical_accuracy: 0.4451 - val_loss: 1.5058 - val_sparse_categorical_accuracy: 0.4627
Epoch 5/5
625/625 [==============================] - 119s 191ms/step - loss: 1.4872 - sparse_categorical_accuracy: 0.4674 - val_loss: 1.4231 - val_sparse_categorical_accuracy: 0.4839
157/157 [==============================] - 2s 9ms/step - loss: 1.2342 - sparse_categorical_accuracy: 0.5486

EVALUATION LOG: OnlookerBee ID (1) -- Candidate (input|avg_pool3x3|sep5x5_16|dropout|avg_pool3x3|output)

Epoch 1/5
625/625 [==============================] - 98s 156ms/step - loss: 1.9367 - sparse_categorical_accuracy: 0.2960 - val_loss: 1.7430 - val_sparse_categorical_accuracy: 0.3617
Epoch 2/5
625/625 [==============================] - 100s 160ms/step - loss: 1.7207 - sparse_categorical_accuracy: 0.3809 - val_loss: 1.6066 - val_sparse_categorical_accuracy: 0.4209
Epoch 3/5
625/625 [==============================] - 97s 155ms/step - loss: 1.6383 - sparse_categorical_accuracy: 0.4100 - val_loss: 1.5574 - val_sparse_categorical_accuracy: 0.4424
Epoch 4/5
625/625 [==============================] - 98s 156ms/step - loss: 1.5836 - sparse_categorical_accuracy: 0.4305 - val_loss: 1.5088 - val_sparse_categorical_accuracy: 0.4543
Epoch 5/5
625/625 [==============================] - 98s 157ms/step - loss: 1.5494 - sparse_categorical_accuracy: 0.4443 - val_loss: 1.4622 - val_sparse_categorical_accuracy: 0.4755
157/157 [==============================] - 1s 5ms/step - loss: 1.2574 - sparse_categorical_accuracy: 0.5472

EVALUATION LOG: OnlookerBee ID (2) -- Candidate (input|sc_2|sep5x5_64|sep5x5_64|sep5x5_64|sep3x3_64|output)

Epoch 1/5
625/625 [==============================] - 121s 192ms/step - loss: 2.0328 - sparse_categorical_accuracy: 0.2467 - val_loss: 1.8313 - val_sparse_categorical_accuracy: 0.3378
Epoch 2/5
625/625 [==============================] - 122s 195ms/step - loss: 1.7539 - sparse_categorical_accuracy: 0.3663 - val_loss: 1.6031 - val_sparse_categorical_accuracy: 0.4154
Epoch 3/5
625/625 [==============================] - 121s 193ms/step - loss: 1.6029 - sparse_categorical_accuracy: 0.4228 - val_loss: 1.4987 - val_sparse_categorical_accuracy: 0.4643
Epoch 4/5
625/625 [==============================] - 120s 192ms/step - loss: 1.5297 - sparse_categorical_accuracy: 0.4543 - val_loss: 1.4177 - val_sparse_categorical_accuracy: 0.4912
Epoch 5/5
625/625 [==============================] - 121s 194ms/step - loss: 1.4625 - sparse_categorical_accuracy: 0.4774 - val_loss: 1.3869 - val_sparse_categorical_accuracy: 0.5033
157/157 [==============================] - 2s 10ms/step - loss: 1.1867 - sparse_categorical_accuracy: 0.5693
STATUS: itr: 1 -- Best fitness: 0.5741999745368958, Total time (s): 5901.52750825882

EVALUATION LOG: EmployeeBee ID (0) -- Candidate (input|sep5x5_32|sep5x5_16|avg_pool3x3|avg_pool3x3|output)

Epoch 1/5
625/625 [==============================] - 100s 159ms/step - loss: 1.9866 - sparse_categorical_accuracy: 0.2697 - val_loss: 1.7735 - val_sparse_categorical_accuracy: 0.3556
Epoch 2/5
625/625 [==============================] - 99s 159ms/step - loss: 1.7538 - sparse_categorical_accuracy: 0.3629 - val_loss: 1.6495 - val_sparse_categorical_accuracy: 0.4027
Epoch 3/5
625/625 [==============================] - 100s 160ms/step - loss: 1.6381 - sparse_categorical_accuracy: 0.4085 - val_loss: 1.5471 - val_sparse_categorical_accuracy: 0.4405
Epoch 4/5
625/625 [==============================] - 99s 158ms/step - loss: 1.5588 - sparse_categorical_accuracy: 0.4385 - val_loss: 1.4866 - val_sparse_categorical_accuracy: 0.4704
Epoch 5/5
625/625 [==============================] - 99s 159ms/step - loss: 1.5050 - sparse_categorical_accuracy: 0.4619 - val_loss: 1.4490 - val_sparse_categorical_accuracy: 0.4801
157/157 [==============================] - 1s 6ms/step - loss: 1.2500 - sparse_categorical_accuracy: 0.5507

EVALUATION LOG: EmployeeBee ID (1) -- Candidate (input|avg_pool3x3|sc_2|sep5x5_32|sc_2|avg_pool3x3|batch_norm|output)

Epoch 1/5
625/625 [==============================] - 102s 163ms/step - loss: 2.3578 - sparse_categorical_accuracy: 0.2264 - val_loss: 1.9347 - val_sparse_categorical_accuracy: 0.2905
Epoch 2/5
625/625 [==============================] - 102s 163ms/step - loss: 1.8990 - sparse_categorical_accuracy: 0.3110 - val_loss: 1.8460 - val_sparse_categorical_accuracy: 0.3274
Epoch 3/5
625/625 [==============================] - 102s 163ms/step - loss: 1.8263 - sparse_categorical_accuracy: 0.3410 - val_loss: 1.7960 - val_sparse_categorical_accuracy: 0.3430
Epoch 4/5
625/625 [==============================] - 102s 163ms/step - loss: 1.7809 - sparse_categorical_accuracy: 0.3586 - val_loss: 1.7873 - val_sparse_categorical_accuracy: 0.3601
Epoch 5/5
625/625 [==============================] - 102s 163ms/step - loss: 1.7445 - sparse_categorical_accuracy: 0.3750 - val_loss: 1.7027 - val_sparse_categorical_accuracy: 0.3940
157/157 [==============================] - 1s 6ms/step - loss: 1.5210 - sparse_categorical_accuracy: 0.4555

EVALUATION LOG: OnlookerBee ID (0) -- Candidate (input|avg_pool3x3|sc_2|sep5x5_32|avg_pool3x3|batch_norm|output)

Epoch 1/5
625/625 [==============================] - 102s 163ms/step - loss: 2.4317 - sparse_categorical_accuracy: 0.1933 - val_loss: 2.0319 - val_sparse_categorical_accuracy: 0.2503
Epoch 2/5
625/625 [==============================] - 102s 163ms/step - loss: 1.9633 - sparse_categorical_accuracy: 0.2882 - val_loss: 1.8885 - val_sparse_categorical_accuracy: 0.3152
Epoch 3/5
625/625 [==============================] - 101s 162ms/step - loss: 1.8741 - sparse_categorical_accuracy: 0.3239 - val_loss: 1.8155 - val_sparse_categorical_accuracy: 0.3399
Epoch 4/5
625/625 [==============================] - 101s 162ms/step - loss: 1.8187 - sparse_categorical_accuracy: 0.3432 - val_loss: 1.7745 - val_sparse_categorical_accuracy: 0.3559
Epoch 5/5
625/625 [==============================] - 102s 163ms/step - loss: 1.7807 - sparse_categorical_accuracy: 0.3601 - val_loss: 1.7643 - val_sparse_categorical_accuracy: 0.3605
157/157 [==============================] - 1s 6ms/step - loss: 1.5445 - sparse_categorical_accuracy: 0.4404

EVALUATION LOG: OnlookerBee ID (1) -- Candidate (input|sep5x5_32|sep3x3_16|avg_pool3x3|avg_pool3x3|output)

Epoch 1/5
625/625 [==============================] - 99s 158ms/step - loss: 1.9700 - sparse_categorical_accuracy: 0.2790 - val_loss: 1.7974 - val_sparse_categorical_accuracy: 0.3435
Epoch 2/5
625/625 [==============================] - 98s 157ms/step - loss: 1.7721 - sparse_categorical_accuracy: 0.3606 - val_loss: 1.6766 - val_sparse_categorical_accuracy: 0.3937
Epoch 3/5
625/625 [==============================] - 99s 158ms/step - loss: 1.7002 - sparse_categorical_accuracy: 0.3821 - val_loss: 1.6155 - val_sparse_categorical_accuracy: 0.4110
Epoch 4/5
625/625 [==============================] - 98s 157ms/step - loss: 1.6396 - sparse_categorical_accuracy: 0.4064 - val_loss: 1.5576 - val_sparse_categorical_accuracy: 0.4376
Epoch 5/5
625/625 [==============================] - 98s 158ms/step - loss: 1.5785 - sparse_categorical_accuracy: 0.4267 - val_loss: 1.5074 - val_sparse_categorical_accuracy: 0.4558
157/157 [==============================] - 1s 5ms/step - loss: 1.3082 - sparse_categorical_accuracy: 0.5213

EVALUATION LOG: OnlookerBee ID (2) -- Candidate (input|avg_pool3x3|sc_2|sep5x5_32|sc_2|sep3x3_32|batch_norm|output)

Epoch 1/5
625/625 [==============================] - 111s 177ms/step - loss: 2.4240 - sparse_categorical_accuracy: 0.1870 - val_loss: 2.0292 - val_sparse_categorical_accuracy: 0.2408
Epoch 2/5
625/625 [==============================] - 110s 177ms/step - loss: 1.9714 - sparse_categorical_accuracy: 0.2816 - val_loss: 1.8776 - val_sparse_categorical_accuracy: 0.3142
Epoch 3/5
625/625 [==============================] - 110s 177ms/step - loss: 1.8678 - sparse_categorical_accuracy: 0.3277 - val_loss: 1.8458 - val_sparse_categorical_accuracy: 0.3304
Epoch 4/5
625/625 [==============================] - 111s 178ms/step - loss: 1.8065 - sparse_categorical_accuracy: 0.3485 - val_loss: 1.7583 - val_sparse_categorical_accuracy: 0.3675
Epoch 5/5
625/625 [==============================] - 110s 177ms/step - loss: 1.7698 - sparse_categorical_accuracy: 0.3647 - val_loss: 1.7155 - val_sparse_categorical_accuracy: 0.3836
157/157 [==============================] - 1s 7ms/step - loss: 1.5463 - sparse_categorical_accuracy: 0.4426
STATUS: itr: 2 -- Best fitness: 0.5741999745368958, Total time (s): 8559.478783369064

EVALUATION LOG: EmployeeBee ID (0) -- Candidate (input|sep3x3_32|sep3x3_32|sep5x5_64|dropout|output)

Epoch 1/5
625/625 [==============================] - 122s 194ms/step - loss: 2.3029 - sparse_categorical_accuracy: 0.0973 - val_loss: 2.3028 - val_sparse_categorical_accuracy: 0.0999
Epoch 2/5
625/625 [==============================] - 121s 194ms/step - loss: 2.3027 - sparse_categorical_accuracy: 0.0972 - val_loss: 2.3027 - val_sparse_categorical_accuracy: 0.0999
Epoch 3/5
 88/625 [===>..........................] - ETA: 1:28 - loss: 2.3025 - sparse_categorical_accuracy: 0.1042