
Configuration file saved successfully to (/content/gdrive/MyDrive/PhD/HiveNAS/hivenas_aug_a/hivenas_aug_a.yaml)!


------------------------
-- OPTIMIZATION START --
------------------------

EVALUATION LOG: EmployeeBee ID (0) -- Candidate (input|batch_norm|sep3x3_32|batch_norm|avg_pool3x3|output)

Epoch 1/5
313/313 [==============================] - 103s 324ms/step - loss: 2.0736 - sparse_categorical_accuracy: 0.3638 - val_loss: 1.8182 - val_sparse_categorical_accuracy: 0.3794
Epoch 2/5
313/313 [==============================] - 98s 312ms/step - loss: 1.4564 - sparse_categorical_accuracy: 0.4797 - val_loss: 1.3720 - val_sparse_categorical_accuracy: 0.5201
Epoch 3/5
313/313 [==============================] - 97s 308ms/step - loss: 1.3197 - sparse_categorical_accuracy: 0.5339 - val_loss: 1.3144 - val_sparse_categorical_accuracy: 0.5328
Epoch 4/5
313/313 [==============================] - 96s 307ms/step - loss: 1.2383 - sparse_categorical_accuracy: 0.5621 - val_loss: 1.2319 - val_sparse_categorical_accuracy: 0.5690
Epoch 5/5
313/313 [==============================] - 96s 306ms/step - loss: 1.1760 - sparse_categorical_accuracy: 0.5844 - val_loss: 1.1706 - val_sparse_categorical_accuracy: 0.5900
79/79 [==============================] - 1s 8ms/step - loss: 1.0306 - sparse_categorical_accuracy: 0.6446

EVALUATION LOG: EmployeeBee ID (1) -- Candidate (input|max_pool3x3|sep5x5_64|sep5x5_128|avg_pool3x3|output)

Epoch 1/5
313/313 [==============================] - 115s 365ms/step - loss: 1.6741 - sparse_categorical_accuracy: 0.3968 - val_loss: 1.5232 - val_sparse_categorical_accuracy: 0.4429
Epoch 2/5
313/313 [==============================] - 114s 363ms/step - loss: 1.3499 - sparse_categorical_accuracy: 0.5214 - val_loss: 1.2498 - val_sparse_categorical_accuracy: 0.5573
Epoch 3/5
313/313 [==============================] - 113s 362ms/step - loss: 1.2067 - sparse_categorical_accuracy: 0.5736 - val_loss: 1.1835 - val_sparse_categorical_accuracy: 0.5830
Epoch 4/5
313/313 [==============================] - 113s 362ms/step - loss: 1.1118 - sparse_categorical_accuracy: 0.6087 - val_loss: 1.0710 - val_sparse_categorical_accuracy: 0.6242
Epoch 5/5
313/313 [==============================] - 113s 361ms/step - loss: 1.0394 - sparse_categorical_accuracy: 0.6359 - val_loss: 1.0023 - val_sparse_categorical_accuracy: 0.6504
79/79 [==============================] - 2s 17ms/step - loss: 0.9133 - sparse_categorical_accuracy: 0.6796

EVALUATION LOG: EmployeeBee ID (2) -- Candidate (input|batch_norm|batch_norm|avg_pool3x3|max_pool3x3|output)

Epoch 1/5
313/313 [==============================] - 95s 301ms/step - loss: 2.3938 - sparse_categorical_accuracy: 0.3323 - val_loss: 1.7465 - val_sparse_categorical_accuracy: 0.3830
Epoch 2/5
313/313 [==============================] - 95s 305ms/step - loss: 1.6002 - sparse_categorical_accuracy: 0.4313 - val_loss: 1.4788 - val_sparse_categorical_accuracy: 0.4758
Epoch 3/5
313/313 [==============================] - 95s 302ms/step - loss: 1.4837 - sparse_categorical_accuracy: 0.4725 - val_loss: 1.4086 - val_sparse_categorical_accuracy: 0.4993
Epoch 4/5
313/313 [==============================] - 94s 302ms/step - loss: 1.4148 - sparse_categorical_accuracy: 0.4997 - val_loss: 1.3345 - val_sparse_categorical_accuracy: 0.5275
Epoch 5/5
313/313 [==============================] - 94s 302ms/step - loss: 1.3550 - sparse_categorical_accuracy: 0.5212 - val_loss: 1.3378 - val_sparse_categorical_accuracy: 0.5291
79/79 [==============================] - 1s 7ms/step - loss: 1.1818 - sparse_categorical_accuracy: 0.5839

EVALUATION LOG: OnlookerBee ID (0) -- Candidate (input|batch_norm|sep3x3_32|sep5x5_128|avg_pool3x3|output)

Epoch 1/5
313/313 [==============================] - 113s 358ms/step - loss: 1.7692 - sparse_categorical_accuracy: 0.3670 - val_loss: 1.6048 - val_sparse_categorical_accuracy: 0.4331
Epoch 2/5
313/313 [==============================] - 112s 358ms/step - loss: 1.4211 - sparse_categorical_accuracy: 0.4911 - val_loss: 1.2915 - val_sparse_categorical_accuracy: 0.5420
Epoch 3/5
313/313 [==============================] - 112s 358ms/step - loss: 1.2675 - sparse_categorical_accuracy: 0.5491 - val_loss: 1.2364 - val_sparse_categorical_accuracy: 0.5642
Epoch 4/5
313/313 [==============================] - 112s 357ms/step - loss: 1.1645 - sparse_categorical_accuracy: 0.5864 - val_loss: 1.1424 - val_sparse_categorical_accuracy: 0.5984
Epoch 5/5
313/313 [==============================] - 112s 357ms/step - loss: 1.1018 - sparse_categorical_accuracy: 0.6122 - val_loss: 1.0760 - val_sparse_categorical_accuracy: 0.6253
79/79 [==============================] - 1s 16ms/step - loss: 0.9883 - sparse_categorical_accuracy: 0.6564

EVALUATION LOG: OnlookerBee ID (1) -- Candidate (input|dropout|sep3x3_32|sep5x5_128|avg_pool3x3|output)

Epoch 1/5
313/313 [==============================] - 113s 359ms/step - loss: 1.7519 - sparse_categorical_accuracy: 0.3665 - val_loss: 1.6413 - val_sparse_categorical_accuracy: 0.4055
Epoch 2/5
313/313 [==============================] - 112s 359ms/step - loss: 1.4532 - sparse_categorical_accuracy: 0.4818 - val_loss: 1.4008 - val_sparse_categorical_accuracy: 0.5021
Epoch 3/5
313/313 [==============================] - 112s 357ms/step - loss: 1.3169 - sparse_categorical_accuracy: 0.5312 - val_loss: 1.2610 - val_sparse_categorical_accuracy: 0.5559
Epoch 4/5
313/313 [==============================] - 112s 359ms/step - loss: 1.2148 - sparse_categorical_accuracy: 0.5661 - val_loss: 1.1887 - val_sparse_categorical_accuracy: 0.5708
Epoch 5/5
313/313 [==============================] - 113s 362ms/step - loss: 1.1488 - sparse_categorical_accuracy: 0.5939 - val_loss: 1.1041 - val_sparse_categorical_accuracy: 0.6123
79/79 [==============================] - 1s 16ms/step - loss: 0.9044 - sparse_categorical_accuracy: 0.6838

EVALUATION LOG: OnlookerBee ID (2) -- Candidate (input|sep3x3_32|sep5x5_64|sep5x5_128|avg_pool3x3|output)

Epoch 1/5
313/313 [==============================] - 114s 361ms/step - loss: 1.7559 - sparse_categorical_accuracy: 0.3592 - val_loss: 1.5575 - val_sparse_categorical_accuracy: 0.4346
Epoch 2/5
313/313 [==============================] - 113s 360ms/step - loss: 1.4385 - sparse_categorical_accuracy: 0.4825 - val_loss: 1.3157 - val_sparse_categorical_accuracy: 0.5316
Epoch 3/5
313/313 [==============================] - 112s 358ms/step - loss: 1.2622 - sparse_categorical_accuracy: 0.5501 - val_loss: 1.1890 - val_sparse_categorical_accuracy: 0.5766
Epoch 4/5
313/313 [==============================] - 116s 371ms/step - loss: 1.1608 - sparse_categorical_accuracy: 0.5914 - val_loss: 1.1050 - val_sparse_categorical_accuracy: 0.6091
Epoch 5/5
313/313 [==============================] - 116s 369ms/step - loss: 1.0853 - sparse_categorical_accuracy: 0.6181 - val_loss: 1.0478 - val_sparse_categorical_accuracy: 0.6366
79/79 [==============================] - 2s 18ms/step - loss: 0.8940 - sparse_categorical_accuracy: 0.6891

EVALUATION LOG: OnlookerBee ID (3) -- Candidate (input|batch_norm|batch_norm|sep3x3_32|max_pool3x3|output)

Epoch 1/5
313/313 [==============================] - 98s 313ms/step - loss: 2.0175 - sparse_categorical_accuracy: 0.3337 - val_loss: 1.6654 - val_sparse_categorical_accuracy: 0.4007
Epoch 2/5
313/313 [==============================] - 99s 315ms/step - loss: 1.5399 - sparse_categorical_accuracy: 0.4467 - val_loss: 1.4081 - val_sparse_categorical_accuracy: 0.4983
Epoch 3/5
313/313 [==============================] - 97s 309ms/step - loss: 1.4013 - sparse_categorical_accuracy: 0.5046 - val_loss: 1.2919 - val_sparse_categorical_accuracy: 0.5401
Epoch 4/5
313/313 [==============================] - 98s 313ms/step - loss: 1.3277 - sparse_categorical_accuracy: 0.5294 - val_loss: 1.2730 - val_sparse_categorical_accuracy: 0.5463
Epoch 5/5
313/313 [==============================] - 98s 312ms/step - loss: 1.2657 - sparse_categorical_accuracy: 0.5504 - val_loss: 1.2123 - val_sparse_categorical_accuracy: 0.5743
79/79 [==============================] - 1s 7ms/step - loss: 1.0945 - sparse_categorical_accuracy: 0.6185
STATUS: itr: 0 -- Best fitness: 0.6891000270843506, Total time (s): 3728.1919870376587

EVALUATION LOG: EmployeeBee ID (0) -- Candidate (input|sep5x5_128|sep5x5_128|sep3x3_64|sep3x3_64|output)

Epoch 1/5
313/313 [==============================] - 112s 357ms/step - loss: 1.9108 - sparse_categorical_accuracy: 0.2971 - val_loss: 1.6437 - val_sparse_categorical_accuracy: 0.4017
Epoch 2/5
313/313 [==============================] - 112s 357ms/step - loss: 1.5984 - sparse_categorical_accuracy: 0.4203 - val_loss: 1.4725 - val_sparse_categorical_accuracy: 0.4759
Epoch 3/5
313/313 [==============================] - 112s 358ms/step - loss: 1.4565 - sparse_categorical_accuracy: 0.4762 - val_loss: 1.4327 - val_sparse_categorical_accuracy: 0.4877
Epoch 4/5
313/313 [==============================] - 112s 357ms/step - loss: 1.3419 - sparse_categorical_accuracy: 0.5245 - val_loss: 1.2402 - val_sparse_categorical_accuracy: 0.5559
Epoch 5/5
313/313 [==============================] - 112s 357ms/step - loss: 1.2528 - sparse_categorical_accuracy: 0.5535 - val_loss: 1.1758 - val_sparse_categorical_accuracy: 0.5853
79/79 [==============================] - 2s 17ms/step - loss: 0.9951 - sparse_categorical_accuracy: 0.6514

EVALUATION LOG: EmployeeBee ID (1) -- Candidate (input|sep5x5_64|sep5x5_64|sep5x5_128|avg_pool3x3|output)

Epoch 1/5
313/313 [==============================] - 113s 358ms/step - loss: 1.7531 - sparse_categorical_accuracy: 0.3625 - val_loss: 1.5799 - val_sparse_categorical_accuracy: 0.4259
Epoch 2/5
313/313 [==============================] - 111s 356ms/step - loss: 1.4460 - sparse_categorical_accuracy: 0.4822 - val_loss: 1.3266 - val_sparse_categorical_accuracy: 0.5254
Epoch 3/5
313/313 [==============================] - 112s 358ms/step - loss: 1.3052 - sparse_categorical_accuracy: 0.5363 - val_loss: 1.2565 - val_sparse_categorical_accuracy: 0.5609
Epoch 4/5
313/313 [==============================] - 111s 356ms/step - loss: 1.2048 - sparse_categorical_accuracy: 0.5719 - val_loss: 1.1440 - val_sparse_categorical_accuracy: 0.5881
Epoch 5/5
313/313 [==============================] - 111s 356ms/step - loss: 1.1279 - sparse_categorical_accuracy: 0.6024 - val_loss: 1.0766 - val_sparse_categorical_accuracy: 0.6140
79/79 [==============================] - 2s 19ms/step - loss: 0.9238 - sparse_categorical_accuracy: 0.6824

EVALUATION LOG: EmployeeBee ID (2) -- Candidate (input|sep5x5_128|batch_norm|sep3x3_32|max_pool3x3|output)

Epoch 1/5
313/313 [==============================] - 101s 321ms/step - loss: 1.9421 - sparse_categorical_accuracy: 0.3248 - val_loss: 2.0280 - val_sparse_categorical_accuracy: 0.3647
Epoch 2/5
313/313 [==============================] - 99s 317ms/step - loss: 1.5006 - sparse_categorical_accuracy: 0.4632 - val_loss: 1.4071 - val_sparse_categorical_accuracy: 0.5045
Epoch 3/5
313/313 [==============================] - 100s 319ms/step - loss: 1.3457 - sparse_categorical_accuracy: 0.5200 - val_loss: 1.2679 - val_sparse_categorical_accuracy: 0.5484
Epoch 4/5
313/313 [==============================] - 101s 322ms/step - loss: 1.2329 - sparse_categorical_accuracy: 0.5629 - val_loss: 1.1925 - val_sparse_categorical_accuracy: 0.5801
Epoch 5/5
313/313 [==============================] - 100s 319ms/step - loss: 1.1560 - sparse_categorical_accuracy: 0.5937 - val_loss: 1.1450 - val_sparse_categorical_accuracy: 0.5987
79/79 [==============================] - 1s 11ms/step - loss: 1.1271 - sparse_categorical_accuracy: 0.6187

EVALUATION LOG: OnlookerBee ID (0) -- Candidate (input|sep5x5_128|batch_norm|sep3x3_32|avg_pool3x3|output)

Epoch 1/5
313/313 [==============================] - 101s 320ms/step - loss: 1.7293 - sparse_categorical_accuracy: 0.3783 - val_loss: 2.0767 - val_sparse_categorical_accuracy: 0.4224
Epoch 2/5
313/313 [==============================] - 100s 320ms/step - loss: 1.4037 - sparse_categorical_accuracy: 0.4979 - val_loss: 1.3576 - val_sparse_categorical_accuracy: 0.5347
Epoch 3/5
313/313 [==============================] - 100s 320ms/step - loss: 1.2745 - sparse_categorical_accuracy: 0.5472 - val_loss: 1.1988 - val_sparse_categorical_accuracy: 0.5723
Epoch 4/5
313/313 [==============================] - 100s 320ms/step - loss: 1.1832 - sparse_categorical_accuracy: 0.5800 - val_loss: 1.1355 - val_sparse_categorical_accuracy: 0.6005
Epoch 5/5
313/313 [==============================] - 100s 320ms/step - loss: 1.1112 - sparse_categorical_accuracy: 0.6061 - val_loss: 1.0739 - val_sparse_categorical_accuracy: 0.6217
79/79 [==============================] - 1s 10ms/step - loss: 0.9710 - sparse_categorical_accuracy: 0.6629

EVALUATION LOG: OnlookerBee ID (1) -- Candidate (input|sep5x5_128|avg_pool3x3|sep3x3_64|sep3x3_64|output)

Epoch 1/5
313/313 [==============================] - 108s 343ms/step - loss: 1.7669 - sparse_categorical_accuracy: 0.3566 - val_loss: 1.5880 - val_sparse_categorical_accuracy: 0.4236
Epoch 2/5
313/313 [==============================] - 108s 346ms/step - loss: 1.4731 - sparse_categorical_accuracy: 0.4725 - val_loss: 1.4189 - val_sparse_categorical_accuracy: 0.4933
Epoch 3/5
313/313 [==============================] - 108s 346ms/step - loss: 1.3382 - sparse_categorical_accuracy: 0.5220 - val_loss: 1.2554 - val_sparse_categorical_accuracy: 0.5517
Epoch 4/5
313/313 [==============================] - 108s 345ms/step - loss: 1.2403 - sparse_categorical_accuracy: 0.5597 - val_loss: 1.1726 - val_sparse_categorical_accuracy: 0.5847
Epoch 5/5
313/313 [==============================] - 108s 344ms/step - loss: 1.1603 - sparse_categorical_accuracy: 0.5906 - val_loss: 1.1413 - val_sparse_categorical_accuracy: 0.6009
79/79 [==============================] - 1s 15ms/step - loss: 1.0060 - sparse_categorical_accuracy: 0.6487

EVALUATION LOG: OnlookerBee ID (2) -- Candidate (input|sep5x5_128|dropout|sep3x3_32|avg_pool3x3|output)

Epoch 1/5
313/313 [==============================] - 102s 324ms/step - loss: 1.6996 - sparse_categorical_accuracy: 0.3832 - val_loss: 1.5536 - val_sparse_categorical_accuracy: 0.4361
Epoch 2/5
313/313 [==============================] - 101s 321ms/step - loss: 1.4415 - sparse_categorical_accuracy: 0.4891 - val_loss: 1.3274 - val_sparse_categorical_accuracy: 0.5303
Epoch 3/5
313/313 [==============================] - 101s 322ms/step - loss: 1.2989 - sparse_categorical_accuracy: 0.5394 - val_loss: 1.2208 - val_sparse_categorical_accuracy: 0.5648
Epoch 4/5
313/313 [==============================] - 101s 323ms/step - loss: 1.2089 - sparse_categorical_accuracy: 0.5742 - val_loss: 1.2057 - val_sparse_categorical_accuracy: 0.5731
Epoch 5/5
313/313 [==============================] - 101s 321ms/step - loss: 1.1517 - sparse_categorical_accuracy: 0.5932 - val_loss: 1.1305 - val_sparse_categorical_accuracy: 0.5993
79/79 [==============================] - 1s 10ms/step - loss: 1.0185 - sparse_categorical_accuracy: 0.6425

EVALUATION LOG: OnlookerBee ID (3) -- Candidate (input|sep5x5_128|sep5x5_128|avg_pool3x3|sep3x3_64|output)

Epoch 1/5
313/313 [==============================] - 112s 357ms/step - loss: 1.7807 - sparse_categorical_accuracy: 0.3491 - val_loss: 1.6007 - val_sparse_categorical_accuracy: 0.4196
Epoch 2/5
313/313 [==============================] - 112s 358ms/step - loss: 1.4788 - sparse_categorical_accuracy: 0.4667 - val_loss: 1.3444 - val_sparse_categorical_accuracy: 0.5197
Epoch 3/5
313/313 [==============================] - 112s 358ms/step - loss: 1.3302 - sparse_categorical_accuracy: 0.5238 - val_loss: 1.2560 - val_sparse_categorical_accuracy: 0.5523
Epoch 4/5
313/313 [==============================] - 112s 358ms/step - loss: 1.2197 - sparse_categorical_accuracy: 0.5688 - val_loss: 1.1702 - val_sparse_categorical_accuracy: 0.5829
Epoch 5/5
313/313 [==============================] - 111s 355ms/step - loss: 1.1340 - sparse_categorical_accuracy: 0.6029 - val_loss: 1.0974 - val_sparse_categorical_accuracy: 0.6176
79/79 [==============================] - 1s 17ms/step - loss: 0.9306 - sparse_categorical_accuracy: 0.6741
STATUS: itr: 1 -- Best fitness: 0.6891000270843506, Total time (s): 7544.976569414139

EVALUATION LOG: EmployeeBee ID (0) -- Candidate (input|avg_pool3x3|max_pool3x3|batch_norm|sep3x3_64|output)

Epoch 1/5
313/313 [==============================] - 100s 319ms/step - loss: 1.8334 - sparse_categorical_accuracy: 0.3742 - val_loss: 1.5308 - val_sparse_categorical_accuracy: 0.4479
Epoch 2/5
313/313 [==============================] - 100s 320ms/step - loss: 1.4504 - sparse_categorical_accuracy: 0.4806 - val_loss: 1.3461 - val_sparse_categorical_accuracy: 0.5172
Epoch 3/5
313/313 [==============================] - 100s 318ms/step - loss: 1.3534 - sparse_categorical_accuracy: 0.5157 - val_loss: 1.3002 - val_sparse_categorical_accuracy: 0.5394
Epoch 4/5
313/313 [==============================] - 100s 320ms/step - loss: 1.2847 - sparse_categorical_accuracy: 0.5438 - val_loss: 1.2803 - val_sparse_categorical_accuracy: 0.5485
Epoch 5/5
313/313 [==============================] - 100s 321ms/step - loss: 1.2387 - sparse_categorical_accuracy: 0.5614 - val_loss: 1.1795 - val_sparse_categorical_accuracy: 0.5862
79/79 [==============================] - 1s 10ms/step - loss: 1.0091 - sparse_categorical_accuracy: 0.6456

EVALUATION LOG: EmployeeBee ID (1) -- Candidate (input|dropout|dropout|max_pool3x3|batch_norm|output)

Epoch 1/5
313/313 [==============================] - 95s 301ms/step - loss: 2.3639 - sparse_categorical_accuracy: 0.3282 - val_loss: 1.7449 - val_sparse_categorical_accuracy: 0.3471
Epoch 2/5
313/313 [==============================] - 93s 298ms/step - loss: 1.5640 - sparse_categorical_accuracy: 0.4421 - val_loss: 1.5570 - val_sparse_categorical_accuracy: 0.4464
Epoch 3/5
313/313 [==============================] - 93s 297ms/step - loss: 1.4445 - sparse_categorical_accuracy: 0.4887 - val_loss: 1.4290 - val_sparse_categorical_accuracy: 0.4825
Epoch 4/5
313/313 [==============================] - 94s 300ms/step - loss: 1.3800 - sparse_categorical_accuracy: 0.5132 - val_loss: 1.3817 - val_sparse_categorical_accuracy: 0.5128
Epoch 5/5
313/313 [==============================] - 93s 298ms/step - loss: 1.3353 - sparse_categorical_accuracy: 0.5307 - val_loss: 1.3098 - val_sparse_categorical_accuracy: 0.5375
79/79 [==============================] - 1s 7ms/step - loss: 1.1743 - sparse_categorical_accuracy: 0.5944

EVALUATION LOG: EmployeeBee ID (2) -- Candidate (input|sep5x5_128|sep5x5_32|sep5x5_128|sep3x3_64|output)

Epoch 1/5
313/313 [==============================] - 113s 360ms/step - loss: 1.8884 - sparse_categorical_accuracy: 0.3017 - val_loss: 1.6436 - val_sparse_categorical_accuracy: 0.3988
Epoch 2/5
313/313 [==============================] - 112s 358ms/step - loss: 1.5740 - sparse_categorical_accuracy: 0.4290 - val_loss: 1.4637 - val_sparse_categorical_accuracy: 0.4742
Epoch 3/5
313/313 [==============================] - 112s 358ms/step - loss: 1.4300 - sparse_categorical_accuracy: 0.4902 - val_loss: 1.3487 - val_sparse_categorical_accuracy: 0.5162
Epoch 4/5
313/313 [==============================] - 112s 358ms/step - loss: 1.3207 - sparse_categorical_accuracy: 0.5301 - val_loss: 1.2726 - val_sparse_categorical_accuracy: 0.5454
Epoch 5/5
313/313 [==============================] - 112s 357ms/step - loss: 1.2302 - sparse_categorical_accuracy: 0.5618 - val_loss: 1.1939 - val_sparse_categorical_accuracy: 0.5773
79/79 [==============================] - 1s 16ms/step - loss: 0.9965 - sparse_categorical_accuracy: 0.6480

EVALUATION LOG: OnlookerBee ID (0) -- Candidate (input|dropout|dropout|sep3x3_32|batch_norm|output)

Epoch 1/5
313/313 [==============================] - 95s 302ms/step - loss: 1.9499 - sparse_categorical_accuracy: 0.3597 - val_loss: 1.7511 - val_sparse_categorical_accuracy: 0.3850
Epoch 2/5
313/313 [==============================] - 95s 304ms/step - loss: 1.5360 - sparse_categorical_accuracy: 0.4518 - val_loss: 1.5749 - val_sparse_categorical_accuracy: 0.4538
Epoch 3/5
313/313 [==============================] - 94s 302ms/step - loss: 1.4334 - sparse_categorical_accuracy: 0.4899 - val_loss: 1.5405 - val_sparse_categorical_accuracy: 0.4640
Epoch 4/5
313/313 [==============================] - 94s 302ms/step - loss: 1.3617 - sparse_categorical_accuracy: 0.5184 - val_loss: 1.4469 - val_sparse_categorical_accuracy: 0.5039
Epoch 5/5
313/313 [==============================] - 95s 304ms/step - loss: 1.2959 - sparse_categorical_accuracy: 0.5423 - val_loss: 1.4813 - val_sparse_categorical_accuracy: 0.5049
79/79 [==============================] - 1s 8ms/step - loss: 1.4210 - sparse_categorical_accuracy: 0.5505

EVALUATION LOG: OnlookerBee ID (1) -- Candidate (input|sep5x5_128|sep3x3_64|sep5x5_128|sep3x3_64|output)

Epoch 1/5
313/313 [==============================] - 113s 358ms/step - loss: 1.9324 - sparse_categorical_accuracy: 0.2867 - val_loss: 1.7007 - val_sparse_categorical_accuracy: 0.3803
Epoch 2/5
313/313 [==============================] - 112s 358ms/step - loss: 1.5934 - sparse_categorical_accuracy: 0.4201 - val_loss: 1.5111 - val_sparse_categorical_accuracy: 0.4539
Epoch 3/5
313/313 [==============================] - 113s 362ms/step - loss: 1.4293 - sparse_categorical_accuracy: 0.4863 - val_loss: 1.3682 - val_sparse_categorical_accuracy: 0.5109
Epoch 4/5
313/313 [==============================] - 115s 367ms/step - loss: 1.3444 - sparse_categorical_accuracy: 0.5203 - val_loss: 1.2867 - val_sparse_categorical_accuracy: 0.5386
Epoch 5/5
313/313 [==============================] - 114s 365ms/step - loss: 1.2679 - sparse_categorical_accuracy: 0.5490 - val_loss: 1.2005 - val_sparse_categorical_accuracy: 0.5720
79/79 [==============================] - 1s 16ms/step - loss: 1.0212 - sparse_categorical_accuracy: 0.6433

EVALUATION LOG: OnlookerBee ID (2) -- Candidate (input|sep5x5_128|sep5x5_32|sep5x5_32|sep3x3_64|output)

Epoch 1/5
313/313 [==============================] - 111s 354ms/step - loss: 1.9081 - sparse_categorical_accuracy: 0.2948 - val_loss: 1.6604 - val_sparse_categorical_accuracy: 0.3952
Epoch 2/5
313/313 [==============================] - 110s 351ms/step - loss: 1.6008 - sparse_categorical_accuracy: 0.4205 - val_loss: 1.5526 - val_sparse_categorical_accuracy: 0.4402
Epoch 3/5
313/313 [==============================] - 111s 353ms/step - loss: 1.4508 - sparse_categorical_accuracy: 0.4787 - val_loss: 1.3838 - val_sparse_categorical_accuracy: 0.5070
Epoch 4/5
313/313 [==============================] - 111s 354ms/step - loss: 1.3662 - sparse_categorical_accuracy: 0.5121 - val_loss: 1.3078 - val_sparse_categorical_accuracy: 0.5348
Epoch 5/5
313/313 [==============================] - 111s 354ms/step - loss: 1.2878 - sparse_categorical_accuracy: 0.5414 - val_loss: 1.2881 - val_sparse_categorical_accuracy: 0.5430
79/79 [==============================] - 1s 14ms/step - loss: 1.2184 - sparse_categorical_accuracy: 0.5745

EVALUATION LOG: OnlookerBee ID (3) -- Candidate (input|avg_pool3x3|dropout|max_pool3x3|batch_norm|output)

Epoch 1/5
313/313 [==============================] - 96s 306ms/step - loss: 2.4386 - sparse_categorical_accuracy: 0.3154 - val_loss: 1.7494 - val_sparse_categorical_accuracy: 0.3759
Epoch 2/5
313/313 [==============================] - 95s 303ms/step - loss: 1.6176 - sparse_categorical_accuracy: 0.4225 - val_loss: 1.5763 - val_sparse_categorical_accuracy: 0.4253
Epoch 3/5
313/313 [==============================] - 94s 301ms/step - loss: 1.5027 - sparse_categorical_accuracy: 0.4667 - val_loss: 1.4412 - val_sparse_categorical_accuracy: 0.4879
Epoch 4/5
313/313 [==============================] - 95s 304ms/step - loss: 1.4261 - sparse_categorical_accuracy: 0.4958 - val_loss: 1.4069 - val_sparse_categorical_accuracy: 0.4959
Epoch 5/5
313/313 [==============================] - 95s 302ms/step - loss: 1.3650 - sparse_categorical_accuracy: 0.5174 - val_loss: 1.4111 - val_sparse_categorical_accuracy: 0.4965
79/79 [==============================] - 1s 7ms/step - loss: 1.2412 - sparse_categorical_accuracy: 0.5631
STATUS: itr: 2 -- Best fitness: 0.6891000270843506, Total time (s): 11237.277903556824

EVALUATION LOG: EmployeeBee ID (0) -- Candidate (input|avg_pool3x3|max_pool3x3|avg_pool3x3|sep3x3_64|output)

Epoch 1/5
313/313 [==============================] - 102s 325ms/step - loss: 1.8119 - sparse_categorical_accuracy: 0.3724 - val_loss: 1.6537 - val_sparse_categorical_accuracy: 0.3972
Epoch 2/5
313/313 [==============================] - 101s 322ms/step - loss: 1.4513 - sparse_categorical_accuracy: 0.4804 - val_loss: 1.3478 - val_sparse_categorical_accuracy: 0.5206
Epoch 3/5
313/313 [==============================] - 101s 321ms/step - loss: 1.3417 - sparse_categorical_accuracy: 0.5240 - val_loss: 1.2748 - val_sparse_categorical_accuracy: 0.5440
Epoch 4/5
313/313 [==============================] - 100s 320ms/step - loss: 1.2572 - sparse_categorical_accuracy: 0.5568 - val_loss: 1.1947 - val_sparse_categorical_accuracy: 0.5835
Epoch 5/5
313/313 [==============================] - 100s 319ms/step - loss: 1.2133 - sparse_categorical_accuracy: 0.5711 - val_loss: 1.1669 - val_sparse_categorical_accuracy: 0.5881
79/79 [==============================] - 1s 10ms/step - loss: 0.9961 - sparse_categorical_accuracy: 0.6512

EVALUATION LOG: EmployeeBee ID (1) -- Candidate (input|avg_pool3x3|avg_pool3x3|sep3x3_32|sep5x5_64|output)

Epoch 1/5
313/313 [==============================] - 103s 327ms/step - loss: 1.7112 - sparse_categorical_accuracy: 0.3794 - val_loss: 1.5258 - val_sparse_categorical_accuracy: 0.4501
Epoch 2/5
313/313 [==============================] - 102s 325ms/step - loss: 1.4481 - sparse_categorical_accuracy: 0.4881 - val_loss: 1.3875 - val_sparse_categorical_accuracy: 0.5065
Epoch 3/5
313/313 [==============================] - 102s 327ms/step - loss: 1.3231 - sparse_categorical_accuracy: 0.5320 - val_loss: 1.2792 - val_sparse_categorical_accuracy: 0.5480
Epoch 4/5
313/313 [==============================] - 103s 330ms/step - loss: 1.2537 - sparse_categorical_accuracy: 0.5564 - val_loss: 1.1966 - val_sparse_categorical_accuracy: 0.5748
Epoch 5/5
313/313 [==============================] - 102s 325ms/step - loss: 1.1903 - sparse_categorical_accuracy: 0.5804 - val_loss: 1.1931 - val_sparse_categorical_accuracy: 0.5786
79/79 [==============================] - 1s 10ms/step - loss: 1.0038 - sparse_categorical_accuracy: 0.6465

EVALUATION LOG: EmployeeBee ID (2) -- Candidate (input|sep3x3_32|sep3x3_64|avg_pool3x3|sep5x5_64|output)

Epoch 1/5
313/313 [==============================] - 105s 335ms/step - loss: 1.7825 - sparse_categorical_accuracy: 0.3539 - val_loss: 1.5873 - val_sparse_categorical_accuracy: 0.4159
Epoch 2/5
313/313 [==============================] - 105s 335ms/step - loss: 1.4888 - sparse_categorical_accuracy: 0.4656 - val_loss: 1.3367 - val_sparse_categorical_accuracy: 0.5233
Epoch 3/5
313/313 [==============================] - 104s 333ms/step - loss: 1.3339 - sparse_categorical_accuracy: 0.5227 - val_loss: 1.2249 - val_sparse_categorical_accuracy: 0.5650
Epoch 4/5
313/313 [==============================] - 105s 335ms/step - loss: 1.2270 - sparse_categorical_accuracy: 0.5631 - val_loss: 1.1716 - val_sparse_categorical_accuracy: 0.5792
Epoch 5/5
313/313 [==============================] - 104s 333ms/step - loss: 1.1591 - sparse_categorical_accuracy: 0.5885 - val_loss: 1.1194 - val_sparse_categorical_accuracy: 0.6096
79/79 [==============================] - 1s 12ms/step - loss: 1.0262 - sparse_categorical_accuracy: 0.6443

EVALUATION LOG: OnlookerBee ID (0) -- Candidate (input|sep3x3_32|sep5x5_32|avg_pool3x3|sep5x5_64|output)

Epoch 1/5
313/313 [==============================] - 103s 329ms/step - loss: 1.7698 - sparse_categorical_accuracy: 0.3565 - val_loss: 1.6071 - val_sparse_categorical_accuracy: 0.4190
Epoch 2/5
313/313 [==============================] - 103s 329ms/step - loss: 1.4693 - sparse_categorical_accuracy: 0.4723 - val_loss: 1.3832 - val_sparse_categorical_accuracy: 0.4970
Epoch 3/5
313/313 [==============================] - 103s 328ms/step - loss: 1.3330 - sparse_categorical_accuracy: 0.5256 - val_loss: 1.2597 - val_sparse_categorical_accuracy: 0.5435
Epoch 4/5
313/313 [==============================] - 102s 328ms/step - loss: 1.2438 - sparse_categorical_accuracy: 0.5596 - val_loss: 1.1820 - val_sparse_categorical_accuracy: 0.5769
Epoch 5/5
313/313 [==============================] - 103s 329ms/step - loss: 1.1675 - sparse_categorical_accuracy: 0.5867 - val_loss: 1.1471 - val_sparse_categorical_accuracy: 0.5917
79/79 [==============================] - 1s 11ms/step - loss: 1.0063 - sparse_categorical_accuracy: 0.6433

EVALUATION LOG: OnlookerBee ID (1) -- Candidate (input|max_pool3x3|avg_pool3x3|sep3x3_32|sep5x5_64|output)

Epoch 1/5
313/313 [==============================] - 102s 324ms/step - loss: 1.6817 - sparse_categorical_accuracy: 0.3958 - val_loss: 1.5781 - val_sparse_categorical_accuracy: 0.4416
Epoch 2/5
313/313 [==============================] - 101s 324ms/step - loss: 1.3803 - sparse_categorical_accuracy: 0.5074 - val_loss: 1.3254 - val_sparse_categorical_accuracy: 0.5243
Epoch 3/5
313/313 [==============================] - 102s 325ms/step - loss: 1.2595 - sparse_categorical_accuracy: 0.5551 - val_loss: 1.2154 - val_sparse_categorical_accuracy: 0.5660
Epoch 4/5
313/313 [==============================] - 103s 330ms/step - loss: 1.1836 - sparse_categorical_accuracy: 0.5837 - val_loss: 1.1273 - val_sparse_categorical_accuracy: 0.6098
Epoch 5/5
313/313 [==============================] - 104s 331ms/step - loss: 1.1181 - sparse_categorical_accuracy: 0.6079 - val_loss: 1.0805 - val_sparse_categorical_accuracy: 0.6178
79/79 [==============================] - 1s 11ms/step - loss: 0.9679 - sparse_categorical_accuracy: 0.6575

EVALUATION LOG: OnlookerBee ID (2) -- Candidate (input|avg_pool3x3|sep5x5_32|avg_pool3x3|sep3x3_64|output)

Epoch 1/5
313/313 [==============================] - 104s 330ms/step - loss: 1.7375 - sparse_categorical_accuracy: 0.3711 - val_loss: 1.6512 - val_sparse_categorical_accuracy: 0.4067
Epoch 2/5
313/313 [==============================] - 103s 329ms/step - loss: 1.4550 - sparse_categorical_accuracy: 0.4791 - val_loss: 1.3486 - val_sparse_categorical_accuracy: 0.5163
Epoch 3/5
313/313 [==============================] - 103s 329ms/step - loss: 1.3382 - sparse_categorical_accuracy: 0.5284 - val_loss: 1.2626 - val_sparse_categorical_accuracy: 0.5557
Epoch 4/5
313/313 [==============================] - 104s 331ms/step - loss: 1.2457 - sparse_categorical_accuracy: 0.5591 - val_loss: 1.2223 - val_sparse_categorical_accuracy: 0.5657
Epoch 5/5
313/313 [==============================] - 103s 328ms/step - loss: 1.1790 - sparse_categorical_accuracy: 0.5809 - val_loss: 1.1437 - val_sparse_categorical_accuracy: 0.5946
79/79 [==============================] - 1s 10ms/step - loss: 1.0042 - sparse_categorical_accuracy: 0.6549

EVALUATION LOG: OnlookerBee ID (3) -- Candidate (input|avg_pool3x3|sep5x5_32|avg_pool3x3|max_pool3x3|output)

Epoch 1/5
313/313 [==============================] - 97s 310ms/step - loss: 1.8505 - sparse_categorical_accuracy: 0.3480 - val_loss: 1.5996 - val_sparse_categorical_accuracy: 0.4182
Epoch 2/5
313/313 [==============================] - 98s 312ms/step - loss: 1.5254 - sparse_categorical_accuracy: 0.4564 - val_loss: 1.4176 - val_sparse_categorical_accuracy: 0.4869
Epoch 3/5
313/313 [==============================] - 97s 311ms/step - loss: 1.4242 - sparse_categorical_accuracy: 0.4949 - val_loss: 1.3574 - val_sparse_categorical_accuracy: 0.5165
Epoch 4/5
313/313 [==============================] - 97s 310ms/step - loss: 1.3391 - sparse_categorical_accuracy: 0.5290 - val_loss: 1.2716 - val_sparse_categorical_accuracy: 0.5544
Epoch 5/5
313/313 [==============================] - 97s 311ms/step - loss: 1.2861 - sparse_categorical_accuracy: 0.5450 - val_loss: 1.2398 - val_sparse_categorical_accuracy: 0.5610
79/79 [==============================] - 1s 8ms/step - loss: 1.0275 - sparse_categorical_accuracy: 0.6373
STATUS: itr: 3 -- Best fitness: 0.6891000270843506, Total time (s): 14945.268761873245

EVALUATION LOG: EmployeeBee ID (0) -- Candidate (input|avg_pool3x3|sep3x3_64|batch_norm|sep5x5_32|output)

Epoch 1/5
313/313 [==============================] - 100s 318ms/step - loss: 1.7434 - sparse_categorical_accuracy: 0.3742 - val_loss: 2.0916 - val_sparse_categorical_accuracy: 0.3725
Epoch 2/5
313/313 [==============================] - 100s 319ms/step - loss: 1.4595 - sparse_categorical_accuracy: 0.4792 - val_loss: 1.4541 - val_sparse_categorical_accuracy: 0.4901
Epoch 3/5
313/313 [==============================] - 100s 320ms/step - loss: 1.3490 - sparse_categorical_accuracy: 0.5215 - val_loss: 1.3057 - val_sparse_categorical_accuracy: 0.5352
Epoch 4/5
313/313 [==============================] - 100s 321ms/step - loss: 1.2755 - sparse_categorical_accuracy: 0.5474 - val_loss: 1.2610 - val_sparse_categorical_accuracy: 0.5588
Epoch 5/5
313/313 [==============================] - 100s 320ms/step - loss: 1.2143 - sparse_categorical_accuracy: 0.5683 - val_loss: 1.1688 - val_sparse_categorical_accuracy: 0.5851
79/79 [==============================] - 1s 9ms/step - loss: 1.1069 - sparse_categorical_accuracy: 0.6196

EVALUATION LOG: EmployeeBee ID (1) -- Candidate (input|max_pool3x3|avg_pool3x3|sep3x3_32|sep3x3_64|output)

Epoch 1/5
313/313 [==============================] - 103s 328ms/step - loss: 1.6978 - sparse_categorical_accuracy: 0.3919 - val_loss: 1.5412 - val_sparse_categorical_accuracy: 0.4472
Epoch 2/5
313/313 [==============================] - 103s 328ms/step - loss: 1.3905 - sparse_categorical_accuracy: 0.5088 - val_loss: 1.3408 - val_sparse_categorical_accuracy: 0.5243
Epoch 3/5
313/313 [==============================] - 103s 329ms/step - loss: 1.2633 - sparse_categorical_accuracy: 0.5555 - val_loss: 1.1911 - val_sparse_categorical_accuracy: 0.5833
Epoch 4/5
313/313 [==============================] - 102s 327ms/step - loss: 1.1852 - sparse_categorical_accuracy: 0.5824 - val_loss: 1.1834 - val_sparse_categorical_accuracy: 0.5800
Epoch 5/5
313/313 [==============================] - 103s 328ms/step - loss: 1.1334 - sparse_categorical_accuracy: 0.6008 - val_loss: 1.1000 - val_sparse_categorical_accuracy: 0.6101
79/79 [==============================] - 1s 10ms/step - loss: 0.9085 - sparse_categorical_accuracy: 0.6864

EVALUATION LOG: EmployeeBee ID (2) -- Candidate (input|sep3x3_32|sep3x3_64|avg_pool3x3|sep5x5_128|output)

Epoch 1/5
313/313 [==============================] - 115s 366ms/step - loss: 1.7414 - sparse_categorical_accuracy: 0.3635 - val_loss: 1.5426 - val_sparse_categorical_accuracy: 0.4363
Epoch 2/5
313/313 [==============================] - 114s 364ms/step - loss: 1.4472 - sparse_categorical_accuracy: 0.4771 - val_loss: 1.3653 - val_sparse_categorical_accuracy: 0.5096
Epoch 3/5
313/313 [==============================] - 114s 364ms/step - loss: 1.2984 - sparse_categorical_accuracy: 0.5377 - val_loss: 1.2166 - val_sparse_categorical_accuracy: 0.5724
Epoch 4/5
313/313 [==============================] - 114s 364ms/step - loss: 1.1920 - sparse_categorical_accuracy: 0.5803 - val_loss: 1.1251 - val_sparse_categorical_accuracy: 0.6011
Epoch 5/5
313/313 [==============================] - 113s 361ms/step - loss: 1.1095 - sparse_categorical_accuracy: 0.6079 - val_loss: 1.0589 - val_sparse_categorical_accuracy: 0.6240
79/79 [==============================] - 1s 17ms/step - loss: 0.9015 - sparse_categorical_accuracy: 0.6848

EVALUATION LOG: OnlookerBee ID (0) -- Candidate (input|sep3x3_32|sep3x3_64|sep3x3_32|sep5x5_128|output)

Epoch 1/5
313/313 [==============================] - 114s 363ms/step - loss: 1.9084 - sparse_categorical_accuracy: 0.2962 - val_loss: 1.6841 - val_sparse_categorical_accuracy: 0.3799
Epoch 2/5
313/313 [==============================] - 113s 362ms/step - loss: 1.5896 - sparse_categorical_accuracy: 0.4254 - val_loss: 1.5063 - val_sparse_categorical_accuracy: 0.4623
Epoch 3/5
313/313 [==============================] - 114s 364ms/step - loss: 1.4240 - sparse_categorical_accuracy: 0.4936 - val_loss: 1.3593 - val_sparse_categorical_accuracy: 0.5150
Epoch 4/5
313/313 [==============================] - 114s 364ms/step - loss: 1.3284 - sparse_categorical_accuracy: 0.5289 - val_loss: 1.2569 - val_sparse_categorical_accuracy: 0.5552
Epoch 5/5
313/313 [==============================] - 113s 360ms/step - loss: 1.2361 - sparse_categorical_accuracy: 0.5623 - val_loss: 1.1780 - val_sparse_categorical_accuracy: 0.5819
79/79 [==============================] - 1s 16ms/step - loss: 1.0362 - sparse_categorical_accuracy: 0.6349

EVALUATION LOG: OnlookerBee ID (1) -- Candidate (input|sep3x3_32|sep3x3_64|avg_pool3x3|max_pool3x3|output)

Epoch 1/5
313/313 [==============================] - 104s 331ms/step - loss: 1.7585 - sparse_categorical_accuracy: 0.3667 - val_loss: 1.5847 - val_sparse_categorical_accuracy: 0.4259
Epoch 2/5
313/313 [==============================] - 104s 331ms/step - loss: 1.4188 - sparse_categorical_accuracy: 0.4937 - val_loss: 1.3319 - val_sparse_categorical_accuracy: 0.5377
Epoch 3/5
313/313 [==============================] - 103s 329ms/step - loss: 1.2832 - sparse_categorical_accuracy: 0.5430 - val_loss: 1.2056 - val_sparse_categorical_accuracy: 0.5679
Epoch 4/5
313/313 [==============================] - 103s 329ms/step - loss: 1.1873 - sparse_categorical_accuracy: 0.5820 - val_loss: 1.1191 - val_sparse_categorical_accuracy: 0.6021
Epoch 5/5
313/313 [==============================] - 102s 326ms/step - loss: 1.1175 - sparse_categorical_accuracy: 0.6047 - val_loss: 1.0680 - val_sparse_categorical_accuracy: 0.6182
79/79 [==============================] - 1s 11ms/step - loss: 0.9114 - sparse_categorical_accuracy: 0.6806

EVALUATION LOG: OnlookerBee ID (2) -- Candidate (input|sep5x5_128|avg_pool3x3|sep3x3_32|sep3x3_64|output)

Epoch 1/5
313/313 [==============================] - 109s 345ms/step - loss: 1.7812 - sparse_categorical_accuracy: 0.3554 - val_loss: 1.6100 - val_sparse_categorical_accuracy: 0.4175
Epoch 2/5
313/313 [==============================] - 109s 347ms/step - loss: 1.4960 - sparse_categorical_accuracy: 0.4651 - val_loss: 1.4354 - val_sparse_categorical_accuracy: 0.4910
Epoch 3/5
313/313 [==============================] - 108s 345ms/step - loss: 1.3712 - sparse_categorical_accuracy: 0.5142 - val_loss: 1.3121 - val_sparse_categorical_accuracy: 0.5331
Epoch 4/5
313/313 [==============================] - 108s 344ms/step - loss: 1.2731 - sparse_categorical_accuracy: 0.5484 - val_loss: 1.2415 - val_sparse_categorical_accuracy: 0.5613
Epoch 5/5
313/313 [==============================] - 108s 346ms/step - loss: 1.2015 - sparse_categorical_accuracy: 0.5735 - val_loss: 1.1321 - val_sparse_categorical_accuracy: 0.5992
79/79 [==============================] - 1s 14ms/step - loss: 0.9802 - sparse_categorical_accuracy: 0.6545

EVALUATION LOG: OnlookerBee ID (3) -- Candidate (input|sep3x3_128|sep3x3_64|avg_pool3x3|sep5x5_128|output)

Epoch 1/5
313/313 [==============================] - 114s 363ms/step - loss: 1.7575 - sparse_categorical_accuracy: 0.3593 - val_loss: 1.5717 - val_sparse_categorical_accuracy: 0.4349
Epoch 2/5
313/313 [==============================] - 113s 363ms/step - loss: 1.4423 - sparse_categorical_accuracy: 0.4821 - val_loss: 1.3372 - val_sparse_categorical_accuracy: 0.5234
Epoch 3/5
313/313 [==============================] - 114s 364ms/step - loss: 1.2653 - sparse_categorical_accuracy: 0.5516 - val_loss: 1.1760 - val_sparse_categorical_accuracy: 0.5817
Epoch 4/5
313/313 [==============================] - 113s 363ms/step - loss: 1.1354 - sparse_categorical_accuracy: 0.5968 - val_loss: 1.0620 - val_sparse_categorical_accuracy: 0.6240
Epoch 5/5
313/313 [==============================] - 114s 363ms/step - loss: 1.0622 - sparse_categorical_accuracy: 0.6247 - val_loss: 1.0357 - val_sparse_categorical_accuracy: 0.6365
79/79 [==============================] - 2s 18ms/step - loss: 0.8922 - sparse_categorical_accuracy: 0.6859
STATUS: itr: 4 -- Best fitness: 0.6891000270843506, Total time (s): 18908.916945934296

EVALUATION LOG: EmployeeBee ID (0) -- Candidate (input|avg_pool3x3|sep3x3_32|batch_norm|sep5x5_32|output)

Epoch 1/5
313/313 [==============================] - 98s 312ms/step - loss: 1.7670 - sparse_categorical_accuracy: 0.3665 - val_loss: 2.0588 - val_sparse_categorical_accuracy: 0.3418
Epoch 2/5
313/313 [==============================] - 98s 312ms/step - loss: 1.5063 - sparse_categorical_accuracy: 0.4592 - val_loss: 1.4648 - val_sparse_categorical_accuracy: 0.4830
Epoch 3/5
313/313 [==============================] - 99s 316ms/step - loss: 1.3923 - sparse_categorical_accuracy: 0.5017 - val_loss: 1.3178 - val_sparse_categorical_accuracy: 0.5359
Epoch 4/5
313/313 [==============================] - 97s 311ms/step - loss: 1.3149 - sparse_categorical_accuracy: 0.5318 - val_loss: 1.3151 - val_sparse_categorical_accuracy: 0.5340
Epoch 5/5
313/313 [==============================] - 97s 310ms/step - loss: 1.2610 - sparse_categorical_accuracy: 0.5534 - val_loss: 1.2555 - val_sparse_categorical_accuracy: 0.5510
79/79 [==============================] - 1s 9ms/step - loss: 1.1170 - sparse_categorical_accuracy: 0.6049

EVALUATION LOG: EmployeeBee ID (1) -- Candidate (input|sep5x5_128|max_pool3x3|sep3x3_32|sep5x5_64|output)

Epoch 1/5
313/313 [==============================] - 110s 349ms/step - loss: 1.7537 - sparse_categorical_accuracy: 0.3587 - val_loss: 1.5353 - val_sparse_categorical_accuracy: 0.4419
Epoch 2/5
313/313 [==============================] - 108s 346ms/step - loss: 1.4401 - sparse_categorical_accuracy: 0.4848 - val_loss: 1.3245 - val_sparse_categorical_accuracy: 0.5220
Epoch 3/5
313/313 [==============================] - 108s 345ms/step - loss: 1.2718 - sparse_categorical_accuracy: 0.5460 - val_loss: 1.2501 - val_sparse_categorical_accuracy: 0.5565
Epoch 4/5
313/313 [==============================] - 109s 347ms/step - loss: 1.1816 - sparse_categorical_accuracy: 0.5817 - val_loss: 1.1391 - val_sparse_categorical_accuracy: 0.5985
Epoch 5/5
313/313 [==============================] - 108s 346ms/step - loss: 1.1115 - sparse_categorical_accuracy: 0.6082 - val_loss: 1.1327 - val_sparse_categorical_accuracy: 0.6015
79/79 [==============================] - 1s 14ms/step - loss: 1.0646 - sparse_categorical_accuracy: 0.6411

EVALUATION LOG: EmployeeBee ID (2) -- Candidate (input|sep3x3_64|sep5x5_64|sep3x3_64|avg_pool3x3|output)

Epoch 1/5
313/313 [==============================] - 108s 344ms/step - loss: 1.7694 - sparse_categorical_accuracy: 0.3559 - val_loss: 1.6034 - val_sparse_categorical_accuracy: 0.4209
Epoch 2/5
313/313 [==============================] - 107s 342ms/step - loss: 1.4380 - sparse_categorical_accuracy: 0.4845 - val_loss: 1.3224 - val_sparse_categorical_accuracy: 0.5274
Epoch 3/5
313/313 [==============================] - 106s 339ms/step - loss: 1.2839 - sparse_categorical_accuracy: 0.5440 - val_loss: 1.1866 - val_sparse_categorical_accuracy: 0.5726
Epoch 4/5
313/313 [==============================] - 107s 342ms/step - loss: 1.1830 - sparse_categorical_accuracy: 0.5819 - val_loss: 1.1361 - val_sparse_categorical_accuracy: 0.5977
Epoch 5/5
313/313 [==============================] - 106s 340ms/step - loss: 1.1057 - sparse_categorical_accuracy: 0.6100 - val_loss: 1.0817 - val_sparse_categorical_accuracy: 0.6167
79/79 [==============================] - 1s 13ms/step - loss: 0.8846 - sparse_categorical_accuracy: 0.6863

EVALUATION LOG: OnlookerBee ID (0) -- Candidate (input|avg_pool3x3|sep3x3_64|sep3x3_128|sep5x5_32|output)

Epoch 1/5
313/313 [==============================] - 106s 336ms/step - loss: 1.7974 - sparse_categorical_accuracy: 0.3430 - val_loss: 1.6250 - val_sparse_categorical_accuracy: 0.4115
Epoch 2/5
313/313 [==============================] - 105s 336ms/step - loss: 1.5153 - sparse_categorical_accuracy: 0.4523 - val_loss: 1.4279 - val_sparse_categorical_accuracy: 0.4746
Epoch 3/5
313/313 [==============================] - 105s 335ms/step - loss: 1.3761 - sparse_categorical_accuracy: 0.5066 - val_loss: 1.3032 - val_sparse_categorical_accuracy: 0.5365
Epoch 4/5
313/313 [==============================] - 105s 336ms/step - loss: 1.2703 - sparse_categorical_accuracy: 0.5482 - val_loss: 1.2433 - val_sparse_categorical_accuracy: 0.5550
Epoch 5/5
313/313 [==============================] - 105s 337ms/step - loss: 1.1998 - sparse_categorical_accuracy: 0.5764 - val_loss: 1.1416 - val_sparse_categorical_accuracy: 0.5990
79/79 [==============================] - 1s 12ms/step - loss: 0.9926 - sparse_categorical_accuracy: 0.6502

EVALUATION LOG: OnlookerBee ID (1) -- Candidate (input|sep5x5_128|max_pool3x3|sep5x5_64|sep5x5_64|output)

Epoch 1/5
313/313 [==============================] - 114s 362ms/step - loss: 1.7391 - sparse_categorical_accuracy: 0.3677 - val_loss: 1.4899 - val_sparse_categorical_accuracy: 0.4597
Epoch 2/5
313/313 [==============================] - 113s 362ms/step - loss: 1.3908 - sparse_categorical_accuracy: 0.5037 - val_loss: 1.2558 - val_sparse_categorical_accuracy: 0.5558
Epoch 3/5
313/313 [==============================] - 113s 360ms/step - loss: 1.2457 - sparse_categorical_accuracy: 0.5614 - val_loss: 1.1617 - val_sparse_categorical_accuracy: 0.5888
Epoch 4/5
313/313 [==============================] - 113s 361ms/step - loss: 1.1311 - sparse_categorical_accuracy: 0.6000 - val_loss: 1.0825 - val_sparse_categorical_accuracy: 0.6141
Epoch 5/5
313/313 [==============================] - 113s 361ms/step - loss: 1.0636 - sparse_categorical_accuracy: 0.6281 - val_loss: 1.0226 - val_sparse_categorical_accuracy: 0.6451
79/79 [==============================] - 1s 15ms/step - loss: 0.9060 - sparse_categorical_accuracy: 0.6908

EVALUATION LOG: OnlookerBee ID (2) -- Candidate (input|sep3x3_32|sep3x3_64|sep3x3_128|sep5x5_32|output)

Epoch 1/5
313/313 [==============================] - 106s 337ms/step - loss: 2.3028 - sparse_categorical_accuracy: 0.0993 - val_loss: 2.3027 - val_sparse_categorical_accuracy: 0.1001
Epoch 2/5
313/313 [==============================] - 106s 339ms/step - loss: 2.3027 - sparse_categorical_accuracy: 0.1004 - val_loss: 2.3028 - val_sparse_categorical_accuracy: 0.0937
Epoch 3/5
313/313 [==============================] - 107s 341ms/step - loss: 2.3027 - sparse_categorical_accuracy: 0.1009 - val_loss: 2.3028 - val_sparse_categorical_accuracy: 0.0937
Epoch 4/5
313/313 [==============================] - 106s 339ms/step - loss: 2.3027 - sparse_categorical_accuracy: 0.1001 - val_loss: 2.3027 - val_sparse_categorical_accuracy: 0.0974
Epoch 5/5
313/313 [==============================] - 106s 339ms/step - loss: 2.3027 - sparse_categorical_accuracy: 0.1002 - val_loss: 2.3028 - val_sparse_categorical_accuracy: 0.0937
79/79 [==============================] - 1s 12ms/step - loss: 2.3026 - sparse_categorical_accuracy: 0.1000

EVALUATION LOG: OnlookerBee ID (3) -- Candidate (input|sep5x5_32|sep5x5_64|sep3x3_64|avg_pool3x3|output)

Epoch 1/5
313/313 [==============================] - 106s 338ms/step - loss: 1.7665 - sparse_categorical_accuracy: 0.3592 - val_loss: 1.5380 - val_sparse_categorical_accuracy: 0.4416
Epoch 2/5
313/313 [==============================] - 106s 338ms/step - loss: 1.4639 - sparse_categorical_accuracy: 0.4780 - val_loss: 1.3615 - val_sparse_categorical_accuracy: 0.5102
Epoch 3/5
313/313 [==============================] - 106s 338ms/step - loss: 1.3237 - sparse_categorical_accuracy: 0.5315 - val_loss: 1.2326 - val_sparse_categorical_accuracy: 0.5638
Epoch 4/5
313/313 [==============================] - 105s 335ms/step - loss: 1.2329 - sparse_categorical_accuracy: 0.5625 - val_loss: 1.2273 - val_sparse_categorical_accuracy: 0.5658
Epoch 5/5
313/313 [==============================] - 105s 336ms/step - loss: 1.1586 - sparse_categorical_accuracy: 0.5896 - val_loss: 1.0905 - val_sparse_categorical_accuracy: 0.6159
79/79 [==============================] - 1s 12ms/step - loss: 0.9642 - sparse_categorical_accuracy: 0.6636
STATUS: itr: 5 -- Best fitness: 0.6908000111579895, Total time (s): 22937.50899219513

EVALUATION LOG: EmployeeBee ID (0) -- Candidate (input|sep3x3_32|dropout|sep5x5_128|sep3x3_32|output)

Epoch 1/5
313/313 [==============================] - 103s 326ms/step - loss: 1.7831 - sparse_categorical_accuracy: 0.3487 - val_loss: 1.5944 - val_sparse_categorical_accuracy: 0.4213
Epoch 2/5
313/313 [==============================] - 102s 327ms/step - loss: 1.4852 - sparse_categorical_accuracy: 0.4683 - val_loss: 1.4009 - val_sparse_categorical_accuracy: 0.4915
Epoch 3/5
313/313 [==============================] - 102s 327ms/step - loss: 1.3440 - sparse_categorical_accuracy: 0.5198 - val_loss: 1.2738 - val_sparse_categorical_accuracy: 0.5477
Epoch 4/5
313/313 [==============================] - 102s 325ms/step - loss: 1.2487 - sparse_categorical_accuracy: 0.5573 - val_loss: 1.1783 - val_sparse_categorical_accuracy: 0.5761
Epoch 5/5
313/313 [==============================] - 102s 325ms/step - loss: 1.1718 - sparse_categorical_accuracy: 0.5838 - val_loss: 1.1611 - val_sparse_categorical_accuracy: 0.5911
79/79 [==============================] - 1s 11ms/step - loss: 1.1730 - sparse_categorical_accuracy: 0.6025

EVALUATION LOG: EmployeeBee ID (1) -- Candidate (input|sep3x3_64|max_pool3x3|sep5x5_64|sep5x5_64|output)

Epoch 1/5
313/313 [==============================] - 109s 347ms/step - loss: 1.7000 - sparse_categorical_accuracy: 0.3853 - val_loss: 1.4993 - val_sparse_categorical_accuracy: 0.4606
Epoch 2/5
313/313 [==============================] - 107s 343ms/step - loss: 1.3724 - sparse_categorical_accuracy: 0.5086 - val_loss: 1.2507 - val_sparse_categorical_accuracy: 0.5580
Epoch 3/5
313/313 [==============================] - 108s 344ms/step - loss: 1.2203 - sparse_categorical_accuracy: 0.5679 - val_loss: 1.1370 - val_sparse_categorical_accuracy: 0.5987
Epoch 4/5
313/313 [==============================] - 108s 346ms/step - loss: 1.1222 - sparse_categorical_accuracy: 0.6058 - val_loss: 1.1050 - val_sparse_categorical_accuracy: 0.6185
Epoch 5/5
313/313 [==============================] - 108s 345ms/step - loss: 1.0435 - sparse_categorical_accuracy: 0.6317 - val_loss: 1.0337 - val_sparse_categorical_accuracy: 0.6349
79/79 [==============================] - 1s 13ms/step - loss: 0.8520 - sparse_categorical_accuracy: 0.7025

EVALUATION LOG: EmployeeBee ID (2) -- Candidate (input|sep3x3_64|sep5x5_64|sep3x3_64|sep3x3_64|output)

Epoch 1/5
313/313 [==============================] - 109s 347ms/step - loss: 1.8436 - sparse_categorical_accuracy: 0.3235 - val_loss: 1.6438 - val_sparse_categorical_accuracy: 0.3989
Epoch 2/5
313/313 [==============================] - 109s 350ms/step - loss: 1.5156 - sparse_categorical_accuracy: 0.4550 - val_loss: 1.4204 - val_sparse_categorical_accuracy: 0.4973
Epoch 3/5
313/313 [==============================] - 108s 346ms/step - loss: 1.3774 - sparse_categorical_accuracy: 0.5082 - val_loss: 1.3181 - val_sparse_categorical_accuracy: 0.5269
Epoch 4/5
313/313 [==============================] - 108s 346ms/step - loss: 1.2929 - sparse_categorical_accuracy: 0.5445 - val_loss: 1.2620 - val_sparse_categorical_accuracy: 0.5511
Epoch 5/5
313/313 [==============================] - 109s 347ms/step - loss: 1.2113 - sparse_categorical_accuracy: 0.5709 - val_loss: 1.1413 - val_sparse_categorical_accuracy: 0.5971
79/79 [==============================] - 1s 13ms/step - loss: 0.9977 - sparse_categorical_accuracy: 0.6509

EVALUATION LOG: OnlookerBee ID (0) -- Candidate (input|sep3x3_64|avg_pool3x3|sep5x5_64|sep5x5_64|output)

Epoch 1/5
313/313 [==============================] - 109s 346ms/step - loss: 1.7521 - sparse_categorical_accuracy: 0.3582 - val_loss: 1.5524 - val_sparse_categorical_accuracy: 0.4426
Epoch 2/5
313/313 [==============================] - 109s 347ms/step - loss: 1.4522 - sparse_categorical_accuracy: 0.4829 - val_loss: 1.3394 - val_sparse_categorical_accuracy: 0.5187
Epoch 3/5
313/313 [==============================] - 108s 345ms/step - loss: 1.3012 - sparse_categorical_accuracy: 0.5366 - val_loss: 1.2197 - val_sparse_categorical_accuracy: 0.5600
Epoch 4/5
313/313 [==============================] - 108s 345ms/step - loss: 1.1884 - sparse_categorical_accuracy: 0.5797 - val_loss: 1.1434 - val_sparse_categorical_accuracy: 0.5950
Epoch 5/5
313/313 [==============================] - 108s 345ms/step - loss: 1.1061 - sparse_categorical_accuracy: 0.6101 - val_loss: 1.1237 - val_sparse_categorical_accuracy: 0.6068
79/79 [==============================] - 1s 13ms/step - loss: 0.9596 - sparse_categorical_accuracy: 0.6666

EVALUATION LOG: OnlookerBee ID (1) -- Candidate (input|sep5x5_128|dropout|sep5x5_128|sep3x3_32|output)

Epoch 1/5
313/313 [==============================] - 110s 351ms/step - loss: 1.7647 - sparse_categorical_accuracy: 0.3586 - val_loss: 1.5675 - val_sparse_categorical_accuracy: 0.4368
Epoch 2/5
313/313 [==============================] - 110s 351ms/step - loss: 1.4489 - sparse_categorical_accuracy: 0.4827 - val_loss: 1.3160 - val_sparse_categorical_accuracy: 0.5318
Epoch 3/5
313/313 [==============================] - 110s 350ms/step - loss: 1.2972 - sparse_categorical_accuracy: 0.5427 - val_loss: 1.2342 - val_sparse_categorical_accuracy: 0.5672
Epoch 4/5
313/313 [==============================] - 109s 349ms/step - loss: 1.2011 - sparse_categorical_accuracy: 0.5756 - val_loss: 1.1448 - val_sparse_categorical_accuracy: 0.5904
Epoch 5/5
313/313 [==============================] - 110s 352ms/step - loss: 1.1324 - sparse_categorical_accuracy: 0.5991 - val_loss: 1.0891 - val_sparse_categorical_accuracy: 0.6102
79/79 [==============================] - 1s 14ms/step - loss: 0.9778 - sparse_categorical_accuracy: 0.6558

EVALUATION LOG: OnlookerBee ID (2) -- Candidate (input|sep5x5_64|dropout|sep5x5_128|sep3x3_32|output)

Epoch 1/5
313/313 [==============================] - 105s 335ms/step - loss: 1.7878 - sparse_categorical_accuracy: 0.3494 - val_loss: 1.6400 - val_sparse_categorical_accuracy: 0.4012
Epoch 2/5
313/313 [==============================] - 105s 336ms/step - loss: 1.5146 - sparse_categorical_accuracy: 0.4556 - val_loss: 1.3935 - val_sparse_categorical_accuracy: 0.4938
Epoch 3/5
313/313 [==============================] - 106s 337ms/step - loss: 1.3867 - sparse_categorical_accuracy: 0.5032 - val_loss: 1.3087 - val_sparse_categorical_accuracy: 0.5295
Epoch 4/5
313/313 [==============================] - 105s 336ms/step - loss: 1.2832 - sparse_categorical_accuracy: 0.5465 - val_loss: 1.2106 - val_sparse_categorical_accuracy: 0.5724
Epoch 5/5
313/313 [==============================] - 105s 335ms/step - loss: 1.2054 - sparse_categorical_accuracy: 0.5766 - val_loss: 1.1401 - val_sparse_categorical_accuracy: 0.5950
79/79 [==============================] - 1s 12ms/step - loss: 0.9551 - sparse_categorical_accuracy: 0.6606

EVALUATION LOG: OnlookerBee ID (3) -- Candidate (input|sep5x5_64|sep5x5_128|sep5x5_128|sep3x3_32|output)

Epoch 1/5
313/313 [==============================] - 113s 359ms/step - loss: 2.3028 - sparse_categorical_accuracy: 0.0981 - val_loss: 2.3026 - val_sparse_categorical_accuracy: 0.0981
Epoch 2/5
313/313 [==============================] - 112s 358ms/step - loss: 2.3027 - sparse_categorical_accuracy: 0.0987 - val_loss: 2.3028 - val_sparse_categorical_accuracy: 0.0937
Epoch 3/5
313/313 [==============================] - 112s 357ms/step - loss: 2.3027 - sparse_categorical_accuracy: 0.1005 - val_loss: 2.3028 - val_sparse_categorical_accuracy: 0.0937
Epoch 4/5
313/313 [==============================] - 112s 359ms/step - loss: 2.3027 - sparse_categorical_accuracy: 0.1007 - val_loss: 2.3028 - val_sparse_categorical_accuracy: 0.0937
Epoch 5/5
313/313 [==============================] - 112s 359ms/step - loss: 2.3027 - sparse_categorical_accuracy: 0.0992 - val_loss: 2.3028 - val_sparse_categorical_accuracy: 0.0937
79/79 [==============================] - 1s 15ms/step - loss: 2.3026 - sparse_categorical_accuracy: 0.1000
STATUS: itr: 6 -- Best fitness: 0.7024999856948853, Total time (s): 26891.752900838852

EVALUATION LOG: EmployeeBee ID (0) -- Candidate (input|avg_pool3x3|sep3x3_128|dropout|sep3x3_64|output)

Epoch 1/5
313/313 [==============================] - 108s 344ms/step - loss: 1.6895 - sparse_categorical_accuracy: 0.3921 - val_loss: 1.5143 - val_sparse_categorical_accuracy: 0.4614
Epoch 2/5
313/313 [==============================] - 107s 343ms/step - loss: 1.4123 - sparse_categorical_accuracy: 0.4959 - val_loss: 1.3253 - val_sparse_categorical_accuracy: 0.5296
Epoch 3/5
313/313 [==============================] - 107s 342ms/step - loss: 1.2905 - sparse_categorical_accuracy: 0.5426 - val_loss: 1.2030 - val_sparse_categorical_accuracy: 0.5704
Epoch 4/5
313/313 [==============================] - 108s 345ms/step - loss: 1.1881 - sparse_categorical_accuracy: 0.5773 - val_loss: 1.1201 - val_sparse_categorical_accuracy: 0.6004
Epoch 5/5
313/313 [==============================] - 108s 344ms/step - loss: 1.1322 - sparse_categorical_accuracy: 0.6002 - val_loss: 1.0916 - val_sparse_categorical_accuracy: 0.6136
79/79 [==============================] - 1s 13ms/step - loss: 0.9287 - sparse_categorical_accuracy: 0.6774

EVALUATION LOG: EmployeeBee ID (1) -- Candidate (input|sep5x5_64|sep3x3_64|max_pool3x3|sep5x5_128|output)

Epoch 1/5
313/313 [==============================] - 116s 369ms/step - loss: 1.7082 - sparse_categorical_accuracy: 0.3830 - val_loss: 1.6101 - val_sparse_categorical_accuracy: 0.4100
Epoch 2/5
313/313 [==============================] - 115s 367ms/step - loss: 1.3833 - sparse_categorical_accuracy: 0.5077 - val_loss: 1.2466 - val_sparse_categorical_accuracy: 0.5598
Epoch 3/5
313/313 [==============================] - 115s 366ms/step - loss: 1.2210 - sparse_categorical_accuracy: 0.5659 - val_loss: 1.1493 - val_sparse_categorical_accuracy: 0.5980
Epoch 4/5
313/313 [==============================] - 115s 369ms/step - loss: 1.1190 - sparse_categorical_accuracy: 0.6063 - val_loss: 1.1089 - val_sparse_categorical_accuracy: 0.6123
Epoch 5/5
313/313 [==============================] - 115s 368ms/step - loss: 1.0440 - sparse_categorical_accuracy: 0.6336 - val_loss: 0.9787 - val_sparse_categorical_accuracy: 0.6508
79/79 [==============================] - 2s 17ms/step - loss: 0.8400 - sparse_categorical_accuracy: 0.7104

EVALUATION LOG: EmployeeBee ID (2) -- Candidate (input|batch_norm|avg_pool3x3|sep5x5_64|batch_norm|output)

Epoch 1/5
313/313 [==============================] - 104s 330ms/step - loss: 2.3792 - sparse_categorical_accuracy: 0.3253 - val_loss: 1.9015 - val_sparse_categorical_accuracy: 0.3615
Epoch 2/5
313/313 [==============================] - 103s 329ms/step - loss: 1.5482 - sparse_categorical_accuracy: 0.4427 - val_loss: 1.4672 - val_sparse_categorical_accuracy: 0.4700
Epoch 3/5
313/313 [==============================] - 103s 329ms/step - loss: 1.4154 - sparse_categorical_accuracy: 0.4913 - val_loss: 1.3670 - val_sparse_categorical_accuracy: 0.5052
Epoch 4/5
313/313 [==============================] - 102s 328ms/step - loss: 1.3328 - sparse_categorical_accuracy: 0.5225 - val_loss: 1.2762 - val_sparse_categorical_accuracy: 0.5479
Epoch 5/5
313/313 [==============================] - 102s 326ms/step - loss: 1.2571 - sparse_categorical_accuracy: 0.5544 - val_loss: 1.2410 - val_sparse_categorical_accuracy: 0.5612
79/79 [==============================] - 1s 10ms/step - loss: 1.0578 - sparse_categorical_accuracy: 0.6273

EVALUATION LOG: OnlookerBee ID (0) -- Candidate (input|max_pool3x3|sep3x3_64|max_pool3x3|sep5x5_128|output)

Epoch 1/5
313/313 [==============================] - 114s 364ms/step - loss: 1.6837 - sparse_categorical_accuracy: 0.3893 - val_loss: 1.4852 - val_sparse_categorical_accuracy: 0.4585
Epoch 2/5
313/313 [==============================] - 114s 364ms/step - loss: 1.3345 - sparse_categorical_accuracy: 0.5265 - val_loss: 1.2317 - val_sparse_categorical_accuracy: 0.5682
Epoch 3/5
313/313 [==============================] - 114s 365ms/step - loss: 1.2096 - sparse_categorical_accuracy: 0.5746 - val_loss: 1.1373 - val_sparse_categorical_accuracy: 0.6021
Epoch 4/5
313/313 [==============================] - 115s 367ms/step - loss: 1.1278 - sparse_categorical_accuracy: 0.6015 - val_loss: 1.0675 - val_sparse_categorical_accuracy: 0.6217
Epoch 5/5
313/313 [==============================] - 114s 364ms/step - loss: 1.0674 - sparse_categorical_accuracy: 0.6259 - val_loss: 1.0396 - val_sparse_categorical_accuracy: 0.6363
79/79 [==============================] - 1s 17ms/step - loss: 0.8248 - sparse_categorical_accuracy: 0.7085

EVALUATION LOG: OnlookerBee ID (1) -- Candidate (input|batch_norm|avg_pool3x3|sep3x3_128|batch_norm|output)

Epoch 1/5
313/313 [==============================] - 113s 358ms/step - loss: 3.6910 - sparse_categorical_accuracy: 0.2790 - val_loss: 1.9983 - val_sparse_categorical_accuracy: 0.3331
Epoch 2/5
313/313 [==============================] - 112s 359ms/step - loss: 1.6408 - sparse_categorical_accuracy: 0.4130 - val_loss: 1.5279 - val_sparse_categorical_accuracy: 0.4566
Epoch 3/5
313/313 [==============================] - 111s 356ms/step - loss: 1.4456 - sparse_categorical_accuracy: 0.4847 - val_loss: 1.3999 - val_sparse_categorical_accuracy: 0.4996
Epoch 4/5
313/313 [==============================] - 112s 357ms/step - loss: 1.3285 - sparse_categorical_accuracy: 0.5270 - val_loss: 1.2655 - val_sparse_categorical_accuracy: 0.5517
Epoch 5/5
313/313 [==============================] - 112s 359ms/step - loss: 1.2407 - sparse_categorical_accuracy: 0.5602 - val_loss: 1.2007 - val_sparse_categorical_accuracy: 0.5776
79/79 [==============================] - 1s 15ms/step - loss: 0.9810 - sparse_categorical_accuracy: 0.6549

EVALUATION LOG: OnlookerBee ID (2) -- Candidate (input|sep3x3_32|avg_pool3x3|sep3x3_128|batch_norm|output)

Epoch 1/5
313/313 [==============================] - 114s 361ms/step - loss: 1.7614 - sparse_categorical_accuracy: 0.3860 - val_loss: 2.1551 - val_sparse_categorical_accuracy: 0.2971
Epoch 2/5
313/313 [==============================] - 113s 362ms/step - loss: 1.3740 - sparse_categorical_accuracy: 0.5089 - val_loss: 1.6789 - val_sparse_categorical_accuracy: 0.4216
Epoch 3/5
313/313 [==============================] - 113s 362ms/step - loss: 1.2446 - sparse_categorical_accuracy: 0.5594 - val_loss: 1.3504 - val_sparse_categorical_accuracy: 0.5302
Epoch 4/5
313/313 [==============================] - 113s 361ms/step - loss: 1.1623 - sparse_categorical_accuracy: 0.5889 - val_loss: 1.2675 - val_sparse_categorical_accuracy: 0.5580
Epoch 5/5
313/313 [==============================] - 113s 362ms/step - loss: 1.0972 - sparse_categorical_accuracy: 0.6136 - val_loss: 1.2411 - val_sparse_categorical_accuracy: 0.5697
79/79 [==============================] - 1s 15ms/step - loss: 1.0863 - sparse_categorical_accuracy: 0.6329

EVALUATION LOG: OnlookerBee ID (3) -- Candidate (input|sep5x5_128|avg_pool3x3|sep3x3_128|batch_norm|output)

Epoch 1/5
313/313 [==============================] - 115s 367ms/step - loss: 1.6165 - sparse_categorical_accuracy: 0.4276 - val_loss: 2.1773 - val_sparse_categorical_accuracy: 0.1602
Epoch 2/5
313/313 [==============================] - ETA: 0s - loss: 1.2782 - sparse_categorical_accuracy: 0.5461